./src/gtk/app.cpp:133:5: warning: 'void gdk_threads_enter()' is deprecated (declared at /usr/include/gtk-3.0/gdk/gdkthreads.h:46) [-Wdeprecated-declarations]
./src/gtk/app.cpp:133:23: warning: 'void gdk_threads_enter()' is deprecated (declared at /usr/include/gtk-3.0/gdk/gdkthreads.h:46) [-Wdeprecated-declarations]
./src/gtk/app.cpp:140:5: warning: 'void gdk_threads_leave()' is deprecated (declared at /usr/include/gtk-3.0/gdk/gdkthreads.h:48) [-Wdeprecated-declarations]
./src/gtk/app.cpp:140:23: warning: 'void gdk_threads_leave()' is deprecated (declared at /usr/include/gtk-3.0/gdk/gdkthreads.h:48) [-Wdeprecated-declarations]
./src/gtk/app.cpp:293:9: warning: 'void g_thread_init(gpointer)' is deprecated (declared at /usr/include/glib-2.0/glib/deprecated/gthread.h:265) [-Wdeprecated-declarations]
./src/gtk/app.cpp:293:27: warning: 'void g_thread_init(gpointer)' is deprecated (declared at /usr/include/glib-2.0/glib/deprecated/gthread.h:265) [-Wdeprecated-declarations]
./src/gtk/app.cpp:294:9: warning: 'void gdk_threads_init()' is deprecated (declared at /usr/include/gtk-3.0/gdk/gdkthreads.h:44) [-Wdeprecated-declarations]
./src/gtk/app.cpp:294:26: warning: 'void gdk_threads_init()' is deprecated (declared at /usr/include/gtk-3.0/gdk/gdkthreads.h:44) [-Wdeprecated-declarations]
./src/gtk/app.cpp:444:5: warning: 'void gdk_threads_enter()' is deprecated (declared at /usr/include/gtk-3.0/gdk/gdkthreads.h:46) [-Wdeprecated-declarations]
./src/gtk/app.cpp:444:23: warning: 'void gdk_threads_enter()' is deprecated (declared at /usr/include/gtk-3.0/gdk/gdkthreads.h:46) [-Wdeprecated-declarations]
./src/gtk/app.cpp:465:5: warning: 'void gdk_threads_leave()' is deprecated (declared at /usr/include/gtk-3.0/gdk/gdkthreads.h:48) [-Wdeprecated-declarations]
./src/gtk/app.cpp:465:23: warning: 'void gdk_threads_leave()' is deprecated (declared at /usr/include/gtk-3.0/gdk/gdkthreads.h:48) [-Wdeprecated-declarations]
./src/gtk/app.cpp:522:5: warning: 'void gdk_threads_enter()' is deprecated (declared at /usr/include/gtk-3.0/gdk/gdkthreads.h:46) [-Wdeprecated-declarations]
./src/gtk/app.cpp:522:23: warning: 'void gdk_threads_enter()' is deprecated (declared at /usr/include/gtk-3.0/gdk/gdkthreads.h:46) [-Wdeprecated-declarations]
./src/gtk/app.cpp:527:5: warning: 'void gdk_threads_leave()' is deprecated (declared at /usr/include/gtk-3.0/gdk/gdkthreads.h:48) [-Wdeprecated-declarations]
./src/gtk/app.cpp:527:23: warning: 'void gdk_threads_leave()' is deprecated (declared at /usr/include/gtk-3.0/gdk/gdkthreads.h:48) [-Wdeprecated-declarations]
./src/gtk/assertdlg_gtk.cpp:45:24: warning: 'GtkWidget* gtk_image_new_from_stock(const gchar*, GtkIconSize)' is deprecated (declared at /usr/include/gtk-3.0/gtk/gtkimage.h:122): Use 'gtk_image_new_from_icon_name' instead [-Wdeprecated-declarations]
./src/gtk/assertdlg_gtk.cpp:45:77: warning: 'GtkWidget* gtk_image_new_from_stock(const gchar*, GtkIconSize)' is deprecated (declared at /usr/include/gtk-3.0/gtk/gtkimage.h:122): Use 'gtk_image_new_from_icon_name' instead [-Wdeprecated-declarations]
./src/gtk/assertdlg_gtk.cpp:100:5: warning: 'void gtk_tree_view_set_rules_hint(GtkTreeView*, gboolean)' is deprecated (declared at /usr/include/gtk-3.0/gtk/gtktreeview.h:246) [-Wdeprecated-declarations]
./src/gtk/assertdlg_gtk.cpp:100:65: warning: 'void gtk_tree_view_set_rules_hint(GtkTreeView*, gboolean)' is deprecated (declared at /usr/include/gtk-3.0/gtk/gtktreeview.h:246) [-Wdeprecated-declarations]
/usr/include/gtk-3.0/gtk/deprecated/gtkstock.h:159:38: warning: 'GtkStock' is deprecated (declared at /usr/include/gtk-3.0/gtk/deprecated/gtkstock.h:108) [-Wdeprecated-declarations]
/usr/include/gtk-3.0/gtk/deprecated/gtkstock.h:964:38: warning: 'GtkStock' is deprecated (declared at /usr/include/gtk-3.0/gtk/deprecated/gtkstock.h:108) [-Wdeprecated-declarations]
./src/gtk/assertdlg_gtk.cpp:272:9: warning: 'void gtk_widget_push_composite_child()' is deprecated (declared at /usr/include/gtk-3.0/gtk/gtkwidget.h:1204): Use 'gtk_widget_class_set_template' instead [-Wdeprecated-declarations]
./src/gtk/assertdlg_gtk.cpp:272:42: warning: 'void gtk_widget_push_composite_child()' is deprecated (declared at /usr/include/gtk-3.0/gtk/gtkwidget.h:1204): Use 'gtk_widget_class_set_template' instead [-Wdeprecated-declarations]
./src/gtk/assertdlg_gtk.cpp:283:17: warning: 'GtkWidget* gtk_image_new_from_stock(const gchar*, GtkIconSize)' is deprecated (declared at /usr/include/gtk-3.0/gtk/gtkimage.h:122): Use 'gtk_image_new_from_icon_name' instead [-Wdeprecated-declarations]
/usr/include/gtk-3.0/gtk/deprecated/gtkstock.h:293:38: warning: 'GtkStock' is deprecated (declared at /usr/include/gtk-3.0/gtk/deprecated/gtkstock.h:108) [-Wdeprecated-declarations]
./src/gtk/assertdlg_gtk.cpp:283:87: warning: 'GtkWidget* gtk_image_new_from_stock(const gchar*, GtkIconSize)' is deprecated (declared at /usr/include/gtk-3.0/gtk/gtkimage.h:122): Use 'gtk_image_new_from_icon_name' instead [-Wdeprecated-declarations]
/usr/include/gtk-3.0/gtk/deprecated/gtkstock.h:964:38: warning: 'GtkStock' is deprecated (declared at /usr/include/gtk-3.0/gtk/deprecated/gtkstock.h:108) [-Wdeprecated-declarations]
/usr/include/gtk-3.0/gtk/deprecated/gtkstock.h:237:38: warning: 'GtkStock' is deprecated (declared at /usr/include/gtk-3.0/gtk/deprecated/gtkstock.h:108) [-Wdeprecated-declarations]
./src/gtk/assertdlg_gtk.cpp:353:30: warning: 'GtkWidget* gtk_dialog_get_action_area(GtkDialog*)' is deprecated (declared at /usr/include/gtk-3.0/gtk/gtkdialog.h:205) [-Wdeprecated-declarations]
./src/gtk/assertdlg_gtk.cpp:353:72: warning: 'GtkWidget* gtk_dialog_get_action_area(GtkDialog*)' is deprecated (declared at /usr/include/gtk-3.0/gtk/gtkdialog.h:205) [-Wdeprecated-declarations]
/usr/include/gtk-3.0/gtk/deprecated/gtkstock.h:919:38: warning: 'GtkStock' is deprecated (declared at /usr/include/gtk-3.0/gtk/deprecated/gtkstock.h:108) [-Wdeprecated-declarations]
/usr/include/gtk-3.0/gtk/deprecated/gtkstock.h:1094:38: warning: 'GtkStock' is deprecated (declared at /usr/include/gtk-3.0/gtk/deprecated/gtkstock.h:108) [-Wdeprecated-declarations]
./src/gtk/assertdlg_gtk.cpp:370:5: warning: 'void gtk_widget_pop_composite_child()' is deprecated (declared at /usr/include/gtk-3.0/gtk/gtkwidget.h:1206): Use 'gtk_widget_class_set_template' instead [-Wdeprecated-declarations]
./src/gtk/assertdlg_gtk.cpp:370:37: warning: 'void gtk_widget_pop_composite_child()' is deprecated (declared at /usr/include/gtk-3.0/gtk/gtkwidget.h:1206): Use 'gtk_widget_class_set_template' instead [-Wdeprecated-declarations]
./src/gtk/dnd.cpp:864:31: warning: 'GdkDragContext* gtk_drag_begin(GtkWidget*, GtkTargetList*, GdkDragAction, gint, GdkEvent*)' is deprecated (declared at /usr/include/gtk-3.0/gtk/gtkdnd.h:200): Use 'gtk_drag_begin_with_coordinates' instead [-Wdeprecated-declarations]
./src/gtk/dnd.cpp:868:46: warning: 'GdkDragContext* gtk_drag_begin(GtkWidget*, GtkTargetList*, GdkDragAction, gint, GdkEvent*)' is deprecated (declared at /usr/include/gtk-3.0/gtk/gtkdnd.h:200): Use 'gtk_drag_begin_with_coordinates' instead [-Wdeprecated-declarations]
./src/gtk/filectrl.cpp:342:17: warning: 'GtkWidget* gtk_alignment_new(gfloat, gfloat, gfloat, gfloat)' is deprecated (declared at /usr/include/gtk-3.0/gtk/deprecated/gtkalignment.h:79) [-Wdeprecated-declarations]
./src/gtk/filectrl.cpp:342:48: warning: 'GtkWidget* gtk_alignment_new(gfloat, gfloat, gfloat, gfloat)' is deprecated (declared at /usr/include/gtk-3.0/gtk/deprecated/gtkalignment.h:79) [-Wdeprecated-declarations]
./src/gtk/minifram.cpp:361:28: warning: 'GtkWidget* gtk_alignment_new(gfloat, gfloat, gfloat, gfloat)' is deprecated (declared at /usr/include/gtk-3.0/gtk/deprecated/gtkalignment.h:79) [-Wdeprecated-declarations]
./src/gtk/minifram.cpp:361:56: warning: 'GtkWidget* gtk_alignment_new(gfloat, gfloat, gfloat, gfloat)' is deprecated (declared at /usr/include/gtk-3.0/gtk/deprecated/gtkalignment.h:79) [-Wdeprecated-declarations]
./src/gtk/minifram.cpp:362:5: warning: 'void gtk_alignment_set_padding(GtkAlignment*, guint, guint, guint, guint)' is deprecated (declared at /usr/include/gtk-3.0/gtk/deprecated/gtkalignment.h:91) [-Wdeprecated-declarations]
/usr/include/gtk-3.0/gtk/deprecated/gtkalignment.h:38:46: warning: 'GType gtk_alignment_get_type()' is deprecated (declared at /usr/include/gtk-3.0/gtk/deprecated/gtkalignment.h:77) [-Wdeprecated-declarations]
/usr/include/gtk-3.0/gtk/deprecated/gtkalignment.h:38:70: warning: 'GType gtk_alignment_get_type()' is deprecated (declared at /usr/include/gtk-3.0/gtk/deprecated/gtkalignment.h:77) [-Wdeprecated-declarations]
./src/gtk/minifram.cpp:363:69: warning: 'void gtk_alignment_set_padding(GtkAlignment*, guint, guint, guint, guint)' is deprecated (declared at /usr/include/gtk-3.0/gtk/deprecated/gtkalignment.h:91) [-Wdeprecated-declarations]
./src/gtk/minifram.cpp:366:5: warning: 'void gtk_widget_reparent(GtkWidget*, GtkWidget*)' is deprecated (declared at /usr/include/gtk-3.0/gtk/gtkwidget.h:773) [-Wdeprecated-declarations]
./src/gtk/minifram.cpp:366:48: warning: 'void gtk_widget_reparent(GtkWidget*, GtkWidget*)' is deprecated (declared at /usr/include/gtk-3.0/gtk/gtkwidget.h:773) [-Wdeprecated-declarations]
./src/gtk/settings.cpp:158:5: warning: 'void gtk_style_context_get_background_color(GtkStyleContext*, GtkStateFlags, GdkRGBA*)' is deprecated (declared at /usr/include/gtk-3.0/gtk/gtkstylecontext.h:1139): Use 'gtk_render_background' instead [-Wdeprecated-declarations]
./src/gtk/settings.cpp:158:63: warning: 'void gtk_style_context_get_background_color(GtkStyleContext*, GtkStateFlags, GdkRGBA*)' is deprecated (declared at /usr/include/gtk-3.0/gtk/gtkstylecontext.h:1139): Use 'gtk_render_background' instead [-Wdeprecated-declarations]
./src/gtk/settings.cpp:163:9: warning: 'void gtk_style_context_get_background_color(GtkStyleContext*, GtkStateFlags, GdkRGBA*)' is deprecated (declared at /usr/include/gtk-3.0/gtk/gtkstylecontext.h:1139): Use 'gtk_render_background' instead [-Wdeprecated-declarations]
./src/gtk/settings.cpp:163:67: warning: 'void gtk_style_context_get_background_color(GtkStyleContext*, GtkStateFlags, GdkRGBA*)' is deprecated (declared at /usr/include/gtk-3.0/gtk/gtkstylecontext.h:1139): Use 'gtk_render_background' instead [-Wdeprecated-declarations]
./src/gtk/settings.cpp:180:5: warning: 'void gtk_style_context_get_border_color(GtkStyleContext*, GtkStateFlags, GdkRGBA*)' is deprecated (declared at /usr/include/gtk-3.0/gtk/gtkstylecontext.h:1143): Use 'gtk_render_frame' instead [-Wdeprecated-declarations]
./src/gtk/settings.cpp:180:59: warning: 'void gtk_style_context_get_border_color(GtkStyleContext*, GtkStateFlags, GdkRGBA*)' is deprecated (declared at /usr/include/gtk-3.0/gtk/gtkstylecontext.h:1143): Use 'gtk_render_frame' instead [-Wdeprecated-declarations]
./src/gtk/settings.cpp:185:9: warning: 'void gtk_style_context_get_border_color(GtkStyleContext*, GtkStateFlags, GdkRGBA*)' is deprecated (declared at /usr/include/gtk-3.0/gtk/gtkstylecontext.h:1143): Use 'gtk_render_frame' instead [-Wdeprecated-declarations]
./src/gtk/settings.cpp:185:63: warning: 'void gtk_style_context_get_border_color(GtkStyleContext*, GtkStateFlags, GdkRGBA*)' is deprecated (declared at /usr/include/gtk-3.0/gtk/gtkstylecontext.h:1143): Use 'gtk_render_frame' instead [-Wdeprecated-declarations]
./src/gtk/timer.cpp:36:5: warning: 'void gdk_threads_enter()' is deprecated (declared at /usr/include/gtk-3.0/gdk/gdkthreads.h:46) [-Wdeprecated-declarations]
./src/gtk/timer.cpp:36:23: warning: 'void gdk_threads_enter()' is deprecated (declared at /usr/include/gtk-3.0/gdk/gdkthreads.h:46) [-Wdeprecated-declarations]
./src/gtk/timer.cpp:41:5: warning: 'void gdk_threads_leave()' is deprecated (declared at /usr/include/gtk-3.0/gdk/gdkthreads.h:48) [-Wdeprecated-declarations]
./src/gtk/timer.cpp:41:23: warning: 'void gdk_threads_leave()' is deprecated (declared at /usr/include/gtk-3.0/gdk/gdkthreads.h:48) [-Wdeprecated-declarations]
./src/gtk/tooltip.cpp:81:13: warning: 'void gtk_settings_set_long_property(GtkSettings*, const gchar*, glong, const gchar*)' is deprecated (declared at /usr/include/gtk-3.0/gtk/gtksettings.h:133) [-Wdeprecated-declarations]
./src/gtk/tooltip.cpp:81:87: warning: 'void gtk_settings_set_long_property(GtkSettings*, const gchar*, glong, const gchar*)' is deprecated (declared at /usr/include/gtk-3.0/gtk/gtksettings.h:133) [-Wdeprecated-declarations]
./src/gtk/tooltip.cpp:105:13: warning: 'void gtk_settings_set_long_property(GtkSettings*, const gchar*, glong, const gchar*)' is deprecated (declared at /usr/include/gtk-3.0/gtk/gtksettings.h:133) [-Wdeprecated-declarations]
./src/gtk/tooltip.cpp:105:88: warning: 'void gtk_settings_set_long_property(GtkSettings*, const gchar*, glong, const gchar*)' is deprecated (declared at /usr/include/gtk-3.0/gtk/gtksettings.h:133) [-Wdeprecated-declarations]
./src/gtk/window.cpp:307:9: warning: 'void gtk_style_context_get_border_color(GtkStyleContext*, GtkStateFlags, GdkRGBA*)' is deprecated (declared at /usr/include/gtk-3.0/gtk/gtkstylecontext.h:1143): Use 'gtk_render_frame' instead [-Wdeprecated-declarations]
./src/gtk/window.cpp:307:73: warning: 'void gtk_style_context_get_border_color(GtkStyleContext*, GtkStateFlags, GdkRGBA*)' is deprecated (declared at /usr/include/gtk-3.0/gtk/gtkstylecontext.h:1143): Use 'gtk_render_frame' instead [-Wdeprecated-declarations]
./src/gtk/window.cpp:2097:17: warning: 'void gdk_window_set_composited(GdkWindow*, gboolean)' is deprecated (declared at /usr/include/gtk-3.0/gdk/gdkwindow.h:633) [-Wdeprecated-declarations]
./src/gtk/window.cpp:2097:55: warning: 'void gdk_window_set_composited(GdkWindow*, gboolean)' is deprecated (declared at /usr/include/gtk-3.0/gdk/gdkwindow.h:633) [-Wdeprecated-declarations]
./src/gtk/window.cpp:2775:5: warning: 'void gdk_threads_enter()' is deprecated (declared at /usr/include/gtk-3.0/gdk/gdkthreads.h:46) [-Wdeprecated-declarations]
./src/gtk/window.cpp:2775:23: warning: 'void gdk_threads_enter()' is deprecated (declared at /usr/include/gtk-3.0/gdk/gdkthreads.h:46) [-Wdeprecated-declarations]
./src/gtk/window.cpp:2786:5: warning: 'void gdk_threads_leave()' is deprecated (declared at /usr/include/gtk-3.0/gdk/gdkthreads.h:48) [-Wdeprecated-declarations]
./src/gtk/window.cpp:2786:23: warning: 'void gdk_threads_leave()' is deprecated (declared at /usr/include/gtk-3.0/gdk/gdkthreads.h:48) [-Wdeprecated-declarations]
./src/gtk/window.cpp:4156:9: warning: 'void gtk_widget_set_double_buffered(GtkWidget*, gboolean)' is deprecated (declared at /usr/include/gtk-3.0/gtk/gtkwidget.h:896) [-Wdeprecated-declarations]
./src/gtk/window.cpp:4156:56: warning: 'void gtk_widget_set_double_buffered(GtkWidget*, gboolean)' is deprecated (declared at /usr/include/gtk-3.0/gtk/gtkwidget.h:896) [-Wdeprecated-declarations]
./src/gtk/window.cpp:4161:12: warning: 'gboolean gtk_widget_get_double_buffered(GtkWidget*)' is deprecated (declared at /usr/include/gtk-3.0/gtk/gtkwidget.h:899) [-Wdeprecated-declarations]
./src/gtk/window.cpp:4161:55: warning: 'gboolean gtk_widget_get_double_buffered(GtkWidget*)' is deprecated (declared at /usr/include/gtk-3.0/gtk/gtkwidget.h:899) [-Wdeprecated-declarations]
./src/gtk/window.cpp:4366:5: warning: 'void gtk_widget_override_font(GtkWidget*, const PangoFontDescription*)' is deprecated (declared at /usr/include/gtk-3.0/gtk/gtkwidget.h:1162) [-Wdeprecated-declarations]
./src/gtk/window.cpp:4366:41: warning: 'void gtk_widget_override_font(GtkWidget*, const PangoFontDescription*)' is deprecated (declared at /usr/include/gtk-3.0/gtk/gtkwidget.h:1162) [-Wdeprecated-declarations]
./src/gtk/window.cpp:4367:5: warning: 'void gtk_widget_override_color(GtkWidget*, GtkStateFlags, const GdkRGBA*)' is deprecated (declared at /usr/include/gtk-3.0/gtk/gtkwidget.h:1153) [-Wdeprecated-declarations]
./src/gtk/window.cpp:4367:80: warning: 'void gtk_widget_override_color(GtkWidget*, GtkStateFlags, const GdkRGBA*)' is deprecated (declared at /usr/include/gtk-3.0/gtk/gtkwidget.h:1153) [-Wdeprecated-declarations]
./src/gtk/window.cpp:4368:5: warning: 'void gtk_widget_override_background_color(GtkWidget*, GtkStateFlags, const GdkRGBA*)' is deprecated (declared at /usr/include/gtk-3.0/gtk/gtkwidget.h:1157) [-Wdeprecated-declarations]
./src/gtk/window.cpp:4368:91: warning: 'void gtk_widget_override_background_color(GtkWidget*, GtkStateFlags, const GdkRGBA*)' is deprecated (declared at /usr/include/gtk-3.0/gtk/gtkwidget.h:1157) [-Wdeprecated-declarations]
./src/gtk/toplevel.cpp:378:9: warning: 'gboolean gtk_window_get_has_resize_grip(GtkWindow*)' is deprecated (declared at /usr/include/gtk-3.0/gtk/gtkwindow.h:475) [-Wdeprecated-declarations]
./src/gtk/toplevel.cpp:378:60: warning: 'gboolean gtk_window_get_has_resize_grip(GtkWindow*)' is deprecated (declared at /usr/include/gtk-3.0/gtk/gtkwindow.h:475) [-Wdeprecated-declarations]
./src/gtk/toplevel.cpp:382:9: warning: 'void gtk_window_set_has_resize_grip(GtkWindow*, gboolean)' is deprecated (declared at /usr/include/gtk-3.0/gtk/gtkwindow.h:472) [-Wdeprecated-declarations]
./src/gtk/toplevel.cpp:382:67: warning: 'void gtk_window_set_has_resize_grip(GtkWindow*, gboolean)' is deprecated (declared at /usr/include/gtk-3.0/gtk/gtkwindow.h:472) [-Wdeprecated-declarations]
./src/gtk/toplevel.cpp:383:9: warning: 'void gtk_window_set_has_resize_grip(GtkWindow*, gboolean)' is deprecated (declared at /usr/include/gtk-3.0/gtk/gtkwindow.h:472) [-Wdeprecated-declarations]
./src/gtk/toplevel.cpp:383:66: warning: 'void gtk_window_set_has_resize_grip(GtkWindow*, gboolean)' is deprecated (declared at /usr/include/gtk-3.0/gtk/gtkwindow.h:472) [-Wdeprecated-declarations]
./src/gtk/toplevel.cpp:525:5: warning: 'void gdk_threads_enter()' is deprecated (declared at /usr/include/gtk-3.0/gdk/gdkthreads.h:46) [-Wdeprecated-declarations]
./src/gtk/toplevel.cpp:525:23: warning: 'void gdk_threads_enter()' is deprecated (declared at /usr/include/gtk-3.0/gdk/gdkthreads.h:46) [-Wdeprecated-declarations]
./src/gtk/toplevel.cpp:532:5: warning: 'void gdk_threads_leave()' is deprecated (declared at /usr/include/gtk-3.0/gdk/gdkthreads.h:48) [-Wdeprecated-declarations]
./src/gtk/toplevel.cpp:532:23: warning: 'void gdk_threads_leave()' is deprecated (declared at /usr/include/gtk-3.0/gdk/gdkthreads.h:48) [-Wdeprecated-declarations]
./src/gtk/toplevel.cpp:857:35: warning: 'GdkWindow* gtk_widget_get_root_window(GtkWidget*)' is deprecated (declared at /usr/include/gtk-3.0/gtk/gtkwidget.h:1025) [-Wdeprecated-declarations]
./src/gtk/toplevel.cpp:857:70: warning: 'GdkWindow* gtk_widget_get_root_window(GtkWidget*)' is deprecated (declared at /usr/include/gtk-3.0/gtk/gtkwidget.h:1025) [-Wdeprecated-declarations]
./src/gtk/toplevel.cpp:1533:9: warning: 'void gtk_window_set_opacity(GtkWindow*, gdouble)' is deprecated (declared at /usr/include/gtk-3.0/gtk/gtkwindow.h:198): Use 'gtk_widget_set_opacity' instead [-Wdeprecated-declarations]
./src/gtk/toplevel.cpp:1533:67: warning: 'void gtk_window_set_opacity(GtkWindow*, gdouble)' is deprecated (declared at /usr/include/gtk-3.0/gtk/gtkwindow.h:198): Use 'gtk_widget_set_opacity' instead [-Wdeprecated-declarations]
./src/generic/statusbr.cpp:439:27: warning: 'gboolean gtk_window_get_resize_grip_area(GtkWindow*, GdkRectangle*)' is deprecated (declared at /usr/include/gtk-3.0/gtk/gtkwindow.h:479) [-Wdeprecated-declarations]
./src/generic/statusbr.cpp:439:86: warning: 'gboolean gtk_window_get_resize_grip_area(GtkWindow*, GdkRectangle*)' is deprecated (declared at /usr/include/gtk-3.0/gtk/gtkwindow.h:479) [-Wdeprecated-declarations]
./src/generic/statusbr.cpp:498:21: warning: 'gboolean gtk_window_get_resize_grip_area(GtkWindow*, GdkRectangle*)' is deprecated (declared at /usr/include/gtk-3.0/gtk/gtkwindow.h:479) [-Wdeprecated-declarations]
./src/generic/statusbr.cpp:498:80: warning: 'gboolean gtk_window_get_resize_grip_area(GtkWindow*, GdkRectangle*)' is deprecated (declared at /usr/include/gtk-3.0/gtk/gtkwindow.h:479) [-Wdeprecated-declarations]
./src/generic/statusbr.cpp:546:21: warning: 'gboolean gtk_window_get_resize_grip_area(GtkWindow*, GdkRectangle*)' is deprecated (declared at /usr/include/gtk-3.0/gtk/gtkwindow.h:479) [-Wdeprecated-declarations]
./src/generic/statusbr.cpp:546:80: warning: 'gboolean gtk_window_get_resize_grip_area(GtkWindow*, GdkRectangle*)' is deprecated (declared at /usr/include/gtk-3.0/gtk/gtkwindow.h:479) [-Wdeprecated-declarations]
/usr/include/gtk-3.0/gtk/deprecated/gtkstock.h:293:38: warning: 'GtkStock' is deprecated (declared at /usr/include/gtk-3.0/gtk/deprecated/gtkstock.h:108) [-Wdeprecated-declarations]
/usr/include/gtk-3.0/gtk/deprecated/gtkstock.h:275:38: warning: 'GtkStock' is deprecated (declared at /usr/include/gtk-3.0/gtk/deprecated/gtkstock.h:108) [-Wdeprecated-declarations]
/usr/include/gtk-3.0/gtk/deprecated/gtkstock.h:284:38: warning: 'GtkStock' is deprecated (declared at /usr/include/gtk-3.0/gtk/deprecated/gtkstock.h:108) [-Wdeprecated-declarations]
/usr/include/gtk-3.0/gtk/deprecated/gtkstock.h:302:38: warning: 'GtkStock' is deprecated (declared at /usr/include/gtk-3.0/gtk/deprecated/gtkstock.h:108) [-Wdeprecated-declarations]
/usr/include/gtk-3.0/gtk/deprecated/gtkstock.h:1002:38: warning: 'GtkStock' is deprecated (declared at /usr/include/gtk-3.0/gtk/deprecated/gtkstock.h:108) [-Wdeprecated-declarations]
/usr/include/gtk-3.0/gtk/deprecated/gtkstock.h:313:38: warning: 'GtkStock' is deprecated (declared at /usr/include/gtk-3.0/gtk/deprecated/gtkstock.h:108) [-Wdeprecated-declarations]
/usr/include/gtk-3.0/gtk/deprecated/gtkstock.h:386:38: warning: 'GtkStock' is deprecated (declared at /usr/include/gtk-3.0/gtk/deprecated/gtkstock.h:108) [-Wdeprecated-declarations]
/usr/include/gtk-3.0/gtk/deprecated/gtkstock.h:630:38: warning: 'GtkStock' is deprecated (declared at /usr/include/gtk-3.0/gtk/deprecated/gtkstock.h:108) [-Wdeprecated-declarations]
/usr/include/gtk-3.0/gtk/deprecated/gtkstock.h:132:38: warning: 'GtkStock' is deprecated (declared at /usr/include/gtk-3.0/gtk/deprecated/gtkstock.h:108) [-Wdeprecated-declarations]
/usr/include/gtk-3.0/gtk/deprecated/gtkstock.h:946:38: warning: 'GtkStock' is deprecated (declared at /usr/include/gtk-3.0/gtk/deprecated/gtkstock.h:108) [-Wdeprecated-declarations]
/usr/include/gtk-3.0/gtk/deprecated/gtkstock.h:469:38: warning: 'GtkStock' is deprecated (declared at /usr/include/gtk-3.0/gtk/deprecated/gtkstock.h:108) [-Wdeprecated-declarations]
/usr/include/gtk-3.0/gtk/deprecated/gtkstock.h:487:38: warning: 'GtkStock' is deprecated (declared at /usr/include/gtk-3.0/gtk/deprecated/gtkstock.h:108) [-Wdeprecated-declarations]
/usr/include/gtk-3.0/gtk/deprecated/gtkstock.h:496:38: warning: 'GtkStock' is deprecated (declared at /usr/include/gtk-3.0/gtk/deprecated/gtkstock.h:108) [-Wdeprecated-declarations]
/usr/include/gtk-3.0/gtk/deprecated/gtkstock.h:478:38: warning: 'GtkStock' is deprecated (declared at /usr/include/gtk-3.0/gtk/deprecated/gtkstock.h:108) [-Wdeprecated-declarations]
/usr/include/gtk-3.0/gtk/deprecated/gtkstock.h:496:38: warning: 'GtkStock' is deprecated (declared at /usr/include/gtk-3.0/gtk/deprecated/gtkstock.h:108) [-Wdeprecated-declarations]
/usr/include/gtk-3.0/gtk/deprecated/gtkstock.h:525:38: warning: 'GtkStock' is deprecated (declared at /usr/include/gtk-3.0/gtk/deprecated/gtkstock.h:108) [-Wdeprecated-declarations]
/usr/include/gtk-3.0/gtk/deprecated/gtkstock.h:442:38: warning: 'GtkStock' is deprecated (declared at /usr/include/gtk-3.0/gtk/deprecated/gtkstock.h:108) [-Wdeprecated-declarations]
/usr/include/gtk-3.0/gtk/deprecated/gtkstock.h:451:38: warning: 'GtkStock' is deprecated (declared at /usr/include/gtk-3.0/gtk/deprecated/gtkstock.h:108) [-Wdeprecated-declarations]
/usr/include/gtk-3.0/gtk/deprecated/gtkstock.h:765:38: warning: 'GtkStock' is deprecated (declared at /usr/include/gtk-3.0/gtk/deprecated/gtkstock.h:108) [-Wdeprecated-declarations]
/usr/include/gtk-3.0/gtk/deprecated/gtkstock.h:847:38: warning: 'GtkStock' is deprecated (declared at /usr/include/gtk-3.0/gtk/deprecated/gtkstock.h:108) [-Wdeprecated-declarations]
/usr/include/gtk-3.0/gtk/deprecated/gtkstock.h:516:38: warning: 'GtkStock' is deprecated (declared at /usr/include/gtk-3.0/gtk/deprecated/gtkstock.h:108) [-Wdeprecated-declarations]
/usr/include/gtk-3.0/gtk/deprecated/gtkstock.h:275:38: warning: 'GtkStock' is deprecated (declared at /usr/include/gtk-3.0/gtk/deprecated/gtkstock.h:108) [-Wdeprecated-declarations]
/usr/include/gtk-3.0/gtk/deprecated/gtkstock.h:313:38: warning: 'GtkStock' is deprecated (declared at /usr/include/gtk-3.0/gtk/deprecated/gtkstock.h:108) [-Wdeprecated-declarations]
/usr/include/gtk-3.0/gtk/deprecated/gtkstock.h:313:38: warning: 'GtkStock' is deprecated (declared at /usr/include/gtk-3.0/gtk/deprecated/gtkstock.h:108) [-Wdeprecated-declarations]
/usr/include/gtk-3.0/gtk/deprecated/gtkstock.h:373:38: warning: 'GtkStock' is deprecated (declared at /usr/include/gtk-3.0/gtk/deprecated/gtkstock.h:108) [-Wdeprecated-declarations]
/usr/include/gtk-3.0/gtk/deprecated/gtkstock.h:386:38: warning: 'GtkStock' is deprecated (declared at /usr/include/gtk-3.0/gtk/deprecated/gtkstock.h:108) [-Wdeprecated-declarations]
/usr/include/gtk-3.0/gtk/deprecated/gtkstock.h:141:38: warning: 'GtkStock' is deprecated (declared at /usr/include/gtk-3.0/gtk/deprecated/gtkstock.h:108) [-Wdeprecated-declarations]
/usr/include/gtk-3.0/gtk/deprecated/gtkstock.h:159:38: warning: 'GtkStock' is deprecated (declared at /usr/include/gtk-3.0/gtk/deprecated/gtkstock.h:108) [-Wdeprecated-declarations]
/usr/include/gtk-3.0/gtk/deprecated/gtkstock.h:413:38: warning: 'GtkStock' is deprecated (declared at /usr/include/gtk-3.0/gtk/deprecated/gtkstock.h:108) [-Wdeprecated-declarations]
/usr/include/gtk-3.0/gtk/deprecated/gtkstock.h:179:38: warning: 'GtkStock' is deprecated (declared at /usr/include/gtk-3.0/gtk/deprecated/gtkstock.h:108) [-Wdeprecated-declarations]
/usr/include/gtk-3.0/gtk/deprecated/gtkstock.h:507:38: warning: 'GtkStock' is deprecated (declared at /usr/include/gtk-3.0/gtk/deprecated/gtkstock.h:108) [-Wdeprecated-declarations]
/usr/include/gtk-3.0/gtk/deprecated/gtkstock.h:507:38: warning: 'GtkStock' is deprecated (declared at /usr/include/gtk-3.0/gtk/deprecated/gtkstock.h:108) [-Wdeprecated-declarations]
/usr/include/gtk-3.0/gtk/deprecated/gtkstock.h:964:38: warning: 'GtkStock' is deprecated (declared at /usr/include/gtk-3.0/gtk/deprecated/gtkstock.h:108) [-Wdeprecated-declarations]
/usr/include/gtk-3.0/gtk/deprecated/gtkstock.h:973:38: warning: 'GtkStock' is deprecated (declared at /usr/include/gtk-3.0/gtk/deprecated/gtkstock.h:108) [-Wdeprecated-declarations]
/usr/include/gtk-3.0/gtk/deprecated/gtkstock.h:237:38: warning: 'GtkStock' is deprecated (declared at /usr/include/gtk-3.0/gtk/deprecated/gtkstock.h:108) [-Wdeprecated-declarations]
/usr/include/gtk-3.0/gtk/deprecated/gtkstock.h:246:38: warning: 'GtkStock' is deprecated (declared at /usr/include/gtk-3.0/gtk/deprecated/gtkstock.h:108) [-Wdeprecated-declarations]
/usr/include/gtk-3.0/gtk/deprecated/gtkstock.h:829:38: warning: 'GtkStock' is deprecated (declared at /usr/include/gtk-3.0/gtk/deprecated/gtkstock.h:108) [-Wdeprecated-declarations]
/usr/include/gtk-3.0/gtk/deprecated/gtkstock.h:255:38: warning: 'GtkStock' is deprecated (declared at /usr/include/gtk-3.0/gtk/deprecated/gtkstock.h:108) [-Wdeprecated-declarations]
/usr/include/gtk-3.0/gtk/deprecated/gtkstock.h:738:38: warning: 'GtkStock' is deprecated (declared at /usr/include/gtk-3.0/gtk/deprecated/gtkstock.h:108) [-Wdeprecated-declarations]
/usr/include/gtk-3.0/gtk/deprecated/gtkstock.h:1074:38: warning: 'GtkStock' is deprecated (declared at /usr/include/gtk-3.0/gtk/deprecated/gtkstock.h:108) [-Wdeprecated-declarations]
/usr/include/gtk-3.0/gtk/deprecated/gtkstock.h:928:38: warning: 'GtkStock' is deprecated (declared at /usr/include/gtk-3.0/gtk/deprecated/gtkstock.h:108) [-Wdeprecated-declarations]
/usr/include/gtk-3.0/gtk/deprecated/gtkstock.h:132:38: warning: 'GtkStock' is deprecated (declared at /usr/include/gtk-3.0/gtk/deprecated/gtkstock.h:108) [-Wdeprecated-declarations]
/usr/include/gtk-3.0/gtk/deprecated/gtkstock.h:946:38: warning: 'GtkStock' is deprecated (declared at /usr/include/gtk-3.0/gtk/deprecated/gtkstock.h:108) [-Wdeprecated-declarations]
/usr/include/gtk-3.0/gtk/deprecated/gtkstock.h:197:38: warning: 'GtkStock' is deprecated (declared at /usr/include/gtk-3.0/gtk/deprecated/gtkstock.h:108) [-Wdeprecated-declarations]
/usr/include/gtk-3.0/gtk/deprecated/gtkstock.h:919:38: warning: 'GtkStock' is deprecated (declared at /usr/include/gtk-3.0/gtk/deprecated/gtkstock.h:108) [-Wdeprecated-declarations]
/usr/include/gtk-3.0/gtk/deprecated/gtkstock.h:395:38: warning: 'GtkStock' is deprecated (declared at /usr/include/gtk-3.0/gtk/deprecated/gtkstock.h:108) [-Wdeprecated-declarations]
/usr/include/gtk-3.0/gtk/deprecated/gtkstock.h:404:38: warning: 'GtkStock' is deprecated (declared at /usr/include/gtk-3.0/gtk/deprecated/gtkstock.h:108) [-Wdeprecated-declarations]
./src/gtk/artgtk.cpp:210:27: warning: 'GtkIconSet* gtk_style_context_lookup_icon_set(GtkStyleContext*, const gchar*)' is deprecated (declared at /usr/include/gtk-3.0/gtk/gtkstylecontext.h:1069): Use 'gtk_icon_theme_lookup_icon' instead [-Wdeprecated-declarations]
./src/gtk/artgtk.cpp:210:72: warning: 'GtkIconSet* gtk_style_context_lookup_icon_set(GtkStyleContext*, const gchar*)' is deprecated (declared at /usr/include/gtk-3.0/gtk/gtkstylecontext.h:1069): Use 'gtk_icon_theme_lookup_icon' instead [-Wdeprecated-declarations]
./src/gtk/artgtk.cpp:213:18: warning: 'GdkPixbuf* gtk_icon_set_render_icon_pixbuf(GtkIconSet*, GtkStyleContext*, GtkIconSize)' is deprecated (declared at /usr/include/gtk-3.0/gtk/gtkstylecontext.h:1072) [-Wdeprecated-declarations]
./src/gtk/artgtk.cpp:213:67: warning: 'GdkPixbuf* gtk_icon_set_render_icon_pixbuf(GtkIconSet*, GtkStyleContext*, GtkIconSize)' is deprecated (declared at /usr/include/gtk-3.0/gtk/gtkstylecontext.h:1072) [-Wdeprecated-declarations]
./src/gtk/artgtk.cpp:324:27: warning: 'GtkIconSet* gtk_style_context_lookup_icon_set(GtkStyleContext*, const gchar*)' is deprecated (declared at /usr/include/gtk-3.0/gtk/gtkstylecontext.h:1069): Use 'gtk_icon_theme_lookup_icon' instead [-Wdeprecated-declarations]
./src/gtk/artgtk.cpp:324:83: warning: 'GtkIconSet* gtk_style_context_lookup_icon_set(GtkStyleContext*, const gchar*)' is deprecated (declared at /usr/include/gtk-3.0/gtk/gtkstylecontext.h:1069): Use 'gtk_icon_theme_lookup_icon' instead [-Wdeprecated-declarations]
./src/gtk/artgtk.cpp:333:9: warning: 'void gtk_icon_set_get_sizes(GtkIconSet*, GtkIconSize**, gint*)' is deprecated (declared at /usr/include/gtk-3.0/gtk/deprecated/gtkiconfactory.h:163) [-Wdeprecated-declarations]
./src/gtk/artgtk.cpp:333:57: warning: 'void gtk_icon_set_get_sizes(GtkIconSet*, GtkIconSize**, gint*)' is deprecated (declared at /usr/include/gtk-3.0/gtk/deprecated/gtkiconfactory.h:163) [-Wdeprecated-declarations]
./src/gtk/button.cpp:122:5: warning: 'void gtk_button_set_alignment(GtkButton*, gfloat, gfloat)' is deprecated (declared at /usr/include/gtk-3.0/gtk/gtkbutton.h:143) [-Wdeprecated-declarations]
./src/gtk/button.cpp:122:76: warning: 'void gtk_button_set_alignment(GtkButton*, gfloat, gfloat)' is deprecated (declared at /usr/include/gtk-3.0/gtk/gtkbutton.h:143) [-Wdeprecated-declarations]
./src/gtk/button.cpp:174:26: warning: 'GtkWidget* gtk_button_new_from_stock(const gchar*)' is deprecated (declared at /usr/include/gtk-3.0/gtk/gtkbutton.h:103): Use 'gtk_button_new_with_label' instead [-Wdeprecated-declarations]
/usr/include/gtk-3.0/gtk/deprecated/gtkstock.h:159:38: warning: 'GtkStock' is deprecated (declared at /usr/include/gtk-3.0/gtk/deprecated/gtkstock.h:108) [-Wdeprecated-declarations]
./src/gtk/button.cpp:174:68: warning: 'GtkWidget* gtk_button_new_from_stock(const gchar*)' is deprecated (declared at /usr/include/gtk-3.0/gtk/gtkbutton.h:103): Use 'gtk_button_new_with_label' instead [-Wdeprecated-declarations]
./src/gtk/button.cpp:215:13: warning: 'void gtk_button_set_use_stock(GtkButton*, gboolean)' is deprecated (declared at /usr/include/gtk-3.0/gtk/gtkbutton.h:133) [-Wdeprecated-declarations]
./src/gtk/button.cpp:215:64: warning: 'void gtk_button_set_use_stock(GtkButton*, gboolean)' is deprecated (declared at /usr/include/gtk-3.0/gtk/gtkbutton.h:133) [-Wdeprecated-declarations]
./src/gtk/button.cpp:226:5: warning: 'void gtk_button_set_use_stock(GtkButton*, gboolean)' is deprecated (declared at /usr/include/gtk-3.0/gtk/gtkbutton.h:133) [-Wdeprecated-declarations]
./src/gtk/button.cpp:226:57: warning: 'void gtk_button_set_use_stock(GtkButton*, gboolean)' is deprecated (declared at /usr/include/gtk-3.0/gtk/gtkbutton.h:133) [-Wdeprecated-declarations]
/usr/include/gtk-3.0/gtk/deprecated/gtkalignment.h:38:46: warning: 'GType gtk_alignment_get_type()' is deprecated (declared at /usr/include/gtk-3.0/gtk/deprecated/gtkalignment.h:77) [-Wdeprecated-declarations]
/usr/include/gtk-3.0/gtk/deprecated/gtkalignment.h:38:70: warning: 'GType gtk_alignment_get_type()' is deprecated (declared at /usr/include/gtk-3.0/gtk/deprecated/gtkalignment.h:77) [-Wdeprecated-declarations]
/usr/include/gtk-3.0/gtk/deprecated/gtkalignment.h:38:46: warning: 'GType gtk_alignment_get_type()' is deprecated (declared at /usr/include/gtk-3.0/gtk/deprecated/gtkalignment.h:77) [-Wdeprecated-declarations]
/usr/include/gtk-3.0/gtk/deprecated/gtkalignment.h:38:70: warning: 'GType gtk_alignment_get_type()' is deprecated (declared at /usr/include/gtk-3.0/gtk/deprecated/gtkalignment.h:77) [-Wdeprecated-declarations]
./src/gtk/checkbox.cpp:127:9: warning: 'void gtk_misc_set_alignment(GtkMisc*, gfloat, gfloat)' is deprecated (declared at /usr/include/gtk-3.0/gtk/deprecated/gtkmisc.h:72) [-Wdeprecated-declarations]
/usr/include/gtk-3.0/gtk/deprecated/gtkmisc.h:38:32: warning: 'GType gtk_misc_get_type()' is deprecated (declared at /usr/include/gtk-3.0/gtk/deprecated/gtkmisc.h:70) [-Wdeprecated-declarations]
/usr/include/gtk-3.0/gtk/deprecated/gtkmisc.h:38:51: warning: 'GType gtk_misc_get_type()' is deprecated (declared at /usr/include/gtk-3.0/gtk/deprecated/gtkmisc.h:70) [-Wdeprecated-declarations]
./src/gtk/checkbox.cpp:127:65: warning: 'void gtk_misc_set_alignment(GtkMisc*, gfloat, gfloat)' is deprecated (declared at /usr/include/gtk-3.0/gtk/deprecated/gtkmisc.h:72) [-Wdeprecated-declarations]
./src/gtk/colordlg.cpp:70:16: warning: 'GtkWidget* gtk_color_selection_dialog_new(const gchar*)' is deprecated (declared at /usr/include/gtk-3.0/gtk/deprecated/gtkcolorseldialog.h:74): Use 'gtk_color_chooser_dialog_new' instead [-Wdeprecated-declarations]
./src/gtk/colordlg.cpp:70:64: warning: 'GtkWidget* gtk_color_selection_dialog_new(const gchar*)' is deprecated (declared at /usr/include/gtk-3.0/gtk/deprecated/gtkcolorseldialog.h:74): Use 'gtk_color_chooser_dialog_new' instead [-Wdeprecated-declarations]
./src/gtk/colordlg.cpp:82:9: warning: 'GtkWidget* gtk_color_selection_dialog_get_color_selection(GtkColorSelectionDialog*)' is deprecated (declared at /usr/include/gtk-3.0/gtk/deprecated/gtkcolorseldialog.h:76): Use 'GtkColorChooser' instead [-Wdeprecated-declarations]
/usr/include/gtk-3.0/gtk/deprecated/gtkcolorseldialog.h:37:53: warning: 'GType gtk_color_selection_dialog_get_type()' is deprecated (declared at /usr/include/gtk-3.0/gtk/deprecated/gtkcolorseldialog.h:72) [-Wdeprecated-declarations]
/usr/include/gtk-3.0/gtk/deprecated/gtkcolorseldialog.h:37:90: warning: 'GType gtk_color_selection_dialog_get_type()' is deprecated (declared at /usr/include/gtk-3.0/gtk/deprecated/gtkcolorseldialog.h:72) [-Wdeprecated-declarations]
./src/gtk/colordlg.cpp:83:45: warning: 'GtkWidget* gtk_color_selection_dialog_get_color_selection(GtkColorSelectionDialog*)' is deprecated (declared at /usr/include/gtk-3.0/gtk/deprecated/gtkcolorseldialog.h:76): Use 'GtkColorChooser' instead [-Wdeprecated-declarations]
/usr/include/gtk-3.0/gtk/deprecated/gtkcolorsel.h:38:37: warning: 'GType gtk_color_selection_get_type()' is deprecated (declared at /usr/include/gtk-3.0/gtk/deprecated/gtkcolorsel.h:105) [-Wdeprecated-declarations]
/usr/include/gtk-3.0/gtk/deprecated/gtkcolorsel.h:38:67: warning: 'GType gtk_color_selection_get_type()' is deprecated (declared at /usr/include/gtk-3.0/gtk/deprecated/gtkcolorsel.h:105) [-Wdeprecated-declarations]
./src/gtk/colordlg.cpp:84:5: warning: 'void gtk_color_selection_set_has_palette(GtkColorSelection*, gboolean)' is deprecated (declared at /usr/include/gtk-3.0/gtk/deprecated/gtkcolorsel.h:116) [-Wdeprecated-declarations]
./src/gtk/colordlg.cpp:84:50: warning: 'void gtk_color_selection_set_has_palette(GtkColorSelection*, gboolean)' is deprecated (declared at /usr/include/gtk-3.0/gtk/deprecated/gtkcolorsel.h:116) [-Wdeprecated-declarations]
./src/gtk/colordlg.cpp:128:9: warning: 'GtkWidget* gtk_color_selection_dialog_get_color_selection(GtkColorSelectionDialog*)' is deprecated (declared at /usr/include/gtk-3.0/gtk/deprecated/gtkcolorseldialog.h:76): Use 'GtkColorChooser' instead [-Wdeprecated-declarations]
/usr/include/gtk-3.0/gtk/deprecated/gtkcolorseldialog.h:37:53: warning: 'GType gtk_color_selection_dialog_get_type()' is deprecated (declared at /usr/include/gtk-3.0/gtk/deprecated/gtkcolorseldialog.h:72) [-Wdeprecated-declarations]
/usr/include/gtk-3.0/gtk/deprecated/gtkcolorseldialog.h:37:90: warning: 'GType gtk_color_selection_dialog_get_type()' is deprecated (declared at /usr/include/gtk-3.0/gtk/deprecated/gtkcolorseldialog.h:72) [-Wdeprecated-declarations]
./src/gtk/colordlg.cpp:129:45: warning: 'GtkWidget* gtk_color_selection_dialog_get_color_selection(GtkColorSelectionDialog*)' is deprecated (declared at /usr/include/gtk-3.0/gtk/deprecated/gtkcolorseldialog.h:76): Use 'GtkColorChooser' instead [-Wdeprecated-declarations]
/usr/include/gtk-3.0/gtk/deprecated/gtkcolorsel.h:38:37: warning: 'GType gtk_color_selection_get_type()' is deprecated (declared at /usr/include/gtk-3.0/gtk/deprecated/gtkcolorsel.h:105) [-Wdeprecated-declarations]
/usr/include/gtk-3.0/gtk/deprecated/gtkcolorsel.h:38:67: warning: 'GType gtk_color_selection_get_type()' is deprecated (declared at /usr/include/gtk-3.0/gtk/deprecated/gtkcolorsel.h:105) [-Wdeprecated-declarations]
./src/gtk/colordlg.cpp:135:9: warning: 'void gtk_color_selection_set_current_rgba(GtkColorSelection*, const GdkRGBA*)' is deprecated (declared at /usr/include/gtk-3.0/gtk/deprecated/gtkcolorsel.h:132): Use 'gtk_color_chooser_set_rgba' instead [-Wdeprecated-declarations]
./src/gtk/colordlg.cpp:135:56: warning: 'void gtk_color_selection_set_current_rgba(GtkColorSelection*, const GdkRGBA*)' is deprecated (declared at /usr/include/gtk-3.0/gtk/deprecated/gtkcolorsel.h:132): Use 'gtk_color_chooser_set_rgba' instead [-Wdeprecated-declarations]
./src/gtk/colordlg.cpp:155:21: warning: 'gchar* gtk_color_selection_palette_to_string(const GdkColor*, gint)' is deprecated (declared at /usr/include/gtk-3.0/gtk/deprecated/gtkcolorsel.h:152) [-Wdeprecated-declarations]
./src/gtk/colordlg.cpp:155:75: warning: 'gchar* gtk_color_selection_palette_to_string(const GdkColor*, gint)' is deprecated (declared at /usr/include/gtk-3.0/gtk/deprecated/gtkcolorsel.h:152) [-Wdeprecated-declarations]
./src/gtk/colordlg.cpp:189:9: warning: 'GtkWidget* gtk_color_selection_dialog_get_color_selection(GtkColorSelectionDialog*)' is deprecated (declared at /usr/include/gtk-3.0/gtk/deprecated/gtkcolorseldialog.h:76): Use 'GtkColorChooser' instead [-Wdeprecated-declarations]
/usr/include/gtk-3.0/gtk/deprecated/gtkcolorseldialog.h:37:53: warning: 'GType gtk_color_selection_dialog_get_type()' is deprecated (declared at /usr/include/gtk-3.0/gtk/deprecated/gtkcolorseldialog.h:72) [-Wdeprecated-declarations]
/usr/include/gtk-3.0/gtk/deprecated/gtkcolorseldialog.h:37:90: warning: 'GType gtk_color_selection_dialog_get_type()' is deprecated (declared at /usr/include/gtk-3.0/gtk/deprecated/gtkcolorseldialog.h:72) [-Wdeprecated-declarations]
./src/gtk/colordlg.cpp:190:45: warning: 'GtkWidget* gtk_color_selection_dialog_get_color_selection(GtkColorSelectionDialog*)' is deprecated (declared at /usr/include/gtk-3.0/gtk/deprecated/gtkcolorseldialog.h:76): Use 'GtkColorChooser' instead [-Wdeprecated-declarations]
/usr/include/gtk-3.0/gtk/deprecated/gtkcolorsel.h:38:37: warning: 'GType gtk_color_selection_get_type()' is deprecated (declared at /usr/include/gtk-3.0/gtk/deprecated/gtkcolorsel.h:105) [-Wdeprecated-declarations]
/usr/include/gtk-3.0/gtk/deprecated/gtkcolorsel.h:38:67: warning: 'GType gtk_color_selection_get_type()' is deprecated (declared at /usr/include/gtk-3.0/gtk/deprecated/gtkcolorsel.h:105) [-Wdeprecated-declarations]
./src/gtk/colordlg.cpp:194:5: warning: 'void gtk_color_selection_get_current_rgba(GtkColorSelection*, GdkRGBA*)' is deprecated (declared at /usr/include/gtk-3.0/gtk/deprecated/gtkcolorsel.h:135): Use 'gtk_color_chooser_get_rgba' instead [-Wdeprecated-declarations]
./src/gtk/colordlg.cpp:194:51: warning: 'void gtk_color_selection_get_current_rgba(GtkColorSelection*, GdkRGBA*)' is deprecated (declared at /usr/include/gtk-3.0/gtk/deprecated/gtkcolorsel.h:135): Use 'gtk_color_chooser_get_rgba' instead [-Wdeprecated-declarations]
./src/gtk/colordlg.cpp:209:9: warning: 'gboolean gtk_color_selection_palette_from_string(const gchar*, GdkColor**, gint*)' is deprecated (declared at /usr/include/gtk-3.0/gtk/deprecated/gtkcolorsel.h:148) [-Wdeprecated-declarations]
./src/gtk/colordlg.cpp:209:72: warning: 'gboolean gtk_color_selection_palette_from_string(const gchar*, GdkColor**, gint*)' is deprecated (declared at /usr/include/gtk-3.0/gtk/deprecated/gtkcolorsel.h:148) [-Wdeprecated-declarations]
./src/gtk/control.cpp:256:5: warning: 'void gtk_style_context_get_background_color(GtkStyleContext*, GtkStateFlags, GdkRGBA*)' is deprecated (declared at /usr/include/gtk-3.0/gtk/gtkstylecontext.h:1139): Use 'gtk_render_background' instead [-Wdeprecated-declarations]
./src/gtk/control.cpp:256:61: warning: 'void gtk_style_context_get_background_color(GtkStyleContext*, GtkStateFlags, GdkRGBA*)' is deprecated (declared at /usr/include/gtk-3.0/gtk/gtkstylecontext.h:1139): Use 'gtk_render_background' instead [-Wdeprecated-declarations]
./src/gtk/clrpicker.cpp:41:5: warning: 'void gtk_color_button_get_rgba(GtkColorButton*, GdkRGBA*)' is deprecated (declared at /usr/include/gtk-3.0/gtk/gtkcolorbutton.h:108): Use 'gtk_color_chooser_get_rgba' instead [-Wdeprecated-declarations]
./src/gtk/clrpicker.cpp:41:48: warning: 'void gtk_color_button_get_rgba(GtkColorButton*, GdkRGBA*)' is deprecated (declared at /usr/include/gtk-3.0/gtk/gtkcolorbutton.h:108): Use 'gtk_color_chooser_get_rgba' instead [-Wdeprecated-declarations]
./src/gtk/clrpicker.cpp:101:5: warning: 'void gtk_color_button_set_rgba(GtkColorButton*, const GdkRGBA*)' is deprecated (declared at /usr/include/gtk-3.0/gtk/gtkcolorbutton.h:105): Use 'gtk_color_chooser_set_rgba' instead [-Wdeprecated-declarations]
./src/gtk/clrpicker.cpp:101:67: warning: 'void gtk_color_button_set_rgba(GtkColorButton*, const GdkRGBA*)' is deprecated (declared at /usr/include/gtk-3.0/gtk/gtkcolorbutton.h:105): Use 'gtk_color_chooser_set_rgba' instead [-Wdeprecated-declarations]
/usr/include/gtk-3.0/gtk/deprecated/gtkstock.h:159:38: warning: 'GtkStock' is deprecated (declared at /usr/include/gtk-3.0/gtk/deprecated/gtkstock.h:108) [-Wdeprecated-declarations]
/usr/include/gtk-3.0/gtk/deprecated/gtkstock.h:765:38: warning: 'GtkStock' is deprecated (declared at /usr/include/gtk-3.0/gtk/deprecated/gtkstock.h:108) [-Wdeprecated-declarations]
/usr/include/gtk-3.0/gtk/deprecated/gtkstock.h:964:38: warning: 'GtkStock' is deprecated (declared at /usr/include/gtk-3.0/gtk/deprecated/gtkstock.h:108) [-Wdeprecated-declarations]
/usr/include/gtk-3.0/gtk/deprecated/gtkstock.h:765:38: warning: 'GtkStock' is deprecated (declared at /usr/include/gtk-3.0/gtk/deprecated/gtkstock.h:108) [-Wdeprecated-declarations]
/usr/include/gtk-3.0/gtk/deprecated/gtkstock.h:159:38: warning: 'GtkStock' is deprecated (declared at /usr/include/gtk-3.0/gtk/deprecated/gtkstock.h:108) [-Wdeprecated-declarations]
/usr/include/gtk-3.0/gtk/deprecated/gtkfontsel.h:51:54: warning: 'GType gtk_font_selection_dialog_get_type()' is deprecated (declared at /usr/include/gtk-3.0/gtk/deprecated/gtkfontsel.h:141) [-Wdeprecated-declarations]
/usr/include/gtk-3.0/gtk/deprecated/gtkfontsel.h:51:90: warning: 'GType gtk_font_selection_dialog_get_type()' is deprecated (declared at /usr/include/gtk-3.0/gtk/deprecated/gtkfontsel.h:141) [-Wdeprecated-declarations]
./src/gtk/fontdlg.cpp:45:30: warning: 'gchar* gtk_font_selection_dialog_get_font_name(GtkFontSelectionDialog*)' is deprecated (declared at /usr/include/gtk-3.0/gtk/deprecated/gtkfontsel.h:152): Use 'GtkFontChooser' instead [-Wdeprecated-declarations]
./src/gtk/fontdlg.cpp:45:73: warning: 'gchar* gtk_font_selection_dialog_get_font_name(GtkFontSelectionDialog*)' is deprecated (declared at /usr/include/gtk-3.0/gtk/deprecated/gtkfontsel.h:152): Use 'GtkFontChooser' instead [-Wdeprecated-declarations]
./src/gtk/fontdlg.cpp:86:20: warning: 'GtkWidget* gtk_font_selection_dialog_new(const gchar*)' is deprecated (declared at /usr/include/gtk-3.0/gtk/deprecated/gtkfontsel.h:143): Use 'GtkFontChooser' instead [-Wdeprecated-declarations]
./src/gtk/fontdlg.cpp:86:69: warning: 'GtkWidget* gtk_font_selection_dialog_new(const gchar*)' is deprecated (declared at /usr/include/gtk-3.0/gtk/deprecated/gtkfontsel.h:143): Use 'GtkFontChooser' instead [-Wdeprecated-declarations]
/usr/include/gtk-3.0/gtk/deprecated/gtkfontsel.h:51:54: warning: 'GType gtk_font_selection_dialog_get_type()' is deprecated (declared at /usr/include/gtk-3.0/gtk/deprecated/gtkfontsel.h:141) [-Wdeprecated-declarations]
/usr/include/gtk-3.0/gtk/deprecated/gtkfontsel.h:51:90: warning: 'GType gtk_font_selection_dialog_get_type()' is deprecated (declared at /usr/include/gtk-3.0/gtk/deprecated/gtkfontsel.h:141) [-Wdeprecated-declarations]
./src/gtk/fontdlg.cpp:109:17: warning: 'gboolean gtk_font_selection_dialog_set_font_name(GtkFontSelectionDialog*, const gchar*)' is deprecated (declared at /usr/include/gtk-3.0/gtk/deprecated/gtkfontsel.h:154): Use 'GtkFontChooser' instead [-Wdeprecated-declarations]
./src/gtk/fontdlg.cpp:109:82: warning: 'gboolean gtk_font_selection_dialog_set_font_name(GtkFontSelectionDialog*, const gchar*)' is deprecated (declared at /usr/include/gtk-3.0/gtk/deprecated/gtkfontsel.h:154): Use 'GtkFontChooser' instead [-Wdeprecated-declarations]
./src/gtk/frame.cpp:341:17: warning: 'void gtk_widget_reparent(GtkWidget*, GtkWidget*)' is deprecated (declared at /usr/include/gtk-3.0/gtk/gtkwidget.h:773) [-Wdeprecated-declarations]
./src/gtk/frame.cpp:341:53: warning: 'void gtk_widget_reparent(GtkWidget*, GtkWidget*)' is deprecated (declared at /usr/include/gtk-3.0/gtk/gtkwidget.h:773) [-Wdeprecated-declarations]
./src/gtk/frame.cpp:343:13: warning: 'void gtk_widget_reparent(GtkWidget*, GtkWidget*)' is deprecated (declared at /usr/include/gtk-3.0/gtk/gtkwidget.h:773) [-Wdeprecated-declarations]
./src/gtk/frame.cpp:343:56: warning: 'void gtk_widget_reparent(GtkWidget*, GtkWidget*)' is deprecated (declared at /usr/include/gtk-3.0/gtk/gtkwidget.h:773) [-Wdeprecated-declarations]
./src/gtk/frame.cpp:355:13: warning: 'void gtk_widget_reparent(GtkWidget*, GtkWidget*)' is deprecated (declared at /usr/include/gtk-3.0/gtk/gtkwidget.h:773) [-Wdeprecated-declarations]
./src/gtk/frame.cpp:355:64: warning: 'void gtk_widget_reparent(GtkWidget*, GtkWidget*)' is deprecated (declared at /usr/include/gtk-3.0/gtk/gtkwidget.h:773) [-Wdeprecated-declarations]
./src/gtk/frame.cpp:385:9: warning: 'void gtk_widget_reparent(GtkWidget*, GtkWidget*)' is deprecated (declared at /usr/include/gtk-3.0/gtk/gtkwidget.h:773) [-Wdeprecated-declarations]
./src/gtk/frame.cpp:385:60: warning: 'void gtk_widget_reparent(GtkWidget*, GtkWidget*)' is deprecated (declared at /usr/include/gtk-3.0/gtk/gtkwidget.h:773) [-Wdeprecated-declarations]
./src/gtk/menu.cpp:146:20: warning: 'GtkWidget* gtk_handle_box_new()' is deprecated (declared at /usr/include/gtk-3.0/gtk/deprecated/gtkhandlebox.h:90) [-Wdeprecated-declarations]
./src/gtk/menu.cpp:146:39: warning: 'GtkWidget* gtk_handle_box_new()' is deprecated (declared at /usr/include/gtk-3.0/gtk/deprecated/gtkhandlebox.h:90) [-Wdeprecated-declarations]
./src/gtk/menu.cpp:820:30: warning: 'GtkWidget* gtk_tearoff_menu_item_new()' is deprecated (declared at /usr/include/gtk-3.0/gtk/deprecated/gtktearoffmenuitem.h:77) [-Wdeprecated-declarations]
./src/gtk/menu.cpp:820:56: warning: 'GtkWidget* gtk_tearoff_menu_item_new()' is deprecated (declared at /usr/include/gtk-3.0/gtk/deprecated/gtktearoffmenuitem.h:77) [-Wdeprecated-declarations]
./src/gtk/menu.cpp:943:28: warning: 'GtkWidget* gtk_image_menu_item_new_with_label(const gchar*)' is deprecated (declared at /usr/include/gtk-3.0/gtk/deprecated/gtkimagemenuitem.h:80): Use 'gtk_menu_item_new_with_label' instead [-Wdeprecated-declarations]
./src/gtk/menu.cpp:943:65: warning: 'GtkWidget* gtk_image_menu_item_new_with_label(const gchar*)' is deprecated (declared at /usr/include/gtk-3.0/gtk/deprecated/gtkimagemenuitem.h:80): Use 'gtk_menu_item_new_with_label' instead [-Wdeprecated-declarations]
./src/gtk/menu.cpp:945:17: warning: 'void gtk_image_menu_item_set_image(GtkImageMenuItem*, GtkWidget*)' is deprecated (declared at /usr/include/gtk-3.0/gtk/deprecated/gtkimagemenuitem.h:92) [-Wdeprecated-declarations]
/usr/include/gtk-3.0/gtk/deprecated/gtkimagemenuitem.h:38:46: warning: 'GType gtk_image_menu_item_get_type()' is deprecated (declared at /usr/include/gtk-3.0/gtk/deprecated/gtkimagemenuitem.h:76): Use 'gtk_menu_item_get_type' instead [-Wdeprecated-declarations]
/usr/include/gtk-3.0/gtk/deprecated/gtkimagemenuitem.h:38:76: warning: 'GType gtk_image_menu_item_get_type()' is deprecated (declared at /usr/include/gtk-3.0/gtk/deprecated/gtkimagemenuitem.h:76): Use 'gtk_menu_item_get_type' instead [-Wdeprecated-declarations]
./src/gtk/menu.cpp:945:83: warning: 'void gtk_image_menu_item_set_image(GtkImageMenuItem*, GtkWidget*)' is deprecated (declared at /usr/include/gtk-3.0/gtk/deprecated/gtkimagemenuitem.h:92) [-Wdeprecated-declarations]
./src/gtk/menu.cpp:950:28: warning: 'GtkWidget* gtk_image_menu_item_new_from_stock(const gchar*, GtkAccelGroup*)' is deprecated (declared at /usr/include/gtk-3.0/gtk/deprecated/gtkimagemenuitem.h:84): Use 'gtk_menu_item_new' instead [-Wdeprecated-declarations]
./src/gtk/menu.cpp:950:76: warning: 'GtkWidget* gtk_image_menu_item_new_from_stock(const gchar*, GtkAccelGroup*)' is deprecated (declared at /usr/include/gtk-3.0/gtk/deprecated/gtkimagemenuitem.h:84): Use 'gtk_menu_item_new' instead [-Wdeprecated-declarations]
./src/gtk/menu.cpp:1320:24: warning: 'gboolean gtk_stock_lookup(const gchar*, GtkStockItem*)' is deprecated (declared at /usr/include/gtk-3.0/gtk/deprecated/gtkstock.h:82) [-Wdeprecated-declarations]
./src/gtk/menu.cpp:1320:61: warning: 'gboolean gtk_stock_lookup(const gchar*, GtkStockItem*)' is deprecated (declared at /usr/include/gtk-3.0/gtk/deprecated/gtkstock.h:82) [-Wdeprecated-declarations]
/usr/include/gtk-3.0/gtk/deprecated/gtkstock.h:123:38: warning: 'GtkStock' is deprecated (declared at /usr/include/gtk-3.0/gtk/deprecated/gtkstock.h:108) [-Wdeprecated-declarations]
/usr/include/gtk-3.0/gtk/deprecated/gtkstock.h:132:38: warning: 'GtkStock' is deprecated (declared at /usr/include/gtk-3.0/gtk/deprecated/gtkstock.h:108) [-Wdeprecated-declarations]
/usr/include/gtk-3.0/gtk/deprecated/gtkstock.h:141:38: warning: 'GtkStock' is deprecated (declared at /usr/include/gtk-3.0/gtk/deprecated/gtkstock.h:108) [-Wdeprecated-declarations]
/usr/include/gtk-3.0/gtk/deprecated/gtkstock.h:469:38: warning: 'GtkStock' is deprecated (declared at /usr/include/gtk-3.0/gtk/deprecated/gtkstock.h:108) [-Wdeprecated-declarations]
/usr/include/gtk-3.0/gtk/deprecated/gtkstock.h:150:38: warning: 'GtkStock' is deprecated (declared at /usr/include/gtk-3.0/gtk/deprecated/gtkstock.h:108) [-Wdeprecated-declarations]
/usr/include/gtk-3.0/gtk/deprecated/gtkstock.h:433:38: warning: 'GtkStock' is deprecated (declared at /usr/include/gtk-3.0/gtk/deprecated/gtkstock.h:108) [-Wdeprecated-declarations]
/usr/include/gtk-3.0/gtk/deprecated/gtkstock.h:159:38: warning: 'GtkStock' is deprecated (declared at /usr/include/gtk-3.0/gtk/deprecated/gtkstock.h:108) [-Wdeprecated-declarations]
/usr/include/gtk-3.0/gtk/deprecated/gtkstock.h:179:38: warning: 'GtkStock' is deprecated (declared at /usr/include/gtk-3.0/gtk/deprecated/gtkstock.h:108) [-Wdeprecated-declarations]
/usr/include/gtk-3.0/gtk/deprecated/gtkstock.h:188:38: warning: 'GtkStock' is deprecated (declared at /usr/include/gtk-3.0/gtk/deprecated/gtkstock.h:108) [-Wdeprecated-declarations]
/usr/include/gtk-3.0/gtk/deprecated/gtkstock.h:197:38: warning: 'GtkStock' is deprecated (declared at /usr/include/gtk-3.0/gtk/deprecated/gtkstock.h:108) [-Wdeprecated-declarations]
/usr/include/gtk-3.0/gtk/deprecated/gtkstock.h:228:38: warning: 'GtkStock' is deprecated (declared at /usr/include/gtk-3.0/gtk/deprecated/gtkstock.h:108) [-Wdeprecated-declarations]
/usr/include/gtk-3.0/gtk/deprecated/gtkstock.h:237:38: warning: 'GtkStock' is deprecated (declared at /usr/include/gtk-3.0/gtk/deprecated/gtkstock.h:108) [-Wdeprecated-declarations]
/usr/include/gtk-3.0/gtk/deprecated/gtkstock.h:246:38: warning: 'GtkStock' is deprecated (declared at /usr/include/gtk-3.0/gtk/deprecated/gtkstock.h:108) [-Wdeprecated-declarations]
/usr/include/gtk-3.0/gtk/deprecated/gtkstock.h:255:38: warning: 'GtkStock' is deprecated (declared at /usr/include/gtk-3.0/gtk/deprecated/gtkstock.h:108) [-Wdeprecated-declarations]
/usr/include/gtk-3.0/gtk/deprecated/gtkstock.h:478:38: warning: 'GtkStock' is deprecated (declared at /usr/include/gtk-3.0/gtk/deprecated/gtkstock.h:108) [-Wdeprecated-declarations]
/usr/include/gtk-3.0/gtk/deprecated/gtkstock.h:364:38: warning: 'GtkStock' is deprecated (declared at /usr/include/gtk-3.0/gtk/deprecated/gtkstock.h:108) [-Wdeprecated-declarations]
/usr/include/gtk-3.0/gtk/deprecated/gtkstock.h:373:38: warning: 'GtkStock' is deprecated (declared at /usr/include/gtk-3.0/gtk/deprecated/gtkstock.h:108) [-Wdeprecated-declarations]
/usr/include/gtk-3.0/gtk/deprecated/gtkstock.h:919:38: warning: 'GtkStock' is deprecated (declared at /usr/include/gtk-3.0/gtk/deprecated/gtkstock.h:108) [-Wdeprecated-declarations]
/usr/include/gtk-3.0/gtk/deprecated/gtkstock.h:386:38: warning: 'GtkStock' is deprecated (declared at /usr/include/gtk-3.0/gtk/deprecated/gtkstock.h:108) [-Wdeprecated-declarations]
/usr/include/gtk-3.0/gtk/deprecated/gtkstock.h:395:38: warning: 'GtkStock' is deprecated (declared at /usr/include/gtk-3.0/gtk/deprecated/gtkstock.h:108) [-Wdeprecated-declarations]
/usr/include/gtk-3.0/gtk/deprecated/gtkstock.h:442:38: warning: 'GtkStock' is deprecated (declared at /usr/include/gtk-3.0/gtk/deprecated/gtkstock.h:108) [-Wdeprecated-declarations]
/usr/include/gtk-3.0/gtk/deprecated/gtkstock.h:413:38: warning: 'GtkStock' is deprecated (declared at /usr/include/gtk-3.0/gtk/deprecated/gtkstock.h:108) [-Wdeprecated-declarations]
/usr/include/gtk-3.0/gtk/deprecated/gtkstock.h:487:38: warning: 'GtkStock' is deprecated (declared at /usr/include/gtk-3.0/gtk/deprecated/gtkstock.h:108) [-Wdeprecated-declarations]
/usr/include/gtk-3.0/gtk/deprecated/gtkstock.h:507:38: warning: 'GtkStock' is deprecated (declared at /usr/include/gtk-3.0/gtk/deprecated/gtkstock.h:108) [-Wdeprecated-declarations]
/usr/include/gtk-3.0/gtk/deprecated/gtkstock.h:516:38: warning: 'GtkStock' is deprecated (declared at /usr/include/gtk-3.0/gtk/deprecated/gtkstock.h:108) [-Wdeprecated-declarations]
/usr/include/gtk-3.0/gtk/deprecated/gtkstock.h:525:38: warning: 'GtkStock' is deprecated (declared at /usr/include/gtk-3.0/gtk/deprecated/gtkstock.h:108) [-Wdeprecated-declarations]
/usr/include/gtk-3.0/gtk/deprecated/gtkstock.h:545:38: warning: 'GtkStock' is deprecated (declared at /usr/include/gtk-3.0/gtk/deprecated/gtkstock.h:108) [-Wdeprecated-declarations]
/usr/include/gtk-3.0/gtk/deprecated/gtkstock.h:534:38: warning: 'GtkStock' is deprecated (declared at /usr/include/gtk-3.0/gtk/deprecated/gtkstock.h:108) [-Wdeprecated-declarations]
/usr/include/gtk-3.0/gtk/deprecated/gtkstock.h:556:38: warning: 'GtkStock' is deprecated (declared at /usr/include/gtk-3.0/gtk/deprecated/gtkstock.h:108) [-Wdeprecated-declarations]
/usr/include/gtk-3.0/gtk/deprecated/gtkstock.h:565:38: warning: 'GtkStock' is deprecated (declared at /usr/include/gtk-3.0/gtk/deprecated/gtkstock.h:108) [-Wdeprecated-declarations]
/usr/include/gtk-3.0/gtk/deprecated/gtkstock.h:574:38: warning: 'GtkStock' is deprecated (declared at /usr/include/gtk-3.0/gtk/deprecated/gtkstock.h:108) [-Wdeprecated-declarations]
/usr/include/gtk-3.0/gtk/deprecated/gtkstock.h:583:38: warning: 'GtkStock' is deprecated (declared at /usr/include/gtk-3.0/gtk/deprecated/gtkstock.h:108) [-Wdeprecated-declarations]
/usr/include/gtk-3.0/gtk/deprecated/gtkstock.h:592:38: warning: 'GtkStock' is deprecated (declared at /usr/include/gtk-3.0/gtk/deprecated/gtkstock.h:108) [-Wdeprecated-declarations]
/usr/include/gtk-3.0/gtk/deprecated/gtkstock.h:601:38: warning: 'GtkStock' is deprecated (declared at /usr/include/gtk-3.0/gtk/deprecated/gtkstock.h:108) [-Wdeprecated-declarations]
/usr/include/gtk-3.0/gtk/deprecated/gtkstock.h:610:38: warning: 'GtkStock' is deprecated (declared at /usr/include/gtk-3.0/gtk/deprecated/gtkstock.h:108) [-Wdeprecated-declarations]
/usr/include/gtk-3.0/gtk/deprecated/gtkstock.h:451:38: warning: 'GtkStock' is deprecated (declared at /usr/include/gtk-3.0/gtk/deprecated/gtkstock.h:108) [-Wdeprecated-declarations]
/usr/include/gtk-3.0/gtk/deprecated/gtkstock.h:729:38: warning: 'GtkStock' is deprecated (declared at /usr/include/gtk-3.0/gtk/deprecated/gtkstock.h:108) [-Wdeprecated-declarations]
/usr/include/gtk-3.0/gtk/deprecated/gtkstock.h:738:38: warning: 'GtkStock' is deprecated (declared at /usr/include/gtk-3.0/gtk/deprecated/gtkstock.h:108) [-Wdeprecated-declarations]
/usr/include/gtk-3.0/gtk/deprecated/gtkstock.h:747:38: warning: 'GtkStock' is deprecated (declared at /usr/include/gtk-3.0/gtk/deprecated/gtkstock.h:108) [-Wdeprecated-declarations]
/usr/include/gtk-3.0/gtk/deprecated/gtkstock.h:756:38: warning: 'GtkStock' is deprecated (declared at /usr/include/gtk-3.0/gtk/deprecated/gtkstock.h:108) [-Wdeprecated-declarations]
/usr/include/gtk-3.0/gtk/deprecated/gtkstock.h:765:38: warning: 'GtkStock' is deprecated (declared at /usr/include/gtk-3.0/gtk/deprecated/gtkstock.h:108) [-Wdeprecated-declarations]
/usr/include/gtk-3.0/gtk/deprecated/gtkstock.h:829:38: warning: 'GtkStock' is deprecated (declared at /usr/include/gtk-3.0/gtk/deprecated/gtkstock.h:108) [-Wdeprecated-declarations]
/usr/include/gtk-3.0/gtk/deprecated/gtkstock.h:838:38: warning: 'GtkStock' is deprecated (declared at /usr/include/gtk-3.0/gtk/deprecated/gtkstock.h:108) [-Wdeprecated-declarations]
/usr/include/gtk-3.0/gtk/deprecated/gtkstock.h:878:38: warning: 'GtkStock' is deprecated (declared at /usr/include/gtk-3.0/gtk/deprecated/gtkstock.h:108) [-Wdeprecated-declarations]
/usr/include/gtk-3.0/gtk/deprecated/gtkstock.h:847:38: warning: 'GtkStock' is deprecated (declared at /usr/include/gtk-3.0/gtk/deprecated/gtkstock.h:108) [-Wdeprecated-declarations]
/usr/include/gtk-3.0/gtk/deprecated/gtkstock.h:910:38: warning: 'GtkStock' is deprecated (declared at /usr/include/gtk-3.0/gtk/deprecated/gtkstock.h:108) [-Wdeprecated-declarations]
/usr/include/gtk-3.0/gtk/deprecated/gtkstock.h:928:38: warning: 'GtkStock' is deprecated (declared at /usr/include/gtk-3.0/gtk/deprecated/gtkstock.h:108) [-Wdeprecated-declarations]
/usr/include/gtk-3.0/gtk/deprecated/gtkstock.h:937:38: warning: 'GtkStock' is deprecated (declared at /usr/include/gtk-3.0/gtk/deprecated/gtkstock.h:108) [-Wdeprecated-declarations]
/usr/include/gtk-3.0/gtk/deprecated/gtkstock.h:946:38: warning: 'GtkStock' is deprecated (declared at /usr/include/gtk-3.0/gtk/deprecated/gtkstock.h:108) [-Wdeprecated-declarations]
/usr/include/gtk-3.0/gtk/deprecated/gtkstock.h:404:38: warning: 'GtkStock' is deprecated (declared at /usr/include/gtk-3.0/gtk/deprecated/gtkstock.h:108) [-Wdeprecated-declarations]
/usr/include/gtk-3.0/gtk/deprecated/gtkstock.h:955:38: warning: 'GtkStock' is deprecated (declared at /usr/include/gtk-3.0/gtk/deprecated/gtkstock.h:108) [-Wdeprecated-declarations]
/usr/include/gtk-3.0/gtk/deprecated/gtkstock.h:964:38: warning: 'GtkStock' is deprecated (declared at /usr/include/gtk-3.0/gtk/deprecated/gtkstock.h:108) [-Wdeprecated-declarations]
/usr/include/gtk-3.0/gtk/deprecated/gtkstock.h:973:38: warning: 'GtkStock' is deprecated (declared at /usr/include/gtk-3.0/gtk/deprecated/gtkstock.h:108) [-Wdeprecated-declarations]
/usr/include/gtk-3.0/gtk/deprecated/gtkstock.h:984:38: warning: 'GtkStock' is deprecated (declared at /usr/include/gtk-3.0/gtk/deprecated/gtkstock.h:108) [-Wdeprecated-declarations]
/usr/include/gtk-3.0/gtk/deprecated/gtkstock.h:993:38: warning: 'GtkStock' is deprecated (declared at /usr/include/gtk-3.0/gtk/deprecated/gtkstock.h:108) [-Wdeprecated-declarations]
/usr/include/gtk-3.0/gtk/deprecated/gtkstock.h:1002:38: warning: 'GtkStock' is deprecated (declared at /usr/include/gtk-3.0/gtk/deprecated/gtkstock.h:108) [-Wdeprecated-declarations]
/usr/include/gtk-3.0/gtk/deprecated/gtkstock.h:1011:38: warning: 'GtkStock' is deprecated (declared at /usr/include/gtk-3.0/gtk/deprecated/gtkstock.h:108) [-Wdeprecated-declarations]
/usr/include/gtk-3.0/gtk/deprecated/gtkstock.h:1020:38: warning: 'GtkStock' is deprecated (declared at /usr/include/gtk-3.0/gtk/deprecated/gtkstock.h:108) [-Wdeprecated-declarations]
/usr/include/gtk-3.0/gtk/deprecated/gtkstock.h:1029:38: warning: 'GtkStock' is deprecated (declared at /usr/include/gtk-3.0/gtk/deprecated/gtkstock.h:108) [-Wdeprecated-declarations]
/usr/include/gtk-3.0/gtk/deprecated/gtkstock.h:1038:38: warning: 'GtkStock' is deprecated (declared at /usr/include/gtk-3.0/gtk/deprecated/gtkstock.h:108) [-Wdeprecated-declarations]
/usr/include/gtk-3.0/gtk/deprecated/gtkstock.h:1047:38: warning: 'GtkStock' is deprecated (declared at /usr/include/gtk-3.0/gtk/deprecated/gtkstock.h:108) [-Wdeprecated-declarations]
/usr/include/gtk-3.0/gtk/deprecated/gtkstock.h:460:38: warning: 'GtkStock' is deprecated (declared at /usr/include/gtk-3.0/gtk/deprecated/gtkstock.h:108) [-Wdeprecated-declarations]
/usr/include/gtk-3.0/gtk/deprecated/gtkstock.h:1056:38: warning: 'GtkStock' is deprecated (declared at /usr/include/gtk-3.0/gtk/deprecated/gtkstock.h:108) [-Wdeprecated-declarations]
/usr/include/gtk-3.0/gtk/deprecated/gtkstock.h:1065:38: warning: 'GtkStock' is deprecated (declared at /usr/include/gtk-3.0/gtk/deprecated/gtkstock.h:108) [-Wdeprecated-declarations]
/usr/include/gtk-3.0/gtk/deprecated/gtkstock.h:1074:38: warning: 'GtkStock' is deprecated (declared at /usr/include/gtk-3.0/gtk/deprecated/gtkstock.h:108) [-Wdeprecated-declarations]
/usr/include/gtk-3.0/gtk/deprecated/gtkstock.h:1085:38: warning: 'GtkStock' is deprecated (declared at /usr/include/gtk-3.0/gtk/deprecated/gtkstock.h:108) [-Wdeprecated-declarations]
/usr/include/gtk-3.0/gtk/deprecated/gtkstock.h:496:38: warning: 'GtkStock' is deprecated (declared at /usr/include/gtk-3.0/gtk/deprecated/gtkstock.h:108) [-Wdeprecated-declarations]
/usr/include/gtk-3.0/gtk/deprecated/gtkstock.h:1094:38: warning: 'GtkStock' is deprecated (declared at /usr/include/gtk-3.0/gtk/deprecated/gtkstock.h:108) [-Wdeprecated-declarations]
/usr/include/gtk-3.0/gtk/deprecated/gtkstock.h:1103:38: warning: 'GtkStock' is deprecated (declared at /usr/include/gtk-3.0/gtk/deprecated/gtkstock.h:108) [-Wdeprecated-declarations]
/usr/include/gtk-3.0/gtk/deprecated/gtkstock.h:1112:38: warning: 'GtkStock' is deprecated (declared at /usr/include/gtk-3.0/gtk/deprecated/gtkstock.h:108) [-Wdeprecated-declarations]
/usr/include/gtk-3.0/gtk/deprecated/gtkstock.h:1121:38: warning: 'GtkStock' is deprecated (declared at /usr/include/gtk-3.0/gtk/deprecated/gtkstock.h:108) [-Wdeprecated-declarations]
/usr/include/gtk-3.0/gtk/deprecated/gtkstock.h:1130:38: warning: 'GtkStock' is deprecated (declared at /usr/include/gtk-3.0/gtk/deprecated/gtkstock.h:108) [-Wdeprecated-declarations]
./src/gtk/mdi.cpp:425:5: warning: 'void gtk_misc_set_alignment(GtkMisc*, gfloat, gfloat)' is deprecated (declared at /usr/include/gtk-3.0/gtk/deprecated/gtkmisc.h:72) [-Wdeprecated-declarations]
/usr/include/gtk-3.0/gtk/deprecated/gtkmisc.h:38:32: warning: 'GType gtk_misc_get_type()' is deprecated (declared at /usr/include/gtk-3.0/gtk/deprecated/gtkmisc.h:70) [-Wdeprecated-declarations]
/usr/include/gtk-3.0/gtk/deprecated/gtkmisc.h:38:51: warning: 'GType gtk_misc_get_type()' is deprecated (declared at /usr/include/gtk-3.0/gtk/deprecated/gtkmisc.h:70) [-Wdeprecated-declarations]
./src/gtk/mdi.cpp:425:62: warning: 'void gtk_misc_set_alignment(GtkMisc*, gfloat, gfloat)' is deprecated (declared at /usr/include/gtk-3.0/gtk/deprecated/gtkmisc.h:72) [-Wdeprecated-declarations]
/usr/include/gtk-3.0/gtk/deprecated/gtkstock.h:1094:38: warning: 'GtkStock' is deprecated (declared at /usr/include/gtk-3.0/gtk/deprecated/gtkstock.h:108) [-Wdeprecated-declarations]
/usr/include/gtk-3.0/gtk/deprecated/gtkstock.h:747:38: warning: 'GtkStock' is deprecated (declared at /usr/include/gtk-3.0/gtk/deprecated/gtkstock.h:108) [-Wdeprecated-declarations]
/usr/include/gtk-3.0/gtk/deprecated/gtkstock.h:756:38: warning: 'GtkStock' is deprecated (declared at /usr/include/gtk-3.0/gtk/deprecated/gtkstock.h:108) [-Wdeprecated-declarations]
/usr/include/gtk-3.0/gtk/deprecated/gtkstock.h:159:38: warning: 'GtkStock' is deprecated (declared at /usr/include/gtk-3.0/gtk/deprecated/gtkstock.h:108) [-Wdeprecated-declarations]
/usr/include/gtk-3.0/gtk/deprecated/gtkstock.h:516:38: warning: 'GtkStock' is deprecated (declared at /usr/include/gtk-3.0/gtk/deprecated/gtkstock.h:108) [-Wdeprecated-declarations]
./src/gtk/radiobox.cpp:243:24: warning: 'GtkWidget* gtk_table_new(guint, guint, gboolean)' is deprecated (declared at /usr/include/gtk-3.0/gtk/deprecated/gtktable.h:119): Use 'GtkGrid' instead [-Wdeprecated-declarations]
./src/gtk/radiobox.cpp:243:71: warning: 'GtkWidget* gtk_table_new(guint, guint, gboolean)' is deprecated (declared at /usr/include/gtk-3.0/gtk/deprecated/gtktable.h:119): Use 'GtkGrid' instead [-Wdeprecated-declarations]
./src/gtk/radiobox.cpp:244:5: warning: 'void gtk_table_set_col_spacings(GtkTable*, guint)' is deprecated (declared at /usr/include/gtk-3.0/gtk/deprecated/gtktable.h:164): Use 'GtkGrid' instead [-Wdeprecated-declarations]
/usr/include/gtk-3.0/gtk/deprecated/gtktable.h:36:27: warning: 'GType gtk_table_get_type()' is deprecated (declared at /usr/include/gtk-3.0/gtk/deprecated/gtktable.h:117) [-Wdeprecated-declarations]
/usr/include/gtk-3.0/gtk/deprecated/gtktable.h:36:47: warning: 'GType gtk_table_get_type()' is deprecated (declared at /usr/include/gtk-3.0/gtk/deprecated/gtktable.h:117) [-Wdeprecated-declarations]
./src/gtk/radiobox.cpp:244:53: warning: 'void gtk_table_set_col_spacings(GtkTable*, guint)' is deprecated (declared at /usr/include/gtk-3.0/gtk/deprecated/gtktable.h:164): Use 'GtkGrid' instead [-Wdeprecated-declarations]
./src/gtk/radiobox.cpp:245:5: warning: 'void gtk_table_set_row_spacings(GtkTable*, guint)' is deprecated (declared at /usr/include/gtk-3.0/gtk/deprecated/gtktable.h:159): Use 'GtkGrid' instead [-Wdeprecated-declarations]
/usr/include/gtk-3.0/gtk/deprecated/gtktable.h:36:27: warning: 'GType gtk_table_get_type()' is deprecated (declared at /usr/include/gtk-3.0/gtk/deprecated/gtktable.h:117) [-Wdeprecated-declarations]
/usr/include/gtk-3.0/gtk/deprecated/gtktable.h:36:47: warning: 'GType gtk_table_get_type()' is deprecated (declared at /usr/include/gtk-3.0/gtk/deprecated/gtktable.h:117) [-Wdeprecated-declarations]
./src/gtk/radiobox.cpp:245:53: warning: 'void gtk_table_set_row_spacings(GtkTable*, guint)' is deprecated (declared at /usr/include/gtk-3.0/gtk/deprecated/gtktable.h:159): Use 'GtkGrid' instead [-Wdeprecated-declarations]
./src/gtk/radiobox.cpp:278:13: warning: 'void gtk_table_attach(GtkTable*, GtkWidget*, guint, guint, guint, guint, GtkAttachOptions, GtkAttachOptions, guint, guint)' is deprecated (declared at /usr/include/gtk-3.0/gtk/deprecated/gtktable.h:127): Use 'GtkGrid' instead [-Wdeprecated-declarations]
/usr/include/gtk-3.0/gtk/deprecated/gtktable.h:36:27: warning: 'GType gtk_table_get_type()' is deprecated (declared at /usr/include/gtk-3.0/gtk/deprecated/gtktable.h:117) [-Wdeprecated-declarations]
/usr/include/gtk-3.0/gtk/deprecated/gtktable.h:36:47: warning: 'GType gtk_table_get_type()' is deprecated (declared at /usr/include/gtk-3.0/gtk/deprecated/gtktable.h:117) [-Wdeprecated-declarations]
./src/gtk/radiobox.cpp:279:44: warning: 'void gtk_table_attach(GtkTable*, GtkWidget*, guint, guint, guint, guint, GtkAttachOptions, GtkAttachOptions, guint, guint)' is deprecated (declared at /usr/include/gtk-3.0/gtk/deprecated/gtktable.h:127): Use 'GtkGrid' instead [-Wdeprecated-declarations]
./src/gtk/radiobox.cpp:287:13: warning: 'void gtk_table_attach(GtkTable*, GtkWidget*, guint, guint, guint, guint, GtkAttachOptions, GtkAttachOptions, guint, guint)' is deprecated (declared at /usr/include/gtk-3.0/gtk/deprecated/gtktable.h:127): Use 'GtkGrid' instead [-Wdeprecated-declarations]
/usr/include/gtk-3.0/gtk/deprecated/gtktable.h:36:27: warning: 'GType gtk_table_get_type()' is deprecated (declared at /usr/include/gtk-3.0/gtk/deprecated/gtktable.h:117) [-Wdeprecated-declarations]
/usr/include/gtk-3.0/gtk/deprecated/gtktable.h:36:47: warning: 'GType gtk_table_get_type()' is deprecated (declared at /usr/include/gtk-3.0/gtk/deprecated/gtktable.h:117) [-Wdeprecated-declarations]
./src/gtk/radiobox.cpp:288:44: warning: 'void gtk_table_attach(GtkTable*, GtkWidget*, guint, guint, guint, guint, GtkAttachOptions, GtkAttachOptions, guint, guint)' is deprecated (declared at /usr/include/gtk-3.0/gtk/deprecated/gtktable.h:127): Use 'GtkGrid' instead [-Wdeprecated-declarations]
./src/gtk/stattext.cpp:87:5: warning: 'void gtk_misc_set_alignment(GtkMisc*, gfloat, gfloat)' is deprecated (declared at /usr/include/gtk-3.0/gtk/deprecated/gtkmisc.h:72) [-Wdeprecated-declarations]
/usr/include/gtk-3.0/gtk/deprecated/gtkmisc.h:38:32: warning: 'GType gtk_misc_get_type()' is deprecated (declared at /usr/include/gtk-3.0/gtk/deprecated/gtkmisc.h:70) [-Wdeprecated-declarations]
/usr/include/gtk-3.0/gtk/deprecated/gtkmisc.h:38:51: warning: 'GType gtk_misc_get_type()' is deprecated (declared at /usr/include/gtk-3.0/gtk/deprecated/gtkmisc.h:70) [-Wdeprecated-declarations]
./src/gtk/stattext.cpp:87:77: warning: 'void gtk_misc_set_alignment(GtkMisc*, gfloat, gfloat)' is deprecated (declared at /usr/include/gtk-3.0/gtk/deprecated/gtkmisc.h:72) [-Wdeprecated-declarations]
./src/gtk/toolbar.cpp:191:5: warning: 'void gtk_widget_get_requisition(GtkWidget*, GtkRequisition*)' is deprecated (declared at /usr/include/gtk-3.0/gtk/gtkwidget.h:957): Use 'gtk_widget_get_preferred_width & gtk_widget_get_preferred_height' instead [-Wdeprecated-declarations]
./src/gtk/toolbar.cpp:191:44: warning: 'void gtk_widget_get_requisition(GtkWidget*, GtkRequisition*)' is deprecated (declared at /usr/include/gtk-3.0/gtk/gtkwidget.h:957): Use 'gtk_widget_get_preferred_width & gtk_widget_get_preferred_height' instead [-Wdeprecated-declarations]
./src/gtk/toolbar.cpp:246:24: warning: 'GtkWidget* gtk_alignment_new(gfloat, gfloat, gfloat, gfloat)' is deprecated (declared at /usr/include/gtk-3.0/gtk/deprecated/gtkalignment.h:79) [-Wdeprecated-declarations]
./src/gtk/toolbar.cpp:246:56: warning: 'GtkWidget* gtk_alignment_new(gfloat, gfloat, gfloat, gfloat)' is deprecated (declared at /usr/include/gtk-3.0/gtk/deprecated/gtkalignment.h:79) [-Wdeprecated-declarations]
./src/gtk/toolbar.cpp:282:24: warning: 'GtkWidget* gtk_arrow_new(GtkArrowType, GtkShadowType)' is deprecated (declared at /usr/include/gtk-3.0/gtk/deprecated/gtkarrow.h:73) [-Wdeprecated-declarations]
./src/gtk/toolbar.cpp:282:64: warning: 'GtkWidget* gtk_arrow_new(GtkArrowType, GtkShadowType)' is deprecated (declared at /usr/include/gtk-3.0/gtk/deprecated/gtkarrow.h:73) [-Wdeprecated-declarations]
./src/gtk/toolbar.cpp:284:5: warning: 'void gtk_widget_reparent(GtkWidget*, GtkWidget*)' is deprecated (declared at /usr/include/gtk-3.0/gtk/gtkwidget.h:773) [-Wdeprecated-declarations]
./src/gtk/toolbar.cpp:284:41: warning: 'void gtk_widget_reparent(GtkWidget*, GtkWidget*)' is deprecated (declared at /usr/include/gtk-3.0/gtk/gtkwidget.h:773) [-Wdeprecated-declarations]
./src/gtk/toolbar.cpp:390:20: warning: 'GtkWidget* gtk_handle_box_new()' is deprecated (declared at /usr/include/gtk-3.0/gtk/deprecated/gtkhandlebox.h:90) [-Wdeprecated-declarations]
./src/gtk/toolbar.cpp:390:39: warning: 'GtkWidget* gtk_handle_box_new()' is deprecated (declared at /usr/include/gtk-3.0/gtk/deprecated/gtkhandlebox.h:90) [-Wdeprecated-declarations]
./src/gtk/toolbar.cpp:398:13: warning: 'void gtk_handle_box_set_shadow_type(GtkHandleBox*, GtkShadowType)' is deprecated (declared at /usr/include/gtk-3.0/gtk/deprecated/gtkhandlebox.h:92) [-Wdeprecated-declarations]
/usr/include/gtk-3.0/gtk/deprecated/gtkhandlebox.h:41:41: warning: 'GType gtk_handle_box_get_type()' is deprecated (declared at /usr/include/gtk-3.0/gtk/deprecated/gtkhandlebox.h:88) [-Wdeprecated-declarations]
/usr/include/gtk-3.0/gtk/deprecated/gtkhandlebox.h:41:66: warning: 'GType gtk_handle_box_get_type()' is deprecated (declared at /usr/include/gtk-3.0/gtk/deprecated/gtkhandlebox.h:88) [-Wdeprecated-declarations]
./src/gtk/toolbar.cpp:398:87: warning: 'void gtk_handle_box_set_shadow_type(GtkHandleBox*, GtkShadowType)' is deprecated (declared at /usr/include/gtk-3.0/gtk/deprecated/gtkhandlebox.h:92) [-Wdeprecated-declarations]
./src/gtk/textentry.cpp:464:34: warning: 'const GtkBorder* gtk_entry_get_inner_border(GtkEntry*)' is deprecated (declared at /usr/include/gtk-3.0/gtk/gtkentry.h:171) [-Wdeprecated-declarations]
./src/gtk/textentry.cpp:464:66: warning: 'const GtkBorder* gtk_entry_get_inner_border(GtkEntry*)' is deprecated (declared at /usr/include/gtk-3.0/gtk/gtkentry.h:171) [-Wdeprecated-declarations]
./src/gtk/textentry.cpp:487:5: warning: 'void gtk_entry_set_inner_border(GtkEntry*, const GtkBorder*)' is deprecated (declared at /usr/include/gtk-3.0/gtk/gtkentry.h:168) [-Wdeprecated-declarations]
./src/gtk/textentry.cpp:487:49: warning: 'void gtk_entry_set_inner_border(GtkEntry*, const GtkBorder*)' is deprecated (declared at /usr/include/gtk-3.0/gtk/gtkentry.h:168) [-Wdeprecated-declarations]
./src/gtk/textentry.cpp:507:39: warning: 'const GtkBorder* gtk_entry_get_inner_border(GtkEntry*)' is deprecated (declared at /usr/include/gtk-3.0/gtk/gtkentry.h:171) [-Wdeprecated-declarations]
./src/gtk/textentry.cpp:507:71: warning: 'const GtkBorder* gtk_entry_get_inner_border(GtkEntry*)' is deprecated (declared at /usr/include/gtk-3.0/gtk/gtkentry.h:171) [-Wdeprecated-declarations]
./src/gtk/textctrl.cpp:1810:5: warning: 'void gtk_widget_override_color(GtkWidget*, GtkStateFlags, const GdkRGBA*)' is deprecated (declared at /usr/include/gtk-3.0/gtk/gtkwidget.h:1153) [-Wdeprecated-declarations]
./src/gtk/textctrl.cpp:1810:66: warning: 'void gtk_widget_override_color(GtkWidget*, GtkStateFlags, const GdkRGBA*)' is deprecated (declared at /usr/include/gtk-3.0/gtk/gtkwidget.h:1153) [-Wdeprecated-declarations]
./src/gtk/textctrl.cpp:1811:5: warning: 'void gtk_widget_override_color(GtkWidget*, GtkStateFlags, const GdkRGBA*)' is deprecated (declared at /usr/include/gtk-3.0/gtk/gtkwidget.h:1153) [-Wdeprecated-declarations]
./src/gtk/textctrl.cpp:1811:60: warning: 'void gtk_widget_override_color(GtkWidget*, GtkStateFlags, const GdkRGBA*)' is deprecated (declared at /usr/include/gtk-3.0/gtk/gtkwidget.h:1153) [-Wdeprecated-declarations]
./src/gtk/textctrl.cpp:1812:5: warning: 'void gtk_widget_override_background_color(GtkWidget*, GtkStateFlags, const GdkRGBA*)' is deprecated (declared at /usr/include/gtk-3.0/gtk/gtkwidget.h:1157) [-Wdeprecated-declarations]
./src/gtk/textctrl.cpp:1812:77: warning: 'void gtk_widget_override_background_color(GtkWidget*, GtkStateFlags, const GdkRGBA*)' is deprecated (declared at /usr/include/gtk-3.0/gtk/gtkwidget.h:1157) [-Wdeprecated-declarations]
./src/gtk/textctrl.cpp:1813:5: warning: 'void gtk_widget_override_background_color(GtkWidget*, GtkStateFlags, const GdkRGBA*)' is deprecated (declared at /usr/include/gtk-3.0/gtk/gtkwidget.h:1157) [-Wdeprecated-declarations]
./src/gtk/textctrl.cpp:1813:71: warning: 'void gtk_widget_override_background_color(GtkWidget*, GtkStateFlags, const GdkRGBA*)' is deprecated (declared at /usr/include/gtk-3.0/gtk/gtkwidget.h:1157) [-Wdeprecated-declarations]
./src/gtk/textctrl.cpp:1826:9: warning: 'void gtk_style_context_get_background_color(GtkStyleContext*, GtkStateFlags, GdkRGBA*)' is deprecated (declared at /usr/include/gtk-3.0/gtk/gtkstylecontext.h:1139): Use 'gtk_render_background' instead [-Wdeprecated-declarations]
./src/gtk/textctrl.cpp:1826:82: warning: 'void gtk_style_context_get_background_color(GtkStyleContext*, GtkStateFlags, GdkRGBA*)' is deprecated (declared at /usr/include/gtk-3.0/gtk/gtkstylecontext.h:1139): Use 'gtk_render_background' instead [-Wdeprecated-declarations]
./src/gtk/textctrl.cpp:1831:13: warning: 'void gtk_widget_override_color(GtkWidget*, GtkStateFlags, const GdkRGBA*)' is deprecated (declared at /usr/include/gtk-3.0/gtk/gtkwidget.h:1153) [-Wdeprecated-declarations]
./src/gtk/textctrl.cpp:1831:72: warning: 'void gtk_widget_override_color(GtkWidget*, GtkStateFlags, const GdkRGBA*)' is deprecated (declared at /usr/include/gtk-3.0/gtk/gtkwidget.h:1153) [-Wdeprecated-declarations]
./src/gtk/textctrl.cpp:1833:13: warning: 'void gtk_widget_override_background_color(GtkWidget*, GtkStateFlags, const GdkRGBA*)' is deprecated (declared at /usr/include/gtk-3.0/gtk/gtkwidget.h:1157) [-Wdeprecated-declarations]
./src/gtk/textctrl.cpp:1833:83: warning: 'void gtk_widget_override_background_color(GtkWidget*, GtkStateFlags, const GdkRGBA*)' is deprecated (declared at /usr/include/gtk-3.0/gtk/gtkwidget.h:1157) [-Wdeprecated-declarations]
/usr/include/gtk-3.0/gtk/deprecated/gtkalignment.h:38:46: warning: 'GType gtk_alignment_get_type()' is deprecated (declared at /usr/include/gtk-3.0/gtk/deprecated/gtkalignment.h:77) [-Wdeprecated-declarations]
/usr/include/gtk-3.0/gtk/deprecated/gtkalignment.h:38:70: warning: 'GType gtk_alignment_get_type()' is deprecated (declared at /usr/include/gtk-3.0/gtk/deprecated/gtkalignment.h:77) [-Wdeprecated-declarations]
./src/gtk/taskbar.cpp:187:13: warning: 'void gtk_status_icon_set_from_pixbuf(GtkStatusIcon*, GdkPixbuf*)' is deprecated (declared at /usr/include/gtk-3.0/gtk/deprecated/gtkstatusicon.h:97) [-Wdeprecated-declarations]
./src/gtk/taskbar.cpp:187:79: warning: 'void gtk_status_icon_set_from_pixbuf(GtkStatusIcon*, GdkPixbuf*)' is deprecated (declared at /usr/include/gtk-3.0/gtk/deprecated/gtkstatusicon.h:97) [-Wdeprecated-declarations]
./src/gtk/taskbar.cpp:190:28: warning: 'GtkStatusIcon* gtk_status_icon_new_from_pixbuf(GdkPixbuf*)' is deprecated (declared at /usr/include/gtk-3.0/gtk/deprecated/gtkstatusicon.h:86) [-Wdeprecated-declarations]
./src/gtk/taskbar.cpp:190:80: warning: 'GtkStatusIcon* gtk_status_icon_new_from_pixbuf(GdkPixbuf*)' is deprecated (declared at /usr/include/gtk-3.0/gtk/deprecated/gtkstatusicon.h:86) [-Wdeprecated-declarations]
./src/gtk/taskbar.cpp:235:13: warning: 'void gtk_status_icon_set_tooltip_text(GtkStatusIcon*, const gchar*)' is deprecated (declared at /usr/include/gtk-3.0/gtk/deprecated/gtkstatusicon.h:137) [-Wdeprecated-declarations]
./src/gtk/taskbar.cpp:235:68: warning: 'void gtk_status_icon_set_tooltip_text(GtkStatusIcon*, const gchar*)' is deprecated (declared at /usr/include/gtk-3.0/gtk/deprecated/gtkstatusicon.h:137) [-Wdeprecated-declarations]
./src/gtk/hyperlink.cpp:95:9: warning: 'void gtk_button_set_alignment(GtkButton*, gfloat, gfloat)' is deprecated (declared at /usr/include/gtk-3.0/gtk/gtkbutton.h:143) [-Wdeprecated-declarations]
./src/gtk/hyperlink.cpp:95:72: warning: 'void gtk_button_set_alignment(GtkButton*, gfloat, gfloat)' is deprecated (declared at /usr/include/gtk-3.0/gtk/gtkbutton.h:143) [-Wdeprecated-declarations]
./src/gtk/hyperlink.cpp:187:9: warning: 'void gdk_color_free(GdkColor*)' is deprecated (declared at /usr/include/gtk-3.0/gdk/deprecated/gdkcolor.h:70) [-Wdeprecated-declarations]
./src/gtk/hyperlink.cpp:187:35: warning: 'void gdk_color_free(GdkColor*)' is deprecated (declared at /usr/include/gtk-3.0/gdk/deprecated/gdkcolor.h:70) [-Wdeprecated-declarations]
./src/gtk/hyperlink.cpp:216:9: warning: 'void gdk_color_free(GdkColor*)' is deprecated (declared at /usr/include/gtk-3.0/gdk/deprecated/gdkcolor.h:70) [-Wdeprecated-declarations]
./src/gtk/hyperlink.cpp:216:35: warning: 'void gdk_color_free(GdkColor*)' is deprecated (declared at /usr/include/gtk-3.0/gdk/deprecated/gdkcolor.h:70) [-Wdeprecated-declarations]
/usr/include/gtk-3.0/gdk/deprecated/gdkcolor.h:62:25: warning: 'GType gdk_color_get_type()' is deprecated (declared at /usr/include/gtk-3.0/gdk/deprecated/gdkcolor.h:65) [-Wdeprecated-declarations]
/usr/include/gtk-3.0/gdk/deprecated/gdkcolor.h:62:45: warning: 'GType gdk_color_get_type()' is deprecated (declared at /usr/include/gtk-3.0/gdk/deprecated/gdkcolor.h:65) [-Wdeprecated-declarations]
./src/gtk/dataview.cpp:3504:5: warning: 'void gtk_widget_get_pointer(GtkWidget*, gint*, gint*)' is deprecated (declared at /usr/include/gtk-3.0/gtk/gtkwidget.h:1130): Use 'gdk_window_get_device_position' instead [-Wdeprecated-declarations]
./src/gtk/dataview.cpp:3504:61: warning: 'void gtk_widget_get_pointer(GtkWidget*, gint*, gint*)' is deprecated (declared at /usr/include/gtk-3.0/gtk/gtkwidget.h:1130): Use 'gdk_window_get_device_position' instead [-Wdeprecated-declarations]
./src/gtk/dataview.cpp:4563:5: warning: 'void gtk_tree_view_set_rules_hint(GtkTreeView*, gboolean)' is deprecated (declared at /usr/include/gtk-3.0/gtk/gtktreeview.h:246) [-Wdeprecated-declarations]
./src/gtk/dataview.cpp:4563:92: warning: 'void gtk_tree_view_set_rules_hint(GtkTreeView*, gboolean)' is deprecated (declared at /usr/include/gtk-3.0/gtk/gtktreeview.h:246) [-Wdeprecated-declarations]
./src/unix/mediactrl.cpp:1103:5: warning: 'void gtk_widget_set_double_buffered(GtkWidget*, gboolean)' is deprecated (declared at /usr/include/gtk-3.0/gtk/gtkwidget.h:896) [-Wdeprecated-declarations]
./src/unix/mediactrl.cpp:1103:61: warning: 'void gtk_widget_set_double_buffered(GtkWidget*, gboolean)' is deprecated (declared at /usr/include/gtk-3.0/gtk/gtkwidget.h:896) [-Wdeprecated-declarations]
./src/aui/framemanager.cpp:273:9: warning: 'void gtk_widget_modify_bg(GtkWidget*, GtkStateType, const GdkColor*)' is deprecated (declared at /usr/include/gtk-3.0/gtk/deprecated/gtkstyle.h:753): Use 'gtk_widget_override_background_color' instead [-Wdeprecated-declarations]
./src/aui/framemanager.cpp:273:64: warning: 'void gtk_widget_modify_bg(GtkWidget*, GtkStateType, const GdkColor*)' is deprecated (declared at /usr/include/gtk-3.0/gtk/deprecated/gtkstyle.h:753): Use 'gtk_widget_override_background_color' instead [-Wdeprecated-declarations]
./src/gtk/glcanvas.cpp:244:5: warning: 'void gtk_widget_set_double_buffered(GtkWidget*, gboolean)' is deprecated (declared at /usr/include/gtk-3.0/gtk/gtkwidget.h:896) [-Wdeprecated-declarations]
./src/gtk/glcanvas.cpp:244:53: warning: 'void gtk_widget_set_double_buffered(GtkWidget*, gboolean)' is deprecated (declared at /usr/include/gtk-3.0/gtk/gtkwidget.h:896) [-Wdeprecated-declarations]
