# 2.6.0
./src/html/htmlctrl/webkit/webkit.mm:69: error: 'wxStringWithNSString' declared as an 'inline' variable
./src/html/htmlctrl/webkit/webkit.mm:69: error: 'NSString' was not declared in this scope
./src/html/htmlctrl/webkit/webkit.mm:69: error: 'nsstring' was not declared in this scope
./src/html/htmlctrl/webkit/webkit.mm:70: error: expected %<,%> or %<;%> before '{' token
./src/html/htmlctrl/webkit/webkit.mm:78: error: expected initializer before '*' token
./src/html/htmlctrl/webkit/webkit.mm:87: error: cannot find interface declaration for `NSObject', superclass of `MyFrameLoadMonitor'
./src/html/htmlctrl/webkit/webkit.mm: In member function `bool wxWebKitCtrl::Create(wxWindow*, wxWindowID, const wxString&, const wxPoint&, const wxSize&, long int, const wxValidator&, const wxString&)':
./src/html/htmlctrl/webkit/webkit.mm:156: warning: no `-setHidden:' method found
./src/html/htmlctrl/webkit/webkit.mm:156: warning: (Messages without a matching method signature
./src/html/htmlctrl/webkit/webkit.mm:156: warning: will be assumed to return `id' and accept
./src/html/htmlctrl/webkit/webkit.mm:156: warning: `...' as arguments.)
./src/html/htmlctrl/webkit/webkit.mm:160: warning: `MyFrameLoadMonitor' may not respond to `+alloc'
./src/html/htmlctrl/webkit/webkit.mm:161: warning: no `-setFrameLoadDelegate:' method found
./src/html/htmlctrl/webkit/webkit.mm: In member function `void wxWebKitCtrl::LoadURL(const wxString&)':
./src/html/htmlctrl/webkit/webkit.mm:181: warning: no `-mainFrame' method found
./src/html/htmlctrl/webkit/webkit.mm:181: error: 'NSURLRequest' was not declared in this scope
./src/html/htmlctrl/webkit/webkit.mm:181: error: 'NSURL' was not declared in this scope
./src/html/htmlctrl/webkit/webkit.mm:181: error: 'wxNSStringWithWxString' was not declared in this scope
./src/html/htmlctrl/webkit/webkit.mm:181: warning: no `-loadRequest:' method found
./src/html/htmlctrl/webkit/webkit.mm: In member function `bool wxWebKitCtrl::CanGoBack()':
./src/html/htmlctrl/webkit/webkit.mm:190: warning: no `-canGoBack' method found
./src/html/htmlctrl/webkit/webkit.mm: In member function `bool wxWebKitCtrl::CanGoForward()':
./src/html/htmlctrl/webkit/webkit.mm:197: warning: no `-canGoForward' method found
./src/html/htmlctrl/webkit/webkit.mm: In member function `bool wxWebKitCtrl::GoBack()':
./src/html/htmlctrl/webkit/webkit.mm:204: warning: `WebView' may not respond to `-goBack'
./src/html/htmlctrl/webkit/webkit.mm: In member function `bool wxWebKitCtrl::GoForward()':
./src/html/htmlctrl/webkit/webkit.mm:212: warning: `WebView' may not respond to `-goForward'
./src/html/htmlctrl/webkit/webkit.mm: In member function `void wxWebKitCtrl::Reload()':
./src/html/htmlctrl/webkit/webkit.mm:220: warning: no `-mainFrame' method found
./src/html/htmlctrl/webkit/webkit.mm:220: warning: no `-reload' method found
./src/html/htmlctrl/webkit/webkit.mm: In member function `void wxWebKitCtrl::Stop()':
./src/html/htmlctrl/webkit/webkit.mm:227: warning: no `-mainFrame' method found
./src/html/htmlctrl/webkit/webkit.mm:227: warning: no `-stopLoading' method found
./src/html/htmlctrl/webkit/webkit.mm: In member function `bool wxWebKitCtrl::CanGetPageSource()':
./src/html/htmlctrl/webkit/webkit.mm:234: error: 'WebDataSource' was not declared in this scope
./src/html/htmlctrl/webkit/webkit.mm:234: error: 'dataSource' was not declared in this scope
./src/html/htmlctrl/webkit/webkit.mm:234: warning: no `-mainFrame' method found
./src/html/htmlctrl/webkit/webkit.mm:234: warning: no `-dataSource' method found
./src/html/htmlctrl/webkit/webkit.mm:235: confused by earlier errors, bailing out
make: *** [corelib_webkit.o] Error 1

# 2.4.2
./src/mac/dc.cpp:1259: error: expected `)' before '<<' token
./src/mac/dc.cpp:1263: error: expected unqualified-id before "short"
./src/mac/dc.cpp:1263: error: expected `)' before "short"
./src/mac/dc.cpp:1263: error: expected `)' before "short"
make: *** [dc.o] Error 1

 	  	 
