...
make[1]: Entering directory `/home/jonrysh/src/audacity/audacity-src-1.2.4b/src'
test -d obj || mkdir obj
test -d obj/effects || mkdir obj/effects
test -d obj/effects/ladspa || mkdir obj/effects/ladspa
test -d obj/effects/VST || mkdir obj/effects/VST
test -d obj/effects/nyquist || mkdir obj/effects/nyquist
test -d obj/export || mkdir obj/export
test -d obj/import || mkdir obj/import
test -d obj/prefs || mkdir obj/prefs
test -d obj/widgets || mkdir obj/widgets
test -d obj/xml || mkdir obj/xml
test -d obj/commands || mkdir obj/commands
test -d obj/blockfile || mkdir obj/blockfile
g++ -c -I../lib-src/portaudio/pa_common -I../lib-src/portmixer/px_common -I../lib-src/soundtouch/include -g -O2 -I../lib-src/expat -I../lib-src/allegro -I../lib-src/libnyquist/nyx -I../lib-src/libsndfile/src -I../lib-src/libresample/include -Wall -Iinclude  -I/usr/local/lib/wx/include/gtk2-unicode-debug-2.6 -I/usr/local/include/wx-2.6 -D__WXDEBUG__ -D__WXGTK__ -D_FILE_OFFSET_BITS=64 -D_LARGE_FILES -D_LARGEFILE_SOURCE=1 -DNO_GCC_PRAGMA     BlockFile.cpp -o obj/BlockFile.o
xml/XMLTagHandler.h:21: warning: 'class XMLTagHandler' has virtual functions but non-virtual destructor
BlockFile.cpp: In constructor 'AliasBlockFile::AliasBlockFile(wxFileName, wxFileName, sampleCount, sampleCount, int)':
BlockFile.cpp:466: error: ambiguous overload for 'operator+' in 'wxFileName::GetFullPath(wxPathFormat) const(wxPATH_NATIVE) + ".auf"'
/usr/local/include/wx-2.6/wx/string.h:1298: note: candidates are: wxString operator+(const wxString&, const wxString&) <near match>
/usr/local/include/wx-2.6/wx/string.h:1299: note:                 wxString operator+(const wxString&, wxChar) <near match>
/usr/local/include/wx-2.6/wx/string.h:1300: note:                 wxString operator+(wxChar, const wxString&) <near match>
/usr/local/include/wx-2.6/wx/string.h:1302: note:                 wxString operator+(const wxChar*, const wxString&) <near match>
/usr/local/include/wx-2.6/wx/string.h:1494: note:                 wxString operator+(const wxString&, const wxWCharBuffer&) <near match>
/usr/local/include/wx-2.6/wx/longlong.h:919: note:                 wxLongLong operator+(long int, const wxLongLong&) <near match>
/usr/local/include/wx-2.6/wx/longlong.h:932: note:                 wxULongLong operator+(long unsigned int, const wxULongLong&) <near match>
BlockFile.cpp: In member function 'virtual void AliasBlockFile::WriteSummary()':
BlockFile.cpp:504: error: no matching function for call to 'wxFFile::Open(wxString, const char [3])'
/usr/local/include/wx-2.6/wx/ffile.h:49: note: candidates are: bool wxFFile::Open(const wxChar*, const wxChar*)
BlockFile.cpp: In member function 'virtual bool AliasBlockFile::ReadSummary(void*)':
BlockFile.cpp:533: error: no matching function for call to 'wxFFile::Open(wxString, const char [3])'
/usr/local/include/wx-2.6/wx/ffile.h:49: note: candidates are: bool wxFFile::Open(const wxChar*, const wxChar*)
make[1]: *** [obj/BlockFile.o] Error 1
make[1]: Leaving directory `/home/jonrysh/src/audacity/audacity-src-1.2.4b/src'
make: *** [audacity] Error 2

 	  	 
