This file contains any messages produced by compilers while
running configure, to aid debugging if configure makes a mistake.

configure:1021: checking host system type
configure:1042: checking target system type
configure:1060: checking build system type
configure:1766: checking for --enable-gui
configure:1809: checking for --enable-universal
configure:1903: checking for --enable-nanox
configure:1944: checking for --enable-gtk2
configure:1984: checking for --with-libpng
configure:2035: checking for --with-libjpeg
configure:2086: checking for --with-libtiff
configure:2137: checking for --with-opengl
configure:2179: checking for --with-dmalloc
configure:2218: checking for --with-regex
configure:2269: checking for --with-zlib
configure:2320: checking for --with-odbc
configure:2362: checking for --enable-shared
configure:2402: checking for --enable-soname
configure:2442: checking for --enable-optimise
configure:2482: checking for --enable-debug
configure:2523: checking for --enable-precomp
configure:2572: checking for --enable-debug_flag
configure:2612: checking for --enable-debug_info
configure:2652: checking for --enable-debug_gdb
configure:2692: checking for --enable-debug_cntxt
configure:2732: checking for --enable-mem_tracing
configure:2772: checking for --enable-profile
configure:2812: checking for --enable-no_rtti
configure:2852: checking for --enable-no_exceptions
configure:2892: checking for --enable-permissive
configure:2932: checking for --enable-no_deps
configure:2973: checking for --enable-compat20
configure:3013: checking for --disable-compat22
configure:3067: checking for --enable-intl
configure:3107: checking for --enable-config
configure:3148: checking for --enable-protocols
configure:3188: checking for --enable-ftp
configure:3228: checking for --enable-http
configure:3268: checking for --enable-fileproto
configure:3308: checking for --enable-sockets
configure:3348: checking for --enable-ole
configure:3388: checking for --enable-dataobj
configure:3429: checking for --enable-ipc
configure:3470: checking for --enable-cmdline
configure:3510: checking for --enable-datetime
configure:3550: checking for --enable-timedate
configure:3590: checking for --enable-stopwatch
configure:3630: checking for --enable-dialupman
configure:3670: checking for --enable-apple_ieee
configure:3710: checking for --enable-timer
configure:3750: checking for --enable-wave
configure:3790: checking for --enable-fraction
configure:3830: checking for --enable-dynlib
configure:3870: checking for --enable-dynamicloader
configure:3910: checking for --enable-longlong
configure:3950: checking for --enable-geometry
configure:3990: checking for --enable-log
configure:4030: checking for --enable-streams
configure:4070: checking for --enable-file
configure:4110: checking for --enable-ffile
configure:4150: checking for --enable-textbuf
configure:4190: checking for --enable-textfile
configure:4230: checking for --enable-fontmap
configure:4270: checking for --enable-unicode
configure:4310: checking for --enable-mslu
configure:4350: checking for --enable-wxprintfv
configure:4390: checking for --enable-std_iostreams
configure:4430: checking for --enable-filesystem
configure:4470: checking for --enable-fs_inet
configure:4510: checking for --enable-fs_zip
configure:4550: checking for --enable-zipstream
configure:4591: checking for --enable-catch_segvs
configure:4631: checking for --enable-snglinst
configure:4672: checking for --enable-mimetype
configure:4712: checking for --enable-system_options
configure:4753: checking for --enable-url
configure:4793: checking for --enable-protocol
configure:4833: checking for --enable-protocol_http
configure:4873: checking for --enable-protocol_ftp
configure:4913: checking for --enable-protocol_file
configure:4956: checking for --enable-threads
configure:5000: checking for --enable-docview
configure:5040: checking for --enable-help
configure:5080: checking for --enable-mshtmlhelp
configure:5120: checking for --enable-html
configure:5160: checking for --enable-htmlhelp
configure:5200: checking for --enable-constraints
configure:5240: checking for --enable-printarch
configure:5280: checking for --enable-mdi
configure:5320: checking for --enable-loggui
configure:5360: checking for --enable-logwin
configure:5400: checking for --enable-logdialog
configure:5441: checking for --enable-postscript
configure:5484: checking for --enable-prologio
configure:5524: checking for --enable-resources
configure:5565: checking for --enable-xresources
configure:5607: checking for --enable-clipboard
configure:5647: checking for --enable-dnd
configure:5687: checking for --enable-metafile
configure:5728: checking for --enable-treelayout
configure:5770: checking for --enable-controls
configure:5891: checking for --enable-accel
configure:5931: checking for --enable-button
configure:5971: checking for --enable-bmpbutton
configure:6011: checking for --enable-calendar
configure:6051: checking for --enable-caret
configure:6091: checking for --enable-checkbox
configure:6131: checking for --enable-checklst
configure:6171: checking for --enable-choice
configure:6211: checking for --enable-combobox
configure:6251: checking for --enable-gauge
configure:6291: checking for --enable-grid
configure:6331: checking for --enable-newgrid
configure:6371: checking for --enable-imaglist
configure:6411: checking for --enable-listbox
configure:6451: checking for --enable-listctrl
configure:6491: checking for --enable-notebook
configure:6531: checking for --enable-propsheet
configure:6571: checking for --enable-radiobox
configure:6611: checking for --enable-radiobtn
configure:6651: checking for --enable-sash
configure:6691: checking for --enable-scrollbar
configure:6731: checking for --enable-slider
configure:6771: checking for --enable-spinbtn
configure:6811: checking for --enable-spinctrl
configure:6851: checking for --enable-splitter
configure:6891: checking for --enable-statbmp
configure:6931: checking for --enable-statbox
configure:6971: checking for --enable-statline
configure:7011: checking for --enable-stattext
configure:7051: checking for --enable-statusbar
configure:7091: checking for --enable-tabdialog
configure:7131: checking for --enable-textctrl
configure:7171: checking for --enable-togglebtn
configure:7211: checking for --enable-toolbar
configure:7251: checking for --enable-tbarnative
configure:7291: checking for --enable-tbarsmpl
configure:7331: checking for --enable-treectrl
configure:7371: checking for --enable-tipwindow
configure:7411: checking for --enable-popupwin
configure:7453: checking for --enable-commondlg
configure:7493: checking for --enable-choicedlg
configure:7533: checking for --enable-coldlg
configure:7573: checking for --enable-filedlg
configure:7613: checking for --enable-finddlg
configure:7653: checking for --enable-fontdlg
configure:7693: checking for --enable-dirdlg
configure:7733: checking for --enable-msgdlg
configure:7773: checking for --enable-numberdlg
configure:7813: checking for --enable-splash
configure:7853: checking for --enable-textdlg
configure:7893: checking for --enable-tipdlg
configure:7933: checking for --enable-progressdlg
configure:7973: checking for --enable-wizarddlg
configure:8015: checking for --enable-menus
configure:8055: checking for --enable-miniframe
configure:8095: checking for --enable-tooltips
configure:8135: checking for --enable-splines
configure:8175: checking for --enable-validators
configure:8215: checking for --enable-busyinfo
configure:8255: checking for --enable-joystick
configure:8295: checking for --enable-metafile
configure:8335: checking for --enable-dragimage
configure:8377: checking for --enable-palette
configure:8417: checking for --enable-image
configure:8457: checking for --enable-gif
configure:8497: checking for --enable-pcx
configure:8537: checking for --enable-iff
configure:8577: checking for --enable-pnm
configure:8617: checking for --enable-xpm
configure:8657: checking for --enable-ico_cur
configure:8716: checking for toolkit
configure:8903: checking for gcc
configure:9016: checking whether the C compiler (gcc  ) works
configure:9032: gcc -o conftest    conftest.c  1>&5
configure:9058: checking whether the C compiler (gcc  ) is a cross-compiler
configure:9063: checking whether we are using GNU C
configure:9072: gcc -E conftest.c
configure:9091: checking whether gcc accepts -g
configure:9124: checking how to run the C preprocessor
configure:9145: gcc -E  conftest.c >/dev/null 2>conftest.out
configure:9205: checking whether gcc needs -traditional
configure:9266: checking for c++
configure:9298: checking whether the C++ compiler (c++  ) works
configure:9314: c++ -o conftest    conftest.C  1>&5
ld32: WARNING 84 : /usr/freeware/lib32/libstdc++.a is not used for resolving any symbol.
ld32: WARNING 84 : /usr/lib32/libm.so is not used for resolving any symbol.
configure:9340: checking whether the C++ compiler (c++  ) is a cross-compiler
configure:9345: checking whether we are using GNU C++
configure:9354: c++ -E conftest.C
configure:9373: checking whether c++ accepts -g
configure:9416: checking for ranlib
configure:9447: checking for ar
configure:9487: checking for a BSD compatible install
configure:9561: checking for strip
configure:9590: checking if make is GNU make
configure:9663: checking for bison
configure:9697: checking for flex
configure:9731: checking for yywrap in -lfl
configure:9750: gcc -o conftest    conftest.c -lfl   1>&5
ld32: FATAL   12 : Expecting n32 objects: /usr/freeware/lib/gcc-lib/mips-sgi-irix6.5/3.2.1/../../../libfl.a(libyywrap.o) is o32.
collect2: ld returned 4 exit status
configure: failed program was:
#line 9739 "configure"
#include "confdefs.h"
/* Override any gcc2 internal prototype to avoid an error.  */
/* We use char because int might match the return type of a gcc2
    builtin and then its argument prototype would still apply.  */
char yywrap();

int main() {
yywrap()
; return 0; }
configure:9774: checking whether ln -s works
configure:9851: checking for strings.h
configure:9861: gcc -E  conftest.c >/dev/null 2>conftest.out
configure:9893: checking for stdlib.h
configure:9903: gcc -E  conftest.c >/dev/null 2>conftest.out
configure:9933: checking for malloc.h
configure:9943: gcc -E  conftest.c >/dev/null 2>conftest.out
configure:9973: checking for unistd.h
configure:9983: gcc -E  conftest.c >/dev/null 2>conftest.out
configure:10013: checking for wchar.h
configure:10023: gcc -E  conftest.c >/dev/null 2>conftest.out
configure:10097: checking for fnmatch.h
configure:10107: gcc -E  conftest.c >/dev/null 2>conftest.out
configure:10138: checking for fnmatch
configure:10166: gcc -o conftest    conftest.c  1>&5
configure:10196: checking for langinfo.h
configure:10206: gcc -E  conftest.c >/dev/null 2>conftest.out
configure:10239: checking for X11/XKBlib.h
configure:10249: gcc -E  conftest.c >/dev/null 2>conftest.out
configure:10280: checking for working const
configure:10334: gcc -c   conftest.c 1>&5
configure:10355: checking for inline
configure:10369: gcc -c   conftest.c 1>&5
configure:10396: checking size of char
configure:10415: gcc -o conftest    conftest.c  1>&5
configure:10435: checking size of short
configure:10454: gcc -o conftest    conftest.c  1>&5
configure:10474: checking size of void *
configure:10493: gcc -o conftest    conftest.c  1>&5
configure:10513: checking size of int
configure:10532: gcc -o conftest    conftest.c  1>&5
configure:10552: checking size of long
configure:10571: gcc -o conftest    conftest.c  1>&5
configure:10679: checking size of long long
configure:10698: gcc -o conftest    conftest.c  1>&5
configure:10720: checking size of wchar_t
configure:10765: gcc -o conftest    conftest.c  1>&5
configure:10797: checking for _FILE_OFFSET_BITS value needed for large files
configure:10814: gcc -c   conftest.c 1>&5
configure:10885: checking if large file support is available
configure:10906: checking whether byte ordering is bigendian
configure:10924: gcc -c   -D_FILE_OFFSET_BITS=64 -D_LARGE_FILES conftest.c 1>&5
configure: In function `main':
configure:10919: `bogus' undeclared (first use in this function)
configure:10919: (Each undeclared identifier is reported only once
configure:10919: for each function it appears in.)
configure:10919: parse error before "endian"
configure: failed program was:
#line 10913 "configure"
#include "confdefs.h"
#include <sys/types.h>
#include <sys/param.h>
int main() {

#if !BYTE_ORDER || !BIG_ENDIAN || !LITTLE_ENDIAN
 bogus endian macros
#endif
; return 0; }
configure:10972: gcc -o conftest   -D_FILE_OFFSET_BITS=64 -D_LARGE_FILES  conftest.c  1>&5
configure: failed program was:
#line 10959 "configure"
#include "confdefs.h"
main () {
  /* Are we little or big endian?  From Harbison&Steele.  */
  union
  {
    long l;
    char c[sizeof (long)];
  } u;
  u.l = 1;
  exit (u.c[sizeof (long) - 1] == 1);
}
configure:11000: checking how to run the C++ preprocessor
configure:11018: c++ -E  -D_FILE_OFFSET_BITS=64 -D_LARGE_FILES conftest.C >/dev/null 2>conftest.out
configure:11062: checking for iostream
configure:11072: c++ -E  -D_FILE_OFFSET_BITS=64 -D_LARGE_FILES conftest.C >/dev/null 2>conftest.out
In file included from /usr/freeware/lib/gcc-lib/mips-sgi-irix6.5/3.2.1/include/c++/iosfwd:47,
                 from /usr/freeware/lib/gcc-lib/mips-sgi-irix6.5/3.2.1/include/c++/ios:44,
                 from /usr/freeware/lib/gcc-lib/mips-sgi-irix6.5/3.2.1/include/c++/ostream:45,
                 from /usr/freeware/lib/gcc-lib/mips-sgi-irix6.5/3.2.1/include/c++/iostream:45,
                 from configure:11068:
/usr/freeware/lib/gcc-lib/mips-sgi-irix6.5/3.2.1/include/c++/bits/functexcept.h:34:31: exception_defines.h: No such file or directory
In file included from /usr/freeware/lib/gcc-lib/mips-sgi-irix6.5/3.2.1/include/c++/ostream:45,
                 from /usr/freeware/lib/gcc-lib/mips-sgi-irix6.5/3.2.1/include/c++/iostream:45,
                 from configure:11068:
/usr/freeware/lib/gcc-lib/mips-sgi-irix6.5/3.2.1/include/c++/ios:45:57: exception: No such file or directory
In file included from /usr/freeware/lib/gcc-lib/mips-sgi-irix6.5/3.2.1/include/c++/bits/stl_algobase.h:69,
                 from /usr/freeware/lib/gcc-lib/mips-sgi-irix6.5/3.2.1/include/c++/memory:54,
                 from /usr/freeware/lib/gcc-lib/mips-sgi-irix6.5/3.2.1/include/c++/string:48,
                 from /usr/freeware/lib/gcc-lib/mips-sgi-irix6.5/3.2.1/include/c++/bits/localefwd.h:49,
                 from /usr/freeware/lib/gcc-lib/mips-sgi-irix6.5/3.2.1/include/c++/ios:48,
                 from /usr/freeware/lib/gcc-lib/mips-sgi-irix6.5/3.2.1/include/c++/ostream:45,
                 from /usr/freeware/lib/gcc-lib/mips-sgi-irix6.5/3.2.1/include/c++/iostream:45,
                 from configure:11068:
/usr/freeware/lib/gcc-lib/mips-sgi-irix6.5/3.2.1/include/c++/new:42:21: exception: No such file or directory
In file included from /usr/freeware/lib/gcc-lib/mips-sgi-irix6.5/3.2.1/include/c++/bits/stl_alloc.h:85,
                 from /usr/freeware/lib/gcc-lib/mips-sgi-irix6.5/3.2.1/include/c++/memory:55,
                 from /usr/freeware/lib/gcc-lib/mips-sgi-irix6.5/3.2.1/include/c++/string:48,
                 from /usr/freeware/lib/gcc-lib/mips-sgi-irix6.5/3.2.1/include/c++/bits/localefwd.h:49,
                 from /usr/freeware/lib/gcc-lib/mips-sgi-irix6.5/3.2.1/include/c++/ios:48,
                 from /usr/freeware/lib/gcc-lib/mips-sgi-irix6.5/3.2.1/include/c++/ostream:45,
                 from /usr/freeware/lib/gcc-lib/mips-sgi-irix6.5/3.2.1/include/c++/iostream:45,
                 from configure:11068:
/usr/freeware/lib/gcc-lib/mips-sgi-irix6.5/3.2.1/include/c++/bits/functexcept.h:34:31: exception_defines.h: No such file or directory
In file included from /usr/freeware/lib/gcc-lib/mips-sgi-irix6.5/3.2.1/include/c++/bits/localefwd.h:50,
                 from /usr/freeware/lib/gcc-lib/mips-sgi-irix6.5/3.2.1/include/c++/ios:48,
                 from /usr/freeware/lib/gcc-lib/mips-sgi-irix6.5/3.2.1/include/c++/ostream:45,
                 from /usr/freeware/lib/gcc-lib/mips-sgi-irix6.5/3.2.1/include/c++/iostream:45,
                 from configure:11068:
/usr/freeware/lib/gcc-lib/mips-sgi-irix6.5/3.2.1/include/c++/bits/functexcept.h:34:31: exception_defines.h: No such file or directory
In file included from /usr/freeware/lib/gcc-lib/mips-sgi-irix6.5/3.2.1/include/c++/bits/locale_facets.tcc:45,
                 from /usr/freeware/lib/gcc-lib/mips-sgi-irix6.5/3.2.1/include/c++/locale:46,
                 from /usr/freeware/lib/gcc-lib/mips-sgi-irix6.5/3.2.1/include/c++/bits/ostream.tcc:37,
                 from /usr/freeware/lib/gcc-lib/mips-sgi-irix6.5/3.2.1/include/c++/ostream:275,
                 from /usr/freeware/lib/gcc-lib/mips-sgi-irix6.5/3.2.1/include/c++/iostream:45,
                 from configure:11068:
/usr/freeware/lib/gcc-lib/mips-sgi-irix6.5/3.2.1/include/c++/typeinfo:38:21: exception: No such file or directory
configure: failed program was:
#line 11067 "configure"
#include "confdefs.h"
#include <iostream>
configure:11120: checking if C++ compiler supports bool
configure:11147: c++ -c   -D_FILE_OFFSET_BITS=64 -D_LARGE_FILES conftest.C 1>&5
configure:11185: checking if C++ compiler supports the explicit keyword
configure:11211: c++ -c   -D_FILE_OFFSET_BITS=64 -D_LARGE_FILES conftest.C 1>&5
configure:11228: c++ -c   -D_FILE_OFFSET_BITS=64 -D_LARGE_FILES conftest.C 1>&5
configure: In function `int main()':
configure:11222: could not convert `17' to `const Foo&'
configure:11218: in passing argument 1 of `void TakeFoo(const Foo&)'
configure: failed program was:
#line 11215 "configure"
#include "confdefs.h"

                class Foo { public: explicit Foo(int) {} };
                static void TakeFoo(const Foo& foo) { }
            
int main() {

                TakeFoo(17);
                return 0;
            
; return 0; }
configure:11453: checking for regex.h
configure:11463: gcc -E  -D_FILE_OFFSET_BITS=64 -D_LARGE_FILES conftest.c >/dev/null 2>conftest.out
configure:11482: checking for regcomp
configure:11510: gcc -o conftest   -D_FILE_OFFSET_BITS=64 -D_LARGE_FILES  conftest.c  1>&5
configure:11570: checking for zlib.h >= 1.1.4
configure:11632: gcc -o conftest   -D_FILE_OFFSET_BITS=64 -D_LARGE_FILES  conftest.c  1>&5
configure:11654: checking for deflate in -lz
configure:11673: gcc -o conftest   -D_FILE_OFFSET_BITS=64 -D_LARGE_FILES  conftest.c -lz   1>&5
configure:11734: checking for png.h > 0.90
configure:11791: gcc -o conftest   -D_FILE_OFFSET_BITS=64 -D_LARGE_FILES  conftest.c  1>&5
configure:11810: checking for png_check_sig in -lpng
configure:11829: gcc -o conftest   -D_FILE_OFFSET_BITS=64 -D_LARGE_FILES  conftest.c -lpng -lz -lm  1>&5
ld32: WARNING 127: Two shared objects with the same soname, /usr/lib32/mips3/libm.so and /usr/lib32/libm.so, have been been linked. This is probably due to a missing -L specification. Ignoring the latter.
configure:11888: checking for jpeglib.h
configure:11905: gcc -c   -D_FILE_OFFSET_BITS=64 -D_LARGE_FILES conftest.c 1>&5
configure:11923: checking for jpeg_read_header in -ljpeg
configure:11942: gcc -o conftest   -D_FILE_OFFSET_BITS=64 -D_LARGE_FILES  conftest.c -ljpeg   1>&5
configure:12001: checking for tiffio.h
configure:12011: gcc -E  -D_FILE_OFFSET_BITS=64 -D_LARGE_FILES conftest.c >/dev/null 2>conftest.out
configure:12028: checking for TIFFError in -ltiff
configure:12047: gcc -o conftest   -D_FILE_OFFSET_BITS=64 -D_LARGE_FILES  conftest.c -ltiff -lm  -ljpeg  -lz  1>&5
configure:12268: checking for GTK+ version
configure:12593: checking for gtk-config
configure:12628: checking for GTK - version >= 1.2.7
configure:12729: gcc -o conftest  -I/usr/freeware/include/gtk-1.2 -I/usr/freeware/include/glib-1.2 -I/usr/freeware/lib32/glib/include -D_REENTRANT  -D_FILE_OFFSET_BITS=64 -D_LARGE_FILES  conftest.c -L/usr/freeware/lib32 -lgtk -lgdk -lgmodule -lgthread -lglib -lpthread -lintl -lXi -lXext -lX11 -lm  1>&5
ld32: WARNING 84 : /usr/freeware/lib32/libgthread.so is not used for resolving any symbol.
ld32: WARNING 127: Two shared objects with the same soname, /usr/lib32/mips3/libm.so and /usr/lib32/libm.so, have been been linked. This is probably due to a missing -L specification. Ignoring the latter.
ld32: WARNING 127: Two shared objects with the same soname, /usr/lib32/mips3/libm.so and /usr/lib32/libm.so, have been been linked. This is probably due to a missing -L specification. Ignoring the latter.
configure:13227: checking for poll
configure:13255: gcc -o conftest   -D_FILE_OFFSET_BITS=64 -D_LARGE_FILES  conftest.c  1>&5
configure:13289: checking for gdk_im_open in -lgdk
configure:13308: gcc -o conftest   -D_FILE_OFFSET_BITS=64 -D_LARGE_FILES  conftest.c -lgdk   1>&5
configure:15965: checking if the linker accepts --version-script
configure:15975:  c++ -o conftest.output   -D_FILE_OFFSET_BITS=64 -D_LARGE_FILES  conftest.cpp -Wl,--version-script,conftest.sym >/dev/null 2>conftest.stderr
configure:16270: checking for ANSI C header files
configure:16283: gcc -E  -D_FILE_OFFSET_BITS=64 -D_LARGE_FILES conftest.c >/dev/null 2>conftest.out
configure:16350: gcc -o conftest   -D_FILE_OFFSET_BITS=64 -D_LARGE_FILES  conftest.c  1>&5
configure:16374: checking for mode_t
configure:16407: checking for off_t
configure:16440: checking for pid_t
configure:16473: checking for size_t
configure:16506: checking for uid_t in sys/types.h
configure:16549: checking if size_t is unsigned int
configure:16567: c++ -c   -D_FILE_OFFSET_BITS=64 -D_LARGE_FILES conftest.C 1>&5
configure:16560: `void Foo::foo(unsigned int)' and `void Foo::foo(unsigned int)
   ' cannot be overloaded
configure: failed program was:
#line 16554 "configure"
#include "confdefs.h"
#include <stddef.h>
int main() {

            return 0; }

            struct Foo { void foo(size_t); void foo(unsigned int); };

            int bar() {
        
; return 0; }
configure:16642: checking for pw_gecos in struct passwd
configure:16659: gcc -c   -D_FILE_OFFSET_BITS=64 -D_LARGE_FILES conftest.c 1>&5
configure:16699: checking for wcslen
configure:16727: gcc -o conftest   -D_FILE_OFFSET_BITS=64 -D_LARGE_FILES  conftest.c  1>&5
configure:16851: checking for wcsrtombs
configure:16879: gcc -o conftest   -D_FILE_OFFSET_BITS=64 -D_LARGE_FILES  conftest.c  1>&5
configure:16919: checking for vsnprintf
configure:16950: c++ -o conftest   -D_FILE_OFFSET_BITS=64 -D_LARGE_FILES  conftest.C  1>&5
ld32: WARNING 84 : /usr/lib32/libm.so is not used for resolving any symbol.
configure:17096: checking for iconv
configure:17114: c++ -o conftest   -D_FILE_OFFSET_BITS=64 -D_LARGE_FILES  conftest.C  1>&5
ld32: WARNING 84 : /usr/lib32/libm.so is not used for resolving any symbol.
ld32: ERROR   33 : Unresolved text symbol "libiconv_open" -- 1st referenced by /var/tmp//cciwJrga.o.
	Use linker option -v to see when and which objects, archives and dsos are loaded.  
ld32: ERROR   33 : Unresolved text symbol "libiconv" -- 1st referenced by /var/tmp//cciwJrga.o.
	Use linker option -v to see when and which objects, archives and dsos are loaded.  
ld32: ERROR   33 : Unresolved text symbol "libiconv_close" -- 1st referenced by /var/tmp//cciwJrga.o.
	Use linker option -v to see when and which objects, archives and dsos are loaded.  
ld32: INFO    152: Output file removed because of error.
collect2: ld returned 2 exit status
configure: failed program was:
#line 17104 "configure"
#include "confdefs.h"
#include <stdlib.h>
#include <iconv.h>
int main() {
iconv_t cd = iconv_open("","");
       iconv(cd,NULL,NULL,NULL,NULL);
       iconv_close(cd);
; return 0; }
configure:17136: c++ -o conftest   -D_FILE_OFFSET_BITS=64 -D_LARGE_FILES  conftest.C  -liconv 1>&5
ld32: WARNING 84 : /usr/lib32/libm.so is not used for resolving any symbol.
configure:17157: checking if iconv needs const
configure:17181: c++ -c   -D_FILE_OFFSET_BITS=64 -D_LARGE_FILES conftest.C 1>&5
configure:17226: checking for sigaction
configure:17254: gcc -o conftest   -D_FILE_OFFSET_BITS=64 -D_LARGE_FILES  conftest.c -liconv  1>&5
configure:17295: checking for sa_handler type
configure:17313: c++ -c   -D_FILE_OFFSET_BITS=64 -D_LARGE_FILES conftest.C 1>&5
configure:17350: checking for mkstemp
configure:17378: gcc -o conftest   -D_FILE_OFFSET_BITS=64 -D_LARGE_FILES  conftest.c -liconv  1>&5
configure:17404: checking for statfs
configure:17430: gcc -c   -D_FILE_OFFSET_BITS=64 -D_LARGE_FILES conftest.c 1>&5
configure: In function `main':
configure:17421: storage size of `fs' isn't known
configure: failed program was:
#line 17409 "configure"
#include "confdefs.h"

             #if defined(__BSD__)
               #include <sys/param.h>
               #include <sys/mount.h>
             #else
               #include <sys/vfs.h>
             #endif
        
int main() {

             long l;
             struct statfs fs;
             statfs("/", &fs);
             l = fs.f_bsize;
             l += fs.f_blocks;
             l += fs.f_bavail;
        
; return 0; }
configure:17457: checking for statvfs
configure:17478: gcc -c   -D_FILE_OFFSET_BITS=64 -D_LARGE_FILES conftest.c 1>&5
configure:17512: checking for fcntl
configure:17540: gcc -o conftest   -D_FILE_OFFSET_BITS=64 -D_LARGE_FILES  conftest.c -liconv  1>&5
configure:17574: checking for timegm
configure:17602: gcc -o conftest   -D_FILE_OFFSET_BITS=64 -D_LARGE_FILES  conftest.c -liconv  1>&5
ld32: ERROR   33 : Unresolved text symbol "timegm" -- 1st referenced by /var/tmp//ccuy8G7d.o.
	Use linker option -v to see when and which objects, archives and dsos are loaded.  
ld32: INFO    152: Output file removed because of error.
collect2: ld returned 2 exit status
configure: failed program was:
#line 17579 "configure"
#include "confdefs.h"
/* System header to define __stub macros and hopefully few prototypes,
    which can conflict with char timegm(); below.  */
#include <assert.h>
/* Override any gcc2 internal prototype to avoid an error.  */
/* We use char because int might match the return type of a gcc2
    builtin and then its argument prototype would still apply.  */
char timegm();

int main() {

/* The GNU C library defines this for functions which it implements
    to always fail with ENOSYS.  Some functions are actually named
    something starting with __ and the normal name is an alias.  */
#if defined (__stub_timegm) || defined (__stub___timegm)
choke me
#else
timegm();
#endif

; return 0; }
configure:17630: checking for putenv
configure:17658: gcc -o conftest   -D_FILE_OFFSET_BITS=64 -D_LARGE_FILES  conftest.c -liconv  1>&5
configure:17705: checking for nanosleep
configure:17733: gcc -o conftest   -D_FILE_OFFSET_BITS=64 -D_LARGE_FILES  conftest.c -liconv  1>&5
configure:17876: checking for uname
configure:17904: gcc -o conftest   -D_FILE_OFFSET_BITS=64 -D_LARGE_FILES  conftest.c -liconv  1>&5
configure:17941: checking for strtok_r
configure:17972: c++ -o conftest   -D_FILE_OFFSET_BITS=64 -D_LARGE_FILES  conftest.C -liconv  1>&5
ld32: WARNING 84 : /usr/lib32/libm.so is not used for resolving any symbol.
configure:18009: checking for inet_addr
configure:18037: gcc -o conftest   -D_FILE_OFFSET_BITS=64 -D_LARGE_FILES  conftest.c -liconv  1>&5
configure:18193: checking for inet_aton
configure:18221: gcc -o conftest   -D_FILE_OFFSET_BITS=64 -D_LARGE_FILES  conftest.c -liconv  1>&5
configure:18405: checking whether pthreads work with -pthread
configure:18429: gcc -o conftest -pthread   -D_FILE_OFFSET_BITS=64 -D_LARGE_FILES  conftest.c  -liconv  1>&5
gcc: unrecognized option `-pthread'
configure:18458: checking if more special flags are required for pthreads
configure:18491: checking for thr_setconcurrency
configure:18519: gcc -o conftest  -pthread  -D_FILE_OFFSET_BITS=64 -D_LARGE_FILES -pthread  conftest.c  -liconv  1>&5
gcc: unrecognized option `-pthread'
gcc: unrecognized option `-pthread'
ld32: ERROR   33 : Unresolved text symbol "thr_setconcurrency" -- 1st referenced by /var/tmp//cceV7sse.o.
	Use linker option -v to see when and which objects, archives and dsos are loaded.  
ld32: INFO    152: Output file removed because of error.
collect2: ld returned 2 exit status
configure: failed program was:
#line 18496 "configure"
#include "confdefs.h"
/* System header to define __stub macros and hopefully few prototypes,
    which can conflict with char thr_setconcurrency(); below.  */
#include <assert.h>
/* Override any gcc2 internal prototype to avoid an error.  */
/* We use char because int might match the return type of a gcc2
    builtin and then its argument prototype would still apply.  */
char thr_setconcurrency();

int main() {

/* The GNU C library defines this for functions which it implements
    to always fail with ENOSYS.  Some functions are actually named
    something starting with __ and the normal name is an alias.  */
#if defined (__stub_thr_setconcurrency) || defined (__stub___thr_setconcurrency)
choke me
#else
thr_setconcurrency();
#endif

; return 0; }
configure:18548: checking for sched.h
configure:18558: gcc -E  -D_FILE_OFFSET_BITS=64 -D_LARGE_FILES conftest.c >/dev/null 2>conftest.out
configure:18586: checking for sched_yield
configure:18614: gcc -o conftest  -pthread  -D_FILE_OFFSET_BITS=64 -D_LARGE_FILES -pthread  conftest.c  -liconv  1>&5
gcc: unrecognized option `-pthread'
gcc: unrecognized option `-pthread'
configure:18688: checking for pthread_attr_getschedpolicy
configure:18716: gcc -o conftest  -pthread  -D_FILE_OFFSET_BITS=64 -D_LARGE_FILES -pthread  conftest.c  -liconv  1>&5
gcc: unrecognized option `-pthread'
gcc: unrecognized option `-pthread'
ld32: ERROR   33 : Unresolved text symbol "pthread_attr_getschedpolicy" -- 1st referenced by /var/tmp//ccLY5Qdc.o.
	Use linker option -v to see when and which objects, archives and dsos are loaded.  
ld32: INFO    152: Output file removed because of error.
collect2: ld returned 2 exit status
configure: failed program was:
#line 18693 "configure"
#include "confdefs.h"
/* System header to define __stub macros and hopefully few prototypes,
    which can conflict with char pthread_attr_getschedpolicy(); below.  */
#include <assert.h>
/* Override any gcc2 internal prototype to avoid an error.  */
/* We use char because int might match the return type of a gcc2
    builtin and then its argument prototype would still apply.  */
char pthread_attr_getschedpolicy();

int main() {

/* The GNU C library defines this for functions which it implements
    to always fail with ENOSYS.  Some functions are actually named
    something starting with __ and the normal name is an alias.  */
#if defined (__stub_pthread_attr_getschedpolicy) || defined (__stub___pthread_attr_getschedpolicy)
choke me
#else
pthread_attr_getschedpolicy();
#endif

; return 0; }
configure:18886: checking for pthread_cancel
configure:18914: gcc -o conftest  -pthread  -D_FILE_OFFSET_BITS=64 -D_LARGE_FILES -pthread  conftest.c  -liconv  1>&5
gcc: unrecognized option `-pthread'
gcc: unrecognized option `-pthread'
ld32: ERROR   33 : Unresolved text symbol "pthread_cancel" -- 1st referenced by /var/tmp//ccEBwmbe.o.
	Use linker option -v to see when and which objects, archives and dsos are loaded.  
ld32: INFO    152: Output file removed because of error.
collect2: ld returned 2 exit status
configure: failed program was:
#line 18891 "configure"
#include "confdefs.h"
/* System header to define __stub macros and hopefully few prototypes,
    which can conflict with char pthread_cancel(); below.  */
#include <assert.h>
/* Override any gcc2 internal prototype to avoid an error.  */
/* We use char because int might match the return type of a gcc2
    builtin and then its argument prototype would still apply.  */
char pthread_cancel();

int main() {

/* The GNU C library defines this for functions which it implements
    to always fail with ENOSYS.  Some functions are actually named
    something starting with __ and the normal name is an alias.  */
#if defined (__stub_pthread_cancel) || defined (__stub___pthread_cancel)
choke me
#else
pthread_cancel();
#endif

; return 0; }
configure:18939: checking for pthread_cleanup_push/pop
configure:18955: gcc -c  -pthread  -D_FILE_OFFSET_BITS=64 -D_LARGE_FILES conftest.c 1>&5
gcc: unrecognized option `-pthread'
configure:18983: checking for pthread_mutexattr_t
configure:18999: gcc -c  -pthread  -D_FILE_OFFSET_BITS=64 -D_LARGE_FILES conftest.c 1>&5
gcc: unrecognized option `-pthread'
configure:19518: checking for strptime
configure:19546: gcc -o conftest  -pthread  -D_FILE_OFFSET_BITS=64 -D_LARGE_FILES -pthread  conftest.c  -liconv  1>&5
gcc: unrecognized option `-pthread'
gcc: unrecognized option `-pthread'
configure:19572: checking for timezone variable in <time.h>
configure:19590: gcc -c  -pthread  -D_FILE_OFFSET_BITS=64 -D_LARGE_FILES conftest.c 1>&5
gcc: unrecognized option `-pthread'
configure:19677: checking for localtime
configure:19705: gcc -o conftest  -pthread  -D_FILE_OFFSET_BITS=64 -D_LARGE_FILES -pthread  conftest.c  -liconv  1>&5
gcc: unrecognized option `-pthread'
gcc: unrecognized option `-pthread'
configure:19732: checking for tm_gmtoff in struct tm
configure:19750: gcc -c  -pthread  -D_FILE_OFFSET_BITS=64 -D_LARGE_FILES conftest.c 1>&5
gcc: unrecognized option `-pthread'
configure: In function `main':
configure:19745: structure has no member named `tm_gmtoff'
configure: failed program was:
#line 19738 "configure"
#include "confdefs.h"

                    #include <time.h>
                
int main() {

                    struct tm tm;
                    tm.tm_gmtoff++;
                
; return 0; }
configure:19779: checking for gettimeofday
configure:19807: gcc -o conftest  -pthread  -D_FILE_OFFSET_BITS=64 -D_LARGE_FILES -pthread  conftest.c  -liconv  1>&5
gcc: unrecognized option `-pthread'
gcc: unrecognized option `-pthread'
configure:19834: checking whether gettimeofday takes two arguments
configure:19862: c++ -c  -pthread  -D_FILE_OFFSET_BITS=64 -D_LARGE_FILES conftest.C 1>&5
c++: unrecognized option `-pthread'
configure:19938: checking for socket
configure:19966: gcc -o conftest  -pthread  -D_FILE_OFFSET_BITS=64 -D_LARGE_FILES -pthread  conftest.c  -liconv  1>&5
gcc: unrecognized option `-pthread'
gcc: unrecognized option `-pthread'
configure:20039: checking what is the type of the third argument of getsockname
configure:20067: c++ -c  -pthread  -D_FILE_OFFSET_BITS=64 -D_LARGE_FILES conftest.C 1>&5
c++: unrecognized option `-pthread'
configure:20181: checking for linux/joystick.h
configure:20191: gcc -E  -D_FILE_OFFSET_BITS=64 -D_LARGE_FILES conftest.c >/dev/null 2>conftest.out
configure:20187:28: linux/joystick.h: No such file or directory
configure: failed program was:
#line 20186 "configure"
#include "confdefs.h"
#include <linux/joystick.h>
configure:20245: checking for dlopen
configure:20273: gcc -o conftest  -pthread  -D_FILE_OFFSET_BITS=64 -D_LARGE_FILES -pthread  conftest.c  -liconv  1>&5
gcc: unrecognized option `-pthread'
gcc: unrecognized option `-pthread'
configure:20463: checking for dlerror
configure:20491: gcc -o conftest  -pthread  -D_FILE_OFFSET_BITS=64 -D_LARGE_FILES -pthread  conftest.c  -liconv  1>&5
gcc: unrecognized option `-pthread'
gcc: unrecognized option `-pthread'
configure:21837: checking for cos
configure:21865: gcc -o conftest  -pthread  -D_FILE_OFFSET_BITS=64 -D_LARGE_FILES -pthread  conftest.c  -lz      -liconv  1>&5
gcc: unrecognized option `-pthread'
gcc: unrecognized option `-pthread'
configure:21849: warning: conflicting types for built-in function `cos'
ld32: WARNING 84 : /usr/freeware/lib32/libz.so is not used for resolving any symbol.
ld32: ERROR   33 : Unresolved text symbol "cos" -- 1st referenced by /var/tmp//ccIqPP6a.o.
	Use linker option -v to see when and which objects, archives and dsos are loaded.  
ld32: INFO    152: Output file removed because of error.
collect2: ld returned 2 exit status
configure: failed program was:
#line 21842 "configure"
#include "confdefs.h"
/* System header to define __stub macros and hopefully few prototypes,
    which can conflict with char cos(); below.  */
#include <assert.h>
/* Override any gcc2 internal prototype to avoid an error.  */
/* We use char because int might match the return type of a gcc2
    builtin and then its argument prototype would still apply.  */
char cos();

int main() {

/* The GNU C library defines this for functions which it implements
    to always fail with ENOSYS.  Some functions are actually named
    something starting with __ and the normal name is an alias.  */
#if defined (__stub_cos) || defined (__stub___cos)
choke me
#else
cos();
#endif

; return 0; }
configure:21892: checking for floor
configure:21920: gcc -o conftest  -pthread  -D_FILE_OFFSET_BITS=64 -D_LARGE_FILES -pthread  conftest.c  -lz      -liconv  1>&5
gcc: unrecognized option `-pthread'
gcc: unrecognized option `-pthread'
ld32: WARNING 84 : /usr/freeware/lib32/libz.so is not used for resolving any symbol.
ld32: ERROR   33 : Unresolved text symbol "floor" -- 1st referenced by /var/tmp//ccy12bQc.o.
	Use linker option -v to see when and which objects, archives and dsos are loaded.  
ld32: INFO    152: Output file removed because of error.
collect2: ld returned 2 exit status
configure: failed program was:
#line 21897 "configure"
#include "confdefs.h"
/* System header to define __stub macros and hopefully few prototypes,
    which can conflict with char floor(); below.  */
#include <assert.h>
/* Override any gcc2 internal prototype to avoid an error.  */
/* We use char because int might match the return type of a gcc2
    builtin and then its argument prototype would still apply.  */
char floor();

int main() {

/* The GNU C library defines this for functions which it implements
    to always fail with ENOSYS.  Some functions are actually named
    something starting with __ and the normal name is an alias.  */
#if defined (__stub_floor) || defined (__stub___floor)
choke me
#else
floor();
#endif

; return 0; }
configure:21945: checking if floating point functions link without -lm
configure:21957: checking for sin
configure:21985: gcc -o conftest  -pthread  -D_FILE_OFFSET_BITS=64 -D_LARGE_FILES -pthread  conftest.c  -lz      -liconv  -lm 1>&5
gcc: unrecognized option `-pthread'
gcc: unrecognized option `-pthread'
configure:21969: warning: conflicting types for built-in function `sin'
ld32: WARNING 84 : /usr/freeware/lib32/libz.so is not used for resolving any symbol.
configure:22012: checking for ceil
configure:22040: gcc -o conftest  -pthread  -D_FILE_OFFSET_BITS=64 -D_LARGE_FILES -pthread  conftest.c  -lz      -liconv  -lm 1>&5
gcc: unrecognized option `-pthread'
gcc: unrecognized option `-pthread'
ld32: WARNING 84 : /usr/freeware/lib32/libz.so is not used for resolving any symbol.
configure:22065: checking if floating point functions link with -lm
configure:22218: checking whether gmake sets ${MAKE}

 	  	 
