creating cache ./config.cache
checking host system type... mips-sgi-irix6.5
checking target system type... mips-sgi-irix6.5
checking build system type... mips-sgi-irix6.5
loading argument cache configarg.cache
checking for --enable-gui... yes
checking for --enable-universal... no
checking for --enable-nanox... no
checking for --enable-gtk2... no
checking for --with-libpng... yes
checking for --with-libjpeg... yes
checking for --with-libtiff... yes
checking for --with-opengl... no
checking for --with-dmalloc... no
checking for --with-regex... yes
checking for --with-zlib... yes
checking for --with-odbc... no
checking for --enable-shared... yes
checking for --enable-soname... no
checking for --enable-optimise... yes
checking for --enable-debug... no
checking for --enable-precomp... no
checking for --enable-debug_flag... no
checking for --enable-debug_info... no
checking for --enable-debug_gdb... no
checking for --enable-debug_cntxt... no
checking for --enable-mem_tracing... no
checking for --enable-profile... no
checking for --enable-no_rtti... no
checking for --enable-no_exceptions... no
checking for --enable-permissive... no
checking for --enable-no_deps... no
checking for --enable-compat20... no
checking for --disable-compat22... no
checking for --enable-intl... yes
checking for --enable-config... yes
checking for --enable-protocols... yes
checking for --enable-ftp... yes
checking for --enable-http... yes
checking for --enable-fileproto... yes
checking for --enable-sockets... yes
checking for --enable-ole... yes
checking for --enable-dataobj... yes
checking for --enable-ipc... yes
checking for --enable-cmdline... yes
checking for --enable-datetime... yes
checking for --enable-timedate... no
checking for --enable-stopwatch... yes
checking for --enable-dialupman... yes
checking for --enable-apple_ieee... yes
checking for --enable-timer... yes
checking for --enable-wave... no
checking for --enable-fraction... no
checking for --enable-dynlib... yes
checking for --enable-dynamicloader... yes
checking for --enable-longlong... yes
checking for --enable-geometry... yes
checking for --enable-log... yes
checking for --enable-streams... yes
checking for --enable-file... yes
checking for --enable-ffile... yes
checking for --enable-textbuf... yes
checking for --enable-textfile... yes
checking for --enable-fontmap... yes
checking for --enable-unicode... no
checking for --enable-mslu... yes
checking for --enable-wxprintfv... no
checking for --enable-std_iostreams... no
checking for --enable-filesystem... yes
checking for --enable-fs_inet... yes
checking for --enable-fs_zip... yes
checking for --enable-zipstream... yes
checking for --enable-catch_segvs... yes
checking for --enable-snglinst... yes
checking for --enable-mimetype... yes
checking for --enable-system_options... yes
checking for --enable-url... yes
checking for --enable-protocol... yes
checking for --enable-protocol_http... yes
checking for --enable-protocol_ftp... yes
checking for --enable-protocol_file... yes
checking for --enable-threads... yes
checking for --enable-docview... yes
checking for --enable-help... yes
checking for --enable-mshtmlhelp... yes
checking for --enable-html... yes
checking for --enable-htmlhelp... yes
checking for --enable-constraints... yes
checking for --enable-printarch... yes
checking for --enable-mdi... yes
checking for --enable-loggui... yes
checking for --enable-logwin... yes
checking for --enable-logdialog... yes
checking for --enable-postscript... yes
checking for --enable-prologio... no
checking for --enable-resources... no
checking for --enable-xresources... no
checking for --enable-clipboard... yes
checking for --enable-dnd... yes
checking for --enable-metafile... yes
checking for --enable-treelayout... yes
checking for --enable-controls... no
checking for --enable-accel... yes
checking for --enable-button... yes
checking for --enable-bmpbutton... yes
checking for --enable-calendar... yes
checking for --enable-caret... yes
checking for --enable-checkbox... yes
checking for --enable-checklst... yes
checking for --enable-choice... yes
checking for --enable-combobox... yes
checking for --enable-gauge... yes
checking for --enable-grid... yes
checking for --enable-newgrid... yes
checking for --enable-imaglist... yes
checking for --enable-listbox... yes
checking for --enable-listctrl... yes
checking for --enable-notebook... yes
checking for --enable-propsheet... yes
checking for --enable-radiobox... yes
checking for --enable-radiobtn... yes
checking for --enable-sash... yes
checking for --enable-scrollbar... yes
checking for --enable-slider... yes
checking for --enable-spinbtn... yes
checking for --enable-spinctrl... yes
checking for --enable-splitter... yes
checking for --enable-statbmp... yes
checking for --enable-statbox... yes
checking for --enable-statline... yes
checking for --enable-stattext... yes
checking for --enable-statusbar... yes
checking for --enable-tabdialog... no
checking for --enable-textctrl... yes
checking for --enable-togglebtn... yes
checking for --enable-toolbar... yes
checking for --enable-tbarnative... yes
checking for --enable-tbarsmpl... yes
checking for --enable-treectrl... yes
checking for --enable-tipwindow... yes
checking for --enable-popupwin... yes
checking for --enable-commondlg... yes
checking for --enable-choicedlg... yes
checking for --enable-coldlg... yes
checking for --enable-filedlg... yes
checking for --enable-finddlg... yes
checking for --enable-fontdlg... yes
checking for --enable-dirdlg... yes
checking for --enable-msgdlg... yes
checking for --enable-numberdlg... yes
checking for --enable-splash... yes
checking for --enable-textdlg... yes
checking for --enable-tipdlg... yes
checking for --enable-progressdlg... yes
checking for --enable-wizarddlg... yes
checking for --enable-menus... yes
checking for --enable-miniframe... yes
checking for --enable-tooltips... yes
checking for --enable-splines... yes
checking for --enable-validators... yes
checking for --enable-busyinfo... yes
checking for --enable-joystick... yes
checking for --enable-metafile... yes
checking for --enable-dragimage... yes
checking for --enable-palette... yes
checking for --enable-image... yes
checking for --enable-gif... yes
checking for --enable-pcx... yes
checking for --enable-iff... no
checking for --enable-pnm... yes
checking for --enable-xpm... yes
checking for --enable-ico_cur... yes
saving argument cache configarg.cache
checking for toolkit... gtk
updating cache ./config.cache
checking for gcc... gcc
checking whether the C compiler (gcc  ) works... yes
checking whether the C compiler (gcc  ) is a cross-compiler... no
checking whether we are using GNU C... yes
checking whether gcc accepts -g... yes
checking how to run the C preprocessor... gcc -E
checking whether gcc needs -traditional... no
checking for c++... c++
checking whether the C++ compiler (c++  ) works... yes
checking whether the C++ compiler (c++  ) is a cross-compiler... no
checking whether we are using GNU C++... yes
checking whether c++ accepts -g... yes
checking for ranlib... ranlib
checking for ar... ar
checking for a BSD compatible install... /usr/freeware/bin/install -c
checking for strip... strip
checking if make is GNU make... yes
checking for bison... bison -y
checking for flex... flex
checking for yywrap in -lfl... no
checking whether ln -s works... yes
checking for strings.h... yes
checking for stdlib.h... yes
checking for malloc.h... yes
checking for unistd.h... yes
checking for wchar.h... yes
checking for fnmatch.h... yes
checking for fnmatch... yes
checking for langinfo.h... yes
checking for X11/XKBlib.h... yes
checking for working const... yes
checking for inline... inline
checking size of char... 1
checking size of short... 2
checking size of void *... 4
checking size of int... 4
checking size of long... 4
checking size of long long... 8
checking size of wchar_t... 4
checking for _FILE_OFFSET_BITS value needed for large files... 64
checking if large file support is available... yes
checking whether byte ordering is bigendian... yes
checking how to run the C++ preprocessor... c++ -E
checking for iostream... no
checking if C++ compiler supports bool... yes
checking if C++ compiler supports the explicit keyword... yes
updating cache ./config.cache
checking for regex.h... yes
checking for regcomp... yes
checking for zlib.h >= 1.1.4... yes
checking for deflate in -lz... yes
checking for png.h > 0.90... yes
checking for png_check_sig in -lpng... yes
checking for jpeglib.h... yes
checking for jpeg_read_header in -ljpeg... yes
checking for tiffio.h... yes
checking for TIFFError in -ltiff... yes
checking for GTK+ version... 
checking for gtk-config... /usr/freeware/bin/gtk-config
checking for GTK - version >= 1.2.7... yes
checking for poll... yes
checking for gdk_im_open in -lgdk... yes
checking if the linker accepts --version-script... no
checking for ANSI C header files... yes
checking for mode_t... yes
checking for off_t... yes
checking for pid_t... yes
checking for size_t... yes
checking for uid_t in sys/types.h... yes
checking if size_t is unsigned int... yes
checking for pw_gecos in struct passwd... yes
checking for wcslen... yes
checking for wcsrtombs... yes
checking for vsnprintf... yes
checking for iconv... yes
checking if iconv needs const... no
checking for sigaction... yes
checking for sa_handler type... int
checking for mkstemp... yes
checking for statfs... no
checking for statvfs... yes
checking for fcntl... yes
checking for timegm... no
checking for putenv... yes
checking for nanosleep... yes
checking for uname... yes
checking for strtok_r... yes
checking for inet_addr... yes
checking for inet_aton... yes
updating cache ./config.cache
checking whether pthreads work with -pthread... yes
checking if more special flags are required for pthreads... no
checking for thr_setconcurrency... no
checking for sched.h... yes
checking for sched_yield... yes
checking for pthread_attr_getschedpolicy... configure: warning: Setting thread priority will not work
checking for pthread_cancel... no
configure: warning: wxThread::Kill() will not work properly
checking for pthread_cleanup_push/pop... yes
checking for pthread_mutexattr_t... yes
checking for strptime... yes
checking for timezone variable in <time.h>... timezone
checking for localtime... yes
checking for tm_gmtoff in struct tm... no
checking for gettimeofday... yes
checking whether gettimeofday takes two arguments... yes
checking for socket... yes
checking what is the type of the third argument of getsockname... socklen_t
checking for linux/joystick.h... no
configure: warning: Joystick not supported by this system... disabled
checking for dlopen... yes
checking for dlerror... yes
checking for cos... no
checking for floor... no
checking if floating point functions link without -lm... no
checking for sin... yes
checking for ceil... yes
checking if floating point functions link with -lm... yes
checking whether gmake sets ${MAKE}... yes
updating cache ./config.cache
creating ./config.status
creating wx-config
creating version-script
creating src/make.env
creating src/makeprog.env
creating src/makelib.env
creating Makefile
creating setup.h
configuring in demos
running /bin/sh ../../../demos/configure  --prefix=/home/users/aegisk/software/irix --with-gtk --cache-file=.././config.cache --srcdir=../../../demos
loading cache .././config.cache
creating ./config.status
creating Makefile
creating bombs/Makefile
creating dbbrowse/Makefile
creating forty/Makefile
creating fractal/Makefile
creating life/Makefile
creating poem/Makefile
configuring in samples
running /bin/sh ../../../samples/configure  --prefix=/home/users/aegisk/software/irix --with-gtk --cache-file=.././config.cache --srcdir=../../../samples
loading cache .././config.cache
creating ./config.status
creating Makefile
creating artprov/Makefile
creating caret/Makefile
creating calendar/Makefile
creating checklst/Makefile
creating config/Makefile
creating controls/Makefile
creating console/Makefile
creating db/Makefile
creating dialogs/Makefile
creating dialup/Makefile
creating docview/Makefile
creating docvwmdi/Makefile
creating dnd/Makefile
creating dragimag/Makefile
creating drawing/Makefile
creating dynamic/Makefile
creating erase/Makefile
creating event/Makefile
creating exec/Makefile
creating font/Makefile
creating grid/Makefile
creating help/Makefile
creating image/Makefile
creating internat/Makefile
creating ipc/Makefile
creating joytest/Makefile
creating keyboard/Makefile
creating layout/Makefile
creating listctrl/Makefile
creating mdi/Makefile
creating menu/Makefile
creating memcheck/Makefile
creating minifram/Makefile
creating minimal/Makefile
creating mobile/Makefile
creating mobile/wxedit/Makefile
creating mobile/styles/Makefile
creating newgrid/Makefile
creating notebook/Makefile
creating png/Makefile
creating printing/Makefile
creating proplist/Makefile
creating propsize/Makefile
creating resource/Makefile
creating rotate/Makefile
creating sashtest/Makefile
creating scroll/Makefile
creating scrollsub/Makefile
creating sockets/Makefile
creating splitter/Makefile
creating statbar/Makefile
creating taskbar/Makefile
Can't open ../../../samples/taskbar/Makefile.in
creating text/Makefile
creating thread/Makefile
creating toolbar/Makefile
creating treectrl/Makefile
creating treelay/Makefile
creating typetest/Makefile
creating validate/Makefile
creating widgets/Makefile
creating wizard/Makefile
creating html/Makefile
creating html/about/Makefile
creating html/help/Makefile
creating html/printing/Makefile
creating html/helpview/Makefile
creating html/test/Makefile
creating html/zip/Makefile
creating html/virtual/Makefile
creating html/widget/Makefile
creating opengl/Makefile
creating opengl/cube/Makefile
creating opengl/penguin/Makefile
creating opengl/isosurf/Makefile
configuring in utils
running /bin/sh ../../../utils/configure  --prefix=/home/users/aegisk/software/irix --with-gtk --cache-file=.././config.cache --srcdir=../../../utils
loading cache .././config.cache
creating ./config.status
creating Makefile
creating makegen/Makefile
creating HelpGen/Makefile
creating HelpGen/src/Makefile
creating tex2rtf/Makefile
creating tex2rtf/src/Makefile
creating hhp2cached/Makefile
creating dialoged/Makefile
creating dialoged/src/Makefile
creating emulator/Makefile
creating emulator/src/Makefile
creating helpview/Makefile
creating helpview/src/Makefile
configuring in contrib
running /bin/sh ../../../contrib/configure  --prefix=/home/users/aegisk/software/irix --with-gtk --cache-file=.././config.cache --srcdir=../../../contrib
loading cache .././config.cache
checking how to run the C preprocessor... (cached) gcc -E
checking for esd.h... yes
checking for esd_close in -lesd... no
updating cache .././config.cache
creating ./config.status
creating src/Makefile
creating src/ogl/Makefile
creating src/mmedia/Makefile
creating src/stc/Makefile
creating src/svg/Makefile
creating src/xrc/Makefile
creating src/canvas/Makefile
creating src/gizmos/Makefile
creating src/plot/Makefile
creating src/applet/Makefile
creating src/fl/Makefile
creating src/net/Makefile
creating samples/Makefile
creating samples/mmedia/Makefile
creating samples/ogl/Makefile
creating samples/ogl/ogledit/Makefile
creating samples/ogl/studio/Makefile
creating samples/stc/Makefile
creating samples/svg/Makefile
creating samples/canvas/Makefile
creating samples/canvas/test/Makefile
creating samples/canvas/simple/Makefile
creating samples/gizmos/Makefile
creating samples/gizmos/editlbox/Makefile
creating samples/gizmos/dynsash/Makefile
creating samples/gizmos/dynsash_switch/Makefile
creating samples/gizmos/multicell/Makefile
creating samples/gizmos/splittree/Makefile
creating samples/gizmos/led/Makefile
creating samples/xrc/Makefile
creating samples/plot/Makefile
creating samples/applet/Makefile
creating samples/fl/Makefile
creating samples/fl/fl_demo1/Makefile
creating samples/fl/fl_demo2/Makefile
creating samples/fl/fl_sample1/Makefile
creating samples/fl/fl_sample2/Makefile
creating samples/fl/fl_sample3/Makefile
creating utils/Makefile
creating utils/wxrc/Makefile
creating utils/wxrcedit/Makefile
creating utils/convertrc/Makefile

Configured wxWindows 2.4.0 for `mips-sgi-irix6.5'

  Which GUI toolkit should wxWindows use?                 GTK
  Should wxWindows be compiled in debug mode?             no
  Should wxWindows be linked as a shared library?         yes
  Should wxWindows be compiled in Unicode mode?           no
  What level of wxWindows compatibility should be enabled?
                                       wxWindows 2.0      no
                                       wxWindows 2.2      yes
  Which libraries should wxWindows use?
                                       jpeg               sys
                                       png                sys
                                       regex              sys
                                       tiff               sys
                                       zlib               sys


 	  	 
