$ lldb ./dnd
(lldb) target create "./dnd"
Current executable set to './dnd' (x86_64).
(lldb) r
Process 40870 launched: './dnd' (x86_64)
2018-09-27 10:59:59.907586+0200 dnd[40870:510928] [General] There are 2 items on the pasteboard, but 1 drag images. There must be 1 draggingItem per pasteboardItem.
2018-09-27 10:59:59.914416+0200 dnd[40870:510928] [General] (
        0   CoreFoundation                      0x00007fff2f513571 __exceptionPreprocess + 256
        1   libobjc.A.dylib                     0x00007fff5b4c4efb objc_exception_throw + 48
        2   CoreFoundation                      0x00007fff2f5133a3 +[NSException raise:format:] + 193
        3   AppKit                              0x00007fff2cd2b42b -[NSDraggingSession(NSInternal) _initWithPasteboard:image:offset:source:] + 247
        4   AppKit                              0x00007fff2cd2ae43 -[NSCoreDragManager dragImage:fromWindow:at:offset:event:pasteboard:source:slideBack:] + 1919
        5   AppKit                              0x00007fff2cd2a6b5 -[NSWindow(NSDrag) dragImage:at:offset:event:pasteboard:source:slideBack:] + 134
        6   libwx_osx_cocoau_core-3.0.0.4.0.dylib 0x00000001002749e3 _ZN12wxDropSource10DoDragDropEi + 1651
        7   dnd                                 0x000000010000b36a _ZN8DnDFrame11OnBeginDragER11wxTreeEvent + 298
        8   libwx_baseu-3.0.0.4.0.dylib         0x0000000100a6b9f6 _ZNK16wxAppConsoleBase11HandleEventEP12wxEvtHandlerMS0_FvR7wxEventES3_ + 134
        9   libwx_baseu-3.0.0.4.0.dylib         0x0000000100a6ba95 _ZNK16wxAppConsoleBase16CallEventHandlerEP12wxEvtHandlerR14wxEventFunctorR7wxEvent + 149
        10  libwx_baseu-3.0.0.4.0.dylib         0x0000000100bd2a6c _ZN12wxEvtHandler23ProcessEventIfMatchesIdERK21wxEventTableEntryBasePS_R7wxEvent + 220
        11  libwx_baseu-3.0.0.4.0.dylib         0x0000000100bd4acc _ZN12wxEvtHandler23SearchDynamicEventTableER7wxEvent + 332
        12  libwx_baseu-3.0.0.4.0.dylib         0x0000000100bd48ad _ZN12wxEvtHandler11TryHereOnlyER7wxEvent + 77
        13  libwx_baseu-3.0.0.4.0.dylib         0x0000000100bd462d _ZN12wxEvtHandler16TryBeforeAndHereER7wxEvent + 77
        14  libwx_baseu-3.0.0.4.0.dylib         0x0000000100bd466f _ZN12wxEvtHandler19ProcessEventLocallyER7wxEvent + 47
        15  libwx_baseu-3.0.0.4.0.dylib         0x0000000100bd450e _ZN12wxEvtHandler12ProcessEventER7wxEvent + 318
        16  libwx_osx_cocoau_core-3.0.0.4.0.dylib 0x00000001003ed578 _ZN12wxWindowBase8TryAfterER7wxEvent + 168
        17  libwx_baseu-3.0.0.4.0.dylib         0x0000000100bd4544 _ZN12wxEvtHandler12ProcessEventER7wxEvent + 372
        18  libwx_osx_cocoau_core-3.0.0.4.0.dylib 0x00000001004471e9 _ZN24wxScrollHelperEvtHandler12ProcessEventER7wxEvent + 57
        19  libwx_osx_cocoau_core-3.0.0.4.0.dylib 0x000000010045ce2b _ZN17wxGenericTreeCtrl7OnMouseER12wxMouseEvent + 1595
        20  libwx_baseu-3.0.0.4.0.dylib         0x0000000100a6b9f6 _ZNK16wxAppConsoleBase11HandleEventEP12wxEvtHandlerMS0_FvR7wxEventES3_ + 134
        21  libwx_baseu-3.0.0.4.0.dylib         0x0000000100a6ba95 _ZNK16wxAppConsoleBase16CallEventHandlerEP12wxEvtHandlerR14wxEventFunctorR7wxEvent + 149
        22  libwx_baseu-3.0.0.4.0.dylib         0x0000000100bd2a6c _ZN12wxEvtHandler23ProcessEventIfMatchesIdERK21wxEventTableEntryBasePS_R7wxEvent + 220
        23  libwx_baseu-3.0.0.4.0.dylib         0x0000000100bd2819 _ZN16wxEventHashTable11HandleEventER7wxEventP12wxEvtHandler + 233
        24  libwx_baseu-3.0.0.4.0.dylib         0x0000000100bd48e3 _ZN12wxEvtHandler11TryHereOnlyER7wxEvent + 131
        25  libwx_baseu-3.0.0.4.0.dylib         0x0000000100bd462d _ZN12wxEvtHandler16TryBeforeAndHereER7wxEvent + 77
        26  libwx_baseu-3.0.0.4.0.dylib         0x0000000100bd466f _ZN12wxEvtHandler19ProcessEventLocallyER7wxEvent + 47
        27  libwx_baseu-3.0.0.4.0.dylib         0x0000000100bd450e _ZN12wxEvtHandler12ProcessEventER7wxEvent + 318
        28  libwx_osx_cocoau_core-3.0.0.4.0.dylib 0x00000001004471e9 _ZN24wxScrollHelperEvtHandler12ProcessEventER7wxEvent + 57
        29  libwx_baseu-3.0.0.4.0.dylib         0x0000000100bd4b62 _ZN12wxEvtHandler18SafelyProcessEventER7wxEvent + 50
        30  libwx_osx_cocoau_core-3.0.0.4.0.dylib 0x00000001003e4535 _ZNK12wxWindowBase17HandleWindowEventER7wxEvent + 37
        31  libwx_osx_cocoau_core-3.0.0.4.0.dylib 0x00000001002acc01 _ZN17wxWidgetCocoaImpl18DoHandleMouseEventEP7NSEvent + 161
        32  libwx_osx_cocoau_core-3.0.0.4.0.dylib 0x00000001002a6dfd _ZN17wxWidgetCocoaImpl10mouseEventEP7NSEventP6NSViewPv + 253
        33  libwx_osx_cocoau_core-3.0.0.4.0.dylib 0x00000001002a5dd4 _Z16wxOSX_mouseEventP6NSViewP13objc_selectorP7NSEvent + 100
        34  AppKit                              0x00007fff2cb119e2 -[NSWindow(NSEventRouting) _reallySendEvent:isDelayedEvent:] + 6946
        35  AppKit                              0x00007fff2cb0fc75 -[NSWindow(NSEventRouting) sendEvent:] + 481
        36  libwx_osx_cocoau_core-3.0.0.4.0.dylib 0x000000010028565c -[wxNSWindow sendEvent:] + 252
        37  AppKit                              0x00007fff2c9acf4c -[NSApplication(NSEvent) sendEvent:] + 336
        38  libwx_osx_cocoau_core-3.0.0.4.0.dylib 0x000000010017750a -[wxNSApplication sendEvent:] + 170
        39  AppKit                              0x00007fff2c99a795 -[NSApplication run] + 755
        40  libwx_osx_cocoau_core-3.0.0.4.0.dylib 0x00000001002754de _ZN14wxGUIEventLoop8OSXDoRunEv + 174
        41  libwx_baseu-3.0.0.4.0.dylib         0x0000000100ba4587 _ZN13wxCFEventLoop5DoRunEv + 39
        42  libwx_baseu-3.0.0.4.0.dylib         0x0000000100ab9989 _ZN15wxEventLoopBase3RunEv + 233
        43  libwx_baseu-3.0.0.4.0.dylib         0x0000000100a6a66d _ZN16wxAppConsoleBase8MainLoopEv + 189
        44  libwx_baseu-3.0.0.4.0.dylib         0x0000000100a6a1d9 _ZN16wxAppConsoleBase5OnRunEv + 25
        45  libwx_osx_cocoau_core-3.0.0.4.0.dylib 0x00000001002b380b _ZN9wxAppBase5OnRunEv + 59
        46  libwx_osx_cocoau_core-3.0.0.4.0.dylib 0x00000001001e8c69 _ZN5wxApp5OnRunEv + 41
        47  libwx_baseu-3.0.0.4.0.dylib         0x0000000100afb682 _Z7wxEntryRiPPw + 290
        48  libwx_baseu-3.0.0.4.0.dylib         0x0000000100afb84c _Z7wxEntryRiPPc + 60
        49  dnd                                 0x0000000100001ab6 main + 38
        50  libdyld.dylib                       0x00007fff5c58b085 start + 1
        51  ???                                 0x0000000000000001 0x0 + 1
)
Process 40870 exited with status = 0 (0x00000000)
(lldb)

