	cl /c /nologo /TP /Fovc_mswudll\coredll_app.obj /MD /DWIN32    /Fd..\..\lib\vc_dll\wxmsw292u_core_vc_custom.pdb   /O2 /D__NO_VC_CRTDBG__ /D__WXMSW__    /DNDEBUG  /DwxNO_EXCEPTIONS /DwxNO_RTTI /DwxNO_THREADS  /D_UNICODE  /I..\..\lib\vc_dll\mswu /I..\..\include   /W4 /DWXBUILDING /I..\..\src\tiff\libtiff  /I..\..\src\jpeg /I..\..\src\png /I..\..\src\zlib /I..\..\src\regex  /I..\..\src\expat\lib /DWXUSINGDLL /DWXMAKINGDLL_CORE /DwxUSE_BASE=0    /Yu"wx/wxprec.h"  /Fp"vc_mswudll\wxprec_coredll.pch"   ..\..\src\msw\app.cpp
app.cpp
..\..\src\msw\app.cpp(377) : error C2146: syntax error : missing ';' before identifier 'm_dllKernel32'
..\..\src\msw\app.cpp(377) : error C4430: missing type specifier - int assumed. Note: C++ does not support default-int
..\..\src\msw\app.cpp(377) : error C4430: missing type specifier - int assumed. Note: C++ does not support default-int
..\..\src\msw\app.cpp(407) : error C2065: 'm_dllKernel32' : undeclared identifier
..\..\src\msw\app.cpp(407) : error C2228: left of '.Load' must have class/struct/union
        type is ''unknown-type''
..\..\src\msw\app.cpp(411) : error C2065: 'pfn' : undeclared identifier
..\..\src\msw\app.cpp(411) : error C2065: 'm_dllKernel32' : undeclared identifier
..\..\src\msw\app.cpp(411) : error C2078: too many initializers
..\..\src\msw\app.cpp(413) : error C2065: 'pfnAttachConsole' : undeclared identifier
..\..\src\msw\app.cpp(413) : error C3861: 'pfnAttachConsole': identifier not found
..\..\src\msw\app.cpp(420) : error C2065: 'm_pfn' : undeclared identifier
..\..\src\msw\app.cpp(420) : error C2065: 'GetConsoleCommandHistory' : undeclared identifier
..\..\src\msw\app.cpp(420) : error C2065: 'm_dllKernel32' : undeclared identifier
..\..\src\msw\app.cpp(420) : error C3861: 'wxDL_INIT_FUNC_AW': identifier not found
..\..\src\msw\app.cpp(424) : error C2065: 'm_pfn' : undeclared identifier
..\..\src\msw\app.cpp(424) : error C2065: 'GetConsoleCommandHistoryLength' : undeclared identifier
..\..\src\msw\app.cpp(424) : error C2065: 'm_dllKernel32' : undeclared identifier
..\..\src\msw\app.cpp(424) : error C3861: 'wxDL_INIT_FUNC_AW': identifier not found
