	cl /c /nologo /TP /Fovc_mswudll\coredll_menuitem.obj /MD /DWIN32    /Fd..\..\lib\vc_dll\wxmsw292u_core_vc_custom.pdb   /O2 /D__NO_VC_CRTDBG__ /D__WXMSW__    /DNDEBUG  /DwxNO_EXCEPTIONS /DwxNO_RTTI /DwxNO_THREADS  /D_UNICODE  /I..\..\lib\vc_dll\mswu /I..\..\include   /W4 /DWXBUILDING /I..\..\src\tiff\libtiff  /I..\..\src\jpeg /I..\..\src\png /I..\..\src\zlib /I..\..\src\regex  /I..\..\src\expat\lib /DWXUSINGDLL /DWXMAKINGDLL_CORE /DwxUSE_BASE=0    /Yu"wx/wxprec.h"  /Fp"vc_mswudll\wxprec_coredll.pch"   ..\..\src\msw\menuitem.cpp
menuitem.cpp
..\..\src\msw\menuitem.cpp(270) : error C2504: 'MARGINS' : base class undefined
..\..\src\msw\menuitem.cpp(357) : error C2143: syntax error : missing ';' before '*'
..\..\src\msw\menuitem.cpp(357) : error C4430: missing type specifier - int assumed. Note: C++ does not support default-int
..\..\src\msw\menuitem.cpp(357) : error C4430: missing type specifier - int assumed. Note: C++ does not support default-int
..\..\src\msw\menuitem.cpp(358) : error C4430: missing type specifier - int assumed. Note: C++ does not support default-int
..\..\src\msw\menuitem.cpp(364) : warning C4183: 'GetUxThemeEngine': missing return type; assumed to be a member function returning 'int'
..\..\src\msw\menuitem.cpp(273) : error C2065: 'cxLeftWidth' : undeclared identifier
..\..\src\msw\menuitem.cpp(274) : error C2065: 'cxRightWidth' : undeclared identifier
..\..\src\msw\menuitem.cpp(275) : error C2065: 'cyTopHeight' : undeclared identifier
..\..\src\msw\menuitem.cpp(276) : error C2065: 'cyBottomHeight' : undeclared identifier
..\..\src\msw\menuitem.cpp(279) : error C2065: 'cxLeftWidth' : undeclared identifier
..\..\src\msw\menuitem.cpp(279) : error C2065: 'cxRightWidth' : undeclared identifier
..\..\src\msw\menuitem.cpp(280) : error C2065: 'cyTopHeight' : undeclared identifier
..\..\src\msw\menuitem.cpp(280) : error C2065: 'cyBottomHeight' : undeclared identifier
..\..\src\msw\menuitem.cpp(284) : error C2065: 'cyTopHeight' : undeclared identifier
..\..\src\msw\menuitem.cpp(285) : error C2065: 'cxLeftWidth' : undeclared identifier
..\..\src\msw\menuitem.cpp(286) : error C2065: 'cyTopHeight' : undeclared identifier
..\..\src\msw\menuitem.cpp(287) : error C2065: 'cyBottomHeight' : undeclared identifier
..\..\src\msw\menuitem.cpp(292) : error C2065: 'cyTopHeight' : undeclared identifier
..\..\src\msw\menuitem.cpp(293) : error C2065: 'cxLeftWidth' : undeclared identifier
..\..\src\msw\menuitem.cpp(294) : error C2065: 'cyTopHeight' : undeclared identifier
..\..\src\msw\menuitem.cpp(295) : error C2065: 'cyBottomHeight' : undeclared identifier
..\..\src\msw\menuitem.cpp(461) : error C2039: 'cxLeftWidth' : is not a member of '`anonymous-namespace'::MenuDrawData::Margins'
        ..\..\src\msw\menuitem.cpp(269) : see declaration of '`anonymous-namespace'::MenuDrawData::Margins'
..\..\src\msw\menuitem.cpp(462) : error C2039: 'cxRightWidth' : is not a member of '`anonymous-namespace'::MenuDrawData::Margins'
        ..\..\src\msw\menuitem.cpp(269) : see declaration of '`anonymous-namespace'::MenuDrawData::Margins'
..\..\src\msw\menuitem.cpp(463) : error C2039: 'cyTopHeight' : is not a member of '`anonymous-namespace'::MenuDrawData::Margins'
        ..\..\src\msw\menuitem.cpp(269) : see declaration of '`anonymous-namespace'::MenuDrawData::Margins'
..\..\src\msw\menuitem.cpp(464) : error C2039: 'cyBottomHeight' : is not a member of '`anonymous-namespace'::MenuDrawData::Margins'
        ..\..\src\msw\menuitem.cpp(269) : see declaration of '`anonymous-namespace'::MenuDrawData::Margins'
..\..\src\msw\menuitem.cpp(474) : error C2039: 'cxLeftWidth' : is not a member of '`anonymous-namespace'::MenuDrawData::Margins'
        ..\..\src\msw\menuitem.cpp(269) : see declaration of '`anonymous-namespace'::MenuDrawData::Margins'
..\..\src\msw\menuitem.cpp(475) : error C2039: 'cxRightWidth' : is not a member of '`anonymous-namespace'::MenuDrawData::Margins'
        ..\..\src\msw\menuitem.cpp(269) : see declaration of '`anonymous-namespace'::MenuDrawData::Margins'
..\..\src\msw\menuitem.cpp(476) : error C2039: 'cyTopHeight' : is not a member of '`anonymous-namespace'::MenuDrawData::Margins'
        ..\..\src\msw\menuitem.cpp(269) : see declaration of '`anonymous-namespace'::MenuDrawData::Margins'
..\..\src\msw\menuitem.cpp(477) : error C2039: 'cyBottomHeight' : is not a member of '`anonymous-namespace'::MenuDrawData::Margins'
        ..\..\src\msw\menuitem.cpp(269) : see declaration of '`anonymous-namespace'::MenuDrawData::Margins'
..\..\src\msw\menuitem.cpp(947) : error C2039: 'cxLeftWidth' : is not a member of '`anonymous-namespace'::MenuDrawData::Margins'
        ..\..\src\msw\menuitem.cpp(269) : see declaration of '`anonymous-namespace'::MenuDrawData::Margins'
..\..\src\msw\menuitem.cpp(948) : error C2039: 'cxLeftWidth' : is not a member of '`anonymous-namespace'::MenuDrawData::Margins'
        ..\..\src\msw\menuitem.cpp(269) : see declaration of '`anonymous-namespace'::MenuDrawData::Margins'
..\..\src\msw\menuitem.cpp(949) : error C2039: 'cxLeftWidth' : is not a member of '`anonymous-namespace'::MenuDrawData::Margins'
        ..\..\src\msw\menuitem.cpp(269) : see declaration of '`anonymous-namespace'::MenuDrawData::Margins'
..\..\src\msw\menuitem.cpp(951) : error C2039: 'cxRightWidth' : is not a member of '`anonymous-namespace'::MenuDrawData::Margins'
        ..\..\src\msw\menuitem.cpp(269) : see declaration of '`anonymous-namespace'::MenuDrawData::Margins'
..\..\src\msw\menuitem.cpp(951) : error C2039: 'cxRightWidth' : is not a member of '`anonymous-namespace'::MenuDrawData::Margins'
        ..\..\src\msw\menuitem.cpp(269) : see declaration of '`anonymous-namespace'::MenuDrawData::Margins'
..\..\src\msw\menuitem.cpp(1096) : error C2039: 'cxLeftWidth' : is not a member of '`anonymous-namespace'::MenuDrawData::Margins'
        ..\..\src\msw\menuitem.cpp(269) : see declaration of '`anonymous-namespace'::MenuDrawData::Margins'
..\..\src\msw\menuitem.cpp(1097) : error C2039: 'cxLeftWidth' : is not a member of '`anonymous-namespace'::MenuDrawData::Margins'
        ..\..\src\msw\menuitem.cpp(269) : see declaration of '`anonymous-namespace'::MenuDrawData::Margins'
..\..\src\msw\menuitem.cpp(1097) : error C2039: 'cxLeftWidth' : is not a member of '`anonymous-namespace'::MenuDrawData::Margins'
        ..\..\src\msw\menuitem.cpp(269) : see declaration of '`anonymous-namespace'::MenuDrawData::Margins'
..\..\src\msw\menuitem.cpp(1099) : error C2039: 'cyTopHeight' : is not a member of '`anonymous-namespace'::MenuDrawData::Margins'
        ..\..\src\msw\menuitem.cpp(269) : see declaration of '`anonymous-namespace'::MenuDrawData::Margins'
..\..\src\msw\menuitem.cpp(1100) : error C2039: 'cyTopHeight' : is not a member of '`anonymous-namespace'::MenuDrawData::Margins'
        ..\..\src\msw\menuitem.cpp(269) : see declaration of '`anonymous-namespace'::MenuDrawData::Margins'
..\..\src\msw\menuitem.cpp(1100) : error C2039: 'cyTopHeight' : is not a member of '`anonymous-namespace'::MenuDrawData::Margins'
        ..\..\src\msw\menuitem.cpp(269) : see declaration of '`anonymous-namespace'::MenuDrawData::Margins'
..\..\src\msw\menuitem.cpp(1102) : error C2039: 'cxLeftWidth' : is not a member of '`anonymous-namespace'::MenuDrawData::Margins'
        ..\..\src\msw\menuitem.cpp(269) : see declaration of '`anonymous-namespace'::MenuDrawData::Margins'
..\..\src\msw\menuitem.cpp(1103) : error C2039: 'cxLeftWidth' : is not a member of '`anonymous-namespace'::MenuDrawData::Margins'
        ..\..\src\msw\menuitem.cpp(269) : see declaration of '`anonymous-namespace'::MenuDrawData::Margins'
..\..\src\msw\menuitem.cpp(1104) : error C2039: 'cxLeftWidth' : is not a member of '`anonymous-namespace'::MenuDrawData::Margins'
        ..\..\src\msw\menuitem.cpp(269) : see declaration of '`anonymous-namespace'::MenuDrawData::Margins'
..\..\src\msw\menuitem.cpp(1106) : error C2039: 'cyBottomHeight' : is not a member of '`anonymous-namespace'::MenuDrawData::Margins'
        ..\..\src\msw\menuitem.cpp(269) : see declaration of '`anonymous-namespace'::MenuDrawData::Margins'
..\..\src\msw\menuitem.cpp(1107) : error C2039: 'cyBottomHeight' : is not a member of '`anonymous-namespace'::MenuDrawData::Margins'
        ..\..\src\msw\menuitem.cpp(269) : see declaration of '`anonymous-namespace'::MenuDrawData::Margins'
..\..\src\msw\menuitem.cpp(1107) : error C2039: 'cyBottomHeight' : is not a member of '`anonymous-namespace'::MenuDrawData::Margins'
        ..\..\src\msw\menuitem.cpp(269) : see declaration of '`anonymous-namespace'::MenuDrawData::Margins'
