version:1
:debug:main epoch: in tree: 0 installed: 0
:debug:main jpeg 8d_0 exists in the ports tree
:debug:main jpeg 8d_0  is the latest installed
:debug:main jpeg 8d_0 +universal is active
:debug:main Merging existing variants '+universal' into variants
:debug:main new fully merged portvariants: universal +
:debug:main Changing to port directory: /opt/local/var/macports/sources/rsync.macports.org/release/ports/graphics/jpeg
:debug:main OS darwin/12.0.0 (Mac OS X 10.8) arch i386
:debug:main org.macports.load registered provides 'load', a pre-existing procedure. Target override will not be provided
:debug:main org.macports.unload registered provides 'unload', a pre-existing procedure. Target override will not be provided
:debug:main org.macports.distfiles registered provides 'distfiles', a pre-existing procedure. Target override will not be provided
:debug:main adding the default universal variant
:debug:main Reading variant descriptions from /opt/local/var/macports/sources/rsync.macports.org/release/ports/_resources/port1.0/variant_descriptions.conf
:debug:main Executing variant universal provides universal
:debug:main No need to upgrade! jpeg 8d_0 >= jpeg 8d_0
:debug:main epoch: in tree: 0 installed: 0
:debug:main tiff 3.9.5_0 exists in the ports tree
:debug:main tiff 3.9.5_0  is the latest installed
:debug:main tiff 3.9.5_0 +universal is active
:debug:main Merging existing variants '+universal' into variants
:debug:main new fully merged portvariants: universal +
:debug:main Changing to port directory: /opt/local/var/macports/sources/rsync.macports.org/release/ports/graphics/tiff
:debug:main OS darwin/12.0.0 (Mac OS X 10.8) arch i386
:debug:main org.macports.load registered provides 'load', a pre-existing procedure. Target override will not be provided
:debug:main org.macports.unload registered provides 'unload', a pre-existing procedure. Target override will not be provided
:debug:main org.macports.distfiles registered provides 'distfiles', a pre-existing procedure. Target override will not be provided
:debug:main Using group file /opt/local/var/macports/sources/rsync.macports.org/release/ports/_resources/port1.0/group/xcodeversion-1.0.tcl
:debug:main adding the default universal variant
:debug:main Reading variant descriptions from /opt/local/var/macports/sources/rsync.macports.org/release/ports/_resources/port1.0/variant_descriptions.conf
:debug:main Executing variant universal provides universal
:debug:main No need to upgrade! tiff 3.9.5_0 >= tiff 3.9.5_0
:debug:main epoch: in tree: 0 installed: 0
:debug:main zlib 1.2.7_0 exists in the ports tree
:debug:main zlib 1.2.7_0  is the latest installed
:debug:main zlib 1.2.7_0 +universal is active
:debug:main Merging existing variants '+universal' into variants
:debug:main new fully merged portvariants: universal +
:debug:main Changing to port directory: /opt/local/var/macports/sources/rsync.macports.org/release/ports/archivers/zlib
:debug:main OS darwin/12.0.0 (Mac OS X 10.8) arch i386
:debug:main org.macports.load registered provides 'load', a pre-existing procedure. Target override will not be provided
:debug:main org.macports.unload registered provides 'unload', a pre-existing procedure. Target override will not be provided
:debug:main org.macports.distfiles registered provides 'distfiles', a pre-existing procedure. Target override will not be provided
:debug:main Using group file /opt/local/var/macports/sources/rsync.macports.org/release/ports/_resources/port1.0/group/xcodeversion-1.0.tcl
:debug:main adding the default universal variant
:debug:main Reading variant descriptions from /opt/local/var/macports/sources/rsync.macports.org/release/ports/_resources/port1.0/variant_descriptions.conf
:debug:main Executing variant universal provides universal
:debug:main No need to upgrade! zlib 1.2.7_0 >= zlib 1.2.7_0
:debug:main epoch: in tree: 0 installed: 0
:debug:main libpng 1.4.12_0 exists in the ports tree
:debug:main libpng 1.4.12_0  is the latest installed
:debug:main libpng 1.4.12_0 +universal is active
:debug:main Merging existing variants '+universal' into variants
:debug:main new fully merged portvariants: universal +
:debug:main Changing to port directory: /opt/local/var/macports/sources/rsync.macports.org/release/ports/graphics/libpng
:debug:main OS darwin/12.0.0 (Mac OS X 10.8) arch i386
:debug:main org.macports.load registered provides 'load', a pre-existing procedure. Target override will not be provided
:debug:main org.macports.unload registered provides 'unload', a pre-existing procedure. Target override will not be provided
:debug:main org.macports.distfiles registered provides 'distfiles', a pre-existing procedure. Target override will not be provided
:debug:main adding the default universal variant
:debug:main Reading variant descriptions from /opt/local/var/macports/sources/rsync.macports.org/release/ports/_resources/port1.0/variant_descriptions.conf
:debug:main Executing variant universal provides universal
:debug:main No need to upgrade! libpng 1.4.12_0 >= libpng 1.4.12_0
:debug:main epoch: in tree: 0 installed: 0
:debug:main libiconv 1.14_0 exists in the ports tree
:debug:main libiconv 1.14_0  is the latest installed
:debug:main libiconv 1.14_0 +universal is active
:debug:main Merging existing variants '+universal' into variants
:debug:main new fully merged portvariants: universal +
:debug:main Changing to port directory: /opt/local/var/macports/sources/rsync.macports.org/release/ports/textproc/libiconv
:debug:main OS darwin/12.0.0 (Mac OS X 10.8) arch i386
:debug:main org.macports.load registered provides 'load', a pre-existing procedure. Target override will not be provided
:debug:main org.macports.unload registered provides 'unload', a pre-existing procedure. Target override will not be provided
:debug:main org.macports.distfiles registered provides 'distfiles', a pre-existing procedure. Target override will not be provided
:debug:main Using group file /opt/local/var/macports/sources/rsync.macports.org/release/ports/_resources/port1.0/group/muniversal-1.0.tcl
:debug:main Reading variant descriptions from /opt/local/var/macports/sources/rsync.macports.org/release/ports/_resources/port1.0/variant_descriptions.conf
:debug:main universal variant already exists, so not adding the default one
:debug:main Executing variant universal provides universal
:debug:main No need to upgrade! libiconv 1.14_0 >= libiconv 1.14_0
:debug:main epoch: in tree: 0 installed: 0
:debug:main expat 2.1.0_0 exists in the ports tree
:debug:main expat 2.1.0_0  is the latest installed
:debug:main expat 2.1.0_0 +universal is active
:debug:main Merging existing variants '+universal' into variants
:debug:main new fully merged portvariants: universal +
:debug:main Changing to port directory: /opt/local/var/macports/sources/rsync.macports.org/release/ports/textproc/expat
:debug:main OS darwin/12.0.0 (Mac OS X 10.8) arch i386
:debug:main org.macports.load registered provides 'load', a pre-existing procedure. Target override will not be provided
:debug:main org.macports.unload registered provides 'unload', a pre-existing procedure. Target override will not be provided
:debug:main org.macports.distfiles registered provides 'distfiles', a pre-existing procedure. Target override will not be provided
:debug:main adding the default universal variant
:debug:main Reading variant descriptions from /opt/local/var/macports/sources/rsync.macports.org/release/ports/_resources/port1.0/variant_descriptions.conf
:debug:main Executing variant universal provides universal
:debug:main No need to upgrade! expat 2.1.0_0 >= expat 2.1.0_0
:debug:main epoch: in tree: 0 installed: 0
:debug:main libsdl 1.2.15_0 exists in the ports tree
:debug:main libsdl 1.2.15_0 +universal+x11 is the latest installed
:debug:main libsdl 1.2.15_0 +universal+x11 is active
:debug:main Merging existing variants '+universal+x11' into variants
:debug:main new fully merged portvariants: universal + x11 +
:debug:main Changing to port directory: /opt/local/var/macports/sources/rsync.macports.org/release/ports/devel/libsdl
:debug:main OS darwin/12.0.0 (Mac OS X 10.8) arch i386
:debug:main org.macports.load registered provides 'load', a pre-existing procedure. Target override will not be provided
:debug:main org.macports.unload registered provides 'unload', a pre-existing procedure. Target override will not be provided
:debug:main org.macports.distfiles registered provides 'distfiles', a pre-existing procedure. Target override will not be provided
:debug:main Using group file /opt/local/var/macports/sources/rsync.macports.org/release/ports/_resources/port1.0/group/xcodeversion-1.0.tcl
:debug:main Reading variant descriptions from /opt/local/var/macports/sources/rsync.macports.org/release/ports/_resources/port1.0/variant_descriptions.conf
:debug:main adding the default universal variant
:debug:main Executing variant x11 provides x11
:debug:main Executing variant universal provides universal
:debug:main No need to upgrade! libsdl 1.2.15_0 >= libsdl 1.2.15_0
:debug:main epoch: in tree: 0 installed: 0
:debug:main xorg-libXext 1.3.1_0 exists in the ports tree
:debug:main xorg-libXext 1.3.1_0  is the latest installed
:debug:main xorg-libXext 1.3.1_0 +universal is active
:debug:main Merging existing variants '+universal' into variants
:debug:main new fully merged portvariants: universal +
:debug:main Changing to port directory: /opt/local/var/macports/sources/rsync.macports.org/release/ports/x11/xorg-libXext
:debug:main OS darwin/12.0.0 (Mac OS X 10.8) arch i386
:debug:main org.macports.load registered provides 'load', a pre-existing procedure. Target override will not be provided
:debug:main org.macports.unload registered provides 'unload', a pre-existing procedure. Target override will not be provided
:debug:main org.macports.distfiles registered provides 'distfiles', a pre-existing procedure. Target override will not be provided
:debug:main adding the default universal variant
:debug:main Reading variant descriptions from /opt/local/var/macports/sources/rsync.macports.org/release/ports/_resources/port1.0/variant_descriptions.conf
:debug:main Executing variant universal provides universal
:debug:main No need to upgrade! xorg-libXext 1.3.1_0 >= xorg-libXext 1.3.1_0
:debug:main epoch: in tree: 0 installed: 0
:debug:main xorg-libX11 1.5.0_0 exists in the ports tree
:debug:main xorg-libX11 1.5.0_0  is the latest installed
:debug:main xorg-libX11 1.5.0_0 +universal is active
:debug:main Merging existing variants '+universal' into variants
:debug:main new fully merged portvariants: universal +
:debug:main Changing to port directory: /opt/local/var/macports/sources/rsync.macports.org/release/ports/x11/xorg-libX11
:debug:main OS darwin/12.0.0 (Mac OS X 10.8) arch i386
:debug:main org.macports.load registered provides 'load', a pre-existing procedure. Target override will not be provided
:debug:main org.macports.unload registered provides 'unload', a pre-existing procedure. Target override will not be provided
:debug:main org.macports.distfiles registered provides 'distfiles', a pre-existing procedure. Target override will not be provided
:debug:main adding the default universal variant
:debug:main Reading variant descriptions from /opt/local/var/macports/sources/rsync.macports.org/release/ports/_resources/port1.0/variant_descriptions.conf
:debug:main Executing variant universal provides universal
:debug:main No need to upgrade! xorg-libX11 1.5.0_0 >= xorg-libX11 1.5.0_0
:debug:main epoch: in tree: 0 installed: 0
:debug:main xorg-libXdmcp 1.1.1_0 exists in the ports tree
:debug:main xorg-libXdmcp 1.1.1_0  is the latest installed
:debug:main xorg-libXdmcp 1.1.1_0 +universal is active
:debug:main Merging existing variants '+universal' into variants
:debug:main new fully merged portvariants: universal +
:debug:main Changing to port directory: /opt/local/var/macports/sources/rsync.macports.org/release/ports/x11/xorg-libXdmcp
:debug:main OS darwin/12.0.0 (Mac OS X 10.8) arch i386
:debug:main org.macports.load registered provides 'load', a pre-existing procedure. Target override will not be provided
:debug:main org.macports.unload registered provides 'unload', a pre-existing procedure. Target override will not be provided
:debug:main org.macports.distfiles registered provides 'distfiles', a pre-existing procedure. Target override will not be provided
:debug:main adding the default universal variant
:debug:main Reading variant descriptions from /opt/local/var/macports/sources/rsync.macports.org/release/ports/_resources/port1.0/variant_descriptions.conf
:debug:main Executing variant universal provides universal
:debug:main No need to upgrade! xorg-libXdmcp 1.1.1_0 >= xorg-libXdmcp 1.1.1_0
:debug:main epoch: in tree: 0 installed: 0
:debug:main xorg-libXau 1.0.7_0 exists in the ports tree
:debug:main xorg-libXau 1.0.7_0  is the latest installed
:debug:main xorg-libXau 1.0.7_0 +universal is active
:debug:main Merging existing variants '+universal' into variants
:debug:main new fully merged portvariants: universal +
:debug:main Changing to port directory: /opt/local/var/macports/sources/rsync.macports.org/release/ports/x11/xorg-libXau
:debug:main OS darwin/12.0.0 (Mac OS X 10.8) arch i386
:debug:main org.macports.load registered provides 'load', a pre-existing procedure. Target override will not be provided
:debug:main org.macports.unload registered provides 'unload', a pre-existing procedure. Target override will not be provided
:debug:main org.macports.distfiles registered provides 'distfiles', a pre-existing procedure. Target override will not be provided
:debug:main adding the default universal variant
:debug:main Reading variant descriptions from /opt/local/var/macports/sources/rsync.macports.org/release/ports/_resources/port1.0/variant_descriptions.conf
:debug:main Executing variant universal provides universal
:debug:main No need to upgrade! xorg-libXau 1.0.7_0 >= xorg-libXau 1.0.7_0
:debug:main epoch: in tree: 0 installed: 0
:debug:main xorg-xproto 7.0.23_0 exists in the ports tree
:debug:main xorg-xproto 7.0.23_0  is the latest installed
:debug:main xorg-xproto 7.0.23_0  is active
:debug:main Merging existing variants '' into variants
:debug:main new fully merged portvariants: 
:debug:main Changing to port directory: /opt/local/var/macports/sources/rsync.macports.org/release/ports/x11/xorg-xproto
:debug:main OS darwin/12.0.0 (Mac OS X 10.8) arch i386
:debug:main org.macports.load registered provides 'load', a pre-existing procedure. Target override will not be provided
:debug:main org.macports.unload registered provides 'unload', a pre-existing procedure. Target override will not be provided
:debug:main org.macports.distfiles registered provides 'distfiles', a pre-existing procedure. Target override will not be provided
:debug:main only one arch supported, so not adding the default universal variant
:debug:main No need to upgrade! xorg-xproto 7.0.23_0 >= xorg-xproto 7.0.23_0
:debug:main epoch: in tree: 0 installed: 0
:debug:main xorg-libxcb 1.8.1_2 exists in the ports tree
:debug:main xorg-libxcb 1.8.1_2 +python27 is the latest installed
:debug:main xorg-libxcb 1.8.1_2 +python27+universal is active
:debug:main Merging existing variants '+python27+universal' into variants
:debug:main new fully merged portvariants: universal + python27 +
:debug:main Changing to port directory: /opt/local/var/macports/sources/rsync.macports.org/release/ports/x11/xorg-libxcb
:debug:main OS darwin/12.0.0 (Mac OS X 10.8) arch i386
:debug:main org.macports.load registered provides 'load', a pre-existing procedure. Target override will not be provided
:debug:main org.macports.unload registered provides 'unload', a pre-existing procedure. Target override will not be provided
:debug:main org.macports.distfiles registered provides 'distfiles', a pre-existing procedure. Target override will not be provided
:debug:main adding the default universal variant
:debug:main Reading variant descriptions from /opt/local/var/macports/sources/rsync.macports.org/release/ports/_resources/port1.0/variant_descriptions.conf
:debug:main Executing variant python27 provides python27
:debug:main Executing variant universal provides universal
:debug:main No need to upgrade! xorg-libxcb 1.8.1_2 >= xorg-libxcb 1.8.1_2
:debug:main epoch: in tree: 0 installed: 0
:debug:main xorg-xcb-proto 1.7.1_0 exists in the ports tree
:debug:main xorg-xcb-proto 1.7.1_0 +python27 is the latest installed
:debug:main xorg-xcb-proto 1.7.1_0 +python27 is active
:debug:main Merging existing variants '+python27' into variants
:debug:main new fully merged portvariants: python27 +
:debug:main Changing to port directory: /opt/local/var/macports/sources/rsync.macports.org/release/ports/x11/xorg-xcb-proto
:debug:main OS darwin/12.0.0 (Mac OS X 10.8) arch i386
:debug:main org.macports.load registered provides 'load', a pre-existing procedure. Target override will not be provided
:debug:main org.macports.unload registered provides 'unload', a pre-existing procedure. Target override will not be provided
:debug:main org.macports.distfiles registered provides 'distfiles', a pre-existing procedure. Target override will not be provided
:debug:main only one arch supported, so not adding the default universal variant
:debug:main Executing variant python27 provides python27
:debug:main No need to upgrade! xorg-xcb-proto 1.7.1_0 >= xorg-xcb-proto 1.7.1_0
:debug:main epoch: in tree: 0 installed: 0
:debug:main libxml2 2.7.8_0 exists in the ports tree
:debug:main libxml2 2.7.8_0  is the latest installed
:debug:main libxml2 2.7.8_0 +universal is active
:debug:main Merging existing variants '+universal' into variants
:debug:main new fully merged portvariants: universal +
:debug:main Changing to port directory: /opt/local/var/macports/sources/rsync.macports.org/release/ports/textproc/libxml2
:debug:main OS darwin/12.0.0 (Mac OS X 10.8) arch i386
:debug:main org.macports.load registered provides 'load', a pre-existing procedure. Target override will not be provided
:debug:main org.macports.unload registered provides 'unload', a pre-existing procedure. Target override will not be provided
:debug:main org.macports.distfiles registered provides 'distfiles', a pre-existing procedure. Target override will not be provided
:debug:main adding the default universal variant
:debug:main Reading variant descriptions from /opt/local/var/macports/sources/rsync.macports.org/release/ports/_resources/port1.0/variant_descriptions.conf
:debug:main Executing variant universal provides universal
:debug:main No need to upgrade! libxml2 2.7.8_0 >= libxml2 2.7.8_0
:debug:main epoch: in tree: 2 installed: 2
:debug:main python27 2.7.3_0 exists in the ports tree
:debug:main python27 2.7.3_0  is the latest installed
:debug:main python27 2.7.3_0 +universal is active
:debug:main Merging existing variants '+universal' into variants
:debug:main new fully merged portvariants: universal +
:debug:main Changing to port directory: /opt/local/var/macports/sources/rsync.macports.org/release/ports/lang/python27
:debug:main OS darwin/12.0.0 (Mac OS X 10.8) arch i386
:debug:main org.macports.load registered provides 'load', a pre-existing procedure. Target override will not be provided
:debug:main org.macports.unload registered provides 'unload', a pre-existing procedure. Target override will not be provided
:debug:main org.macports.distfiles registered provides 'distfiles', a pre-existing procedure. Target override will not be provided
:debug:main Using group file /opt/local/var/macports/sources/rsync.macports.org/release/ports/_resources/port1.0/group/select-1.0.tcl
:debug:main Reading variant descriptions from /opt/local/var/macports/sources/rsync.macports.org/release/ports/_resources/port1.0/variant_descriptions.conf
:debug:main universal variant already exists, so not adding the default one
:debug:main Executing variant universal provides universal
:debug:main No need to upgrade! python27 2.7.3_0 >= python27 2.7.3_0
:debug:main epoch: in tree: 0 installed: 0
:debug:main gettext 0.18.1.1_2 exists in the ports tree
:debug:main gettext 0.18.1.1_2  is the latest installed
:debug:main gettext 0.18.1.1_2 +universal is active
:debug:main Merging existing variants '+universal' into variants
:debug:main new fully merged portvariants: universal +
:debug:main Changing to port directory: /opt/local/var/macports/sources/rsync.macports.org/release/ports/devel/gettext
:debug:main OS darwin/12.0.0 (Mac OS X 10.8) arch i386
:debug:main org.macports.load registered provides 'load', a pre-existing procedure. Target override will not be provided
:debug:main org.macports.unload registered provides 'unload', a pre-existing procedure. Target override will not be provided
:debug:main org.macports.distfiles registered provides 'distfiles', a pre-existing procedure. Target override will not be provided
:debug:main Using group file /opt/local/var/macports/sources/rsync.macports.org/release/ports/_resources/port1.0/group/muniversal-1.0.tcl
:debug:main Reading variant descriptions from /opt/local/var/macports/sources/rsync.macports.org/release/ports/_resources/port1.0/variant_descriptions.conf
:debug:main Using group file /opt/local/var/macports/sources/rsync.macports.org/release/ports/_resources/port1.0/group/archcheck-1.0.tcl
:debug:main universal variant already exists, so not adding the default one
:debug:main Executing variant universal provides universal
:debug:main No need to upgrade! gettext 0.18.1.1_2 >= gettext 0.18.1.1_2
:debug:main epoch: in tree: 0 installed: 0
:debug:main ncurses 5.9_1 exists in the ports tree
:debug:main ncurses 5.9_1  is the latest installed
:debug:main ncurses 5.9_1 +universal is active
:debug:main Merging existing variants '+universal' into variants
:debug:main new fully merged portvariants: universal +
:debug:main Changing to port directory: /opt/local/var/macports/sources/rsync.macports.org/release/ports/devel/ncurses
:debug:main OS darwin/12.0.0 (Mac OS X 10.8) arch i386
:debug:main org.macports.load registered provides 'load', a pre-existing procedure. Target override will not be provided
:debug:main org.macports.unload registered provides 'unload', a pre-existing procedure. Target override will not be provided
:debug:main org.macports.distfiles registered provides 'distfiles', a pre-existing procedure. Target override will not be provided
:debug:main adding the default universal variant
:debug:main Reading variant descriptions from /opt/local/var/macports/sources/rsync.macports.org/release/ports/_resources/port1.0/variant_descriptions.conf
:debug:main Executing variant universal provides universal
:debug:main No need to upgrade! ncurses 5.9_1 >= ncurses 5.9_1
:debug:main epoch: in tree: 1 installed: 1
:debug:main openssl 1.0.1c_0 exists in the ports tree
:debug:main openssl 1.0.1c_0  is the latest installed
:debug:main openssl 1.0.1c_0 +universal is active
:debug:main Merging existing variants '+universal' into variants
:debug:main new fully merged portvariants: universal +
:debug:main Changing to port directory: /opt/local/var/macports/sources/rsync.macports.org/release/ports/devel/openssl
:debug:main OS darwin/12.0.0 (Mac OS X 10.8) arch i386
:debug:main org.macports.load registered provides 'load', a pre-existing procedure. Target override will not be provided
:debug:main org.macports.unload registered provides 'unload', a pre-existing procedure. Target override will not be provided
:debug:main org.macports.distfiles registered provides 'distfiles', a pre-existing procedure. Target override will not be provided
:debug:main Using group file /opt/local/var/macports/sources/rsync.macports.org/release/ports/_resources/port1.0/group/muniversal-1.0.tcl
:debug:main Reading variant descriptions from /opt/local/var/macports/sources/rsync.macports.org/release/ports/_resources/port1.0/variant_descriptions.conf
:debug:main universal variant already exists, so not adding the default one
:debug:main Executing variant universal provides universal
:debug:main No need to upgrade! openssl 1.0.1c_0 >= openssl 1.0.1c_0
:debug:main epoch: in tree: 0 installed: 0
:debug:main sqlite3 3.7.13_0 exists in the ports tree
:debug:main sqlite3 3.7.13_0  is the latest installed
:debug:main sqlite3 3.7.13_0 +universal is active
:debug:main Merging existing variants '+universal' into variants
:debug:main new fully merged portvariants: universal +
:debug:main Changing to port directory: /opt/local/var/macports/sources/rsync.macports.org/release/ports/databases/sqlite3
:debug:main OS darwin/12.0.0 (Mac OS X 10.8) arch i386
:debug:main org.macports.load registered provides 'load', a pre-existing procedure. Target override will not be provided
:debug:main org.macports.unload registered provides 'unload', a pre-existing procedure. Target override will not be provided
:debug:main org.macports.distfiles registered provides 'distfiles', a pre-existing procedure. Target override will not be provided
:debug:main adding the default universal variant
:debug:main Reading variant descriptions from /opt/local/var/macports/sources/rsync.macports.org/release/ports/_resources/port1.0/variant_descriptions.conf
:debug:main Executing variant universal provides universal
:debug:main No need to upgrade! sqlite3 3.7.13_0 >= sqlite3 3.7.13_0
:debug:main epoch: in tree: 20090923 installed: 20090923
:debug:main libedit 20120601-3.0_0 exists in the ports tree
:debug:main libedit 20120601-3.0_0  is the latest installed
:debug:main libedit 20120601-3.0_0 +universal is active
:debug:main Merging existing variants '+universal' into variants
:debug:main new fully merged portvariants: universal +
:debug:main Changing to port directory: /opt/local/var/macports/sources/rsync.macports.org/release/ports/devel/libedit
:debug:main OS darwin/12.0.0 (Mac OS X 10.8) arch i386
:debug:main org.macports.load registered provides 'load', a pre-existing procedure. Target override will not be provided
:debug:main org.macports.unload registered provides 'unload', a pre-existing procedure. Target override will not be provided
:debug:main org.macports.distfiles registered provides 'distfiles', a pre-existing procedure. Target override will not be provided
:debug:main Using group file /opt/local/var/macports/sources/rsync.macports.org/release/ports/_resources/port1.0/group/muniversal-1.0.tcl
:debug:main Reading variant descriptions from /opt/local/var/macports/sources/rsync.macports.org/release/ports/_resources/port1.0/variant_descriptions.conf
:debug:main universal variant already exists, so not adding the default one
:debug:main Executing variant universal provides universal
:debug:main No need to upgrade! libedit 20120601-3.0_0 >= libedit 20120601-3.0_0
:debug:main epoch: in tree: 0 installed: 0
:debug:main db46 4.6.21_6 exists in the ports tree
:debug:main db46 4.6.21_6  is the latest installed
:debug:main db46 4.6.21_6 +universal is active
:debug:main Merging existing variants '+universal' into variants
:debug:main new fully merged portvariants: universal +
:debug:main Changing to port directory: /opt/local/var/macports/sources/rsync.macports.org/release/ports/databases/db46
:debug:main OS darwin/12.0.0 (Mac OS X 10.8) arch i386
:debug:main org.macports.load registered provides 'load', a pre-existing procedure. Target override will not be provided
:debug:main org.macports.unload registered provides 'unload', a pre-existing procedure. Target override will not be provided
:debug:main org.macports.distfiles registered provides 'distfiles', a pre-existing procedure. Target override will not be provided
:debug:main Using group file /opt/local/var/macports/sources/rsync.macports.org/release/ports/_resources/port1.0/group/muniversal-1.0.tcl
:debug:main Reading variant descriptions from /opt/local/var/macports/sources/rsync.macports.org/release/ports/_resources/port1.0/variant_descriptions.conf
:debug:main universal variant already exists, so not adding the default one
:debug:main Executing variant universal provides universal
:debug:main No need to upgrade! db46 4.6.21_6 >= db46 4.6.21_6
:debug:main epoch: in tree: 0 installed: 0
:debug:main bzip2 1.0.6_0 exists in the ports tree
:debug:main bzip2 1.0.6_0  is the latest installed
:debug:main bzip2 1.0.6_0 +universal is active
:debug:main Merging existing variants '+universal' into variants
:debug:main new fully merged portvariants: universal +
:debug:main Changing to port directory: /opt/local/var/macports/sources/rsync.macports.org/release/ports/archivers/bzip2
:debug:main OS darwin/12.0.0 (Mac OS X 10.8) arch i386
:debug:main org.macports.load registered provides 'load', a pre-existing procedure. Target override will not be provided
:debug:main org.macports.unload registered provides 'unload', a pre-existing procedure. Target override will not be provided
:debug:main org.macports.distfiles registered provides 'distfiles', a pre-existing procedure. Target override will not be provided
:debug:main Reading variant descriptions from /opt/local/var/macports/sources/rsync.macports.org/release/ports/_resources/port1.0/variant_descriptions.conf
:debug:main universal variant already exists, so not adding the default one
:debug:main Executing variant universal provides universal
:debug:main No need to upgrade! bzip2 1.0.6_0 >= bzip2 1.0.6_0
:debug:main epoch: in tree: 0 installed: 0
:debug:main python_select 0.3_1 exists in the ports tree
:debug:main python_select 0.3_1  is the latest installed
:debug:main python_select 0.3_1  is active
:debug:main Merging existing variants '' into variants
:debug:main new fully merged portvariants: 
:debug:main Changing to port directory: /opt/local/var/macports/sources/rsync.macports.org/release/ports/sysutils/python_select
:debug:main OS darwin/12.0.0 (Mac OS X 10.8) arch i386
:debug:main org.macports.load registered provides 'load', a pre-existing procedure. Target override will not be provided
:debug:main org.macports.unload registered provides 'unload', a pre-existing procedure. Target override will not be provided
:debug:main org.macports.distfiles registered provides 'distfiles', a pre-existing procedure. Target override will not be provided
:debug:main Using group file /opt/local/var/macports/sources/rsync.macports.org/release/ports/_resources/port1.0/group/select-1.0.tcl
:debug:main universal_variant is false, so not adding the default universal variant
:debug:main No need to upgrade! python_select 0.3_1 >= python_select 0.3_1
:debug:main epoch: in tree: 0 installed: 0
:debug:main xorg-libpthread-stubs 0.3_0 exists in the ports tree
:debug:main xorg-libpthread-stubs 0.3_0  is the latest installed
:debug:main xorg-libpthread-stubs 0.3_0  is active
:debug:main Merging existing variants '' into variants
:debug:main new fully merged portvariants: 
:debug:main Changing to port directory: /opt/local/var/macports/sources/rsync.macports.org/release/ports/x11/xorg-libpthread-stubs
:debug:main OS darwin/12.0.0 (Mac OS X 10.8) arch i386
:debug:main org.macports.load registered provides 'load', a pre-existing procedure. Target override will not be provided
:debug:main org.macports.unload registered provides 'unload', a pre-existing procedure. Target override will not be provided
:debug:main org.macports.distfiles registered provides 'distfiles', a pre-existing procedure. Target override will not be provided
:debug:main only one arch supported, so not adding the default universal variant
:debug:main No need to upgrade! xorg-libpthread-stubs 0.3_0 >= xorg-libpthread-stubs 0.3_0
:debug:main epoch: in tree: 0 installed: 0
:debug:main xorg-kbproto 1.0.6_0 exists in the ports tree
:debug:main xorg-kbproto 1.0.6_0  is the latest installed
:debug:main xorg-kbproto 1.0.6_0  is active
:debug:main Merging existing variants '' into variants
:debug:main new fully merged portvariants: 
:debug:main Changing to port directory: /opt/local/var/macports/sources/rsync.macports.org/release/ports/x11/xorg-kbproto
:debug:main OS darwin/12.0.0 (Mac OS X 10.8) arch i386
:debug:main org.macports.load registered provides 'load', a pre-existing procedure. Target override will not be provided
:debug:main org.macports.unload registered provides 'unload', a pre-existing procedure. Target override will not be provided
:debug:main org.macports.distfiles registered provides 'distfiles', a pre-existing procedure. Target override will not be provided
:debug:main only one arch supported, so not adding the default universal variant
:debug:main No need to upgrade! xorg-kbproto 1.0.6_0 >= xorg-kbproto 1.0.6_0
:debug:main epoch: in tree: 0 installed: 0
:debug:main xorg-xextproto 7.2.1_0 exists in the ports tree
:debug:main xorg-xextproto 7.2.1_0  is the latest installed
:debug:main xorg-xextproto 7.2.1_0  is active
:debug:main Merging existing variants '' into variants
:debug:main new fully merged portvariants: 
:debug:main Changing to port directory: /opt/local/var/macports/sources/rsync.macports.org/release/ports/x11/xorg-xextproto
:debug:main OS darwin/12.0.0 (Mac OS X 10.8) arch i386
:debug:main org.macports.load registered provides 'load', a pre-existing procedure. Target override will not be provided
:debug:main org.macports.unload registered provides 'unload', a pre-existing procedure. Target override will not be provided
:debug:main org.macports.distfiles registered provides 'distfiles', a pre-existing procedure. Target override will not be provided
:debug:main only one arch supported, so not adding the default universal variant
:debug:main No need to upgrade! xorg-xextproto 7.2.1_0 >= xorg-xextproto 7.2.1_0
:debug:main epoch: in tree: 0 installed: 0
:debug:main xorg-libXrandr 1.3.2_0 exists in the ports tree
:debug:main xorg-libXrandr 1.3.2_0  is the latest installed
:debug:main xorg-libXrandr 1.3.2_0 +universal is active
:debug:main Merging existing variants '+universal' into variants
:debug:main new fully merged portvariants: universal +
:debug:main Changing to port directory: /opt/local/var/macports/sources/rsync.macports.org/release/ports/x11/xorg-libXrandr
:debug:main OS darwin/12.0.0 (Mac OS X 10.8) arch i386
:debug:main org.macports.load registered provides 'load', a pre-existing procedure. Target override will not be provided
:debug:main org.macports.unload registered provides 'unload', a pre-existing procedure. Target override will not be provided
:debug:main org.macports.distfiles registered provides 'distfiles', a pre-existing procedure. Target override will not be provided
:debug:main adding the default universal variant
:debug:main Reading variant descriptions from /opt/local/var/macports/sources/rsync.macports.org/release/ports/_resources/port1.0/variant_descriptions.conf
:debug:main Executing variant universal provides universal
:debug:main No need to upgrade! xorg-libXrandr 1.3.2_0 >= xorg-libXrandr 1.3.2_0
:debug:main epoch: in tree: 0 installed: 0
:debug:main xrender 0.9.7_0 exists in the ports tree
:debug:main xrender 0.9.7_0  is the latest installed
:debug:main xrender 0.9.7_0 +universal is active
:debug:main Merging existing variants '+universal' into variants
:debug:main new fully merged portvariants: universal +
:debug:main Changing to port directory: /opt/local/var/macports/sources/rsync.macports.org/release/ports/x11/xrender
:debug:main OS darwin/12.0.0 (Mac OS X 10.8) arch i386
:debug:main org.macports.load registered provides 'load', a pre-existing procedure. Target override will not be provided
:debug:main org.macports.unload registered provides 'unload', a pre-existing procedure. Target override will not be provided
:debug:main org.macports.distfiles registered provides 'distfiles', a pre-existing procedure. Target override will not be provided
:debug:main adding the default universal variant
:debug:main Reading variant descriptions from /opt/local/var/macports/sources/rsync.macports.org/release/ports/_resources/port1.0/variant_descriptions.conf
:debug:main Executing variant universal provides universal
:debug:main No need to upgrade! xrender 0.9.7_0 >= xrender 0.9.7_0
:debug:main epoch: in tree: 0 installed: 0
:debug:main xorg-renderproto 0.11.1_0 exists in the ports tree
:debug:main xorg-renderproto 0.11.1_0  is the latest installed
:debug:main xorg-renderproto 0.11.1_0  is active
:debug:main Merging existing variants '' into variants
:debug:main new fully merged portvariants: 
:debug:main Changing to port directory: /opt/local/var/macports/sources/rsync.macports.org/release/ports/x11/xorg-renderproto
:debug:main OS darwin/12.0.0 (Mac OS X 10.8) arch i386
:debug:main org.macports.load registered provides 'load', a pre-existing procedure. Target override will not be provided
:debug:main org.macports.unload registered provides 'unload', a pre-existing procedure. Target override will not be provided
:debug:main org.macports.distfiles registered provides 'distfiles', a pre-existing procedure. Target override will not be provided
:debug:main only one arch supported, so not adding the default universal variant
:debug:main No need to upgrade! xorg-renderproto 0.11.1_0 >= xorg-renderproto 0.11.1_0
:debug:main epoch: in tree: 0 installed: 0
:debug:main xorg-randrproto 1.4.0_0 exists in the ports tree
:debug:main xorg-randrproto 1.4.0_0  is the latest installed
:debug:main xorg-randrproto 1.4.0_0  is active
:debug:main Merging existing variants '' into variants
:debug:main new fully merged portvariants: 
:debug:main Changing to port directory: /opt/local/var/macports/sources/rsync.macports.org/release/ports/x11/xorg-randrproto
:debug:main OS darwin/12.0.0 (Mac OS X 10.8) arch i386
:debug:main org.macports.load registered provides 'load', a pre-existing procedure. Target override will not be provided
:debug:main org.macports.unload registered provides 'unload', a pre-existing procedure. Target override will not be provided
:debug:main org.macports.distfiles registered provides 'distfiles', a pre-existing procedure. Target override will not be provided
:debug:main only one arch supported, so not adding the default universal variant
:debug:main No need to upgrade! xorg-randrproto 1.4.0_0 >= xorg-randrproto 1.4.0_0
:debug:main epoch: in tree: 0 installed: 0
:debug:main libsdl_mixer 1.2.12_0 exists in the ports tree
:debug:main libsdl_mixer 1.2.12_0 +universal is the latest installed
:debug:main libsdl_mixer 1.2.12_0 +universal is active
:debug:main Merging existing variants '+universal' into variants
:debug:main new fully merged portvariants: universal +
:debug:main Changing to port directory: /opt/local/var/macports/sources/rsync.macports.org/release/ports/audio/libsdl_mixer
:debug:main OS darwin/12.0.0 (Mac OS X 10.8) arch i386
:debug:main org.macports.load registered provides 'load', a pre-existing procedure. Target override will not be provided
:debug:main org.macports.unload registered provides 'unload', a pre-existing procedure. Target override will not be provided
:debug:main org.macports.distfiles registered provides 'distfiles', a pre-existing procedure. Target override will not be provided
:debug:main adding the default universal variant
:debug:main Reading variant descriptions from /opt/local/var/macports/sources/rsync.macports.org/release/ports/_resources/port1.0/variant_descriptions.conf
:debug:main Executing variant universal provides universal
:debug:main No need to upgrade! libsdl_mixer 1.2.12_0 >= libsdl_mixer 1.2.12_0
:debug:main epoch: in tree: 0 installed: 0
:debug:main flac 1.2.1_1 exists in the ports tree
:debug:main flac 1.2.1_1 +universal is the latest installed
:debug:main flac 1.2.1_1 +universal is active
:debug:main Merging existing variants '+universal' into variants
:debug:main new fully merged portvariants: universal +
:debug:main Changing to port directory: /opt/local/var/macports/sources/rsync.macports.org/release/ports/audio/flac
:debug:main OS darwin/12.0.0 (Mac OS X 10.8) arch i386
:debug:main org.macports.load registered provides 'load', a pre-existing procedure. Target override will not be provided
:debug:main org.macports.unload registered provides 'unload', a pre-existing procedure. Target override will not be provided
:debug:main org.macports.distfiles registered provides 'distfiles', a pre-existing procedure. Target override will not be provided
:debug:main adding the default universal variant
:debug:main Reading variant descriptions from /opt/local/var/macports/sources/rsync.macports.org/release/ports/_resources/port1.0/variant_descriptions.conf
:debug:main Executing variant universal provides universal
:debug:main No need to upgrade! flac 1.2.1_1 >= flac 1.2.1_1
:debug:main epoch: in tree: 0 installed: 0
:debug:main libogg 1.3.0_1 exists in the ports tree
:debug:main libogg 1.3.0_1 +universal is the latest installed
:debug:main libogg 1.3.0_1 +universal is active
:debug:main Merging existing variants '+universal' into variants
:debug:main new fully merged portvariants: universal +
:debug:main Changing to port directory: /opt/local/var/macports/sources/rsync.macports.org/release/ports/multimedia/libogg
:debug:main OS darwin/12.0.0 (Mac OS X 10.8) arch i386
:debug:main org.macports.load registered provides 'load', a pre-existing procedure. Target override will not be provided
:debug:main org.macports.unload registered provides 'unload', a pre-existing procedure. Target override will not be provided
:debug:main org.macports.distfiles registered provides 'distfiles', a pre-existing procedure. Target override will not be provided
:debug:main adding the default universal variant
:debug:main Reading variant descriptions from /opt/local/var/macports/sources/rsync.macports.org/release/ports/_resources/port1.0/variant_descriptions.conf
:debug:main Executing variant universal provides universal
:debug:main No need to upgrade! libogg 1.3.0_1 >= libogg 1.3.0_1
:debug:main epoch: in tree: 0 installed: 0
:debug:main smpeg 0.4.4_9 exists in the ports tree
:debug:main smpeg 0.4.4_9 +universal is the latest installed
:debug:main smpeg 0.4.4_9 +universal is active
:debug:main Merging existing variants '+universal' into variants
:debug:main new fully merged portvariants: universal +
:debug:main Changing to port directory: /opt/local/var/macports/sources/rsync.macports.org/release/ports/multimedia/smpeg
:debug:main OS darwin/12.0.0 (Mac OS X 10.8) arch i386
:debug:main org.macports.load registered provides 'load', a pre-existing procedure. Target override will not be provided
:debug:main org.macports.unload registered provides 'unload', a pre-existing procedure. Target override will not be provided
:debug:main org.macports.distfiles registered provides 'distfiles', a pre-existing procedure. Target override will not be provided
:debug:main adding the default universal variant
:debug:main Reading variant descriptions from /opt/local/var/macports/sources/rsync.macports.org/release/ports/_resources/port1.0/variant_descriptions.conf
:debug:main Executing variant universal provides universal
:debug:main No need to upgrade! smpeg 0.4.4_9 >= smpeg 0.4.4_9
:debug:main epoch: in tree: 0 installed: 0
:debug:main libvorbis 1.3.3_0 exists in the ports tree
:debug:main libvorbis 1.3.3_0 +universal is the latest installed
:debug:main libvorbis 1.3.3_0 +universal is active
:debug:main Merging existing variants '+universal' into variants
:debug:main new fully merged portvariants: universal +
:debug:main Changing to port directory: /opt/local/var/macports/sources/rsync.macports.org/release/ports/audio/libvorbis
:debug:main OS darwin/12.0.0 (Mac OS X 10.8) arch i386
:debug:main org.macports.load registered provides 'load', a pre-existing procedure. Target override will not be provided
:debug:main org.macports.unload registered provides 'unload', a pre-existing procedure. Target override will not be provided
:debug:main org.macports.distfiles registered provides 'distfiles', a pre-existing procedure. Target override will not be provided
:debug:main Using group file /opt/local/var/macports/sources/rsync.macports.org/release/ports/_resources/port1.0/group/muniversal-1.0.tcl
:debug:main Reading variant descriptions from /opt/local/var/macports/sources/rsync.macports.org/release/ports/_resources/port1.0/variant_descriptions.conf
:debug:main universal variant already exists, so not adding the default one
:debug:main Executing variant universal provides universal
:debug:main No need to upgrade! libvorbis 1.3.3_0 >= libvorbis 1.3.3_0
:debug:main epoch: in tree: 0 installed: 0
:debug:main libmikmod 3.2.0-beta2_2 exists in the ports tree
:debug:main libmikmod 3.2.0-beta2_2 +universal is the latest installed
:debug:main libmikmod 3.2.0-beta2_2 +universal is active
:debug:main Merging existing variants '+universal' into variants
:debug:main new fully merged portvariants: universal +
:debug:main Changing to port directory: /opt/local/var/macports/sources/rsync.macports.org/release/ports/audio/libmikmod
:debug:main OS darwin/12.0.0 (Mac OS X 10.8) arch i386
:debug:main org.macports.load registered provides 'load', a pre-existing procedure. Target override will not be provided
:debug:main org.macports.unload registered provides 'unload', a pre-existing procedure. Target override will not be provided
:debug:main org.macports.distfiles registered provides 'distfiles', a pre-existing procedure. Target override will not be provided
:debug:main Using group file /opt/local/var/macports/sources/rsync.macports.org/release/ports/_resources/port1.0/group/muniversal-1.0.tcl
:debug:main Reading variant descriptions from /opt/local/var/macports/sources/rsync.macports.org/release/ports/_resources/port1.0/variant_descriptions.conf
:debug:main universal variant already exists, so not adding the default one
:debug:main Executing variant universal provides universal
:debug:main No need to upgrade! libmikmod 3.2.0-beta2_2 >= libmikmod 3.2.0-beta2_2
:msg:main --->  Computing dependencies for wxWidgets:info:main .:debug:main Checking for conflicts against wxWidgets
:debug:main Searching for dependency: wxgtk
:debug:main Didn't find receipt, going to depspec regex for: wxgtk
:debug:main Searching for dependency: wxWidgets-python
:debug:main Didn't find receipt, going to depspec regex for: wxWidgets-python
:debug:main Searching for dependency: jpeg
:debug:main Found Dependency: receipt exists for jpeg
:debug:main Searching for dependency: tiff
:debug:main Found Dependency: receipt exists for tiff
:debug:main Searching for dependency: libpng
:debug:main Found Dependency: receipt exists for libpng
:debug:main Searching for dependency: zlib
:debug:main Found Dependency: receipt exists for zlib
:debug:main Searching for dependency: libiconv
:debug:main Found Dependency: receipt exists for libiconv
:debug:main Searching for dependency: expat
:debug:main Found Dependency: receipt exists for expat
:debug:main Searching for dependency: libsdl
:debug:main Found Dependency: receipt exists for libsdl
:debug:main Searching for dependency: libsdl_mixer
:debug:main Found Dependency: receipt exists for libsdl_mixer
:msg:main 
:debug:main Executing org.macports.main (wxWidgets)
:debug:main changing euid/egid - current euid: 0 - current egid: 0
:debug:main egid changed to: 503
:debug:main euid changed to: 503
:debug:main Skipping completed org.macports.archivefetch (wxWidgets)
:debug:main Privilege de-escalation not attempted as not running as root.
:debug:main Skipping completed org.macports.fetch (wxWidgets)
:debug:main Privilege de-escalation not attempted as not running as root.
:debug:main Skipping completed org.macports.checksum (wxWidgets)
:debug:main Privilege de-escalation not attempted as not running as root.
:debug:main Skipping completed org.macports.extract (wxWidgets)
:debug:main Privilege de-escalation not attempted as not running as root.
:debug:main Skipping completed org.macports.patch (wxWidgets)
:debug:main Privilege de-escalation not attempted as not running as root.
:debug:main Skipping completed org.macports.configure (wxWidgets)
:debug:main Privilege de-escalation not attempted as not running as root.
:debug:build build phase started at Mon Jul 30 14:51:56 EDT 2012
:notice:build --->  Building wxWidgets
:debug:build Executing org.macports.build (wxWidgets)
:debug:build port disallows a parallel build
:debug:build Environment: CPATH='/opt/local/include' CC_PRINT_OPTIONS_FILE='/opt/local/var/macports/build/_opt_local_var_macports_sources_rsync.macports.org_release_ports_graphics_wxWidgets/wxWidgets/work/.CC_PRINT_OPTIONS' LIBRARY_PATH='/opt/local/lib' CC_PRINT_OPTIONS='YES' MACOSX_DEPLOYMENT_TARGET='10.8'
:debug:build Assembled command: 'cd "/opt/local/var/macports/build/_opt_local_var_macports_sources_rsync.macports.org_release_ports_graphics_wxWidgets/wxWidgets/work/wxWidgets-2.8.12/build" && /usr/bin/make -w'
:debug:build Executing command line:  cd "/opt/local/var/macports/build/_opt_local_var_macports_sources_rsync.macports.org_release_ports_graphics_wxWidgets/wxWidgets/work/wxWidgets-2.8.12/build" && /usr/bin/make -w 
:info:build make: Entering directory `/opt/local/var/macports/build/_opt_local_var_macports_sources_rsync.macports.org_release_ports_graphics_wxWidgets/wxWidgets/work/wxWidgets-2.8.12/build'
:info:build /opt/local/var/macports/build/_opt_local_var_macports_sources_rsync.macports.org_release_ports_graphics_wxWidgets/wxWidgets/work/wxWidgets-2.8.12/build/bk-deps /usr/bin/llvm-g++-4.2 -c -o basedll_dynlib.o -I./.pch/wxprec_basedll -D__WXMAC__     -DWXBUILDING      -I../src/regex  -DwxUSE_GUI=0 -DWXMAKINGDLL_BASE -DwxUSE_BASE=1 -dynamic -fPIC -DPIC -D_FILE_OFFSET_BITS=64 -D_LARGE_FILES -I/opt/local/var/macports/build/_opt_local_var_macports_sources_rsync.macports.org_release_ports_graphics_wxWidgets/wxWidgets/work/wxWidgets-2.8.12/build/lib/wx/include/mac-unicode-release-2.8 -I../include -fpascal-strings -I../src/mac/carbon/morefilex -I/Developer/Headers/FlatCarbon -I/opt/local/include -arch i386 -I/opt/local/include -DWX_PRECOMP -Wall -Wundef -Wno-ctor-dtor-privacy -O2 -fno-strict-aliasing -I/opt/local/include/SDL -D_GNU_SOURCE=1 -D_THREAD_SAFE -pipe -O2 -arch i386 -fno-common ../src/common/dynlib.cpp
:info:build In file included from ../include/wx/mac/private.h:4,
:info:build                  from ../src/common/dynlib.cpp:48:
:info:build ../include/wx/mac/carbon/private.h:1459: error: Cursor does not name a type
:info:build ../include/wx/mac/carbon/private.h:1488: error: ClassicCursor does not name a type
:info:build make: *** [basedll_dynlib.o] Error 1
:info:build make: Leaving directory `/opt/local/var/macports/build/_opt_local_var_macports_sources_rsync.macports.org_release_ports_graphics_wxWidgets/wxWidgets/work/wxWidgets-2.8.12/build'
:info:build Command failed:  cd "/opt/local/var/macports/build/_opt_local_var_macports_sources_rsync.macports.org_release_ports_graphics_wxWidgets/wxWidgets/work/wxWidgets-2.8.12/build" && /usr/bin/make -w 
:info:build Exit code: 2
:error:build org.macports.build for port wxWidgets returned: command execution failed
:debug:build Error code: CHILDSTATUS 91329 2
:debug:build Backtrace: command execution failed
    while executing
"system -nice 0 $fullcmdstring"
    ("eval" body line 1)
    invoked from within
"eval system $notty $nice \$fullcmdstring"
    invoked from within
"command_exec build"
    (procedure "portbuild::build_main" line 8)
    invoked from within
"$procedure $targetname"
:info:build Warning: targets not executed for wxWidgets: org.macports.activate org.macports.build org.macports.destroot org.macports.install
:notice:build Please see the log file for port wxWidgets for details:
    /opt/local/var/macports/logs/_opt_local_var_macports_sources_rsync.macports.org_release_ports_graphics_wxWidgets/wxWidgets/main.log
