Process:         Hugin [7239]
Path:            /Users/axel/Downloads/Hugin.app/Contents/MacOS/Hugin
Identifier:      net.sourceforge.hugin.Hugin
Version:         0.7.0-svn2766 (2766)
Code Type:       X86 (Native)
Parent Process:  launchd [85]

Date/Time:       2008-05-27 23:52:27.808 +0200
OS Version:      Mac OS X 10.5.2 (9C7010)
Report Version:  6

Exception Type:  EXC_BAD_ACCESS (SIGSEGV)
Exception Codes: KERN_INVALID_ADDRESS at 0x000000007d0783a9
Crashed Thread:  0

Thread 0 Crashed:
0   libwx_macu-2.8.0.4.0.dylib    	0x02816908 wxMacDataBrowserListCtrlControl::MacSetColumnInfo(unsigned int, unsigned int, wxListItem*) + 72
1   libwx_macu-2.8.0.4.0.dylib    	0x02814b1c wxListCtrl::SetItem(wxListItem&) + 92
2   libwx_macu-2.8.0.4.0.dylib    	0x02818260 wxListCtrl::SetItemState(long, long, long) + 320
3   net.sourceforge.hugin.Hugin   	0x0000ed7c CPEditorPanel::SelectLocalPoint(unsigned int) + 540 (CPEditorPanel.cpp:689)
4   net.sourceforge.hugin.Hugin   	0x00013da0 CPEditorPanel::OnCPListSelect(wxListEvent&) + 32 (CPEditorPanel.cpp:1724)
5   libwx_macu-2.8.0.4.0.dylib    	0x027c5e22 wxEvtHandler::ProcessEventIfMatches(wxEventTableEntryBase const&, wxEvtHandler*, wxEvent&) + 114
6   libwx_macu-2.8.0.4.0.dylib    	0x027c600f wxEventHashTable::HandleEvent(wxEvent&, wxEvtHandler*) + 111
7   libwx_macu-2.8.0.4.0.dylib    	0x027c65df wxEvtHandler::ProcessEvent(wxEvent&) + 207
8   libwx_macu-2.8.0.4.0.dylib    	0x02903009 wxWindowBase::TryParent(wxEvent&) + 105
9   libwx_macu-2.8.0.4.0.dylib    	0x027c658c wxEvtHandler::ProcessEvent(wxEvent&) + 124
10  libwx_macu-2.8.0.4.0.dylib    	0x02903009 wxWindowBase::TryParent(wxEvent&) + 105
11  libwx_macu-2.8.0.4.0.dylib    	0x027c658c wxEvtHandler::ProcessEvent(wxEvent&) + 124
12  libwx_macu-2.8.0.4.0.dylib    	0x027c657c wxEvtHandler::ProcessEvent(wxEvent&) + 108
13  libwx_macu-2.8.0.4.0.dylib    	0x0293348d wxScrollHelperEvtHandler::ProcessEvent(wxEvent&) + 45
14  libwx_macu-2.8.0.4.0.dylib    	0x02903009 wxWindowBase::TryParent(wxEvent&) + 105
15  libwx_macu-2.8.0.4.0.dylib    	0x027c658c wxEvtHandler::ProcessEvent(wxEvent&) + 124
16  libwx_macu-2.8.0.4.0.dylib    	0x027c6b96 wxEvtHandler::ProcessPendingEvents() + 102
17  libwx_macu-2.8.0.4.0.dylib    	0x02733549 wxAppConsole::ProcessPendingEvents() + 105
18  com.apple.CoreFoundation      	0x90aca62e CFRunLoopRunSpecific + 3166
19  com.apple.CoreFoundation      	0x90acad18 CFRunLoopRunInMode + 88
20  com.apple.HIToolbox           	0x953e06a0 RunCurrentEventLoopInMode + 283
21  com.apple.HIToolbox           	0x953e03f2 ReceiveNextEventCommon + 175
22  com.apple.HIToolbox           	0x9543f1fe _AcquireNextEvent + 58
23  com.apple.HIToolbox           	0x954990c9 _TrackMouseLocationOrAreaReturningEvent + 571
24  com.apple.HIToolbox           	0x95498e1c TrackMouseLocationWithOptions + 94
25  com.apple.HIToolbox           	0x954ea410 TBrowserView::TrackSelection(Point, bool, Rect const*, UPoint32 const*) + 448
26  com.apple.HIToolbox           	0x954e6bda TBrowserView::TrackMouse(short&, Point, long, unsigned short) + 818
27  com.apple.HIToolbox           	0x954e689d TListView::TrackMouse(short&, Point, long, unsigned short) + 1131
28  com.apple.HIToolbox           	0x954e61eb TBrowserView::Track(Point, long, unsigned short) + 441
29  com.apple.HIToolbox           	0x954e5ffd TBrowser::Track(Point, long, unsigned short) + 99
30  com.apple.HIToolbox           	0x954d1542 TBrowser::EventHandlerProc(OpaqueEventHandlerCallRef*, OpaqueEventRef*, void*) + 5126
31  com.apple.HIToolbox           	0x953b7fc3 DispatchEventToHandlers(EventTargetRec*, OpaqueEventRef*, HandlerCallRec*) + 1181
32  com.apple.HIToolbox           	0x953b73fd SendEventToEventTargetInternal(OpaqueEventRef*, OpaqueEventTargetRef*, HandlerCallRec*) + 405
33  com.apple.HIToolbox           	0x953b7262 SendEventToEventTargetWithOptions + 58
34  com.apple.HIToolbox           	0x954982c8 SendControlDefTrack(HIView*, CGPoint const&, unsigned long*, void (*)(OpaqueControlRef*, short), OpaqueEventRef*, short*) + 310
35  com.apple.HIToolbox           	0x954980ec HIView::ClickInternal(CGPoint const&, unsigned long, void (*)(OpaqueControlRef*, short), OpaqueEventRef*, bool) + 126
36  com.apple.HIToolbox           	0x95484922 HIView::ClickSelf(OpaqueEventRef*) + 370
37  com.apple.HIToolbox           	0x953c66c9 HIView::EventHandler(OpaqueEventHandlerCallRef*, OpaqueEventRef*, void*) + 2391
38  com.apple.HIToolbox           	0x953b7fc3 DispatchEventToHandlers(EventTargetRec*, OpaqueEventRef*, HandlerCallRec*) + 1181
39  com.apple.HIToolbox           	0x953b73fd SendEventToEventTargetInternal(OpaqueEventRef*, OpaqueEventTargetRef*, HandlerCallRec*) + 405
40  com.apple.HIToolbox           	0x953d3e0e SendEventToEventTarget + 52
41  com.apple.HIToolbox           	0x95481f4f HIView::Click(OpaqueEventRef*) + 329
42  com.apple.HIToolbox           	0x95481db1 HandleClickAsHIView(OpaqueWindowPtr*, OpaqueEventRef*) + 151
43  com.apple.HIToolbox           	0x95481741 HandleWindowClick(OpaqueWindowPtr*, Point, short, unsigned long, OpaqueEventRef*) + 505
44  com.apple.HIToolbox           	0x95481533 HandleMouseEvent(OpaqueEventHandlerCallRef*, OpaqueEventRef*) + 791
45  com.apple.HIToolbox           	0x9543ccaa StandardWindowEventHandler(OpaqueEventHandlerCallRef*, OpaqueEventRef*, void*) + 96
46  com.apple.HIToolbox           	0x953b7fc3 DispatchEventToHandlers(EventTargetRec*, OpaqueEventRef*, HandlerCallRec*) + 1181
47  com.apple.HIToolbox           	0x953b73fd SendEventToEventTargetInternal(OpaqueEventRef*, OpaqueEventTargetRef*, HandlerCallRec*) + 405
48  com.apple.HIToolbox           	0x953d3e0e SendEventToEventTarget + 52
49  com.apple.HIToolbox           	0x953e6874 ToolboxEventDispatcherHandler(OpaqueEventHandlerCallRef*, OpaqueEventRef*, void*) + 1208
50  com.apple.HIToolbox           	0x953b837c DispatchEventToHandlers(EventTargetRec*, OpaqueEventRef*, HandlerCallRec*) + 2134
51  com.apple.HIToolbox           	0x953b73fd SendEventToEventTargetInternal(OpaqueEventRef*, OpaqueEventTargetRef*, HandlerCallRec*) + 405
52  com.apple.HIToolbox           	0x953d3e0e SendEventToEventTarget + 52
53  libwx_macu-2.8.0.4.0.dylib    	0x027e9666 wxApp::MacHandleOneEvent(void*) + 38
54  libwx_macu-2.8.0.4.0.dylib    	0x027e973d wxApp::MacDoOneEvent() + 125
55  libwx_macu-2.8.0.4.0.dylib    	0x0280a3f2 wxEventLoop::Dispatch() + 34
56  libwx_macu-2.8.0.4.0.dylib    	0x028b020f wxEventLoopManual::Run() + 111
57  libwx_macu-2.8.0.4.0.dylib    	0x0288b8d0 wxAppBase::MainLoop() + 80
58  libwx_macu-2.8.0.4.0.dylib    	0x0276f14a wxEntry(int&, wchar_t**) + 106
59  net.sourceforge.hugin.Hugin   	0x000318a8 main + 24 (app.h:82)
60  net.sourceforge.hugin.Hugin   	0x00002512 _start + 216
61  net.sourceforge.hugin.Hugin   	0x00002439 start + 41

Thread 1:
0   libSystem.B.dylib             	0x908699e6 mach_msg_trap + 10
1   libSystem.B.dylib             	0x908711dc mach_msg + 72
2   com.apple.CoreFoundation      	0x90aca0de CFRunLoopRunSpecific + 1806
3   com.apple.CoreFoundation      	0x90acad74 CFRunLoopRun + 84
4   com.apple.DesktopServices     	0x966ab46f TSystemNotificationTask::SystemNotificationTaskProc(void*) + 123
5   ...ple.CoreServices.CarbonCore	0x9491dbeb PrivateMPEntryPoint + 56
6   libSystem.B.dylib             	0x9089ac55 _pthread_start + 321
7   libSystem.B.dylib             	0x9089ab12 thread_start + 34

Thread 2:
0   libSystem.B.dylib             	0x908699e6 mach_msg_trap + 10
1   libSystem.B.dylib             	0x908711dc mach_msg + 72
2   com.apple.CoreFoundation      	0x90aca0de CFRunLoopRunSpecific + 1806
3   com.apple.CoreFoundation      	0x90acad74 CFRunLoopRun + 84
4   com.apple.DesktopServices     	0x966ab5e8 TFSEventsNotificationTask::FSEventsNotificationTaskProc(void*) + 216
5   ...ple.CoreServices.CarbonCore	0x9491dbeb PrivateMPEntryPoint + 56
6   libSystem.B.dylib             	0x9089ac55 _pthread_start + 321
7   libSystem.B.dylib             	0x9089ab12 thread_start + 34

Thread 3:
0   libSystem.B.dylib             	0x90870bce __semwait_signal + 10
1   libSystem.B.dylib             	0x9089b8cd pthread_cond_wait$UNIX2003 + 73
2   ...ple.CoreServices.CarbonCore	0x9491f9d7 TSWaitOnCondition + 126
3   ...ple.CoreServices.CarbonCore	0x948fe8fe TSWaitOnConditionTimedRelative + 202
4   ...ple.CoreServices.CarbonCore	0x9491f654 MPWaitOnQueue + 208
5   com.apple.DesktopServices     	0x966b6a7a TNodeSyncTask::SyncTaskProc(void*) + 84
6   ...ple.CoreServices.CarbonCore	0x9491dbeb PrivateMPEntryPoint + 56
7   libSystem.B.dylib             	0x9089ac55 _pthread_start + 321
8   libSystem.B.dylib             	0x9089ab12 thread_start + 34

Thread 4:
0   libSystem.B.dylib             	0x9089a4c6 kevent + 10
1   libSystem.B.dylib             	0x9089ac55 _pthread_start + 321
2   libSystem.B.dylib             	0x9089ab12 thread_start + 34

Thread 5:
0   libSystem.B.dylib             	0x908b9b3a select$DARWIN_EXTSN + 10
1   libSystem.B.dylib             	0x9089ac55 _pthread_start + 321
2   libSystem.B.dylib             	0x9089ab12 thread_start + 34

Thread 6:
0   libSystem.B.dylib             	0x90869a46 semaphore_timedwait_signal_trap + 10
1   libSystem.B.dylib             	0x9089bdaf _pthread_cond_wait + 1244
2   libSystem.B.dylib             	0x9089d633 pthread_cond_timedwait_relative_np + 47
3   com.apple.Foundation          	0x96f794fc -[NSCondition waitUntilDate:] + 236
4   com.apple.Foundation          	0x96f79310 -[NSConditionLock lockWhenCondition:beforeDate:] + 144
5   com.apple.Foundation          	0x96f79275 -[NSConditionLock lockWhenCondition:] + 69
6   com.apple.AppKit              	0x940297f0 -[NSUIHeartBeat _heartBeatThread:] + 753
7   com.apple.Foundation          	0x96f335ad -[NSThread main] + 45
8   com.apple.Foundation          	0x96f33154 __NSThread__main__ + 308
9   libSystem.B.dylib             	0x9089ac55 _pthread_start + 321
10  libSystem.B.dylib             	0x9089ab12 thread_start + 34

Thread 0 crashed with X86 Thread State (32-bit):
  eax: 0x7d07838d  ebx: 0x028168d4  ecx: 0xffffffce  edx: 0x00000000
  edi: 0x027c843a  esi: 0xbfffd900  ebp: 0xbfffd8b8  esp: 0xbfffd870
   ss: 0x0000001f  efl: 0x00010286  eip: 0x02816908   cs: 0x00000017
   ds: 0x0000001f   es: 0x0000001f   fs: 0x00000000   gs: 0x00000037
  cr2: 0x7d0783a9
