Time Awake Since Boot: 17000 seconds

System Integrity Protection: disabled

Crashed Thread:        0  Dispatch queue: com.apple.main-thread

Exception Type:        EXC_BAD_ACCESS (SIGSEGV)
Exception Codes:       EXC_I386_GPFLT
Exception Note:        EXC_CORPSE_NOTIFY

Termination Signal:    Segmentation fault: 11
Termination Reason:    Namespace SIGNAL, Code 0xb
Terminating Process:   exc handler [50379]

Thread 0 Crashed:: Dispatch queue: com.apple.main-thread
0   helpview                      	0x0000000104fe74cb wxMacCoreGraphicsBrushData::CalculateShadingValues(void*, double const*, double*) + 59 (graphics.cpp:770)
1   com.apple.CoreGraphics        	0x00007fff24f0d4ac CGFunctionEvaluate + 251
2   com.apple.CoreGraphics        	0x00007fff24f0d30f function_evaluate + 355
3   com.apple.CoreGraphics        	0x00007fff24f0caee ripc_AcquireFunction + 1028
4   com.apple.CoreGraphics        	0x00007fff24f0bd5c ripc_DrawShading + 5645
5   com.apple.CoreGraphics        	0x00007fff2526fe9e CG::DisplayListExecutor::drawShading(CG::DisplayListEntryShading const*) + 636
6   com.apple.CoreGraphics        	0x00007fff2532213d CG::DisplayList::executeEntries(std::__1::__wrap_iter<std::__1::unique_ptr<CG::DisplayListEntry const, std::__1::default_delete<CG::DisplayListEntry const> >*>, std::__1::__wrap_iter<std::__1::unique_ptr<CG::DisplayListEntry const, std::__1::default_delete<CG::DisplayListEntry const> >*>, CGContextDelegate*, CGRenderingState*, CGGStack*, CGRect const*, __CFDictionary const*, bool) + 263
7   com.apple.CoreGraphics        	0x00007fff24f9ad8b CG::DisplayList::execute(CGContextDelegate*, CGRenderingState*, CGGStack*, CGRect const*, __CFDictionary const*) + 379
8   com.apple.CoreGraphics        	0x00007fff24f9a9f8 CGDisplayListDrawInContextDelegate + 529
9   com.apple.QuartzCore          	0x00007fff26bb91b3 CABackingStoreUpdate_ + 544
10  com.apple.QuartzCore          	0x00007fff26c1d441 invocation function for block in CA::Layer::display_() + 53
11  com.apple.QuartzCore          	0x00007fff26bb85a4 -[CALayer _display] + 2183
12  com.apple.AppKit              	0x00007fff22d967a1 -[_NSBackingLayer display] + 475
13  com.apple.AppKit              	0x00007fff22d01778 -[_NSViewBackingLayer display] + 555
14  com.apple.QuartzCore          	0x00007fff26bb75b8 CA::Layer::display_if_needed(CA::Transaction*) + 874
15  com.apple.QuartzCore          	0x00007fff26cf1373 CA::Context::commit_transaction(CA::Transaction*, double, double*) + 517
16  com.apple.QuartzCore          	0x00007fff26b94f91 CA::Transaction::commit() + 783
17  com.apple.AppKit              	0x00007fff22dab9cb __62+[CATransaction(NSCATransaction) NS_setFlushesWithDisplayLink]_block_invoke + 285
18  com.apple.AppKit              	0x00007fff234f5d0e ___NSRunLoopObserverCreateWithHandler_block_invoke + 41
19  com.apple.CoreFoundation      	0x00007fff2040ed9d __CFRUNLOOP_IS_CALLING_OUT_TO_AN_OBSERVER_CALLBACK_FUNCTION__ + 23
20  com.apple.CoreFoundation      	0x00007fff2040ec2d __CFRunLoopDoObservers + 549
21  com.apple.CoreFoundation      	0x00007fff2040e0dd __CFRunLoopRun + 838
22  com.apple.CoreFoundation      	0x00007fff2040d6be CFRunLoopRunSpecific + 563
23  com.apple.HIToolbox           	0x00007fff28679fd0 RunCurrentEventLoopInMode + 292
24  com.apple.HIToolbox           	0x00007fff28679c22 ReceiveNextEventCommon + 283
25  com.apple.HIToolbox           	0x00007fff28679aef _BlockUntilNextEventMatchingListInModeWithFilter + 64
26  com.apple.AppKit              	0x00007fff22c26f85 _DPSNextEvent + 883
27  com.apple.AppKit              	0x00007fff22c2574b -[NSApplication(NSEvent) _nextEventMatchingEventMask:untilDate:inMode:dequeue:] + 1366
28  com.apple.AppKit              	0x00007fff22c17bda -[NSApplication run] + 586
29  helpview                      	0x0000000105034e2e wxGUIEventLoop::OSXDoRun() + 174 (evtloop.mm:300)
30  helpview                      	0x000000010531a787 wxCFEventLoop::DoRun() + 39 (evtloop_cf.cpp:340)
31  helpview                      	0x0000000105229f2f wxEventLoopBase::Run() + 239 (evtloopcmn.cpp:78)
32  helpview                      	0x00000001051e712f wxAppConsoleBase::MainLoop() + 191 (appbase.cpp:334)
33  helpview                      	0x00000001051e6c9c wxAppConsoleBase::OnRun() + 28 (appbase.cpp:259)
34  helpview                      	0x000000010506c67b wxAppBase::OnRun() + 59 (appcmn.cpp:304)
35  helpview                      	0x0000000104fd87d9 wxApp::OnRun() + 41 (app.cpp:922)
36  helpview                      	0x0000000105271a7e wxEntry(int&, wchar_t**) + 302 (init.cpp:506)
37  helpview                      	0x0000000105271c4b wxEntry(int&, char**) + 59 (init.cpp:518)
38  helpview                      	0x0000000104efa333 main + 35 (helpview.cpp:57)
39  libdyld.dylib                 	0x00007fff20332631 start + 1

