Program received signal EXC_BAD_ACCESS, Could not access memory.
0x0055d284 in wxTopLevelWindowMac::MacUsesCompositing() (this=0x0) at ../include/wx/mac/carbon/toplevel.h:97
97          bool MacUsesCompositing() { return m_macUsesCompositing; } 
(gdb) bt     
#0  0x0055d284 in wxTopLevelWindowMac::MacUsesCompositing() (this=0x0) at ../include/wx/mac/carbon/toplevel.h:97
#1  0x003013f8 in UMAGetControlBoundsInWindowCoords(OpaqueControlRef*, Rect*) (theControl=0xd36e640, bounds=0xbfffe570) at ../src/mac/carbon/uma.cpp:801
#2  0x0026aeb4 in wxMacControl::GetRectInWindowCoords(Rect*) (this=0xd36e320, r=0xbfffe570) at ../src/mac/carbon/utils.cpp:1272
#3  0x002038fc in wxNotebook::MacSetupTabs() (this=0xd36e0d0) at ../src/mac/carbon/notebmac.cpp:368
#4  0x002031a8 in wxNotebook::DoRemovePage(unsigned long) (this=0xd36e0d0, nPage=0) at ../src/mac/carbon/notebmac.cpp:250
#5  0x0020ef4c in wxBookCtrlBase::DeletePage(unsigned long) (this=0xd36e0d0, nPage=0) at ../src/common/bookctrl.cpp:161
#6  0x00091ca8 in CMuleNotebook::DeletePage(int) (this=0xd36e0d0, nPage=0) at ../../src/MuleNotebook.cpp:79
#7  0x00091f20 in CMuleNotebook::DeleteAllPages() (this=0xd36e0d0) at ../../src/MuleNotebook.cpp:103
#8  0x00091b2c in CMuleNotebook::~CMuleNotebook() (this=0xd36e0d0, __in_chrg=3) at ../../src/MuleNotebook.cpp:67
#9  0x00091ad8 in CMuleNotebook::~CMuleNotebook() (this=0xd36e0d0) at ../../src/MuleNotebook.cpp:65
#10 0x001b35b0 in wxWindowBase::DestroyChildren() (this=0xd3adbd0) at ../src/common/wincmn.cpp:376
#11 0x001bf054 in wxWindow::~wxWindow() (this=0xd3adbd0, __in_chrg=0) at ../src/mac/carbon/window.cpp:781
#12 0x001beef0 in wxWindow::~wxWindow() (this=0xd3adbd0) at ../src/mac/carbon/window.cpp:757
#13 0x0021a560 in wxPanel::~wxPanel() (this=0xd3adbd0, __in_chrg=3) at ../src/generic/panelg.cpp:137
#14 0x0021a50c in wxPanel::~wxPanel() (this=0xd3adbd0) at ../src/generic/panelg.cpp:137
#15 0x001b35b0 in wxWindowBase::DestroyChildren() (this=0x9963600) at ../src/common/wincmn.cpp:376
#16 0x001bf054 in wxWindow::~wxWindow() (this=0x9963600, __in_chrg=0) at ../src/mac/carbon/window.cpp:781
#17 0x001beef0 in wxWindow::~wxWindow() (this=0x9963600) at ../src/mac/carbon/window.cpp:757
#18 0x0029e314 in wxSplitterWindow::~wxSplitterWindow() (this=0x9963600, __in_chrg=3) at ../src/generic/splitter.cpp:139
#19 0x0029e200 in wxSplitterWindow::~wxSplitterWindow() (this=0x9963600) at ../src/generic/splitter.cpp:138
#20 0x001b35b0 in wxWindowBase::DestroyChildren() (this=0xd3aad10) at ../src/common/wincmn.cpp:376
#21 0x001bf054 in wxWindow::~wxWindow() (this=0xd3aad10, __in_chrg=0) at ../src/mac/carbon/window.cpp:781
#22 0x001beef0 in wxWindow::~wxWindow() (this=0xd3aad10) at ../src/mac/carbon/window.cpp:757
#23 0x0021a560 in wxPanel::~wxPanel() (this=0xd3aad10, __in_chrg=0) at ../src/generic/panelg.cpp:137
#24 0x0021a49c in wxPanel::~wxPanel() (this=0xd3aad10) at ../src/generic/panelg.cpp:137
#25 0x0014667c in CTransferWnd::~CTransferWnd() (this=0xd3aad10, __in_chrg=3) at ../../src/TransferWnd.cpp:145
#26 0x001463e4 in CTransferWnd::~CTransferWnd() (this=0xd3aad10) at ../../src/TransferWnd.cpp:129
#27 0x001b35b0 in wxWindowBase::DestroyChildren() (this=0xd52f7c0) at ../src/common/wincmn.cpp:376
#28 0x001bf054 in wxWindow::~wxWindow() (this=0xd52f7c0, __in_chrg=0) at ../src/mac/carbon/window.cpp:781
#29 0x001beef0 in wxWindow::~wxWindow() (this=0xd52f7c0) at ../src/mac/carbon/window.cpp:757
#30 0x0021a560 in wxPanel::~wxPanel() (this=0xd52f7c0, __in_chrg=3) at ../src/generic/panelg.cpp:137
#31 0x0021a50c in wxPanel::~wxPanel() (this=0xd52f7c0) at ../src/generic/panelg.cpp:137
#32 0x001b35b0 in wxWindowBase::DestroyChildren() (this=0x9839800) at ../src/common/wincmn.cpp:376
#33 0x001bf054 in wxWindow::~wxWindow() (this=0x9839800, __in_chrg=0) at ../src/mac/carbon/window.cpp:781
#34 0x001beef0 in wxWindow::~wxWindow() (this=0x9839800) at ../src/mac/carbon/window.cpp:757
#35 0x001ccc0c in wxTopLevelWindowBase::~wxTopLevelWindowBase() (this=0x9839800, __in_chrg=0) at ../src/common/toplvcmn.cpp:74
#36 0x001cca4c in wxTopLevelWindowBase::~wxTopLevelWindowBase() (this=0x9839800) at ../src/common/toplvcmn.cpp:62
#37 0x001ca714 in wxTopLevelWindowMac::~wxTopLevelWindowMac() (this=0x9839800, __in_chrg=0) at ../src/mac/carbon/toplevel.cpp:963
#38 0x001ca528 in wxTopLevelWindowMac::~wxTopLevelWindowMac() (this=0x9839800) at ../src/mac/carbon/toplevel.cpp:941
#39 0x0044ee2c in wxTopLevelWindow::~wxTopLevelWindow() (this=0x9839800, __in_chrg=0) at /Users/ken/amule/wxWidgets/include/wx/dialog.h:39
#40 0x0044edd8 in wxTopLevelWindow::~wxTopLevelWindow() (this=0x9839800) at /Users/ken/amule/wxWidgets/include/wx/dialog.h:39
#41 0x002cd698 in wxFrameBase::~wxFrameBase() (this=0x9839800, __in_chrg=0) at ../src/common/framecmn.cpp:85
#42 0x002cd5a4 in wxFrameBase::~wxFrameBase() (this=0x9839800) at ../src/common/framecmn.cpp:85
#43 0x002d0298 in wxFrame::~wxFrame() (this=0x9839800, __in_chrg=0) at ../src/mac/carbon/frame.cpp:87
#44 0x002d019c in wxFrame::~wxFrame() (this=0x9839800) at ../src/mac/carbon/frame.cpp:85
#45 0x0015bda4 in CamuleDlg::~CamuleDlg() (this=0x9839800, __in_chrg=3) at ../../src/amuleDlg.cpp:552
#46 0x0015bcc8 in CamuleDlg::~CamuleDlg() (this=0x9839800) at ../../src/amuleDlg.cpp:543
#47 0x002cbc0c in wxAppBase::DeletePendingObjects() (this=0x8423450) at ../src/common/appcmn.cpp:386
#48 0x002c5334 in wxApp::MacDoOneEvent() (this=0x8423450) at ../src/mac/carbon/app.cpp:1061
#49 0x002c4d40 in wxApp::MainLoop() (this=0x8423450) at ../src/mac/carbon/app.cpp:900
#50 0x002cb9cc in wxAppBase::OnRun() (this=0x8423450) at ../src/common/appcmn.cpp:340
#51 0x002cccbc in wxEntry(int&, wchar_t**) (argc=@0xbffff7f8, argv=0x841bfc0) at ../src/common/init.cpp:417
#52 0x002ccdd4 in wxEntry(int&, char**) (argc=@0xbffff7f8, argv=0xbffff89c) at ../src/common/init.cpp:429
#53 0x00157d3c in main (argc=1, argv=0xbffff89c) at ../../src/amule-gui.cpp:147
(gdb) up
#1  0x003013f8 in UMAGetControlBoundsInWindowCoords(OpaqueControlRef*, Rect*) (theControl=0xd36e640, bounds=0xbfffe570) at ../src/mac/carbon/uma.cpp:801
801         if ( tlwwx->MacUsesCompositing() )
(gdb) list
796         GetControlBounds( theControl , bounds ) ;
797     #if TARGET_API_MAC_OSX
798         WindowRef tlwref = GetControlOwner( theControl ) ;
799
800         wxTopLevelWindowMac* tlwwx = wxFindWinFromMacWindow( tlwref ) ;
801         if ( tlwwx->MacUsesCompositing() )
802         {
803             ControlRef rootControl = tlwwx->GetPeer()->GetControlRef() ;
804             HIPoint hiPoint = CGPointMake(  0 , 0 ) ;
805             HIViewConvertPoint( &hiPoint , HIViewGetSuperview(theControl) , rootControl  ) ;
(gdb) print tlwref
$1 = 0xd56f470
(gdb) print tlwwx
$2 = (wxTopLevelWindowMac *) 0x0

 	  	 
