 bt
#0  0x00007ffff764e647 in wxEvent::~wxEvent (this=0x7fffffff9a00, __in_chrg=<optimized out>) at ../git/include/wx/event.h:924
#1  0x00007ffff7652f98 in wxSizeEvent::~wxSizeEvent (this=0x7fffffff9a00, __in_chrg=<optimized out>) at ../git/include/wx/event.h:2265
#2  0x00007ffff76a9842 in wxWindow::DoSetSize (this=0x555555a27ab0, x=0, y=0, width=505, height=959, sizeFlags=36) at ../git/src/gtk/window.cpp:3815
#3  0x00007ffff769f274 in wxWindowBase::SetSize (this=0x555555a27ab0, x=0, y=0, width=505, height=959, sizeFlags=36) at ../git/include/wx/window.h:259
#4  0x00007ffff785cf18 in wxSizerItem::SetDimension (this=0x5555559c9800, pos_=..., size_=...) at ../git/src/common/sizer.cpp:553
#5  0x00007ffff7863ac5 in wxBoxSizer::RecalcSizes (this=0x5555559a8ec0) at ../git/src/common/sizer.cpp:2492
#6  0x00007ffff785ecef in wxSizer::Layout (this=0x5555559a8ec0) at ../git/src/common/sizer.cpp:1002
#7  0x00007ffff7865325 in wxSizer::SetDimension (this=0x5555559a8ec0, pos=..., size=...) at ../git/include/wx/sizer.h:684
#8  0x00007ffff789499b in wxSizer::SetDimension (this=0x5555559a8ec0, x=0, y=0, width=505, height=959) at ../git/include/wx/sizer.h:691
#9  0x00007ffff78906c5 in wxWindowBase::Layout (this=0x555555a09800) at ../git/src/common/wincmn.cpp:2516
#10 0x00007ffff78e7475 in wxScrollHelperBase::ScrollLayout (this=0x555555a09b08) at ../git/src/generic/scrlwing.cpp:778
#11 0x000055555557162a in wxGenericListCtrl::Layout (this=0x555555a09800) at ../../../git/include/wx/generic/listctrl.h:246
#12 0x00007ffff76d78c9 in wxGenericListCtrl::OnSize (this=0x555555a09800) at ../git/src/generic/listctrl.cpp:5347
#13 0x00007ffff6f6eaa5 in wxAppConsoleBase::HandleEvent (this=0x5555557e45d0, handler=0x555555a09800, func=
    (void (wxEvtHandler::*)(wxEvtHandler * const, wxEvent &)) 0x7ffff76d7890 <wxGenericListCtrl::OnSize(wxSizeEvent&)>, event=...) at ../git/src/common/appbase.cpp:657
#14 0x00007ffff6f6eb18 in wxAppConsoleBase::CallEventHandler (this=0x5555557e45d0, handler=0x555555a09800, functor=..., event=...) at ../git/src/common/appbase.cpp:669
#15 0x00007ffff709b616 in wxEvtHandler::ProcessEventIfMatchesId (entry=..., handler=0x555555a09800, event=...) at ../git/src/common/event.cpp:1396
#16 0x00007ffff709a38f in wxEventHashTable::HandleEvent (this=0x7ffff7dca6c0 <wxGenericListCtrl::sm_eventHashTable>, event=..., self=0x555555a09800)
    at ../git/src/common/event.cpp:1004
#17 0x00007ffff709bb1b in wxEvtHandler::TryHereOnly (this=0x555555a09800, event=...) at ../git/src/common/event.cpp:1593
#18 0x00007ffff709d603 in wxEvtHandler::TryBeforeAndHere (this=0x555555a09800, event=...) at ../git/include/wx/event.h:3890
#19 0x00007ffff709b91f in wxEvtHandler::ProcessEventLocally (this=0x555555a09800, event=...) at ../git/src/common/event.cpp:1526
#20 0x00007ffff709b8b7 in wxEvtHandler::ProcessEvent (this=0x555555a09800, event=...) at ../git/src/common/event.cpp:1499
#21 0x00007ffff78e6175 in wxScrollHelperEvtHandler::ProcessEvent (this=0x555555999cf0, event=...) at ../git/src/generic/scrlwing.cpp:200
#22 0x00007ffff709bbcb in wxEvtHandler::SafelyProcessEvent (this=0x555555999cf0, event=...) at ../git/src/common/event.cpp:1617
#23 0x00007ffff788d31e in wxWindowBase::HandleWindowEvent (this=0x555555a09800, event=...) at ../git/src/common/wincmn.cpp:1539
#24 0x00007ffff76a51d3 in wxWindow::GTKProcessEvent (this=0x555555a09800, event=...) at ../git/src/gtk/window.cpp:1523
#25 0x00007ffff76a719a in size_allocate (alloc=0x7fffffffa5c0, win=0x555555a09800) at ../git/src/gtk/window.cpp:2256
#26 0x00007ffff524ef15 in g_closure_invoke () from /usr/lib64/libgobject-2.0.so.0
#27 0x00007ffff5260f61 in ?? () from /usr/lib64/libgobject-2.0.so.0
#28 0x00007ffff5269d0c in g_signal_emit_valist () from /usr/lib64/libgobject-2.0.so.0
#29 0x00007ffff526a03f in g_signal_emit () from /usr/lib64/libgobject-2.0.so.0
#30 0x00007ffff6b1c7ec in IA__gtk_widget_size_allocate (widget=0x55555596d040, allocation=allocation@entry=0x7fffffffa670)
    at /var/tmp/portage/x11-libs/gtk+-2.24.32/work/gtk+-2.24.32/gtk/gtkwidget.c:4115
#31 0x00007ffff6a5be16 in gtk_scrolled_window_size_allocate (widget=0x55555592cdf0, allocation=0x7fffffffab30)
    at /var/tmp/portage/x11-libs/gtk+-2.24.32/work/gtk+-2.24.32/gtk/gtkscrolledwindow.c:1433
#32 0x00007ffff524ee6f in g_closure_invoke () from /usr/lib64/libgobject-2.0.so.0
#33 0x00007ffff5260a9c in ?? () from /usr/lib64/libgobject-2.0.so.0
#34 0x00007ffff5269d0c in g_signal_emit_valist () from /usr/lib64/libgobject-2.0.so.0
#35 0x00007ffff526a03f in g_signal_emit () from /usr/lib64/libgobject-2.0.so.0
#36 0x00007ffff6b1c7ec in IA__gtk_widget_size_allocate (widget=0x55555592cdf0, allocation=<optimized out>)
    at /var/tmp/portage/x11-libs/gtk+-2.24.32/work/gtk+-2.24.32/gtk/gtkwidget.c:4115
#37 0x00007ffff76a18ed in wxPizza::size_allocate_child (this=0x555555862e40, child=0x55555592cdf0, x=5, y=69, width=507, height=976, parent_width=517)
    at ../git/src/gtk/win_gtk.cpp:428
#38 0x00007ffff76a0f18 in pizza_size_allocate (widget=0x555555862e40, alloc=0x7fffffffb110) at ../git/src/gtk/win_gtk.cpp:104
#39 0x00007ffff524ee6f in g_closure_invoke () from /usr/lib64/libgobject-2.0.so.0
#40 0x00007ffff5260a9c in ?? () from /usr/lib64/libgobject-2.0.so.0
#41 0x00007ffff5269d0c in g_signal_emit_valist () from /usr/lib64/libgobject-2.0.so.0
#42 0x00007ffff526a03f in g_signal_emit () from /usr/lib64/libgobject-2.0.so.0
#43 0x00007ffff6b1c7ec in IA__gtk_widget_size_allocate (widget=0x555555862e40, allocation=allocation@entry=0x7fffffffb1e0)
    at /var/tmp/portage/x11-libs/gtk+-2.24.32/work/gtk+-2.24.32/gtk/gtkwidget.c:4115
#44 0x00007ffff6943743 in gtk_box_size_allocate (widget=0x555555862dc0, allocation=0x7fffffffb6a0)
    at /var/tmp/portage/x11-libs/gtk+-2.24.32/work/gtk+-2.24.32/gtk/gtkbox.c:500
#45 0x00007ffff524ee6f in g_closure_invoke () from /usr/lib64/libgobject-2.0.so.0
#46 0x00007ffff5260a9c in ?? () from /usr/lib64/libgobject-2.0.so.0
#47 0x00007ffff5269d0c in g_signal_emit_valist () from /usr/lib64/libgobject-2.0.so.0
#48 0x00007ffff526a03f in g_signal_emit () from /usr/lib64/libgobject-2.0.so.0
#49 0x00007ffff6b1c7ec in IA__gtk_widget_size_allocate (widget=0x555555862dc0, allocation=allocation@entry=0x7fffffffb710)
    at /var/tmp/portage/x11-libs/gtk+-2.24.32/work/gtk+-2.24.32/gtk/gtkwidget.c:4115
#50 0x00007ffff6b2650e in gtk_window_size_allocate (widget=0x55555588b710, allocation=0x7fffffffbbb0)
    at /var/tmp/portage/x11-libs/gtk+-2.24.32/work/gtk+-2.24.32/gtk/gtkwindow.c:4994
#51 0x00007ffff524ef15 in g_closure_invoke () from /usr/lib64/libgobject-2.0.so.0
#52 0x00007ffff5260a9c in ?? () from /usr/lib64/libgobject-2.0.so.0
#53 0x00007ffff5269d0c in g_signal_emit_valist () from /usr/lib64/libgobject-2.0.so.0
#54 0x00007ffff526a03f in g_signal_emit () from /usr/lib64/libgobject-2.0.so.0
#55 0x00007ffff6b1c7ec in IA__gtk_widget_size_allocate (widget=0x55555588b710, allocation=<optimized out>)
    at /var/tmp/portage/x11-libs/gtk+-2.24.32/work/gtk+-2.24.32/gtk/gtkwidget.c:4115
#56 0x00007ffff6b278a4 in gtk_window_move_resize (window=0x55555588b710) at /var/tmp/portage/x11-libs/gtk+-2.24.32/work/gtk+-2.24.32/gtk/gtkwindow.c:6403
#57 gtk_window_check_resize (container=0x55555588b710) at /var/tmp/portage/x11-libs/gtk+-2.24.32/work/gtk+-2.24.32/gtk/gtkwindow.c:5408
#58 0x00007ffff524ef15 in g_closure_invoke () from /usr/lib64/libgobject-2.0.so.0
#59 0x00007ffff526150e in ?? () from /usr/lib64/libgobject-2.0.so.0
#60 0x00007ffff5269d0c in g_signal_emit_valist () from /usr/lib64/libgobject-2.0.so.0
#61 0x00007ffff526a03f in g_signal_emit () from /usr/lib64/libgobject-2.0.so.0
#62 0x00007ffff6b297f0 in gtk_window_show (widget=0x55555588b710) at /var/tmp/portage/x11-libs/gtk+-2.24.32/work/gtk+-2.24.32/gtk/gtkwindow.c:4553
#63 0x00007ffff524ef15 in g_closure_invoke () from /usr/lib64/libgobject-2.0.so.0
#64 0x00007ffff5260a9c in ?? () from /usr/lib64/libgobject-2.0.so.0
#65 0x00007ffff5269d0c in g_signal_emit_valist () from /usr/lib64/libgobject-2.0.so.0
#66 0x00007ffff526a03f in g_signal_emit () from /usr/lib64/libgobject-2.0.so.0
#67 0x00007ffff6b1e366 in IA__gtk_widget_show (widget=0x55555588b710) at /var/tmp/portage/x11-libs/gtk+-2.24.32/work/gtk+-2.24.32/gtk/gtkwidget.c:3236
#68 0x00007ffff76aae8a in wxWindow::Show (this=0x7fffffffc8a0, show=true) at ../git/src/gtk/window.cpp:4177
#69 0x00007ffff769d31b in wxTopLevelWindowGTK::Show (this=0x7fffffffc8a0, show=true) at ../git/src/gtk/toplevel.cpp:1070
#70 0x00007ffff7701aff in wxDialog::Show (this=0x7fffffffc8a0, show=true) at ../git/src/gtk/dialog.cpp:71
#71 0x00007ffff7701f27 in wxDialog::ShowModal (this=0x7fffffffc8a0) at ../git/src/gtk/dialog.cpp:163
#72 0x000055555556d98e in MyFrame::OnAbout (this=0x55555582a000) at ../../../git/samples/minimal/minimal.cpp:422
#73 0x00007ffff6f6eaa5 in wxAppConsoleBase::HandleEvent (this=0x5555557e45d0, handler=0x55555582a000, func=
    (void (wxEvtHandler::*)(wxEvtHandler * const, wxEvent &)) 0x55555556d938 <MyFrame::OnAbout(wxCommandEvent&)>, event=...) at ../git/src/common/appbase.cpp:657
#74 0x00007ffff6f6eb18 in wxAppConsoleBase::CallEventHandler (this=0x5555557e45d0, handler=0x55555582a000, functor=..., event=...) at ../git/src/common/appbase.cpp:669
#75 0x00007ffff709b616 in wxEvtHandler::ProcessEventIfMatchesId (entry=..., handler=0x55555582a000, event=...) at ../git/src/common/event.cpp:1396
#76 0x00007ffff709a38f in wxEventHashTable::HandleEvent (this=0x555555783540 <MyFrame::sm_eventHashTable>, event=..., self=0x55555582a000)
    at ../git/src/common/event.cpp:1004
#77 0x00007ffff709bb1b in wxEvtHandler::TryHereOnly (this=0x55555582a000, event=...) at ../git/src/common/event.cpp:1593
#78 0x00007ffff709d603 in wxEvtHandler::TryBeforeAndHere (this=0x55555582a000, event=...) at ../git/include/wx/event.h:3890
#79 0x00007ffff709b91f in wxEvtHandler::ProcessEventLocally (this=0x55555582a000, event=...) at ../git/src/common/event.cpp:1526
#80 0x00007ffff709b8b7 in wxEvtHandler::ProcessEvent (this=0x55555582a000, event=...) at ../git/src/common/event.cpp:1499
#81 0x00007ffff7893278 in wxWindowBase::TryAfter (this=0x55555589ed30, event=...) at ../git/src/common/wincmn.cpp:3444
#82 0x00007ffff709b8ea in wxEvtHandler::ProcessEvent (this=0x55555589ed30, event=...) at ../git/src/common/event.cpp:1512
#83 0x00007ffff709bbcb in wxEvtHandler::SafelyProcessEvent (this=0x55555589ed30, event=...) at ../git/src/common/event.cpp:1617
#84 0x00007ffff788d31e in wxWindowBase::HandleWindowEvent (this=0x55555589ed30, event=...) at ../git/src/common/wincmn.cpp:1539
#85 0x00007ffff7838a2f in wxMenuBase::DoProcessEvent (menu=0x0, event=..., win=0x55555582a000) at ../git/src/common/menucmn.cpp:675
#86 0x00007ffff7838918 in wxMenuBase::SendEvent (this=0x555555860e70, itemid=5014, checked=-1) at ../git/src/common/menucmn.cpp:643
#87 0x00007ffff7713fb0 in menuitem_activate (item=0x5555558929c0) at ../git/src/gtk/menu.cpp:541
#88 0x00007ffff524ef15 in g_closure_invoke () from /usr/lib64/libgobject-2.0.so.0
#89 0x00007ffff5260f61 in ?? () from /usr/lib64/libgobject-2.0.so.0
#90 0x00007ffff5269d0c in g_signal_emit_valist () from /usr/lib64/libgobject-2.0.so.0
#91 0x00007ffff526a03f in g_signal_emit () from /usr/lib64/libgobject-2.0.so.0
#92 0x00007ffff6b17110 in IA__gtk_widget_activate (widget=widget@entry=0x555555819b60) at /var/tmp/portage/x11-libs/gtk+-2.24.32/work/gtk+-2.24.32/gtk/gtkwidget.c:5041
#93 0x00007ffff6a0a0ed in IA__gtk_menu_shell_activate_item (menu_shell=0x555555840630, menu_item=0x555555819b60, force_deactivate=<optimized out>)
    at /var/tmp/portage/x11-libs/gtk+-2.24.32/work/gtk+-2.24.32/gtk/gtkmenushell.c:1278
#94 0x00007ffff6a0a3f1 in gtk_menu_shell_button_release (widget=0x555555840630, event=<optimized out>)
    at /var/tmp/portage/x11-libs/gtk+-2.24.32/work/gtk+-2.24.32/gtk/gtkmenushell.c:703
#95 0x00007ffff69f7b36 in _gtk_marshal_BOOLEAN__BOXED (closure=0x5555558154e0, return_value=0x7fffffffd770, n_param_values=<optimized out>, param_values=0x7fffffffd7d0,
    invocation_hint=<optimized out>, marshal_data=<optimized out>) at gtkmarshalers.c:86
#96 0x00007ffff524ef15 in g_closure_invoke () from /usr/lib64/libgobject-2.0.so.0
#97 0x00007ffff526150e in ?? () from /usr/lib64/libgobject-2.0.so.0
#98 0x00007ffff52697a9 in g_signal_emit_valist () from /usr/lib64/libgobject-2.0.so.0
#99 0x00007ffff526a03f in g_signal_emit () from /usr/lib64/libgobject-2.0.so.0
#100 0x00007ffff6b1846c in gtk_widget_event_internal (widget=widget@entry=0x555555840630, event=event@entry=0x555555933500)
    at /var/tmp/portage/x11-libs/gtk+-2.24.32/work/gtk+-2.24.32/gtk/gtkwidget.c:5010
#101 0x00007ffff6b18736 in IA__gtk_widget_event (widget=widget@entry=0x555555840630, event=event@entry=0x555555933500)
    at /var/tmp/portage/x11-libs/gtk+-2.24.32/work/gtk+-2.24.32/gtk/gtkwidget.c:4807
#102 0x00007ffff69f6273 in IA__gtk_propagate_event (widget=0x555555840630, event=0x555555933500)
    at /var/tmp/portage/x11-libs/gtk+-2.24.32/work/gtk+-2.24.32/gtk/gtkmain.c:2503
#103 0x00007ffff69f662b in IA__gtk_main_do_event (event=0x555555933500) at /var/tmp/portage/x11-libs/gtk+-2.24.32/work/gtk+-2.24.32/gtk/gtkmain.c:1698
#104 0x00007ffff6669214 in gdk_event_dispatch (source=<optimized out>, callback=<optimized out>, user_data=<optimized out>)
    at /var/tmp/portage/x11-libs/gtk+-2.24.32/work/gtk+-2.24.32/gdk/x11/gdkevents-x11.c:2425
#105 0x00007ffff48758d7 in g_main_context_dispatch () from /usr/lib64/libglib-2.0.so.0
#106 0x00007ffff4875b30 in ?? () from /usr/lib64/libglib-2.0.so.0
#107 0x00007ffff4875e52 in g_main_loop_run () from /usr/lib64/libglib-2.0.so.0
#108 0x00007ffff69f5602 in IA__gtk_main () at /var/tmp/portage/x11-libs/gtk+-2.24.32/work/gtk+-2.24.32/gtk/gtkmain.c:1270
#109 0x00007ffff7687751 in wxGUIEventLoop::DoRun (this=0x5555558bc440) at ../git/src/gtk/evtloop.cpp:64
#110 0x00007ffff6faa2e7 in wxEventLoopBase::Run (this=0x5555558bc440) at ../git/src/common/evtloopcmn.cpp:90
#111 0x00007ffff6f6df2e in wxAppConsoleBase::MainLoop (this=0x5555557e45d0) at ../git/src/common/appbase.cpp:380
#112 0x00007ffff6f6dc55 in wxAppConsoleBase::OnRun (this=0x5555557e45d0) at ../git/src/common/appbase.cpp:301
#113 0x00007ffff77700c3 in wxAppBase::OnRun (this=0x5555557e45d0) at ../git/src/common/appcmn.cpp:335
#114 0x00007ffff6fe2187 in wxEntry (argc=@0x7ffff735b110: 1, argv=0x5555557e4310) at ../git/src/common/init.cpp:507
#115 0x00007ffff6fe225d in wxEntry (argc=@0x7fffffffde9c: 1, argv=0x7fffffffdf88) at ../git/src/common/init.cpp:519
