*** imagpng.err
P:\Compiler\Shared\wxWind~1\src\common\imagpng.cpp(166): Error! E473: col(21) function argument(s) do not match those in prototype 
P:\Compiler\Shared\wxWind~1\src\common\imagpng.cpp(166): Note! N392: col(21) 'void cdecl png_set_error_fn( png_struct_def *, void *, void cdecl (* )( png_struct_def *, char const * ), void cdecl (* )( png_struct_def *, char const * ))' defined in: P:\Compiler\Shared\wxWind~1\src\png\png.h(1745) (col 40) 
P:\Compiler\Shared\wxWind~1\src\common\imagpng.cpp(166): Note! N643: col(21) cannot convert argument 3 defined in: P:\Compiler\Shared\wxWind~1\src\common\imagpng.cpp(166) (col 48) 
P:\Compiler\Shared\wxWind~1\src\common\imagpng.cpp(166): Note! N630: col(21) source conversion type is "void ( png_struct_def *, char const * ) (lvalue)" 
P:\Compiler\Shared\wxWind~1\src\common\imagpng.cpp(166): Note! N631: col(21) target conversion type is "void cdecl (* )( png_struct_def *, char const * )" 
P:\Compiler\Shared\wxWind~1\src\common\imagpng.cpp(170): Error! E473: col(20) function argument(s) do not match those in prototype 
P:\Compiler\Shared\wxWind~1\src\common\imagpng.cpp(170): Note! N392: col(20) 'void cdecl png_set_read_fn( png_struct_def *, void *, void cdecl (* )( png_struct_def *, unsigned char *, unsigned ))' defined in: P:\Compiler\Shared\wxWind~1\src\png\png.h(1760) (col 39) 
P:\Compiler\Shared\wxWind~1\src\common\imagpng.cpp(170): Note! N643: col(20) cannot convert argument 3 defined in: P:\Compiler\Shared\wxWind~1\src\common\imagpng.cpp(170) (col 40) 
P:\Compiler\Shared\wxWind~1\src\common\imagpng.cpp(170): Note! N630: col(20) source conversion type is "void ( png_struct_def *, unsigned char *, unsigned ) (lvalue)" 
P:\Compiler\Shared\wxWind~1\src\common\imagpng.cpp(170): Note! N631: col(20) target conversion type is "void cdecl (* )( png_struct_def *, unsigned char *, unsigned )" 
P:\Compiler\Shared\wxWind~1\src\common\imagpng.cpp(342): Error! E473: col(21) function argument(s) do not match those in prototype 
P:\Compiler\Shared\wxWind~1\src\common\imagpng.cpp(342): Note! N392: col(21) 'void cdecl png_set_error_fn( png_struct_def *, void *, void cdecl (* )( png_struct_def *, char const * ), void cdecl (* )( png_struct_def *, char const * ))' defined in: P:\Compiler\Shared\wxWind~1\src\png\png.h(1745) (col 40) 
P:\Compiler\Shared\wxWind~1\src\common\imagpng.cpp(342): Note! N643: col(21) cannot convert argument 3 defined in: P:\Compiler\Shared\wxWind~1\src\common\imagpng.cpp(342) (col 48) 
P:\Compiler\Shared\wxWind~1\src\common\imagpng.cpp(342): Note! N630: col(21) source conversion type is "void ( png_struct_def *, char const * ) (lvalue)" 
P:\Compiler\Shared\wxWind~1\src\common\imagpng.cpp(342): Note! N631: col(21) target conversion type is "void cdecl (* )( png_struct_def *, char const * )" 
P:\Compiler\Shared\wxWind~1\src\common\imagpng.cpp(363): Error! E473: col(21) function argument(s) do not match those in prototype 
P:\Compiler\Shared\wxWind~1\src\common\imagpng.cpp(363): Note! N392: col(21) 'void cdecl png_set_write_fn( png_struct_def *, void *, void cdecl (* )( png_struct_def *, unsigned char *, unsigned ), void cdecl (* )( png_struct_def * ))' defined in: P:\Compiler\Shared\wxWind~1\src\png\png.h(1756) (col 40) 
P:\Compiler\Shared\wxWind~1\src\common\imagpng.cpp(363): Note! N643: col(21) cannot convert argument 3 defined in: P:\Compiler\Shared\wxWind~1\src\common\imagpng.cpp(363) (col 41) 
P:\Compiler\Shared\wxWind~1\src\common\imagpng.cpp(363): Note! N630: col(21) source conversion type is "void ( png_struct_def *, unsigned char *, unsigned ) (lvalue)" 
P:\Compiler\Shared\wxWind~1\src\common\imagpng.cpp(363): Note! N631: col(21) target conversion type is "void cdecl (* )( png_struct_def *, unsigned char *, unsigned )" 

*** listctrl.err
P:\Compiler\Shared\wxWind~1\src\msw\listctrl.cpp(1745): Error! E029: col(18) symbol 'HDN_GETDISPINFOW' has not been declared 
P:\Compiler\Shared\wxWind~1\src\msw\listctrl.cpp(1747): Error! E006: col(37) syntax error; probable cause: missing ';' 
P:\Compiler\Shared\wxWind~1\src\msw\listctrl.cpp(1756): Error! E029: col(25) symbol 'info' has not been declared 

 	  	 
