==5104== Memcheck, a memory error detector
==5104== Copyright (C) 2002-2015, and GNU GPL'd, by Julian Seward et al.
==5104== Using Valgrind-3.11.0 and LibVEX; rerun with -h for copyright info
==5104== Command: ./minimal
==5104==
==5104==
==5104== HEAP SUMMARY:
==5104==     in use at exit: 1,508,298 bytes in 18,000 blocks
==5104==   total heap usage: 117,897 allocs, 99,897 frees, 13,689,085 bytes allocated
==5104==
==5104== 16 bytes in 1 blocks are possibly lost in loss record 1,467 of 6,711
==5104==    at 0x4C2FB55: calloc (in /usr/lib/valgrind/vgpreload_memcheck-amd64-linux.so)
==5104==    by 0x8140770: g_malloc0 (in /lib/x86_64-linux-gnu/libglib-2.0.so.0.4800.2)
==5104==    by 0x7ECB522: ??? (in /usr/lib/x86_64-linux-gnu/libgobject-2.0.so.0.4800.2)
==5104==    by 0x7ECFF90: g_type_register_fundamental (in /usr/lib/x86_64-linux-gnu/libgobject-2.0.so.0.4800.2)
==5104==    by 0x7EAF30B: ??? (in /usr/lib/x86_64-linux-gnu/libgobject-2.0.so.0.4800.2)
==5104==    by 0x7EA9177: ??? (in /usr/lib/x86_64-linux-gnu/libgobject-2.0.so.0.4800.2)
==5104==    by 0x40106B9: call_init.part.0 (dl-init.c:72)
==5104==    by 0x40107CA: call_init (dl-init.c:30)
==5104==    by 0x40107CA: _dl_init (dl-init.c:120)
==5104==    by 0x4000C69: ??? (in /lib/x86_64-linux-gnu/ld-2.23.so)
==5104==
==5104== 16 bytes in 1 blocks are possibly lost in loss record 1,468 of 6,711
==5104==    at 0x4C2DB8F: malloc (in /usr/lib/valgrind/vgpreload_memcheck-amd64-linux.so)
==5104==    by 0x4C2FDEF: realloc (in /usr/lib/valgrind/vgpreload_memcheck-amd64-linux.so)
==5104==    by 0x81407D7: g_realloc (in /lib/x86_64-linux-gnu/libglib-2.0.so.0.4800.2)
==5104==    by 0x7ECB406: ??? (in /usr/lib/x86_64-linux-gnu/libgobject-2.0.so.0.4800.2)
==5104==    by 0x7ECFF90: g_type_register_fundamental (in /usr/lib/x86_64-linux-gnu/libgobject-2.0.so.0.4800.2)
==5104==    by 0x7EAF30B: ??? (in /usr/lib/x86_64-linux-gnu/libgobject-2.0.so.0.4800.2)
==5104==    by 0x7EA9177: ??? (in /usr/lib/x86_64-linux-gnu/libgobject-2.0.so.0.4800.2)
==5104==    by 0x40106B9: call_init.part.0 (dl-init.c:72)
==5104==    by 0x40107CA: call_init (dl-init.c:30)
==5104==    by 0x40107CA: _dl_init (dl-init.c:120)
==5104==    by 0x4000C69: ??? (in /lib/x86_64-linux-gnu/ld-2.23.so)
==5104==
==5104== 16 bytes in 1 blocks are possibly lost in loss record 1,469 of 6,711
==5104==    at 0x4C2FB55: calloc (in /usr/lib/valgrind/vgpreload_memcheck-amd64-linux.so)
==5104==    by 0x8140770: g_malloc0 (in /lib/x86_64-linux-gnu/libglib-2.0.so.0.4800.2)
==5104==    by 0x7ECB522: ??? (in /usr/lib/x86_64-linux-gnu/libgobject-2.0.so.0.4800.2)
==5104==    by 0x7ECFF90: g_type_register_fundamental (in /usr/lib/x86_64-linux-gnu/libgobject-2.0.so.0.4800.2)
==5104==    by 0x7EAF371: ??? (in /usr/lib/x86_64-linux-gnu/libgobject-2.0.so.0.4800.2)
==5104==    by 0x7EA9177: ??? (in /usr/lib/x86_64-linux-gnu/libgobject-2.0.so.0.4800.2)
==5104==    by 0x40106B9: call_init.part.0 (dl-init.c:72)
==5104==    by 0x40107CA: call_init (dl-init.c:30)
==5104==    by 0x40107CA: _dl_init (dl-init.c:120)
==5104==    by 0x4000C69: ??? (in /lib/x86_64-linux-gnu/ld-2.23.so)
==5104==
==5104== 16 bytes in 1 blocks are possibly lost in loss record 1,470 of 6,711
==5104==    at 0x4C2DB8F: malloc (in /usr/lib/valgrind/vgpreload_memcheck-amd64-linux.so)
==5104==    by 0x4C2FDEF: realloc (in /usr/lib/valgrind/vgpreload_memcheck-amd64-linux.so)
==5104==    by 0x81407D7: g_realloc (in /lib/x86_64-linux-gnu/libglib-2.0.so.0.4800.2)
==5104==    by 0x7ECB406: ??? (in /usr/lib/x86_64-linux-gnu/libgobject-2.0.so.0.4800.2)
==5104==    by 0x7ECFF90: g_type_register_fundamental (in /usr/lib/x86_64-linux-gnu/libgobject-2.0.so.0.4800.2)
==5104==    by 0x7EAF371: ??? (in /usr/lib/x86_64-linux-gnu/libgobject-2.0.so.0.4800.2)
==5104==    by 0x7EA9177: ??? (in /usr/lib/x86_64-linux-gnu/libgobject-2.0.so.0.4800.2)
==5104==    by 0x40106B9: call_init.part.0 (dl-init.c:72)
==5104==    by 0x40107CA: call_init (dl-init.c:30)
==5104==    by 0x40107CA: _dl_init (dl-init.c:120)
==5104==    by 0x4000C69: ??? (in /lib/x86_64-linux-gnu/ld-2.23.so)
==5104==
==5104== 16 bytes in 1 blocks are possibly lost in loss record 1,471 of 6,711
==5104==    at 0x4C2FB55: calloc (in /usr/lib/valgrind/vgpreload_memcheck-amd64-linux.so)
==5104==    by 0x8140770: g_malloc0 (in /lib/x86_64-linux-gnu/libglib-2.0.so.0.4800.2)
==5104==    by 0x7ECB522: ??? (in /usr/lib/x86_64-linux-gnu/libgobject-2.0.so.0.4800.2)
==5104==    by 0x7ECFF90: g_type_register_fundamental (in /usr/lib/x86_64-linux-gnu/libgobject-2.0.so.0.4800.2)
==5104==    by 0x7EB8B04: ??? (in /usr/lib/x86_64-linux-gnu/libgobject-2.0.so.0.4800.2)
==5104==    by 0x7EA9181: ??? (in /usr/lib/x86_64-linux-gnu/libgobject-2.0.so.0.4800.2)
==5104==    by 0x40106B9: call_init.part.0 (dl-init.c:72)
==5104==    by 0x40107CA: call_init (dl-init.c:30)
==5104==    by 0x40107CA: _dl_init (dl-init.c:120)
==5104==    by 0x4000C69: ??? (in /lib/x86_64-linux-gnu/ld-2.23.so)
==5104==
==5104== 16 bytes in 1 blocks are possibly lost in loss record 1,472 of 6,711
==5104==    at 0x4C2DB8F: malloc (in /usr/lib/valgrind/vgpreload_memcheck-amd64-linux.so)
==5104==    by 0x4C2FDEF: realloc (in /usr/lib/valgrind/vgpreload_memcheck-amd64-linux.so)
==5104==    by 0x81407D7: g_realloc (in /lib/x86_64-linux-gnu/libglib-2.0.so.0.4800.2)
==5104==    by 0x7ECB406: ??? (in /usr/lib/x86_64-linux-gnu/libgobject-2.0.so.0.4800.2)
==5104==    by 0x7ECFF90: g_type_register_fundamental (in /usr/lib/x86_64-linux-gnu/libgobject-2.0.so.0.4800.2)
==5104==    by 0x7EB8B04: ??? (in /usr/lib/x86_64-linux-gnu/libgobject-2.0.so.0.4800.2)
==5104==    by 0x7EA9181: ??? (in /usr/lib/x86_64-linux-gnu/libgobject-2.0.so.0.4800.2)
==5104==    by 0x40106B9: call_init.part.0 (dl-init.c:72)
==5104==    by 0x40107CA: call_init (dl-init.c:30)
==5104==    by 0x40107CA: _dl_init (dl-init.c:120)
==5104==    by 0x4000C69: ??? (in /lib/x86_64-linux-gnu/ld-2.23.so)
==5104==
==5104== 16 bytes in 1 blocks are possibly lost in loss record 1,473 of 6,711
==5104==    at 0x4C2FB55: calloc (in /usr/lib/valgrind/vgpreload_memcheck-amd64-linux.so)
==5104==    by 0x8140770: g_malloc0 (in /lib/x86_64-linux-gnu/libglib-2.0.so.0.4800.2)
==5104==    by 0x7ECB522: ??? (in /usr/lib/x86_64-linux-gnu/libgobject-2.0.so.0.4800.2)
==5104==    by 0x7ECFF90: g_type_register_fundamental (in /usr/lib/x86_64-linux-gnu/libgobject-2.0.so.0.4800.2)
==5104==    by 0x7EB3C1B: ??? (in /usr/lib/x86_64-linux-gnu/libgobject-2.0.so.0.4800.2)
==5104==    by 0x7EA9186: ??? (in /usr/lib/x86_64-linux-gnu/libgobject-2.0.so.0.4800.2)
==5104==    by 0x40106B9: call_init.part.0 (dl-init.c:72)
==5104==    by 0x40107CA: call_init (dl-init.c:30)
==5104==    by 0x40107CA: _dl_init (dl-init.c:120)
==5104==    by 0x4000C69: ??? (in /lib/x86_64-linux-gnu/ld-2.23.so)
==5104==
==5104== 16 bytes in 1 blocks are possibly lost in loss record 1,474 of 6,711
==5104==    at 0x4C2DB8F: malloc (in /usr/lib/valgrind/vgpreload_memcheck-amd64-linux.so)
==5104==    by 0x4C2FDEF: realloc (in /usr/lib/valgrind/vgpreload_memcheck-amd64-linux.so)
==5104==    by 0x81407D7: g_realloc (in /lib/x86_64-linux-gnu/libglib-2.0.so.0.4800.2)
==5104==    by 0x7ECB406: ??? (in /usr/lib/x86_64-linux-gnu/libgobject-2.0.so.0.4800.2)
==5104==    by 0x7ECFF90: g_type_register_fundamental (in /usr/lib/x86_64-linux-gnu/libgobject-2.0.so.0.4800.2)
==5104==    by 0x7EB3C1B: ??? (in /usr/lib/x86_64-linux-gnu/libgobject-2.0.so.0.4800.2)
==5104==    by 0x7EA9186: ??? (in /usr/lib/x86_64-linux-gnu/libgobject-2.0.so.0.4800.2)
==5104==    by 0x40106B9: call_init.part.0 (dl-init.c:72)
==5104==    by 0x40107CA: call_init (dl-init.c:30)
==5104==    by 0x40107CA: _dl_init (dl-init.c:120)
==5104==    by 0x4000C69: ??? (in /lib/x86_64-linux-gnu/ld-2.23.so)
==5104==
==5104== 16 bytes in 1 blocks are possibly lost in loss record 1,475 of 6,711
==5104==    at 0x4C2DB8F: malloc (in /usr/lib/valgrind/vgpreload_memcheck-amd64-linux.so)
==5104==    by 0x8140718: g_malloc (in /lib/x86_64-linux-gnu/libglib-2.0.so.0.4800.2)
==5104==    by 0x8157922: g_slice_alloc (in /lib/x86_64-linux-gnu/libglib-2.0.so.0.4800.2)
==5104==    by 0x7EA9309: ??? (in /usr/lib/x86_64-linux-gnu/libgobject-2.0.so.0.4800.2)
==5104==    by 0x7EA937E: ??? (in /usr/lib/x86_64-linux-gnu/libgobject-2.0.so.0.4800.2)
==5104==    by 0x7ECA42D: ??? (in /usr/lib/x86_64-linux-gnu/libgobject-2.0.so.0.4800.2)
==5104==    by 0x7ECA6C4: ??? (in /usr/lib/x86_64-linux-gnu/libgobject-2.0.so.0.4800.2)
==5104==    by 0x7ECD59A: ??? (in /usr/lib/x86_64-linux-gnu/libgobject-2.0.so.0.4800.2)
==5104==    by 0x7ED181F: g_type_add_interface_static (in /usr/lib/x86_64-linux-gnu/libgobject-2.0.so.0.4800.2)
==5104==    by 0x669D3A2: gtk_button_get_type (in /usr/lib/x86_64-linux-gnu/libgtk-3.so.0.1800.9)
==5104==    by 0x50D1208: ButtonContext(_GtkWidgetPath*) (in /opt/src/wxWidgets/gtkbuild/lib/libwx_gtk3u_core-3.1.so.1.0.0)
==5104==    by 0x50D1CA4: wxSystemSettingsNative::GetColour(wxSystemColour) (in /opt/src/wxWidgets/gtkbuild/lib/libwx_gtk3u_core-3.1.so.1.0.0)
==5104==
==5104== 24 bytes in 1 blocks are possibly lost in loss record 2,042 of 6,711
==5104==    at 0x4C2FB55: calloc (in /usr/lib/valgrind/vgpreload_memcheck-amd64-linux.so)
==5104==    by 0x8140770: g_malloc0 (in /lib/x86_64-linux-gnu/libglib-2.0.so.0.4800.2)
==5104==    by 0x7ECE3B5: g_type_class_ref (in /usr/lib/x86_64-linux-gnu/libgobject-2.0.so.0.4800.2)
==5104==    by 0x7ECDE2C: g_type_class_ref (in /usr/lib/x86_64-linux-gnu/libgobject-2.0.so.0.4800.2)
==5104==    by 0x7EBD147: g_param_spec_flags (in /usr/lib/x86_64-linux-gnu/libgobject-2.0.so.0.4800.2)
==5104==    by 0x68D4F4F: ??? (in /usr/lib/x86_64-linux-gnu/libgtk-3.so.0.1800.9)
==5104==    by 0x7ECE22C: g_type_class_ref (in /usr/lib/x86_64-linux-gnu/libgobject-2.0.so.0.4800.2)
==5104==    by 0x6602C49: ??? (in /usr/lib/x86_64-linux-gnu/libgtk-3.so.0.1800.9)
==5104==    by 0xA54AA1D: atk_add_focus_tracker (in /usr/lib/x86_64-linux-gnu/libatk-1.0.so.0.21809.1)
==5104==    by 0x6603084: ??? (in /usr/lib/x86_64-linux-gnu/libgtk-3.so.0.1800.9)
==5104==    by 0x7EADFA4: g_closure_invoke (in /usr/lib/x86_64-linux-gnu/libgobject-2.0.so.0.4800.2)
==5104==    by 0x7EBFFC0: ??? (in /usr/lib/x86_64-linux-gnu/libgobject-2.0.so.0.4800.2)
==5104==
==5104== 26 bytes in 1 blocks are possibly lost in loss record 2,063 of 6,711
==5104==    at 0x4C2FB55: calloc (in /usr/lib/valgrind/vgpreload_memcheck-amd64-linux.so)
==5104==    by 0x8140770: g_malloc0 (in /lib/x86_64-linux-gnu/libglib-2.0.so.0.4800.2)
==5104==    by 0x73AF8AD: pango_language_from_string (in /usr/lib/x86_64-linux-gnu/libpango-1.0.so.0.3800.1)
==5104==    by 0x73AF99E: pango_language_get_default (in /usr/lib/x86_64-linux-gnu/libpango-1.0.so.0.3800.1)
==5104==    by 0x73AA073: ??? (in /usr/lib/x86_64-linux-gnu/libpango-1.0.so.0.3800.1)
==5104==    by 0x7ED1358: g_type_create_instance (in /usr/lib/x86_64-linux-gnu/libgobject-2.0.so.0.4800.2)
==5104==    by 0x7EB331A: ??? (in /usr/lib/x86_64-linux-gnu/libgobject-2.0.so.0.4800.2)
==5104==    by 0x7EB4C00: g_object_newv (in /usr/lib/x86_64-linux-gnu/libgobject-2.0.so.0.4800.2)
==5104==    by 0x7EB5533: g_object_new (in /usr/lib/x86_64-linux-gnu/libgobject-2.0.so.0.4800.2)
==5104==    by 0x73AD3F2: pango_font_map_create_context (in /usr/lib/x86_64-linux-gnu/libpango-1.0.so.0.3800.1)
==5104==    by 0x6EE4794: gdk_pango_context_get_for_screen (in /usr/lib/x86_64-linux-gnu/libgdk-3.so.0.1800.9)
==5104==    by 0x50E20A4: wxGetPangoContext() (in /opt/src/wxWidgets/gtkbuild/lib/libwx_gtk3u_core-3.1.so.1.0.0)
==5104==
==5104== 32 bytes in 1 blocks are possibly lost in loss record 3,135 of 6,711
==5104==    at 0x4C2FB55: calloc (in /usr/lib/valgrind/vgpreload_memcheck-amd64-linux.so)
==5104==    by 0x8140770: g_malloc0 (in /lib/x86_64-linux-gnu/libglib-2.0.so.0.4800.2)
==5104==    by 0x7ECE3B5: g_type_class_ref (in /usr/lib/x86_64-linux-gnu/libgobject-2.0.so.0.4800.2)
==5104==    by 0x7ECDE2C: g_type_class_ref (in /usr/lib/x86_64-linux-gnu/libgobject-2.0.so.0.4800.2)
==5104==    by 0x7EBD057: g_param_spec_enum (in /usr/lib/x86_64-linux-gnu/libgobject-2.0.so.0.4800.2)
==5104==    by 0x6ED5BEE: ??? (in /usr/lib/x86_64-linux-gnu/libgdk-3.so.0.1800.9)
==5104==    by 0x7ECE22C: g_type_class_ref (in /usr/lib/x86_64-linux-gnu/libgobject-2.0.so.0.4800.2)
==5104==    by 0x7ECDE2C: g_type_class_ref (in /usr/lib/x86_64-linux-gnu/libgobject-2.0.so.0.4800.2)
==5104==    by 0x7EB53A3: g_object_new_valist (in /usr/lib/x86_64-linux-gnu/libgobject-2.0.so.0.4800.2)
==5104==    by 0x7EB5520: g_object_new (in /usr/lib/x86_64-linux-gnu/libgobject-2.0.so.0.4800.2)
==5104==    by 0x6EFB7CD: ??? (in /usr/lib/x86_64-linux-gnu/libgdk-3.so.0.1800.9)
==5104==    by 0x6EFDF11: ??? (in /usr/lib/x86_64-linux-gnu/libgdk-3.so.0.1800.9)
==5104==
==5104== 48 bytes in 3 blocks are possibly lost in loss record 3,826 of 6,711
==5104==    at 0x4C2DB8F: malloc (in /usr/lib/valgrind/vgpreload_memcheck-amd64-linux.so)
==5104==    by 0x8140718: g_malloc (in /lib/x86_64-linux-gnu/libglib-2.0.so.0.4800.2)
==5104==    by 0x8157922: g_slice_alloc (in /lib/x86_64-linux-gnu/libglib-2.0.so.0.4800.2)
==5104==    by 0x7EA9309: ??? (in /usr/lib/x86_64-linux-gnu/libgobject-2.0.so.0.4800.2)
==5104==    by 0x7EA937E: ??? (in /usr/lib/x86_64-linux-gnu/libgobject-2.0.so.0.4800.2)
==5104==    by 0x7ECA42D: ??? (in /usr/lib/x86_64-linux-gnu/libgobject-2.0.so.0.4800.2)
==5104==    by 0x7ECA803: ??? (in /usr/lib/x86_64-linux-gnu/libgobject-2.0.so.0.4800.2)
==5104==    by 0x7ECD59A: ??? (in /usr/lib/x86_64-linux-gnu/libgobject-2.0.so.0.4800.2)
==5104==    by 0x7ED181F: g_type_add_interface_static (in /usr/lib/x86_64-linux-gnu/libgobject-2.0.so.0.4800.2)
==5104==    by 0x669D371: gtk_button_get_type (in /usr/lib/x86_64-linux-gnu/libgtk-3.so.0.1800.9)
==5104==    by 0x50D1208: ButtonContext(_GtkWidgetPath*) (in /opt/src/wxWidgets/gtkbuild/lib/libwx_gtk3u_core-3.1.so.1.0.0)
==5104==    by 0x50D1CA4: wxSystemSettingsNative::GetColour(wxSystemColour) (in /opt/src/wxWidgets/gtkbuild/lib/libwx_gtk3u_core-3.1.so.1.0.0)
==5104==
==5104== 72 bytes in 1 blocks are possibly lost in loss record 4,288 of 6,711
==5104==    at 0x4C2FD5F: realloc (in /usr/lib/valgrind/vgpreload_memcheck-amd64-linux.so)
==5104==    by 0x81407D7: g_realloc (in /lib/x86_64-linux-gnu/libglib-2.0.so.0.4800.2)
==5104==    by 0x7ECA9D8: ??? (in /usr/lib/x86_64-linux-gnu/libgobject-2.0.so.0.4800.2)
==5104==    by 0x7ED02CC: g_type_register_static (in /usr/lib/x86_64-linux-gnu/libgobject-2.0.so.0.4800.2)
==5104==    by 0x7EAF53D: g_flags_register_static (in /usr/lib/x86_64-linux-gnu/libgobject-2.0.so.0.4800.2)
==5104==    by 0x68C7EFA: gtk_input_hints_get_type (in /usr/lib/x86_64-linux-gnu/libgtk-3.so.0.1800.9)
==5104==    by 0x676CF66: ??? (in /usr/lib/x86_64-linux-gnu/libgtk-3.so.0.1800.9)
==5104==    by 0x7ECE22C: g_type_class_ref (in /usr/lib/x86_64-linux-gnu/libgobject-2.0.so.0.4800.2)
==5104==    by 0x7ECDE2C: g_type_class_ref (in /usr/lib/x86_64-linux-gnu/libgobject-2.0.so.0.4800.2)
==5104==    by 0x7EB4DAC: g_object_newv (in /usr/lib/x86_64-linux-gnu/libgobject-2.0.so.0.4800.2)
==5104==    by 0x7EB5533: g_object_new (in /usr/lib/x86_64-linux-gnu/libgobject-2.0.so.0.4800.2)
==5104==    by 0x50E5274: wxWindow::GTKHandleRealized() (in /opt/src/wxWidgets/gtkbuild/lib/libwx_gtk3u_core-3.1.so.1.0.0)
==5104==
==5104== 80 bytes in 1 blocks are possibly lost in loss record 4,681 of 6,711
==5104==    at 0x4C2FB55: calloc (in /usr/lib/valgrind/vgpreload_memcheck-amd64-linux.so)
==5104==    by 0x8140770: g_malloc0 (in /lib/x86_64-linux-gnu/libglib-2.0.so.0.4800.2)
==5104==    by 0x7ECE3B5: g_type_class_ref (in /usr/lib/x86_64-linux-gnu/libgobject-2.0.so.0.4800.2)
==5104==    by 0x7ECDE2C: g_type_class_ref (in /usr/lib/x86_64-linux-gnu/libgobject-2.0.so.0.4800.2)
==5104==    by 0x7ED1247: g_type_create_instance (in /usr/lib/x86_64-linux-gnu/libgobject-2.0.so.0.4800.2)
==5104==    by 0x7EB90D2: g_param_spec_internal (in /usr/lib/x86_64-linux-gnu/libgobject-2.0.so.0.4800.2)
==5104==    by 0x7EBD661: g_param_spec_object (in /usr/lib/x86_64-linux-gnu/libgobject-2.0.so.0.4800.2)
==5104==    by 0x6EDB321: ??? (in /usr/lib/x86_64-linux-gnu/libgdk-3.so.0.1800.9)
==5104==    by 0x7ECE22C: g_type_class_ref (in /usr/lib/x86_64-linux-gnu/libgobject-2.0.so.0.4800.2)
==5104==    by 0x7EB4DAC: g_object_newv (in /usr/lib/x86_64-linux-gnu/libgobject-2.0.so.0.4800.2)
==5104==    by 0x7EB5533: g_object_new (in /usr/lib/x86_64-linux-gnu/libgobject-2.0.so.0.4800.2)
==5104==    by 0x6EDB414: gdk_display_manager_get (in /usr/lib/x86_64-linux-gnu/libgdk-3.so.0.1800.9)
==5104==
==5104== 96 bytes in 1 blocks are possibly lost in loss record 5,690 of 6,711
==5104==    at 0x4C2FB55: calloc (in /usr/lib/valgrind/vgpreload_memcheck-amd64-linux.so)
==5104==    by 0x8140770: g_malloc0 (in /lib/x86_64-linux-gnu/libglib-2.0.so.0.4800.2)
==5104==    by 0x7ECAA59: ??? (in /usr/lib/x86_64-linux-gnu/libgobject-2.0.so.0.4800.2)
==5104==    by 0x7ECAB43: ??? (in /usr/lib/x86_64-linux-gnu/libgobject-2.0.so.0.4800.2)
==5104==    by 0x7EA90AA: ??? (in /usr/lib/x86_64-linux-gnu/libgobject-2.0.so.0.4800.2)
==5104==    by 0x40106B9: call_init.part.0 (dl-init.c:72)
==5104==    by 0x40107CA: call_init (dl-init.c:30)
==5104==    by 0x40107CA: _dl_init (dl-init.c:120)
==5104==    by 0x4000C69: ??? (in /lib/x86_64-linux-gnu/ld-2.23.so)
==5104==
==5104== 96 bytes in 1 blocks are possibly lost in loss record 5,691 of 6,711
==5104==    at 0x4C2FB55: calloc (in /usr/lib/valgrind/vgpreload_memcheck-amd64-linux.so)
==5104==    by 0x8140770: g_malloc0 (in /lib/x86_64-linux-gnu/libglib-2.0.so.0.4800.2)
==5104==    by 0x7ECAA59: ??? (in /usr/lib/x86_64-linux-gnu/libgobject-2.0.so.0.4800.2)
==5104==    by 0x7ECAB43: ??? (in /usr/lib/x86_64-linux-gnu/libgobject-2.0.so.0.4800.2)
==5104==    by 0x7ECFF82: g_type_register_fundamental (in /usr/lib/x86_64-linux-gnu/libgobject-2.0.so.0.4800.2)
==5104==    by 0x7EAF30B: ??? (in /usr/lib/x86_64-linux-gnu/libgobject-2.0.so.0.4800.2)
==5104==    by 0x7EA9177: ??? (in /usr/lib/x86_64-linux-gnu/libgobject-2.0.so.0.4800.2)
==5104==    by 0x40106B9: call_init.part.0 (dl-init.c:72)
==5104==    by 0x40107CA: call_init (dl-init.c:30)
==5104==    by 0x40107CA: _dl_init (dl-init.c:120)
==5104==    by 0x4000C69: ??? (in /lib/x86_64-linux-gnu/ld-2.23.so)
==5104==
==5104== 96 bytes in 1 blocks are possibly lost in loss record 5,692 of 6,711
==5104==    at 0x4C2FB55: calloc (in /usr/lib/valgrind/vgpreload_memcheck-amd64-linux.so)
==5104==    by 0x8140770: g_malloc0 (in /lib/x86_64-linux-gnu/libglib-2.0.so.0.4800.2)
==5104==    by 0x7ECAA59: ??? (in /usr/lib/x86_64-linux-gnu/libgobject-2.0.so.0.4800.2)
==5104==    by 0x7ECAB43: ??? (in /usr/lib/x86_64-linux-gnu/libgobject-2.0.so.0.4800.2)
==5104==    by 0x7ECFF82: g_type_register_fundamental (in /usr/lib/x86_64-linux-gnu/libgobject-2.0.so.0.4800.2)
==5104==    by 0x7EAF371: ??? (in /usr/lib/x86_64-linux-gnu/libgobject-2.0.so.0.4800.2)
==5104==    by 0x7EA9177: ??? (in /usr/lib/x86_64-linux-gnu/libgobject-2.0.so.0.4800.2)
==5104==    by 0x40106B9: call_init.part.0 (dl-init.c:72)
==5104==    by 0x40107CA: call_init (dl-init.c:30)
==5104==    by 0x40107CA: _dl_init (dl-init.c:120)
==5104==    by 0x4000C69: ??? (in /lib/x86_64-linux-gnu/ld-2.23.so)
==5104==
==5104== 96 bytes in 1 blocks are possibly lost in loss record 5,693 of 6,711
==5104==    at 0x4C2FB55: calloc (in /usr/lib/valgrind/vgpreload_memcheck-amd64-linux.so)
==5104==    by 0x8140770: g_malloc0 (in /lib/x86_64-linux-gnu/libglib-2.0.so.0.4800.2)
==5104==    by 0x7ECAA59: ??? (in /usr/lib/x86_64-linux-gnu/libgobject-2.0.so.0.4800.2)
==5104==    by 0x7ECAB43: ??? (in /usr/lib/x86_64-linux-gnu/libgobject-2.0.so.0.4800.2)
==5104==    by 0x7ECFF82: g_type_register_fundamental (in /usr/lib/x86_64-linux-gnu/libgobject-2.0.so.0.4800.2)
==5104==    by 0x7EB8B04: ??? (in /usr/lib/x86_64-linux-gnu/libgobject-2.0.so.0.4800.2)
==5104==    by 0x7EA9181: ??? (in /usr/lib/x86_64-linux-gnu/libgobject-2.0.so.0.4800.2)
==5104==    by 0x40106B9: call_init.part.0 (dl-init.c:72)
==5104==    by 0x40107CA: call_init (dl-init.c:30)
==5104==    by 0x40107CA: _dl_init (dl-init.c:120)
==5104==    by 0x4000C69: ??? (in /lib/x86_64-linux-gnu/ld-2.23.so)
==5104==
==5104== 96 bytes in 1 blocks are possibly lost in loss record 5,694 of 6,711
==5104==    at 0x4C2FB55: calloc (in /usr/lib/valgrind/vgpreload_memcheck-amd64-linux.so)
==5104==    by 0x8140770: g_malloc0 (in /lib/x86_64-linux-gnu/libglib-2.0.so.0.4800.2)
==5104==    by 0x7ECAA59: ??? (in /usr/lib/x86_64-linux-gnu/libgobject-2.0.so.0.4800.2)
==5104==    by 0x7ECAB43: ??? (in /usr/lib/x86_64-linux-gnu/libgobject-2.0.so.0.4800.2)
==5104==    by 0x7ECFF82: g_type_register_fundamental (in /usr/lib/x86_64-linux-gnu/libgobject-2.0.so.0.4800.2)
==5104==    by 0x7EB3C1B: ??? (in /usr/lib/x86_64-linux-gnu/libgobject-2.0.so.0.4800.2)
==5104==    by 0x7EA9186: ??? (in /usr/lib/x86_64-linux-gnu/libgobject-2.0.so.0.4800.2)
==5104==    by 0x40106B9: call_init.part.0 (dl-init.c:72)
==5104==    by 0x40107CA: call_init (dl-init.c:30)
==5104==    by 0x40107CA: _dl_init (dl-init.c:120)
==5104==    by 0x4000C69: ??? (in /lib/x86_64-linux-gnu/ld-2.23.so)
==5104==
==5104== 132 bytes in 1 blocks are possibly lost in loss record 6,013 of 6,711
==5104==    at 0x4C2FB55: calloc (in /usr/lib/valgrind/vgpreload_memcheck-amd64-linux.so)
==5104==    by 0x8140770: g_malloc0 (in /lib/x86_64-linux-gnu/libglib-2.0.so.0.4800.2)
==5104==    by 0x7ECBDFF: ??? (in /usr/lib/x86_64-linux-gnu/libgobject-2.0.so.0.4800.2)
==5104==    by 0x7ECFFE0: g_type_register_fundamental (in /usr/lib/x86_64-linux-gnu/libgobject-2.0.so.0.4800.2)
==5104==    by 0x7EAF30B: ??? (in /usr/lib/x86_64-linux-gnu/libgobject-2.0.so.0.4800.2)
==5104==    by 0x7EA9177: ??? (in /usr/lib/x86_64-linux-gnu/libgobject-2.0.so.0.4800.2)
==5104==    by 0x40106B9: call_init.part.0 (dl-init.c:72)
==5104==    by 0x40107CA: call_init (dl-init.c:30)
==5104==    by 0x40107CA: _dl_init (dl-init.c:120)
==5104==    by 0x4000C69: ??? (in /lib/x86_64-linux-gnu/ld-2.23.so)
==5104==
==5104== 132 bytes in 1 blocks are possibly lost in loss record 6,014 of 6,711
==5104==    at 0x4C2FB55: calloc (in /usr/lib/valgrind/vgpreload_memcheck-amd64-linux.so)
==5104==    by 0x8140770: g_malloc0 (in /lib/x86_64-linux-gnu/libglib-2.0.so.0.4800.2)
==5104==    by 0x7ECBDFF: ??? (in /usr/lib/x86_64-linux-gnu/libgobject-2.0.so.0.4800.2)
==5104==    by 0x7ECFFE0: g_type_register_fundamental (in /usr/lib/x86_64-linux-gnu/libgobject-2.0.so.0.4800.2)
==5104==    by 0x7EAF371: ??? (in /usr/lib/x86_64-linux-gnu/libgobject-2.0.so.0.4800.2)
==5104==    by 0x7EA9177: ??? (in /usr/lib/x86_64-linux-gnu/libgobject-2.0.so.0.4800.2)
==5104==    by 0x40106B9: call_init.part.0 (dl-init.c:72)
==5104==    by 0x40107CA: call_init (dl-init.c:30)
==5104==    by 0x40107CA: _dl_init (dl-init.c:120)
==5104==    by 0x4000C69: ??? (in /lib/x86_64-linux-gnu/ld-2.23.so)
==5104==
==5104== 148 bytes in 1 blocks are possibly lost in loss record 6,063 of 6,711
==5104==    at 0x4C2FB55: calloc (in /usr/lib/valgrind/vgpreload_memcheck-amd64-linux.so)
==5104==    by 0x8140770: g_malloc0 (in /lib/x86_64-linux-gnu/libglib-2.0.so.0.4800.2)
==5104==    by 0x7ECBBD6: ??? (in /usr/lib/x86_64-linux-gnu/libgobject-2.0.so.0.4800.2)
==5104==    by 0x7ECFFE0: g_type_register_fundamental (in /usr/lib/x86_64-linux-gnu/libgobject-2.0.so.0.4800.2)
==5104==    by 0x7EB8B04: ??? (in /usr/lib/x86_64-linux-gnu/libgobject-2.0.so.0.4800.2)
==5104==    by 0x7EA9181: ??? (in /usr/lib/x86_64-linux-gnu/libgobject-2.0.so.0.4800.2)
==5104==    by 0x40106B9: call_init.part.0 (dl-init.c:72)
==5104==    by 0x40107CA: call_init (dl-init.c:30)
==5104==    by 0x40107CA: _dl_init (dl-init.c:120)
==5104==    by 0x4000C69: ??? (in /lib/x86_64-linux-gnu/ld-2.23.so)
==5104==
==5104== 148 bytes in 1 blocks are possibly lost in loss record 6,064 of 6,711
==5104==    at 0x4C2FB55: calloc (in /usr/lib/valgrind/vgpreload_memcheck-amd64-linux.so)
==5104==    by 0x8140770: g_malloc0 (in /lib/x86_64-linux-gnu/libglib-2.0.so.0.4800.2)
==5104==    by 0x7ECBBD6: ??? (in /usr/lib/x86_64-linux-gnu/libgobject-2.0.so.0.4800.2)
==5104==    by 0x7ECFFE0: g_type_register_fundamental (in /usr/lib/x86_64-linux-gnu/libgobject-2.0.so.0.4800.2)
==5104==    by 0x7EB3C1B: ??? (in /usr/lib/x86_64-linux-gnu/libgobject-2.0.so.0.4800.2)
==5104==    by 0x7EA9186: ??? (in /usr/lib/x86_64-linux-gnu/libgobject-2.0.so.0.4800.2)
==5104==    by 0x40106B9: call_init.part.0 (dl-init.c:72)
==5104==    by 0x40107CA: call_init (dl-init.c:30)
==5104==    by 0x40107CA: _dl_init (dl-init.c:120)
==5104==    by 0x4000C69: ??? (in /lib/x86_64-linux-gnu/ld-2.23.so)
==5104==
==5104== 176 bytes in 4 blocks are possibly lost in loss record 6,127 of 6,711
==5104==    at 0x4C2DB8F: malloc (in /usr/lib/valgrind/vgpreload_memcheck-amd64-linux.so)
==5104==    by 0x8140718: g_malloc (in /lib/x86_64-linux-gnu/libglib-2.0.so.0.4800.2)
==5104==    by 0x66EA173: ??? (in /usr/lib/x86_64-linux-gnu/libgtk-3.so.0.1800.9)
==5104==    by 0x66EA439: ??? (in /usr/lib/x86_64-linux-gnu/libgtk-3.so.0.1800.9)
==5104==    by 0x66E922C: ??? (in /usr/lib/x86_64-linux-gnu/libgtk-3.so.0.1800.9)
==5104==    by 0x6645766: ??? (in /usr/lib/x86_64-linux-gnu/libgtk-3.so.0.1800.9)
==5104==    by 0x6646FE4: ??? (in /usr/lib/x86_64-linux-gnu/libgtk-3.so.0.1800.9)
==5104==    by 0x664725D: ??? (in /usr/lib/x86_64-linux-gnu/libgtk-3.so.0.1800.9)
==5104==    by 0x7EB3896: ??? (in /usr/lib/x86_64-linux-gnu/libgobject-2.0.so.0.4800.2)
==5104==    by 0x7EB51B4: g_object_new_valist (in /usr/lib/x86_64-linux-gnu/libgobject-2.0.so.0.4800.2)
==5104==    by 0x7EB5520: g_object_new (in /usr/lib/x86_64-linux-gnu/libgobject-2.0.so.0.4800.2)
==5104==    by 0x6645D27: ??? (in /usr/lib/x86_64-linux-gnu/libgtk-3.so.0.1800.9)
==5104==
==5104== 184 bytes in 1 blocks are possibly lost in loss record 6,144 of 6,711
==5104==    at 0x4C2FD5F: realloc (in /usr/lib/valgrind/vgpreload_memcheck-amd64-linux.so)
==5104==    by 0x81407D7: g_realloc (in /lib/x86_64-linux-gnu/libglib-2.0.so.0.4800.2)
==5104==    by 0x7ECA9D8: ??? (in /usr/lib/x86_64-linux-gnu/libgobject-2.0.so.0.4800.2)
==5104==    by 0x7ED02CC: g_type_register_static (in /usr/lib/x86_64-linux-gnu/libgobject-2.0.so.0.4800.2)
==5104==    by 0x7EBA799: g_param_type_register_static (in /usr/lib/x86_64-linux-gnu/libgobject-2.0.so.0.4800.2)
==5104==    by 0x7EBCAFB: ??? (in /usr/lib/x86_64-linux-gnu/libgobject-2.0.so.0.4800.2)
==5104==    by 0x7EA918B: ??? (in /usr/lib/x86_64-linux-gnu/libgobject-2.0.so.0.4800.2)
==5104==    by 0x40106B9: call_init.part.0 (dl-init.c:72)
==5104==    by 0x40107CA: call_init (dl-init.c:30)
==5104==    by 0x40107CA: _dl_init (dl-init.c:120)
==5104==    by 0x4000C69: ??? (in /lib/x86_64-linux-gnu/ld-2.23.so)
==5104==
==5104== 200 bytes in 5 blocks are possibly lost in loss record 6,168 of 6,711
==5104==    at 0x4C2DB8F: malloc (in /usr/lib/valgrind/vgpreload_memcheck-amd64-linux.so)
==5104==    by 0x8140718: g_malloc (in /lib/x86_64-linux-gnu/libglib-2.0.so.0.4800.2)
==5104==    by 0x8159527: g_memdup (in /lib/x86_64-linux-gnu/libglib-2.0.so.0.4800.2)
==5104==    by 0x66EA109: ??? (in /usr/lib/x86_64-linux-gnu/libgtk-3.so.0.1800.9)
==5104==    by 0x66EA387: ??? (in /usr/lib/x86_64-linux-gnu/libgtk-3.so.0.1800.9)
==5104==    by 0x66E91EC: ??? (in /usr/lib/x86_64-linux-gnu/libgtk-3.so.0.1800.9)
==5104==    by 0x6832CF1: gtk_style_context_set_state (in /usr/lib/x86_64-linux-gnu/libgtk-3.so.0.1800.9)
==5104==    by 0x6646EE4: ??? (in /usr/lib/x86_64-linux-gnu/libgtk-3.so.0.1800.9)
==5104==    by 0x664725D: ??? (in /usr/lib/x86_64-linux-gnu/libgtk-3.so.0.1800.9)
==5104==    by 0x7EB3896: ??? (in /usr/lib/x86_64-linux-gnu/libgobject-2.0.so.0.4800.2)
==5104==    by 0x7EB51B4: g_object_new_valist (in /usr/lib/x86_64-linux-gnu/libgobject-2.0.so.0.4800.2)
==5104==    by 0x7EB5520: g_object_new (in /usr/lib/x86_64-linux-gnu/libgobject-2.0.so.0.4800.2)
==5104==
==5104== 288 (256 direct, 32 indirect) bytes in 1 blocks are definitely lost in loss record 6,294 of 6,711
==5104==    at 0x4C2DB8F: malloc (in /usr/lib/valgrind/vgpreload_memcheck-amd64-linux.so)
==5104==    by 0x8F830B9: ??? (in /usr/lib/x86_64-linux-gnu/libfontconfig.so.1.9.0)
==5104==    by 0x8F83829: ??? (in /usr/lib/x86_64-linux-gnu/libfontconfig.so.1.9.0)
==5104==    by 0x8F84D4A: ??? (in /usr/lib/x86_64-linux-gnu/libfontconfig.so.1.9.0)
==5104==    by 0x8F8A19B: ??? (in /usr/lib/x86_64-linux-gnu/libfontconfig.so.1.9.0)
==5104==    by 0xE484A9B: ??? (in /lib/x86_64-linux-gnu/libexpat.so.1.6.0)
==5104==    by 0xE4853AB: ??? (in /lib/x86_64-linux-gnu/libexpat.so.1.6.0)
==5104==    by 0xE486CCD: ??? (in /lib/x86_64-linux-gnu/libexpat.so.1.6.0)
==5104==    by 0xE487424: ??? (in /lib/x86_64-linux-gnu/libexpat.so.1.6.0)
==5104==    by 0xE48972A: XML_ParseBuffer (in /lib/x86_64-linux-gnu/libexpat.so.1.6.0)
==5104==    by 0x8F8952A: FcConfigParseAndLoad (in /usr/lib/x86_64-linux-gnu/libfontconfig.so.1.9.0)
==5104==    by 0x8F89836: FcConfigParseAndLoad (in /usr/lib/x86_64-linux-gnu/libfontconfig.so.1.9.0)
==5104==
==5104== 384 bytes in 1 blocks are possibly lost in loss record 6,374 of 6,711
==5104==    at 0x4C2FB55: calloc (in /usr/lib/valgrind/vgpreload_memcheck-amd64-linux.so)
==5104==    by 0x40138A4: allocate_dtv (dl-tls.c:322)
==5104==    by 0x40138A4: _dl_allocate_tls (dl-tls.c:539)
==5104==    by 0x98F926E: allocate_stack (allocatestack.c:588)
==5104==    by 0x98F926E: pthread_create@@GLIBC_2.2.5 (pthread_create.c:539)
==5104==    by 0x817F85F: ??? (in /lib/x86_64-linux-gnu/libglib-2.0.so.0.4800.2)
==5104==    by 0x8161E8E: ??? (in /lib/x86_64-linux-gnu/libglib-2.0.so.0.4800.2)
==5104==    by 0x8161F47: g_thread_new (in /lib/x86_64-linux-gnu/libglib-2.0.so.0.4800.2)
==5104==    by 0x813C270: ??? (in /lib/x86_64-linux-gnu/libglib-2.0.so.0.4800.2)
==5104==    by 0x7B9DE16: g_task_get_type (in /usr/lib/x86_64-linux-gnu/libgio-2.0.so.0.4800.2)
==5104==    by 0x7BFB6D0: ??? (in /usr/lib/x86_64-linux-gnu/libgio-2.0.so.0.4800.2)
==5104==    by 0x7BEF2D6: ??? (in /usr/lib/x86_64-linux-gnu/libgio-2.0.so.0.4800.2)
==5104==    by 0x7BEF992: g_bus_get_sync (in /usr/lib/x86_64-linux-gnu/libgio-2.0.so.0.4800.2)
==5104==    by 0x1151665A: ??? (in /usr/lib/x86_64-linux-gnu/gio/modules/libgvfsdbus.so)
==5104==
==5104== 384 bytes in 1 blocks are possibly lost in loss record 6,375 of 6,711
==5104==    at 0x4C2FB55: calloc (in /usr/lib/valgrind/vgpreload_memcheck-amd64-linux.so)
==5104==    by 0x40138A4: allocate_dtv (dl-tls.c:322)
==5104==    by 0x40138A4: _dl_allocate_tls (dl-tls.c:539)
==5104==    by 0x98F926E: allocate_stack (allocatestack.c:588)
==5104==    by 0x98F926E: pthread_create@@GLIBC_2.2.5 (pthread_create.c:539)
==5104==    by 0x817F85F: ??? (in /lib/x86_64-linux-gnu/libglib-2.0.so.0.4800.2)
==5104==    by 0x8161E8E: ??? (in /lib/x86_64-linux-gnu/libglib-2.0.so.0.4800.2)
==5104==    by 0x8161F47: g_thread_new (in /lib/x86_64-linux-gnu/libglib-2.0.so.0.4800.2)
==5104==    by 0x7BFB743: ??? (in /usr/lib/x86_64-linux-gnu/libgio-2.0.so.0.4800.2)
==5104==    by 0x7BEF2D6: ??? (in /usr/lib/x86_64-linux-gnu/libgio-2.0.so.0.4800.2)
==5104==    by 0x7BEF992: g_bus_get_sync (in /usr/lib/x86_64-linux-gnu/libgio-2.0.so.0.4800.2)
==5104==    by 0x1151665A: ??? (in /usr/lib/x86_64-linux-gnu/gio/modules/libgvfsdbus.so)
==5104==    by 0x7ED1358: g_type_create_instance (in /usr/lib/x86_64-linux-gnu/libgobject-2.0.so.0.4800.2)
==5104==    by 0x7EB331A: ??? (in /usr/lib/x86_64-linux-gnu/libgobject-2.0.so.0.4800.2)
==5104==
==5104== 432 bytes in 1 blocks are possibly lost in loss record 6,402 of 6,711
==5104==    at 0x4C2FD5F: realloc (in /usr/lib/valgrind/vgpreload_memcheck-amd64-linux.so)
==5104==    by 0x81407D7: g_realloc (in /lib/x86_64-linux-gnu/libglib-2.0.so.0.4800.2)
==5104==    by 0x7ECA9D8: ??? (in /usr/lib/x86_64-linux-gnu/libgobject-2.0.so.0.4800.2)
==5104==    by 0x7ED02CC: g_type_register_static (in /usr/lib/x86_64-linux-gnu/libgobject-2.0.so.0.4800.2)
==5104==    by 0x7EAF43D: g_enum_register_static (in /usr/lib/x86_64-linux-gnu/libgobject-2.0.so.0.4800.2)
==5104==    by 0xA54B9F6: atk_state_type_get_type (in /usr/lib/x86_64-linux-gnu/libatk-1.0.so.0.21809.1)
==5104==    by 0xA54684B: atk_state_type_get_name (in /usr/lib/x86_64-linux-gnu/libatk-1.0.so.0.21809.1)
==5104==    by 0xA543F66: atk_object_notify_state_change (in /usr/lib/x86_64-linux-gnu/libatk-1.0.so.0.21809.1)
==5104==    by 0x6679A8C: gtk_accessible_set_widget (in /usr/lib/x86_64-linux-gnu/libgtk-3.so.0.1800.9)
==5104==    by 0x7EB370C: ??? (in /usr/lib/x86_64-linux-gnu/libgobject-2.0.so.0.4800.2)
==5104==    by 0x7EB51B4: g_object_new_valist (in /usr/lib/x86_64-linux-gnu/libgobject-2.0.so.0.4800.2)
==5104==    by 0x7EB5520: g_object_new (in /usr/lib/x86_64-linux-gnu/libgobject-2.0.so.0.4800.2)
==5104==
==5104== 648 bytes in 1 blocks are possibly lost in loss record 6,484 of 6,711
==5104==    at 0x4C2FD5F: realloc (in /usr/lib/valgrind/vgpreload_memcheck-amd64-linux.so)
==5104==    by 0x81407D7: g_realloc (in /lib/x86_64-linux-gnu/libglib-2.0.so.0.4800.2)
==5104==    by 0x7ECA9D8: ??? (in /usr/lib/x86_64-linux-gnu/libgobject-2.0.so.0.4800.2)
==5104==    by 0x7ED02CC: g_type_register_static (in /usr/lib/x86_64-linux-gnu/libgobject-2.0.so.0.4800.2)
==5104==    by 0x7ED0694: g_type_register_static_simple (in /usr/lib/x86_64-linux-gnu/libgobject-2.0.so.0.4800.2)
==5104==    by 0x73BB0D3: pango_renderer_get_type (in /usr/lib/x86_64-linux-gnu/libpango-1.0.so.0.3800.1)
==5104==    by 0x67CDC1C: ??? (in /usr/lib/x86_64-linux-gnu/libgtk-3.so.0.1800.9)
==5104==    by 0x67CDD24: ??? (in /usr/lib/x86_64-linux-gnu/libgtk-3.so.0.1800.9)
==5104==    by 0x66F6514: ??? (in /usr/lib/x86_64-linux-gnu/libgtk-3.so.0.1800.9)
==5104==    by 0x66F4FB4: ??? (in /usr/lib/x86_64-linux-gnu/libgtk-3.so.0.1800.9)
==5104==    by 0x6804747: gtk_render_layout (in /usr/lib/x86_64-linux-gnu/libgtk-3.so.0.1800.9)
==5104==    by 0x677C628: ??? (in /usr/lib/x86_64-linux-gnu/libgtk-3.so.0.1800.9)
==5104==
==5104== 2,145 (768 direct, 1,377 indirect) bytes in 1 blocks are definitely lost in loss record 6,622 of 6,711
==5104==    at 0x4C2FD5F: realloc (in /usr/lib/valgrind/vgpreload_memcheck-amd64-linux.so)
==5104==    by 0x8F8300A: ??? (in /usr/lib/x86_64-linux-gnu/libfontconfig.so.1.9.0)
==5104==    by 0x8F8369D: ??? (in /usr/lib/x86_64-linux-gnu/libfontconfig.so.1.9.0)
==5104==    by 0x8F80765: FcFontRenderPrepare (in /usr/lib/x86_64-linux-gnu/libfontconfig.so.1.9.0)
==5104==    by 0x8F80A4F: FcFontMatch (in /usr/lib/x86_64-linux-gnu/libfontconfig.so.1.9.0)
==5104==    by 0x8D5AF1D: ??? (in /usr/lib/x86_64-linux-gnu/libpangoft2-1.0.so.0.3800.1)
==5104==    by 0x8D5B06C: ??? (in /usr/lib/x86_64-linux-gnu/libpangoft2-1.0.so.0.3800.1)
==5104==    by 0x73AA5D3: ??? (in /usr/lib/x86_64-linux-gnu/libpango-1.0.so.0.3800.1)
==5104==    by 0x73AA8E3: ??? (in /usr/lib/x86_64-linux-gnu/libpango-1.0.so.0.3800.1)
==5104==    by 0x73ABCFF: pango_itemize_with_base_dir (in /usr/lib/x86_64-linux-gnu/libpango-1.0.so.0.3800.1)
==5104==    by 0x73B415C: ??? (in /usr/lib/x86_64-linux-gnu/libpango-1.0.so.0.3800.1)
==5104==    by 0x73B5938: pango_layout_get_line_readonly (in /usr/lib/x86_64-linux-gnu/libpango-1.0.so.0.3800.1)
==5104==
==5104== 6,396 (512 direct, 5,884 indirect) bytes in 1 blocks are definitely lost in loss record 6,680 of 6,711
==5104==    at 0x4C2FD5F: realloc (in /usr/lib/valgrind/vgpreload_memcheck-amd64-linux.so)
==5104==    by 0x8F8300A: ??? (in /usr/lib/x86_64-linux-gnu/libfontconfig.so.1.9.0)
==5104==    by 0x8F83829: ??? (in /usr/lib/x86_64-linux-gnu/libfontconfig.so.1.9.0)
==5104==    by 0x8F83B6F: FcPatternAddInteger (in /usr/lib/x86_64-linux-gnu/libfontconfig.so.1.9.0)
==5104==    by 0x7697931: ??? (in /usr/lib/x86_64-linux-gnu/libcairo.so.2.11400.6)
==5104==    by 0x719054F: ??? (in /usr/lib/x86_64-linux-gnu/libpangocairo-1.0.so.0.3800.1)
==5104==    by 0x8D5A6F1: ??? (in /usr/lib/x86_64-linux-gnu/libpangoft2-1.0.so.0.3800.1)
==5104==    by 0x73AA829: ??? (in /usr/lib/x86_64-linux-gnu/libpango-1.0.so.0.3800.1)
==5104==    by 0x73ABCFF: pango_itemize_with_base_dir (in /usr/lib/x86_64-linux-gnu/libpango-1.0.so.0.3800.1)
==5104==    by 0x73B415C: ??? (in /usr/lib/x86_64-linux-gnu/libpango-1.0.so.0.3800.1)
==5104==    by 0x73B5938: pango_layout_get_line_readonly (in /usr/lib/x86_64-linux-gnu/libpango-1.0.so.0.3800.1)
==5104==    by 0x50DD2A9: wxWindow::GetCharHeight() const (in /opt/src/wxWidgets/gtkbuild/lib/libwx_gtk3u_core-3.1.so.1.0.0)
==5104==
==5104== LEAK SUMMARY:
==5104==    definitely lost: 1,536 bytes in 3 blocks
==5104==    indirectly lost: 7,293 bytes in 313 blocks
==5104==      possibly lost: 3,874 bytes in 40 blocks
==5104==    still reachable: 1,411,627 bytes in 16,969 blocks
==5104==                       of which reachable via heuristic:
==5104==                         length64           : 4,904 bytes in 83 blocks
==5104==                         newarray           : 2,128 bytes in 53 blocks
==5104==         suppressed: 0 bytes in 0 blocks
==5104== Reachable blocks (those to which a pointer was found) are not shown.
==5104== To see them, rerun with: --leak-check=full --show-leak-kinds=all
==5104==
==5104== For counts of detected and suppressed errors, rerun with: -v
==5104== ERROR SUMMARY: 34 errors from 34 contexts (suppressed: 0 from 0)