==30230== Memcheck, a memory error detector
==30230== Copyright (C) 2002-2015, and GNU GPL'd, by Julian Seward et al.
==30230== Using Valgrind-3.11.0 and LibVEX; rerun with -h for copyright info
==30230== Command: ./minimal
==30230==
==30230==
==30230== HEAP SUMMARY:
==30230==     in use at exit: 1,187,811 bytes in 13,785 blocks
==30230==   total heap usage: 66,024 allocs, 52,239 frees, 9,928,720 bytes allocated
==30230==
==30230== 16 bytes in 1 blocks are possibly lost in loss record 1,065 of 4,895
==30230==    at 0x4C2FB55: calloc (in /usr/lib/valgrind/vgpreload_memcheck-amd64-linux.so)
==30230==    by 0x82A2770: g_malloc0 (in /lib/x86_64-linux-gnu/libglib-2.0.so.0.4800.2)
==30230==    by 0x7DEA522: ??? (in /usr/lib/x86_64-linux-gnu/libgobject-2.0.so.0.4800.2)
==30230==    by 0x7DEEF90: g_type_register_fundamental (in /usr/lib/x86_64-linux-gnu/libgobject-2.0.so.0.4800.2)
==30230==    by 0x7DCE30B: ??? (in /usr/lib/x86_64-linux-gnu/libgobject-2.0.so.0.4800.2)
==30230==    by 0x7DC8177: ??? (in /usr/lib/x86_64-linux-gnu/libgobject-2.0.so.0.4800.2)
==30230==    by 0x40106B9: call_init.part.0 (dl-init.c:72)
==30230==    by 0x40107CA: call_init (dl-init.c:30)
==30230==    by 0x40107CA: _dl_init (dl-init.c:120)
==30230==    by 0x4000C69: ??? (in /lib/x86_64-linux-gnu/ld-2.23.so)
==30230==
==30230== 16 bytes in 1 blocks are possibly lost in loss record 1,066 of 4,895
==30230==    at 0x4C2DB8F: malloc (in /usr/lib/valgrind/vgpreload_memcheck-amd64-linux.so)
==30230==    by 0x4C2FDEF: realloc (in /usr/lib/valgrind/vgpreload_memcheck-amd64-linux.so)
==30230==    by 0x82A27D7: g_realloc (in /lib/x86_64-linux-gnu/libglib-2.0.so.0.4800.2)
==30230==    by 0x7DEA406: ??? (in /usr/lib/x86_64-linux-gnu/libgobject-2.0.so.0.4800.2)
==30230==    by 0x7DEEF90: g_type_register_fundamental (in /usr/lib/x86_64-linux-gnu/libgobject-2.0.so.0.4800.2)
==30230==    by 0x7DCE30B: ??? (in /usr/lib/x86_64-linux-gnu/libgobject-2.0.so.0.4800.2)
==30230==    by 0x7DC8177: ??? (in /usr/lib/x86_64-linux-gnu/libgobject-2.0.so.0.4800.2)
==30230==    by 0x40106B9: call_init.part.0 (dl-init.c:72)
==30230==    by 0x40107CA: call_init (dl-init.c:30)
==30230==    by 0x40107CA: _dl_init (dl-init.c:120)
==30230==    by 0x4000C69: ??? (in /lib/x86_64-linux-gnu/ld-2.23.so)
==30230==
==30230== 16 bytes in 1 blocks are possibly lost in loss record 1,067 of 4,895
==30230==    at 0x4C2FB55: calloc (in /usr/lib/valgrind/vgpreload_memcheck-amd64-linux.so)
==30230==    by 0x82A2770: g_malloc0 (in /lib/x86_64-linux-gnu/libglib-2.0.so.0.4800.2)
==30230==    by 0x7DEA522: ??? (in /usr/lib/x86_64-linux-gnu/libgobject-2.0.so.0.4800.2)
==30230==    by 0x7DEEF90: g_type_register_fundamental (in /usr/lib/x86_64-linux-gnu/libgobject-2.0.so.0.4800.2)
==30230==    by 0x7DCE371: ??? (in /usr/lib/x86_64-linux-gnu/libgobject-2.0.so.0.4800.2)
==30230==    by 0x7DC8177: ??? (in /usr/lib/x86_64-linux-gnu/libgobject-2.0.so.0.4800.2)
==30230==    by 0x40106B9: call_init.part.0 (dl-init.c:72)
==30230==    by 0x40107CA: call_init (dl-init.c:30)
==30230==    by 0x40107CA: _dl_init (dl-init.c:120)
==30230==    by 0x4000C69: ??? (in /lib/x86_64-linux-gnu/ld-2.23.so)
==30230==
==30230== 16 bytes in 1 blocks are possibly lost in loss record 1,068 of 4,895
==30230==    at 0x4C2DB8F: malloc (in /usr/lib/valgrind/vgpreload_memcheck-amd64-linux.so)
==30230==    by 0x4C2FDEF: realloc (in /usr/lib/valgrind/vgpreload_memcheck-amd64-linux.so)
==30230==    by 0x82A27D7: g_realloc (in /lib/x86_64-linux-gnu/libglib-2.0.so.0.4800.2)
==30230==    by 0x7DEA406: ??? (in /usr/lib/x86_64-linux-gnu/libgobject-2.0.so.0.4800.2)
==30230==    by 0x7DEEF90: g_type_register_fundamental (in /usr/lib/x86_64-linux-gnu/libgobject-2.0.so.0.4800.2)
==30230==    by 0x7DCE371: ??? (in /usr/lib/x86_64-linux-gnu/libgobject-2.0.so.0.4800.2)
==30230==    by 0x7DC8177: ??? (in /usr/lib/x86_64-linux-gnu/libgobject-2.0.so.0.4800.2)
==30230==    by 0x40106B9: call_init.part.0 (dl-init.c:72)
==30230==    by 0x40107CA: call_init (dl-init.c:30)
==30230==    by 0x40107CA: _dl_init (dl-init.c:120)
==30230==    by 0x4000C69: ??? (in /lib/x86_64-linux-gnu/ld-2.23.so)
==30230==
==30230== 16 bytes in 1 blocks are possibly lost in loss record 1,069 of 4,895
==30230==    at 0x4C2FB55: calloc (in /usr/lib/valgrind/vgpreload_memcheck-amd64-linux.so)
==30230==    by 0x82A2770: g_malloc0 (in /lib/x86_64-linux-gnu/libglib-2.0.so.0.4800.2)
==30230==    by 0x7DEA522: ??? (in /usr/lib/x86_64-linux-gnu/libgobject-2.0.so.0.4800.2)
==30230==    by 0x7DEEF90: g_type_register_fundamental (in /usr/lib/x86_64-linux-gnu/libgobject-2.0.so.0.4800.2)
==30230==    by 0x7DD7B04: ??? (in /usr/lib/x86_64-linux-gnu/libgobject-2.0.so.0.4800.2)
==30230==    by 0x7DC8181: ??? (in /usr/lib/x86_64-linux-gnu/libgobject-2.0.so.0.4800.2)
==30230==    by 0x40106B9: call_init.part.0 (dl-init.c:72)
==30230==    by 0x40107CA: call_init (dl-init.c:30)
==30230==    by 0x40107CA: _dl_init (dl-init.c:120)
==30230==    by 0x4000C69: ??? (in /lib/x86_64-linux-gnu/ld-2.23.so)
==30230==
==30230== 16 bytes in 1 blocks are possibly lost in loss record 1,070 of 4,895
==30230==    at 0x4C2DB8F: malloc (in /usr/lib/valgrind/vgpreload_memcheck-amd64-linux.so)
==30230==    by 0x4C2FDEF: realloc (in /usr/lib/valgrind/vgpreload_memcheck-amd64-linux.so)
==30230==    by 0x82A27D7: g_realloc (in /lib/x86_64-linux-gnu/libglib-2.0.so.0.4800.2)
==30230==    by 0x7DEA406: ??? (in /usr/lib/x86_64-linux-gnu/libgobject-2.0.so.0.4800.2)
==30230==    by 0x7DEEF90: g_type_register_fundamental (in /usr/lib/x86_64-linux-gnu/libgobject-2.0.so.0.4800.2)
==30230==    by 0x7DD7B04: ??? (in /usr/lib/x86_64-linux-gnu/libgobject-2.0.so.0.4800.2)
==30230==    by 0x7DC8181: ??? (in /usr/lib/x86_64-linux-gnu/libgobject-2.0.so.0.4800.2)
==30230==    by 0x40106B9: call_init.part.0 (dl-init.c:72)
==30230==    by 0x40107CA: call_init (dl-init.c:30)
==30230==    by 0x40107CA: _dl_init (dl-init.c:120)
==30230==    by 0x4000C69: ??? (in /lib/x86_64-linux-gnu/ld-2.23.so)
==30230==
==30230== 16 bytes in 1 blocks are possibly lost in loss record 1,071 of 4,895
==30230==    at 0x4C2FB55: calloc (in /usr/lib/valgrind/vgpreload_memcheck-amd64-linux.so)
==30230==    by 0x82A2770: g_malloc0 (in /lib/x86_64-linux-gnu/libglib-2.0.so.0.4800.2)
==30230==    by 0x7DEA522: ??? (in /usr/lib/x86_64-linux-gnu/libgobject-2.0.so.0.4800.2)
==30230==    by 0x7DEEF90: g_type_register_fundamental (in /usr/lib/x86_64-linux-gnu/libgobject-2.0.so.0.4800.2)
==30230==    by 0x7DD2C1B: ??? (in /usr/lib/x86_64-linux-gnu/libgobject-2.0.so.0.4800.2)
==30230==    by 0x7DC8186: ??? (in /usr/lib/x86_64-linux-gnu/libgobject-2.0.so.0.4800.2)
==30230==    by 0x40106B9: call_init.part.0 (dl-init.c:72)
==30230==    by 0x40107CA: call_init (dl-init.c:30)
==30230==    by 0x40107CA: _dl_init (dl-init.c:120)
==30230==    by 0x4000C69: ??? (in /lib/x86_64-linux-gnu/ld-2.23.so)
==30230==
==30230== 16 bytes in 1 blocks are possibly lost in loss record 1,072 of 4,895
==30230==    at 0x4C2DB8F: malloc (in /usr/lib/valgrind/vgpreload_memcheck-amd64-linux.so)
==30230==    by 0x4C2FDEF: realloc (in /usr/lib/valgrind/vgpreload_memcheck-amd64-linux.so)
==30230==    by 0x82A27D7: g_realloc (in /lib/x86_64-linux-gnu/libglib-2.0.so.0.4800.2)
==30230==    by 0x7DEA406: ??? (in /usr/lib/x86_64-linux-gnu/libgobject-2.0.so.0.4800.2)
==30230==    by 0x7DEEF90: g_type_register_fundamental (in /usr/lib/x86_64-linux-gnu/libgobject-2.0.so.0.4800.2)
==30230==    by 0x7DD2C1B: ??? (in /usr/lib/x86_64-linux-gnu/libgobject-2.0.so.0.4800.2)
==30230==    by 0x7DC8186: ??? (in /usr/lib/x86_64-linux-gnu/libgobject-2.0.so.0.4800.2)
==30230==    by 0x40106B9: call_init.part.0 (dl-init.c:72)
==30230==    by 0x40107CA: call_init (dl-init.c:30)
==30230==    by 0x40107CA: _dl_init (dl-init.c:120)
==30230==    by 0x4000C69: ??? (in /lib/x86_64-linux-gnu/ld-2.23.so)
==30230==
==30230== 16 bytes in 1 blocks are possibly lost in loss record 1,073 of 4,895
==30230==    at 0x4C2FD5F: realloc (in /usr/lib/valgrind/vgpreload_memcheck-amd64-linux.so)
==30230==    by 0x82A27D7: g_realloc (in /lib/x86_64-linux-gnu/libglib-2.0.so.0.4800.2)
==30230==    by 0x7DE99D8: ??? (in /usr/lib/x86_64-linux-gnu/libgobject-2.0.so.0.4800.2)
==30230==    by 0x7DEF2CC: g_type_register_static (in /usr/lib/x86_64-linux-gnu/libgobject-2.0.so.0.4800.2)
==30230==    by 0x7DCE53D: g_flags_register_static (in /usr/lib/x86_64-linux-gnu/libgobject-2.0.so.0.4800.2)
==30230==    by 0x6C2391A: gdk_modifier_type_get_type (in /usr/lib/x86_64-linux-gnu/libgdk-x11-2.0.so.0.2400.30)
==30230==    by 0x65FEC3C: ??? (in /usr/lib/x86_64-linux-gnu/libgtk-x11-2.0.so.0.2400.30)
==30230==    by 0x7DED22C: g_type_class_ref (in /usr/lib/x86_64-linux-gnu/libgobject-2.0.so.0.4800.2)
==30230==    by 0x7DD3DAC: g_object_newv (in /usr/lib/x86_64-linux-gnu/libgobject-2.0.so.0.4800.2)
==30230==    by 0x7DD4533: g_object_new (in /usr/lib/x86_64-linux-gnu/libgobject-2.0.so.0.4800.2)
==30230==    by 0x516313E: wxMenu::Init() (in /opt/src/wxWidgets/gtkbuild/lib/libwx_gtk2u_core-3.1.so.1.0.0)
==30230==    by 0x4096DE: MyFrame::MyFrame(wxString const&) (in /opt/src/wxWidgets/gtkbuild/samples/minimal/minimal)
==30230==
==30230== 16 bytes in 1 blocks are possibly lost in loss record 1,074 of 4,895
==30230==    at 0x4C2DB8F: malloc (in /usr/lib/valgrind/vgpreload_memcheck-amd64-linux.so)
==30230==    by 0x82A2718: g_malloc (in /lib/x86_64-linux-gnu/libglib-2.0.so.0.4800.2)
==30230==    by 0x82B9922: g_slice_alloc (in /lib/x86_64-linux-gnu/libglib-2.0.so.0.4800.2)
==30230==    by 0x7DC8309: ??? (in /usr/lib/x86_64-linux-gnu/libgobject-2.0.so.0.4800.2)
==30230==    by 0x7DC837E: ??? (in /usr/lib/x86_64-linux-gnu/libgobject-2.0.so.0.4800.2)
==30230==    by 0x7DE942D: ??? (in /usr/lib/x86_64-linux-gnu/libgobject-2.0.so.0.4800.2)
==30230==    by 0x7DE9803: ??? (in /usr/lib/x86_64-linux-gnu/libgobject-2.0.so.0.4800.2)
==30230==    by 0x7DEC59A: ??? (in /usr/lib/x86_64-linux-gnu/libgobject-2.0.so.0.4800.2)
==30230==    by 0x7DF081F: g_type_add_interface_static (in /usr/lib/x86_64-linux-gnu/libgobject-2.0.so.0.4800.2)
==30230==    by 0x6786BEC: gtk_toolbar_get_type (in /usr/lib/x86_64-linux-gnu/libgtk-x11-2.0.so.0.2400.30)
==30230==    by 0x6646344: gtk_container_remove (in /usr/lib/x86_64-linux-gnu/libgtk-x11-2.0.so.0.2400.30)
==30230==    by 0x514FC4C: wxFrame::SetStatusBar(wxStatusBar*) (in /opt/src/wxWidgets/gtkbuild/lib/libwx_gtk2u_core-3.1.so.1.0.0)
==30230==
==30230== 24 bytes in 1 blocks are possibly lost in loss record 1,396 of 4,895
==30230==    at 0x4C2FB55: calloc (in /usr/lib/valgrind/vgpreload_memcheck-amd64-linux.so)
==30230==    by 0x82A2770: g_malloc0 (in /lib/x86_64-linux-gnu/libglib-2.0.so.0.4800.2)
==30230==    by 0x7DED3B5: g_type_class_ref (in /usr/lib/x86_64-linux-gnu/libgobject-2.0.so.0.4800.2)
==30230==    by 0x7DECE2C: g_type_class_ref (in /usr/lib/x86_64-linux-gnu/libgobject-2.0.so.0.4800.2)
==30230==    by 0x7DDC147: g_param_spec_flags (in /usr/lib/x86_64-linux-gnu/libgobject-2.0.so.0.4800.2)
==30230==    by 0x67E32E0: ??? (in /usr/lib/x86_64-linux-gnu/libgtk-x11-2.0.so.0.2400.30)
==30230==    by 0x7DED22C: g_type_class_ref (in /usr/lib/x86_64-linux-gnu/libgobject-2.0.so.0.4800.2)
==30230==    by 0xE2A7029: ??? (in /usr/lib/x86_64-linux-gnu/gtk-2.0/modules/libgail.so)
==30230==    by 0x9E3AA1D: atk_add_focus_tracker (in /usr/lib/x86_64-linux-gnu/libatk-1.0.so.0.21809.1)
==30230==    by 0xE2A9235: ??? (in /usr/lib/x86_64-linux-gnu/gtk-2.0/modules/libgail.so)
==30230==    by 0xE2A934E: gtk_module_init (in /usr/lib/x86_64-linux-gnu/gtk-2.0/modules/libgail.so)
==30230==    by 0x66D8C80: ??? (in /usr/lib/x86_64-linux-gnu/libgtk-x11-2.0.so.0.2400.30)
==30230==
==30230== 26 bytes in 1 blocks are possibly lost in loss record 1,410 of 4,895
==30230==    at 0x4C2FB55: calloc (in /usr/lib/valgrind/vgpreload_memcheck-amd64-linux.so)
==30230==    by 0x82A2770: g_malloc0 (in /lib/x86_64-linux-gnu/libglib-2.0.so.0.4800.2)
==30230==    by 0x7B8C8AD: pango_language_from_string (in /usr/lib/x86_64-linux-gnu/libpango-1.0.so.0.3800.1)
==30230==    by 0x7B8C99E: pango_language_get_default (in /usr/lib/x86_64-linux-gnu/libpango-1.0.so.0.3800.1)
==30230==    by 0x7B87073: ??? (in /usr/lib/x86_64-linux-gnu/libpango-1.0.so.0.3800.1)
==30230==    by 0x7DF0358: g_type_create_instance (in /usr/lib/x86_64-linux-gnu/libgobject-2.0.so.0.4800.2)
==30230==    by 0x7DD231A: ??? (in /usr/lib/x86_64-linux-gnu/libgobject-2.0.so.0.4800.2)
==30230==    by 0x7DD3C00: g_object_newv (in /usr/lib/x86_64-linux-gnu/libgobject-2.0.so.0.4800.2)
==30230==    by 0x7DD4533: g_object_new (in /usr/lib/x86_64-linux-gnu/libgobject-2.0.so.0.4800.2)
==30230==    by 0x7B8A3F2: pango_font_map_create_context (in /usr/lib/x86_64-linux-gnu/libpango-1.0.so.0.3800.1)
==30230==    by 0x6C07874: gdk_pango_context_get_for_screen (in /usr/lib/x86_64-linux-gnu/libgdk-x11-2.0.so.0.2400.30)
==30230==    by 0x50EC3B4: wxGetPangoContext() (in /opt/src/wxWidgets/gtkbuild/lib/libwx_gtk2u_core-3.1.so.1.0.0)
==30230==
==30230== 32 bytes in 1 blocks are possibly lost in loss record 2,139 of 4,895
==30230==    at 0x4C2FB55: calloc (in /usr/lib/valgrind/vgpreload_memcheck-amd64-linux.so)
==30230==    by 0x82A2770: g_malloc0 (in /lib/x86_64-linux-gnu/libglib-2.0.so.0.4800.2)
==30230==    by 0x7DED3B5: g_type_class_ref (in /usr/lib/x86_64-linux-gnu/libgobject-2.0.so.0.4800.2)
==30230==    by 0x7DECE2C: g_type_class_ref (in /usr/lib/x86_64-linux-gnu/libgobject-2.0.so.0.4800.2)
==30230==    by 0x7DDC057: g_param_spec_enum (in /usr/lib/x86_64-linux-gnu/libgobject-2.0.so.0.4800.2)
==30230==    by 0x672C559: ??? (in /usr/lib/x86_64-linux-gnu/libgtk-x11-2.0.so.0.2400.30)
==30230==    by 0x7DED22C: g_type_class_ref (in /usr/lib/x86_64-linux-gnu/libgobject-2.0.so.0.4800.2)
==30230==    by 0x7DD3DAC: g_object_newv (in /usr/lib/x86_64-linux-gnu/libgobject-2.0.so.0.4800.2)
==30230==    by 0x7DD4533: g_object_new (in /usr/lib/x86_64-linux-gnu/libgobject-2.0.so.0.4800.2)
==30230==    by 0x6729EF8: gtk_settings_get_for_screen (in /usr/lib/x86_64-linux-gnu/libgtk-x11-2.0.so.0.2400.30)
==30230==    by 0x66D9560: ??? (in /usr/lib/x86_64-linux-gnu/libgtk-x11-2.0.so.0.2400.30)
==30230==    by 0x7DD00A6: g_cclosure_marshal_VOID__OBJECTv (in /usr/lib/x86_64-linux-gnu/libgobject-2.0.so.0.4800.2)
==30230==
==30230== 64 bytes in 4 blocks are possibly lost in loss record 2,967 of 4,895
==30230==    at 0x4C2DB8F: malloc (in /usr/lib/valgrind/vgpreload_memcheck-amd64-linux.so)
==30230==    by 0x82A2718: g_malloc (in /lib/x86_64-linux-gnu/libglib-2.0.so.0.4800.2)
==30230==    by 0x82B9922: g_slice_alloc (in /lib/x86_64-linux-gnu/libglib-2.0.so.0.4800.2)
==30230==    by 0x7DC8309: ??? (in /usr/lib/x86_64-linux-gnu/libgobject-2.0.so.0.4800.2)
==30230==    by 0x7DC837E: ??? (in /usr/lib/x86_64-linux-gnu/libgobject-2.0.so.0.4800.2)
==30230==    by 0x7DE942D: ??? (in /usr/lib/x86_64-linux-gnu/libgobject-2.0.so.0.4800.2)
==30230==    by 0x7DE9803: ??? (in /usr/lib/x86_64-linux-gnu/libgobject-2.0.so.0.4800.2)
==30230==    by 0x7DEC59A: ??? (in /usr/lib/x86_64-linux-gnu/libgobject-2.0.so.0.4800.2)
==30230==    by 0x7DF081F: g_type_add_interface_static (in /usr/lib/x86_64-linux-gnu/libgobject-2.0.so.0.4800.2)
==30230==    by 0x671F258: gtk_scale_button_get_type (in /usr/lib/x86_64-linux-gnu/libgtk-x11-2.0.so.0.2400.30)
==30230==    by 0xE2A8E56: ??? (in /usr/lib/x86_64-linux-gnu/gtk-2.0/modules/libgail.so)
==30230==    by 0xE2A934E: gtk_module_init (in /usr/lib/x86_64-linux-gnu/gtk-2.0/modules/libgail.so)
==30230==
==30230== 80 bytes in 1 blocks are possibly lost in loss record 3,367 of 4,895
==30230==    at 0x4C2FB55: calloc (in /usr/lib/valgrind/vgpreload_memcheck-amd64-linux.so)
==30230==    by 0x82A2770: g_malloc0 (in /lib/x86_64-linux-gnu/libglib-2.0.so.0.4800.2)
==30230==    by 0x7DED3B5: g_type_class_ref (in /usr/lib/x86_64-linux-gnu/libgobject-2.0.so.0.4800.2)
==30230==    by 0x7DECE2C: g_type_class_ref (in /usr/lib/x86_64-linux-gnu/libgobject-2.0.so.0.4800.2)
==30230==    by 0x7DF0247: g_type_create_instance (in /usr/lib/x86_64-linux-gnu/libgobject-2.0.so.0.4800.2)
==30230==    by 0x7DD80D2: g_param_spec_internal (in /usr/lib/x86_64-linux-gnu/libgobject-2.0.so.0.4800.2)
==30230==    by 0x7DDC661: g_param_spec_object (in /usr/lib/x86_64-linux-gnu/libgobject-2.0.so.0.4800.2)
==30230==    by 0x6BFBE7B: ??? (in /usr/lib/x86_64-linux-gnu/libgdk-x11-2.0.so.0.2400.30)
==30230==    by 0x7DED22C: g_type_class_ref (in /usr/lib/x86_64-linux-gnu/libgobject-2.0.so.0.4800.2)
==30230==    by 0x7DD3DAC: g_object_newv (in /usr/lib/x86_64-linux-gnu/libgobject-2.0.so.0.4800.2)
==30230==    by 0x7DD4533: g_object_new (in /usr/lib/x86_64-linux-gnu/libgobject-2.0.so.0.4800.2)
==30230==    by 0x6BFC064: gdk_display_manager_get (in /usr/lib/x86_64-linux-gnu/libgdk-x11-2.0.so.0.2400.30)
==30230==
==30230== 80 bytes in 1 blocks are definitely lost in loss record 3,368 of 4,895
==30230==    at 0x4C2FB55: calloc (in /usr/lib/valgrind/vgpreload_memcheck-amd64-linux.so)
==30230==    by 0x82A2770: g_malloc0 (in /lib/x86_64-linux-gnu/libglib-2.0.so.0.4800.2)
==30230==    by 0x6C4E2F0: ??? (in /usr/lib/x86_64-linux-gnu/libgdk-x11-2.0.so.0.2400.30)
==30230==    by 0x6C296B7: gdk_display_open (in /usr/lib/x86_64-linux-gnu/libgdk-x11-2.0.so.0.2400.30)
==30230==    by 0x6BF8FCE: gdk_display_open_default_libgtk_only (in /usr/lib/x86_64-linux-gnu/libgdk-x11-2.0.so.0.2400.30)
==30230==    by 0x66C0511: gtk_init_check (in /usr/lib/x86_64-linux-gnu/libgtk-x11-2.0.so.0.2400.30)
==30230==    by 0x50A54B2: wxApp::Initialize(int&, wchar_t**) (in /opt/src/wxWidgets/gtkbuild/lib/libwx_gtk2u_core-3.1.so.1.0.0)
==30230==    by 0x5886679: wxEntryStart(int&, wchar_t**) (in /opt/src/wxWidgets/gtkbuild/lib/libwx_baseu-3.1.so.1.0.0)
==30230==    by 0x58869A9: wxInitialize(int&, wchar_t**) (in /opt/src/wxWidgets/gtkbuild/lib/libwx_baseu-3.1.so.1.0.0)
==30230==    by 0x58869FA: wxEntry(int&, wchar_t**) (in /opt/src/wxWidgets/gtkbuild/lib/libwx_baseu-3.1.so.1.0.0)
==30230==    by 0x408BB1: main (in /opt/src/wxWidgets/gtkbuild/samples/minimal/minimal)
==30230==
==30230== 96 bytes in 1 blocks are possibly lost in loss record 4,031 of 4,895
==30230==    at 0x4C2FB55: calloc (in /usr/lib/valgrind/vgpreload_memcheck-amd64-linux.so)
==30230==    by 0x82A2770: g_malloc0 (in /lib/x86_64-linux-gnu/libglib-2.0.so.0.4800.2)
==30230==    by 0x7DE9A59: ??? (in /usr/lib/x86_64-linux-gnu/libgobject-2.0.so.0.4800.2)
==30230==    by 0x7DE9B43: ??? (in /usr/lib/x86_64-linux-gnu/libgobject-2.0.so.0.4800.2)
==30230==    by 0x7DC80AA: ??? (in /usr/lib/x86_64-linux-gnu/libgobject-2.0.so.0.4800.2)
==30230==    by 0x40106B9: call_init.part.0 (dl-init.c:72)
==30230==    by 0x40107CA: call_init (dl-init.c:30)
==30230==    by 0x40107CA: _dl_init (dl-init.c:120)
==30230==    by 0x4000C69: ??? (in /lib/x86_64-linux-gnu/ld-2.23.so)
==30230==
==30230== 96 bytes in 1 blocks are possibly lost in loss record 4,032 of 4,895
==30230==    at 0x4C2FB55: calloc (in /usr/lib/valgrind/vgpreload_memcheck-amd64-linux.so)
==30230==    by 0x82A2770: g_malloc0 (in /lib/x86_64-linux-gnu/libglib-2.0.so.0.4800.2)
==30230==    by 0x7DE9A59: ??? (in /usr/lib/x86_64-linux-gnu/libgobject-2.0.so.0.4800.2)
==30230==    by 0x7DE9B43: ??? (in /usr/lib/x86_64-linux-gnu/libgobject-2.0.so.0.4800.2)
==30230==    by 0x7DEEF82: g_type_register_fundamental (in /usr/lib/x86_64-linux-gnu/libgobject-2.0.so.0.4800.2)
==30230==    by 0x7DCE30B: ??? (in /usr/lib/x86_64-linux-gnu/libgobject-2.0.so.0.4800.2)
==30230==    by 0x7DC8177: ??? (in /usr/lib/x86_64-linux-gnu/libgobject-2.0.so.0.4800.2)
==30230==    by 0x40106B9: call_init.part.0 (dl-init.c:72)
==30230==    by 0x40107CA: call_init (dl-init.c:30)
==30230==    by 0x40107CA: _dl_init (dl-init.c:120)
==30230==    by 0x4000C69: ??? (in /lib/x86_64-linux-gnu/ld-2.23.so)
==30230==
==30230== 96 bytes in 1 blocks are possibly lost in loss record 4,033 of 4,895
==30230==    at 0x4C2FB55: calloc (in /usr/lib/valgrind/vgpreload_memcheck-amd64-linux.so)
==30230==    by 0x82A2770: g_malloc0 (in /lib/x86_64-linux-gnu/libglib-2.0.so.0.4800.2)
==30230==    by 0x7DE9A59: ??? (in /usr/lib/x86_64-linux-gnu/libgobject-2.0.so.0.4800.2)
==30230==    by 0x7DE9B43: ??? (in /usr/lib/x86_64-linux-gnu/libgobject-2.0.so.0.4800.2)
==30230==    by 0x7DEEF82: g_type_register_fundamental (in /usr/lib/x86_64-linux-gnu/libgobject-2.0.so.0.4800.2)
==30230==    by 0x7DCE371: ??? (in /usr/lib/x86_64-linux-gnu/libgobject-2.0.so.0.4800.2)
==30230==    by 0x7DC8177: ??? (in /usr/lib/x86_64-linux-gnu/libgobject-2.0.so.0.4800.2)
==30230==    by 0x40106B9: call_init.part.0 (dl-init.c:72)
==30230==    by 0x40107CA: call_init (dl-init.c:30)
==30230==    by 0x40107CA: _dl_init (dl-init.c:120)
==30230==    by 0x4000C69: ??? (in /lib/x86_64-linux-gnu/ld-2.23.so)
==30230==
==30230== 96 bytes in 1 blocks are possibly lost in loss record 4,034 of 4,895
==30230==    at 0x4C2FB55: calloc (in /usr/lib/valgrind/vgpreload_memcheck-amd64-linux.so)
==30230==    by 0x82A2770: g_malloc0 (in /lib/x86_64-linux-gnu/libglib-2.0.so.0.4800.2)
==30230==    by 0x7DE9A59: ??? (in /usr/lib/x86_64-linux-gnu/libgobject-2.0.so.0.4800.2)
==30230==    by 0x7DE9B43: ??? (in /usr/lib/x86_64-linux-gnu/libgobject-2.0.so.0.4800.2)
==30230==    by 0x7DEEF82: g_type_register_fundamental (in /usr/lib/x86_64-linux-gnu/libgobject-2.0.so.0.4800.2)
==30230==    by 0x7DD7B04: ??? (in /usr/lib/x86_64-linux-gnu/libgobject-2.0.so.0.4800.2)
==30230==    by 0x7DC8181: ??? (in /usr/lib/x86_64-linux-gnu/libgobject-2.0.so.0.4800.2)
==30230==    by 0x40106B9: call_init.part.0 (dl-init.c:72)
==30230==    by 0x40107CA: call_init (dl-init.c:30)
==30230==    by 0x40107CA: _dl_init (dl-init.c:120)
==30230==    by 0x4000C69: ??? (in /lib/x86_64-linux-gnu/ld-2.23.so)
==30230==
==30230== 96 bytes in 1 blocks are possibly lost in loss record 4,035 of 4,895
==30230==    at 0x4C2FB55: calloc (in /usr/lib/valgrind/vgpreload_memcheck-amd64-linux.so)
==30230==    by 0x82A2770: g_malloc0 (in /lib/x86_64-linux-gnu/libglib-2.0.so.0.4800.2)
==30230==    by 0x7DE9A59: ??? (in /usr/lib/x86_64-linux-gnu/libgobject-2.0.so.0.4800.2)
==30230==    by 0x7DE9B43: ??? (in /usr/lib/x86_64-linux-gnu/libgobject-2.0.so.0.4800.2)
==30230==    by 0x7DEEF82: g_type_register_fundamental (in /usr/lib/x86_64-linux-gnu/libgobject-2.0.so.0.4800.2)
==30230==    by 0x7DD2C1B: ??? (in /usr/lib/x86_64-linux-gnu/libgobject-2.0.so.0.4800.2)
==30230==    by 0x7DC8186: ??? (in /usr/lib/x86_64-linux-gnu/libgobject-2.0.so.0.4800.2)
==30230==    by 0x40106B9: call_init.part.0 (dl-init.c:72)
==30230==    by 0x40107CA: call_init (dl-init.c:30)
==30230==    by 0x40107CA: _dl_init (dl-init.c:120)
==30230==    by 0x4000C69: ??? (in /lib/x86_64-linux-gnu/ld-2.23.so)
==30230==
==30230== 132 bytes in 1 blocks are possibly lost in loss record 4,303 of 4,895
==30230==    at 0x4C2FB55: calloc (in /usr/lib/valgrind/vgpreload_memcheck-amd64-linux.so)
==30230==    by 0x82A2770: g_malloc0 (in /lib/x86_64-linux-gnu/libglib-2.0.so.0.4800.2)
==30230==    by 0x7DEADFF: ??? (in /usr/lib/x86_64-linux-gnu/libgobject-2.0.so.0.4800.2)
==30230==    by 0x7DEEFE0: g_type_register_fundamental (in /usr/lib/x86_64-linux-gnu/libgobject-2.0.so.0.4800.2)
==30230==    by 0x7DCE30B: ??? (in /usr/lib/x86_64-linux-gnu/libgobject-2.0.so.0.4800.2)
==30230==    by 0x7DC8177: ??? (in /usr/lib/x86_64-linux-gnu/libgobject-2.0.so.0.4800.2)
==30230==    by 0x40106B9: call_init.part.0 (dl-init.c:72)
==30230==    by 0x40107CA: call_init (dl-init.c:30)
==30230==    by 0x40107CA: _dl_init (dl-init.c:120)
==30230==    by 0x4000C69: ??? (in /lib/x86_64-linux-gnu/ld-2.23.so)
==30230==
==30230== 132 bytes in 1 blocks are possibly lost in loss record 4,304 of 4,895
==30230==    at 0x4C2FB55: calloc (in /usr/lib/valgrind/vgpreload_memcheck-amd64-linux.so)
==30230==    by 0x82A2770: g_malloc0 (in /lib/x86_64-linux-gnu/libglib-2.0.so.0.4800.2)
==30230==    by 0x7DEADFF: ??? (in /usr/lib/x86_64-linux-gnu/libgobject-2.0.so.0.4800.2)
==30230==    by 0x7DEEFE0: g_type_register_fundamental (in /usr/lib/x86_64-linux-gnu/libgobject-2.0.so.0.4800.2)
==30230==    by 0x7DCE371: ??? (in /usr/lib/x86_64-linux-gnu/libgobject-2.0.so.0.4800.2)
==30230==    by 0x7DC8177: ??? (in /usr/lib/x86_64-linux-gnu/libgobject-2.0.so.0.4800.2)
==30230==    by 0x40106B9: call_init.part.0 (dl-init.c:72)
==30230==    by 0x40107CA: call_init (dl-init.c:30)
==30230==    by 0x40107CA: _dl_init (dl-init.c:120)
==30230==    by 0x4000C69: ??? (in /lib/x86_64-linux-gnu/ld-2.23.so)
==30230==
==30230== 148 bytes in 1 blocks are possibly lost in loss record 4,361 of 4,895
==30230==    at 0x4C2FB55: calloc (in /usr/lib/valgrind/vgpreload_memcheck-amd64-linux.so)
==30230==    by 0x82A2770: g_malloc0 (in /lib/x86_64-linux-gnu/libglib-2.0.so.0.4800.2)
==30230==    by 0x7DEABD6: ??? (in /usr/lib/x86_64-linux-gnu/libgobject-2.0.so.0.4800.2)
==30230==    by 0x7DEEFE0: g_type_register_fundamental (in /usr/lib/x86_64-linux-gnu/libgobject-2.0.so.0.4800.2)
==30230==    by 0x7DD7B04: ??? (in /usr/lib/x86_64-linux-gnu/libgobject-2.0.so.0.4800.2)
==30230==    by 0x7DC8181: ??? (in /usr/lib/x86_64-linux-gnu/libgobject-2.0.so.0.4800.2)
==30230==    by 0x40106B9: call_init.part.0 (dl-init.c:72)
==30230==    by 0x40107CA: call_init (dl-init.c:30)
==30230==    by 0x40107CA: _dl_init (dl-init.c:120)
==30230==    by 0x4000C69: ??? (in /lib/x86_64-linux-gnu/ld-2.23.so)
==30230==
==30230== 148 bytes in 1 blocks are possibly lost in loss record 4,362 of 4,895
==30230==    at 0x4C2FB55: calloc (in /usr/lib/valgrind/vgpreload_memcheck-amd64-linux.so)
==30230==    by 0x82A2770: g_malloc0 (in /lib/x86_64-linux-gnu/libglib-2.0.so.0.4800.2)
==30230==    by 0x7DEABD6: ??? (in /usr/lib/x86_64-linux-gnu/libgobject-2.0.so.0.4800.2)
==30230==    by 0x7DEEFE0: g_type_register_fundamental (in /usr/lib/x86_64-linux-gnu/libgobject-2.0.so.0.4800.2)
==30230==    by 0x7DD2C1B: ??? (in /usr/lib/x86_64-linux-gnu/libgobject-2.0.so.0.4800.2)
==30230==    by 0x7DC8186: ??? (in /usr/lib/x86_64-linux-gnu/libgobject-2.0.so.0.4800.2)
==30230==    by 0x40106B9: call_init.part.0 (dl-init.c:72)
==30230==    by 0x40107CA: call_init (dl-init.c:30)
==30230==    by 0x40107CA: _dl_init (dl-init.c:120)
==30230==    by 0x4000C69: ??? (in /lib/x86_64-linux-gnu/ld-2.23.so)
==30230==
==30230== 184 bytes in 1 blocks are possibly lost in loss record 4,434 of 4,895
==30230==    at 0x4C2FD5F: realloc (in /usr/lib/valgrind/vgpreload_memcheck-amd64-linux.so)
==30230==    by 0x82A27D7: g_realloc (in /lib/x86_64-linux-gnu/libglib-2.0.so.0.4800.2)
==30230==    by 0x7DE99D8: ??? (in /usr/lib/x86_64-linux-gnu/libgobject-2.0.so.0.4800.2)
==30230==    by 0x7DEF2CC: g_type_register_static (in /usr/lib/x86_64-linux-gnu/libgobject-2.0.so.0.4800.2)
==30230==    by 0x7DD9799: g_param_type_register_static (in /usr/lib/x86_64-linux-gnu/libgobject-2.0.so.0.4800.2)
==30230==    by 0x7DDBAFB: ??? (in /usr/lib/x86_64-linux-gnu/libgobject-2.0.so.0.4800.2)
==30230==    by 0x7DC818B: ??? (in /usr/lib/x86_64-linux-gnu/libgobject-2.0.so.0.4800.2)
==30230==    by 0x40106B9: call_init.part.0 (dl-init.c:72)
==30230==    by 0x40107CA: call_init (dl-init.c:30)
==30230==    by 0x40107CA: _dl_init (dl-init.c:120)
==30230==    by 0x4000C69: ??? (in /lib/x86_64-linux-gnu/ld-2.23.so)
==30230==
==30230== 264 bytes in 1 blocks are possibly lost in loss record 4,532 of 4,895
==30230==    at 0x4C2FD5F: realloc (in /usr/lib/valgrind/vgpreload_memcheck-amd64-linux.so)
==30230==    by 0x82A27D7: g_realloc (in /lib/x86_64-linux-gnu/libglib-2.0.so.0.4800.2)
==30230==    by 0x7DE99D8: ??? (in /usr/lib/x86_64-linux-gnu/libgobject-2.0.so.0.4800.2)
==30230==    by 0x7DEF2CC: g_type_register_static (in /usr/lib/x86_64-linux-gnu/libgobject-2.0.so.0.4800.2)
==30230==    by 0x7DCE43D: g_enum_register_static (in /usr/lib/x86_64-linux-gnu/libgobject-2.0.so.0.4800.2)
==30230==    by 0x9E3B9F6: atk_state_type_get_type (in /usr/lib/x86_64-linux-gnu/libatk-1.0.so.0.21809.1)
==30230==    by 0x9E3684B: atk_state_type_get_name (in /usr/lib/x86_64-linux-gnu/libatk-1.0.so.0.21809.1)
==30230==    by 0x9E33F66: atk_object_notify_state_change (in /usr/lib/x86_64-linux-gnu/libatk-1.0.so.0.21809.1)
==30230==    by 0x7DCCFA4: g_closure_invoke (in /usr/lib/x86_64-linux-gnu/libgobject-2.0.so.0.4800.2)
==30230==    by 0x7DDEFC0: ??? (in /usr/lib/x86_64-linux-gnu/libgobject-2.0.so.0.4800.2)
==30230==    by 0x7DE7D5B: g_signal_emit_valist (in /usr/lib/x86_64-linux-gnu/libgobject-2.0.so.0.4800.2)
==30230==    by 0x7DE808E: g_signal_emit (in /usr/lib/x86_64-linux-gnu/libgobject-2.0.so.0.4800.2)
==30230==
==30230== 288 (256 direct, 32 indirect) bytes in 1 blocks are definitely lost in loss record 4,547 of 4,895
==30230==    at 0x4C2DB8F: malloc (in /usr/lib/valgrind/vgpreload_memcheck-amd64-linux.so)
==30230==    by 0x802D0B9: ??? (in /usr/lib/x86_64-linux-gnu/libfontconfig.so.1.9.0)
==30230==    by 0x802D829: ??? (in /usr/lib/x86_64-linux-gnu/libfontconfig.so.1.9.0)
==30230==    by 0x802ED4A: ??? (in /usr/lib/x86_64-linux-gnu/libfontconfig.so.1.9.0)
==30230==    by 0x803419B: ??? (in /usr/lib/x86_64-linux-gnu/libfontconfig.so.1.9.0)
==30230==    by 0xC8D2A9B: ??? (in /lib/x86_64-linux-gnu/libexpat.so.1.6.0)
==30230==    by 0xC8D33AB: ??? (in /lib/x86_64-linux-gnu/libexpat.so.1.6.0)
==30230==    by 0xC8D4CCD: ??? (in /lib/x86_64-linux-gnu/libexpat.so.1.6.0)
==30230==    by 0xC8D5424: ??? (in /lib/x86_64-linux-gnu/libexpat.so.1.6.0)
==30230==    by 0xC8D772A: XML_ParseBuffer (in /lib/x86_64-linux-gnu/libexpat.so.1.6.0)
==30230==    by 0x803352A: FcConfigParseAndLoad (in /usr/lib/x86_64-linux-gnu/libfontconfig.so.1.9.0)
==30230==    by 0x8033836: FcConfigParseAndLoad (in /usr/lib/x86_64-linux-gnu/libfontconfig.so.1.9.0)
==30230==
==30230== 320 bytes in 1 blocks are possibly lost in loss record 4,562 of 4,895
==30230==    at 0x4C2FD5F: realloc (in /usr/lib/valgrind/vgpreload_memcheck-amd64-linux.so)
==30230==    by 0x82A27D7: g_realloc (in /lib/x86_64-linux-gnu/libglib-2.0.so.0.4800.2)
==30230==    by 0x7DE99D8: ??? (in /usr/lib/x86_64-linux-gnu/libgobject-2.0.so.0.4800.2)
==30230==    by 0x7DEF2CC: g_type_register_static (in /usr/lib/x86_64-linux-gnu/libgobject-2.0.so.0.4800.2)
==30230==    by 0x7DEF694: g_type_register_static_simple (in /usr/lib/x86_64-linux-gnu/libgobject-2.0.so.0.4800.2)
==30230==    by 0x6C03E93: gdk_keymap_get_type (in /usr/lib/x86_64-linux-gnu/libgdk-x11-2.0.so.0.2400.30)
==30230==    by 0x6C3B161: gdk_keymap_get_for_display (in /usr/lib/x86_64-linux-gnu/libgdk-x11-2.0.so.0.2400.30)
==30230==    by 0x67F0C1F: ??? (in /usr/lib/x86_64-linux-gnu/libgtk-x11-2.0.so.0.2400.30)
==30230==    by 0x7DCD1D3: ??? (in /usr/lib/x86_64-linux-gnu/libgobject-2.0.so.0.4800.2)
==30230==    by 0x7DE79A5: g_signal_emit_valist (in /usr/lib/x86_64-linux-gnu/libgobject-2.0.so.0.4800.2)
==30230==    by 0x7DE808E: g_signal_emit (in /usr/lib/x86_64-linux-gnu/libgobject-2.0.so.0.4800.2)
==30230==    by 0x67E76AE: ??? (in /usr/lib/x86_64-linux-gnu/libgtk-x11-2.0.so.0.2400.30)
==30230==
==30230== 480 bytes in 1 blocks are definitely lost in loss record 4,635 of 4,895
==30230==    at 0x4C2DB8F: malloc (in /usr/lib/valgrind/vgpreload_memcheck-amd64-linux.so)
==30230==    by 0x82A2718: g_malloc (in /lib/x86_64-linux-gnu/libglib-2.0.so.0.4800.2)
==30230==    by 0x6C4E2DD: ??? (in /usr/lib/x86_64-linux-gnu/libgdk-x11-2.0.so.0.2400.30)
==30230==    by 0x6C296B7: gdk_display_open (in /usr/lib/x86_64-linux-gnu/libgdk-x11-2.0.so.0.2400.30)
==30230==    by 0x6BF8FCE: gdk_display_open_default_libgtk_only (in /usr/lib/x86_64-linux-gnu/libgdk-x11-2.0.so.0.2400.30)
==30230==    by 0x66C0511: gtk_init_check (in /usr/lib/x86_64-linux-gnu/libgtk-x11-2.0.so.0.2400.30)
==30230==    by 0x50A54B2: wxApp::Initialize(int&, wchar_t**) (in /opt/src/wxWidgets/gtkbuild/lib/libwx_gtk2u_core-3.1.so.1.0.0)
==30230==    by 0x5886679: wxEntryStart(int&, wchar_t**) (in /opt/src/wxWidgets/gtkbuild/lib/libwx_baseu-3.1.so.1.0.0)
==30230==    by 0x58869A9: wxInitialize(int&, wchar_t**) (in /opt/src/wxWidgets/gtkbuild/lib/libwx_baseu-3.1.so.1.0.0)
==30230==    by 0x58869FA: wxEntry(int&, wchar_t**) (in /opt/src/wxWidgets/gtkbuild/lib/libwx_baseu-3.1.so.1.0.0)
==30230==    by 0x408BB1: main (in /opt/src/wxWidgets/gtkbuild/samples/minimal/minimal)
==30230==
==30230== 480 bytes in 1 blocks are definitely lost in loss record 4,636 of 4,895
==30230==    at 0x4C2FB55: calloc (in /usr/lib/valgrind/vgpreload_memcheck-amd64-linux.so)
==30230==    by 0x82A2770: g_malloc0 (in /lib/x86_64-linux-gnu/libglib-2.0.so.0.4800.2)
==30230==    by 0x6C4E303: ??? (in /usr/lib/x86_64-linux-gnu/libgdk-x11-2.0.so.0.2400.30)
==30230==    by 0x6C296B7: gdk_display_open (in /usr/lib/x86_64-linux-gnu/libgdk-x11-2.0.so.0.2400.30)
==30230==    by 0x6BF8FCE: gdk_display_open_default_libgtk_only (in /usr/lib/x86_64-linux-gnu/libgdk-x11-2.0.so.0.2400.30)
==30230==    by 0x66C0511: gtk_init_check (in /usr/lib/x86_64-linux-gnu/libgtk-x11-2.0.so.0.2400.30)
==30230==    by 0x50A54B2: wxApp::Initialize(int&, wchar_t**) (in /opt/src/wxWidgets/gtkbuild/lib/libwx_gtk2u_core-3.1.so.1.0.0)
==30230==    by 0x5886679: wxEntryStart(int&, wchar_t**) (in /opt/src/wxWidgets/gtkbuild/lib/libwx_baseu-3.1.so.1.0.0)
==30230==    by 0x58869A9: wxInitialize(int&, wchar_t**) (in /opt/src/wxWidgets/gtkbuild/lib/libwx_baseu-3.1.so.1.0.0)
==30230==    by 0x58869FA: wxEntry(int&, wchar_t**) (in /opt/src/wxWidgets/gtkbuild/lib/libwx_baseu-3.1.so.1.0.0)
==30230==    by 0x408BB1: main (in /opt/src/wxWidgets/gtkbuild/samples/minimal/minimal)
==30230==
==30230== 2,145 (768 direct, 1,377 indirect) bytes in 1 blocks are definitely lost in loss record 4,817 of 4,895
==30230==    at 0x4C2FD5F: realloc (in /usr/lib/valgrind/vgpreload_memcheck-amd64-linux.so)
==30230==    by 0x802D00A: ??? (in /usr/lib/x86_64-linux-gnu/libfontconfig.so.1.9.0)
==30230==    by 0x802D69D: ??? (in /usr/lib/x86_64-linux-gnu/libfontconfig.so.1.9.0)
==30230==    by 0x802A765: FcFontRenderPrepare (in /usr/lib/x86_64-linux-gnu/libfontconfig.so.1.9.0)
==30230==    by 0x802AA4F: FcFontMatch (in /usr/lib/x86_64-linux-gnu/libfontconfig.so.1.9.0)
==30230==    by 0x7965F1D: ??? (in /usr/lib/x86_64-linux-gnu/libpangoft2-1.0.so.0.3800.1)
==30230==    by 0x796606C: ??? (in /usr/lib/x86_64-linux-gnu/libpangoft2-1.0.so.0.3800.1)
==30230==    by 0x7B875D3: ??? (in /usr/lib/x86_64-linux-gnu/libpango-1.0.so.0.3800.1)
==30230==    by 0x7B878E3: ??? (in /usr/lib/x86_64-linux-gnu/libpango-1.0.so.0.3800.1)
==30230==    by 0x7B88CFF: pango_itemize_with_base_dir (in /usr/lib/x86_64-linux-gnu/libpango-1.0.so.0.3800.1)
==30230==    by 0x7B9115C: ??? (in /usr/lib/x86_64-linux-gnu/libpango-1.0.so.0.3800.1)
==30230==    by 0x7B92938: pango_layout_get_line_readonly (in /usr/lib/x86_64-linux-gnu/libpango-1.0.so.0.3800.1)
==30230==
==30230== 6,396 (512 direct, 5,884 indirect) bytes in 1 blocks are definitely lost in loss record 4,868 of 4,895
==30230==    at 0x4C2FD5F: realloc (in /usr/lib/valgrind/vgpreload_memcheck-amd64-linux.so)
==30230==    by 0x802D00A: ??? (in /usr/lib/x86_64-linux-gnu/libfontconfig.so.1.9.0)
==30230==    by 0x802D829: ??? (in /usr/lib/x86_64-linux-gnu/libfontconfig.so.1.9.0)
==30230==    by 0x802DB6F: FcPatternAddInteger (in /usr/lib/x86_64-linux-gnu/libfontconfig.so.1.9.0)
==30230==    by 0x7154931: ??? (in /usr/lib/x86_64-linux-gnu/libcairo.so.2.11400.6)
==30230==    by 0x6E9954F: ??? (in /usr/lib/x86_64-linux-gnu/libpangocairo-1.0.so.0.3800.1)
==30230==    by 0x79656F1: ??? (in /usr/lib/x86_64-linux-gnu/libpangoft2-1.0.so.0.3800.1)
==30230==    by 0x7B87829: ??? (in /usr/lib/x86_64-linux-gnu/libpango-1.0.so.0.3800.1)
==30230==    by 0x7B88CFF: pango_itemize_with_base_dir (in /usr/lib/x86_64-linux-gnu/libpango-1.0.so.0.3800.1)
==30230==    by 0x7B9115C: ??? (in /usr/lib/x86_64-linux-gnu/libpango-1.0.so.0.3800.1)
==30230==    by 0x7B92938: pango_layout_get_line_readonly (in /usr/lib/x86_64-linux-gnu/libpango-1.0.so.0.3800.1)
==30230==    by 0x50E9B29: wxWindow::GetCharHeight() const (in /opt/src/wxWidgets/gtkbuild/lib/libwx_gtk2u_core-3.1.so.1.0.0)
==30230==
==30230== LEAK SUMMARY:
==30230==    definitely lost: 2,576 bytes in 6 blocks
==30230==    indirectly lost: 7,293 bytes in 313 blocks
==30230==      possibly lost: 2,194 bytes in 30 blocks
==30230==    still reachable: 1,071,884 bytes in 12,884 blocks
==30230==                       of which reachable via heuristic:
==30230==                         length64           : 5,696 bytes in 83 blocks
==30230==                         newarray           : 1,760 bytes in 30 blocks
==30230==         suppressed: 0 bytes in 0 blocks
==30230== Reachable blocks (those to which a pointer was found) are not shown.
==30230== To see them, rerun with: --leak-check=full --show-leak-kinds=all
==30230==
==30230== For counts of detected and suppressed errors, rerun with: -v
==30230== ERROR SUMMARY: 33 errors from 33 contexts (suppressed: 0 from 0)