BLDDIR=/home/rob/wx/wxgit-x86-x11-gui-build
mkdir -p /home/rob/wx/wxgit-x86-x11-gui-build
/rob-server/robb/wx/wxgit/wxWidgets/configure --prefix=/home/rob/wx/wxgit-x86-x11-gui-install --with-x11  --enable-gui --enable-debug --with-libpng=builtin --with-libjpeg=builtin --with-libtiff=builtin --with-regex=builtin --with-zlib=builtin --enable-permissive --with-expat=builtin --enable-unicode --disable-shared 2>&1 | tee robbmake.log
checking build system type... i686-pc-linux-gnu
checking host system type... i686-pc-linux-gnu
checking for --disable-gui... no
checking for --enable-monolithic... no
checking for --enable-plugins... no
checking for --without-subdirs... no
checking for --enable-official_build... no
checking for --disable-all-features... no
checking for --enable-universal... no
checking for --enable-nanox... no
checking for --enable-gpe... no
checking for toolkit... x11
checking for --with-libpng... builtin version
checking for --with-libjpeg... builtin version
checking for --with-libtiff... builtin version
checking for --without-libjbig... no
checking for --without-liblzma... no
checking for --with-libxpm... yes
checking for --with-libiconv... yes
checking for --with-libmspack... no
checking for --without-gtkprint... no
checking for --without-gnomeprint... no
checking for --with-gnomevfs... no
checking for --with-libnotify... yes
checking for --with-hildon... no
checking for --with-opengl... auto
checking for --with-dmalloc... no
checking for --with-sdl... no
checking for --with-regex... builtin version
checking for --with-zlib... builtin version
checking for --with-expat... builtin version
checking for --with-macosx-sdk... 
checking for --with-macosx-version-min... 
checking for --enable-debug... yes
checking for --disable-debug_flag... no
checking for --enable-debug_info... yes
checking for --enable-debug_gdb... no
checking for --enable-debug_cntxt... no
checking for --enable-mem_tracing... no
checking for --disable-shared... yes
checking for --enable-stl... no
checking for --enable-std_containers... no
checking for --enable-std_iostreams... yes
checking for --enable-std_string... yes
checking for --enable-std_string_conv_in_wxstring... no
checking for --disable-unicode... no
checking for --enable-mslu... no
checking for --enable-utf8... no
checking for --enable-utf8only... no
checking for --enable-extended_rtti... no
checking for --disable-optimise... yes
checking for --enable-profile... no
checking for --enable-no_rtti... no
checking for --enable-no_exceptions... no
checking for --enable-permissive... yes
checking for --enable-no_deps... no
checking for --disable-vararg_macros... no
checking for --enable-universal_binary... no
checking for --enable-macosx_arch... no
checking for --enable-compat26... no
checking for --disable-compat28... no
checking for --disable-rpath... no
checking for --enable-objc_uniquifying... no
checking for --disable-visibility... no
checking for --disable-tls... no
checking for --enable-intl... yes
checking for --enable-xlocale... yes
checking for --enable-config... yes
checking for --enable-protocols... yes
checking for --enable-ftp... yes
checking for --enable-http... yes
checking for --enable-fileproto... yes
checking for --enable-sockets... yes
checking for --enable-ipv6... no
checking for --enable-ole... yes
checking for --enable-dataobj... yes
checking for --enable-ipc... yes
checking for --enable-baseevtloop... yes
checking for --enable-epollloop... yes
checking for --enable-selectloop... yes
checking for --enable-any... yes
checking for --enable-apple_ieee... yes
checking for --enable-arcstream... yes
checking for --enable-base64... yes
checking for --enable-backtrace... yes
checking for --enable-catch_segvs... yes
checking for --enable-cmdline... yes
checking for --enable-datetime... yes
checking for --enable-debugreport... yes
checking for --enable-dialupman... yes
checking for --enable-dynlib... yes
checking for --enable-dynamicloader... yes
checking for --enable-exceptions... yes
checking for --enable-ffile... yes
checking for --enable-file... yes
checking for --enable-filehistory... yes
checking for --enable-filesystem... yes
checking for --enable-fontenum... yes
checking for --enable-fontmap... yes
checking for --enable-fs_archive... yes
checking for --enable-fs_inet... yes
checking for --enable-fs_zip... yes
checking for --enable-fsvolume... yes
checking for --enable-fswatcher... yes
checking for --enable-geometry... yes
checking for --enable-log... yes
checking for --enable-longlong... yes
checking for --enable-mimetype... yes
checking for --enable-printfposparam... yes
checking for --enable-snglinst... yes
checking for --enable-sound... yes
checking for --enable-stdpaths... yes
checking for --enable-stopwatch... yes
checking for --enable-streams... yes
checking for --enable-sysoptions... yes
checking for --enable-tarstream... yes
checking for --enable-textbuf... yes
checking for --enable-textfile... yes
checking for --enable-timer... yes
checking for --enable-variant... yes
checking for --enable-zipstream... yes
checking for --enable-url... yes
checking for --enable-protocol... yes
checking for --enable-protocol_http... yes
checking for --enable-protocol_ftp... yes
checking for --enable-protocol_file... yes
checking for --enable-threads... yes
checking for --enable-iniconf... no
checking for --enable-regkey... yes
checking for --enable-docview... yes
checking for --enable-help... yes
checking for --enable-mshtmlhelp... yes
checking for --enable-html... yes
checking for --enable-htmlhelp... yes
checking for --enable-xrc... yes
checking for --enable-aui... yes
checking for --enable-propgrid... yes
checking for --enable-ribbon... yes
checking for --enable-stc... yes
checking for --enable-constraints... yes
checking for --enable-loggui... yes
checking for --enable-logwin... yes
checking for --enable-logdialog... yes
checking for --enable-mdi... yes
checking for --enable-mdidoc... yes
checking for --enable-mediactrl... auto
checking for --enable-gstreamer8... no
checking for --enable-richtext... yes
checking for --enable-postscript... yes
checking for --enable-printarch... yes
checking for --enable-svg... yes
checking for --enable-webkit... yes
checking for --enable-webview... yes
checking for --enable-graphics_ctx... yes
checking for --enable-clipboard... yes
checking for --enable-dnd... yes
checking for --disable-controls... no
checking for --enable-markup... yes
checking for --enable-accel... yes
checking for --enable-animatectrl... yes
checking for --enable-bannerwindow... yes
checking for --enable-artstd... yes
checking for --enable-arttango... auto
checking for --enable-bmpbutton... yes
checking for --enable-bmpcombobox... yes
checking for --enable-button... yes
checking for --enable-calendar... yes
checking for --enable-caret... yes
checking for --enable-checkbox... yes
checking for --enable-checklst... yes
checking for --enable-choice... yes
checking for --enable-choicebook... yes
checking for --enable-collpane... yes
checking for --enable-colourpicker... yes
checking for --enable-combobox... yes
checking for --enable-comboctrl... yes
checking for --enable-commandlinkbutton... yes
checking for --enable-dataviewctrl... yes
checking for --enable-datepick... yes
checking for --enable-detect_sm... yes
checking for --enable-dirpicker... yes
checking for --enable-display... yes
checking for --enable-editablebox... yes
checking for --enable-filectrl... yes
checking for --enable-filepicker... yes
checking for --enable-fontpicker... yes
checking for --enable-gauge... yes
checking for --enable-grid... yes
checking for --enable-headerctrl... yes
checking for --enable-hyperlink... yes
checking for --enable-imaglist... yes
checking for --enable-infobar... yes
checking for --enable-listbook... yes
checking for --enable-listbox... yes
checking for --enable-listctrl... yes
checking for --enable-notebook... yes
checking for --enable-notifmsg... yes
checking for --enable-odcombobox... yes
checking for --enable-popupwin... yes
checking for --enable-radiobox... yes
checking for --enable-radiobtn... yes
checking for --enable-richmsgdlg... yes
checking for --enable-richtooltip... yes
checking for --enable-rearrangectrl... yes
checking for --enable-sash... yes
checking for --enable-scrollbar... yes
checking for --enable-searchctrl... yes
checking for --enable-slider... yes
checking for --enable-spinbtn... yes
checking for --enable-spinctrl... yes
checking for --enable-splitter... yes
checking for --enable-statbmp... yes
checking for --enable-statbox... yes
checking for --enable-statline... yes
checking for --enable-stattext... yes
checking for --enable-statusbar... yes
checking for --enable-taskbaricon... yes
checking for --enable-tbarnative... yes
checking for --enable-textctrl... yes
checking for --enable-datepick... yes
checking for --enable-tipwindow... yes
checking for --enable-togglebtn... yes
checking for --enable-toolbar... yes
checking for --enable-toolbook... yes
checking for --enable-treebook... yes
checking for --enable-treectrl... yes
checking for --enable-treelist... yes
checking for --enable-commondlg... yes
checking for --enable-aboutdlg... yes
checking for --enable-choicedlg... yes
checking for --enable-coldlg... yes
checking for --enable-filedlg... yes
checking for --enable-finddlg... yes
checking for --enable-fontdlg... yes
checking for --enable-dirdlg... yes
checking for --enable-msgdlg... yes
checking for --enable-numberdlg... yes
checking for --enable-splash... yes
checking for --enable-textdlg... yes
checking for --enable-tipdlg... yes
checking for --enable-progressdlg... yes
checking for --enable-wizarddlg... yes
checking for --enable-menus... yes
checking for --enable-miniframe... yes
checking for --enable-tooltips... yes
checking for --enable-splines... yes
checking for --enable-mousewheel... yes
checking for --enable-validators... yes
checking for --enable-busyinfo... yes
checking for --enable-hotkey... auto
checking for --enable-joystick... yes
checking for --enable-metafile... auto
checking for --enable-dragimage... yes
checking for --enable-accessibility... no
checking for --enable-uiactionsim... yes
checking for --enable-dctransform... yes
checking for --enable-webviewwebkit... yes
checking for --enable-palette... yes
checking for --enable-image... yes
checking for --enable-gif... yes
checking for --enable-pcx... yes
checking for --enable-tga... yes
checking for --enable-iff... yes
checking for --enable-pnm... yes
checking for --enable-xpm... yes
checking for --enable-ico_cur... yes
checking for --enable-dccache... yes
checking for --enable-ps-in-msw... yes
checking for --enable-ownerdrawn... yes
checking for --enable-uxtheme... yes
checking for --enable-wxdib... yes
checking for --enable-webviewie... yes
checking for --enable-autoidman... no
checking for gcc... gcc
checking whether the C compiler works... yes
checking for C compiler default output file name... a.out
checking for suffix of executables... 
checking whether we are cross compiling... no
checking for suffix of object files... o
checking whether we are using the GNU C compiler... yes
checking whether gcc accepts -g... yes
checking for gcc option to accept ISO C89... none needed
checking whether we are using the Intel C compiler... no
checking how to run the C preprocessor... gcc -E
checking for grep that handles long lines and -e... /bin/grep
checking for egrep... /bin/grep -E
checking whether gcc needs -traditional... no
checking for g++... g++
checking whether we are using the GNU C++ compiler... yes
checking whether g++ accepts -g... yes
checking whether we are using the Intel C++ compiler... no
checking whether we are using the Sun C++ compiler... no
checking for ar... ar
checking for strcasecmp() in string.h... yes
checking for ANSI C header files... yes
checking for sys/types.h... yes
checking for sys/stat.h... yes
checking for stdlib.h... yes
checking for string.h... yes
checking for memory.h... yes
checking for strings.h... yes
checking for inttypes.h... yes
checking for stdint.h... yes
checking for unistd.h... yes
checking for langinfo.h... yes
checking for wchar.h... yes
checking for sys/select.h... yes
checking for cxxabi.h... yes
checking for an ANSI C-conforming const... yes
checking for inline... inline
checking size of short... 2
checking size of void *... 4
checking size of int... 4
checking size of long... 4
checking size of size_t... 4
checking size of long long... 8
checking size of wchar_t... 4
checking for va_copy... yes
checking whether the compiler supports variadic macros... yes
checking for _FILE_OFFSET_BITS value needed for large files... 64
checking if large file support is available... yes
checking for _LARGEFILE_SOURCE value needed for large files... no
checking whether byte ordering is bigendian... no
checking for iostream... yes
checking if C++ compiler supports the explicit keyword... yes
checking for std::wstring in <string>... yes
checking for std::istream... yes
checking for std::ostream... yes
checking how to run the C++ preprocessor... g++ -E
checking type_traits usability... no
checking type_traits presence... no
checking for type_traits... no
checking tr1/type_traits usability... yes
checking tr1/type_traits presence... yes
checking for tr1/type_traits... yes
checking for __sync_fetch_and_add and __sync_sub_and_fetch builtins... yes
checking for libraries directories... /usr/lib
checking for cos... no
checking for floor... no
checking if floating point functions link without -lm... no
checking for sin... yes
checking for ceil... yes
checking if floating point functions link with -lm... yes
checking for strtoull... yes
checking for lzma_code in -llzma... no
checking for jbg_dec_init in -ljbig... no
checking for X... libraries , headers 
checking for gethostbyname... yes
checking for connect... yes
checking for remove... yes
checking for shmat... yes
checking for IceConnectionNumber in -lICE... yes
checking for pkg-config... /usr/bin/pkg-config
checking pkg-config is at least version 0.9.0... yes
checking for PANGOX... yes
checking for PANGOFT2... yes
checking for PANGOXFT... yes
checking for pango_font_family_is_monospace... yes
checking for XShapeQueryExtension in -lXext... yes
checking for X11/extensions/shape.h... found
checking for X11/Xlib.h... yes
checking for X11/XKBlib.h... yes
checking for pkg-config... (cached) /usr/bin/pkg-config
checking for Xinerama... yes
checking for pkg-config... (cached) /usr/bin/pkg-config
checking for Xxf86vm... checking for XF86VidModeQueryExtension in -lXxf86vm... no
checking elsewhere... no
checking for pkg-config... (cached) /usr/bin/pkg-config
checking for SM... yes
checking for OpenGL headers... not found
checking for GL/gl.h... no
configure: WARNING: OpenGL libraries not available, disabling support for OpenGL
checking for mode_t... yes
checking for off_t... yes
checking for pid_t... yes
checking for size_t... yes
checking for ssize_t... yes
checking if size_t is unsigned int... yes
checking if wchar_t is separate type... yes
checking for pw_gecos in struct passwd... yes
checking for wcslen... yes
checking for wcsdup... yes
checking for wcsftime... yes
checking for strnlen... yes
checking for wcsnlen... yes
checking for wcscasecmp... yes
checking for wcsncasecmp... yes
checking for mbstate_t... yes
checking for wcsrtombs... yes
checking for snprintf... yes
checking for vsnprintf... yes
checking for vsscanf... yes
checking for vsnprintf declaration... yes
checking if vsnprintf declaration is broken... no
checking for snprintf declaration... yes
checking if snprintf supports positional arguments... yes
checking for vsscanf declaration... yes
checking for putws... no
checking for fputws... yes
checking for wprintf... yes
checking for vswprintf... yes
checking for vswscanf... yes
checking for _vsnwprintf... no
checking for fsync... yes
checking for round... yes
checking for iconv... yes
checking if iconv needs const... no
checking for sigaction... yes
checking for sa_handler type... int
checking for backtrace() in <execinfo.h>... checking for library containing backtrace... none required
yes
checking for __cxa_demangle() in <cxxabi.h>... yes
checking for mkstemp... yes
checking for statfs... yes
checking for statfs declaration... yes
checking for fcntl... yes
checking for setenv... yes
checking for unsetenv... yes
checking for nanosleep... yes
checking for uname... yes
checking for strtok_r... yes
checking for inet_addr... yes
checking for inet_aton... yes
checking for fdopen... yes
checking for sysconf... yes
checking for getpwuid_r... yes
checking for getgrgid_r... yes
checking whether pthreads work with -pthread... yes
checking if more special flags are required for pthreads... no
checking for pthread_setconcurrency... yes
checking for pthread_cleanup_push/pop... yes
checking for sched.h... yes
checking for sched_yield... yes
checking for pthread_attr_getschedpolicy... yes
checking for pthread_attr_setschedparam... yes
checking for sched_get_priority_max... yes
checking for pthread_cancel... yes
checking for pthread_mutex_timedlock... yes
checking for pthread_attr_setstacksize... yes
checking for pthread_mutexattr_t... yes
checking for pthread_mutexattr_settype declaration... yes
checking for __thread keyword... yes
checking if gcc accepts -dumpversion option... yes
checking gxx version... 4.4.3
checking whether __thread support in g++ is usable... yes, it works
checking for abi::__forced_unwind() in <cxxabi.h>... yes
checking for localtime_r... yes
checking for gmtime_r... yes
checking how many arguments gethostbyname_r() takes... six
checking how many arguments getservbyname_r() takes... six
checking for dlopen... no
checking for dlopen in -ldl... yes
checking for dlerror... no
checking for dlerror in -ldl... yes
checking for sys/inotify.h... yes
checking for SNDCTL_DSP_SPEED in sys/soundcard.h... yes
checking for locale_t... yes
checking for sys/epoll.h... yes
checking for gettimeofday... yes
checking whether gettimeofday takes two arguments... yes
checking for timezone variable in <time.h>... timezone
checking for localtime... yes
checking for tm_gmtoff in struct tm... yes
checking for setpriority... yes
checking for socket... yes
checking what is the type of the third argument of getsockname... socklen_t
checking what is the type of the fifth argument of getsockopt... socklen_t
checking for linux/joystick.h... yes
configure: WARNING: Drag and drop not yet supported under X11... disabled
configure: WARNING: wxTooltip not supported yet in wxUniversal... disabled
checking for python... /usr/bin/python
checking for CAIRO... yes
checking for cairo_push_group... yes
checking CXXWARNINGS for gcc -Woverloaded-virtual... -Woverloaded-virtual
checking for gcc precompiled header bug... no
checking for a BSD-compatible install... /usr/bin/install -c
checking for ranlib... ranlib
checking whether ln -s works... yes
checking whether make sets $(MAKE)... yes
checking for ar... (cached) ar
checking for strip... strip
checking for nm... nm
checking if make is GNU make... yes
checking for dependency tracking method... gcc
checking if the compiler supports precompiled headers... yes
checking whether make sets $(MAKE)... (cached) yes
checking for cppunit-config... /usr/bin/cppunit-config
checking for Cppunit - version >= 1.8.0... 1.12.1
configure: creating ./config.status
config.status: creating lib/wx/config/x11univ-unicode-static-2.9
config.status: creating lib/wx/config/inplace-x11univ-unicode-static-2.9
config.status: creating utils/ifacecheck/rungccxml.sh
config.status: creating Makefile
config.status: creating samples/xrc/Makefile
config.status: creating samples/wrapsizer/Makefile
config.status: creating samples/wizard/Makefile
config.status: creating samples/widgets/Makefile
config.status: creating samples/vscroll/Makefile
config.status: creating samples/validate/Makefile
config.status: creating samples/uiaction/Makefile
config.status: creating samples/typetest/Makefile
config.status: creating samples/treelist/Makefile
config.status: creating samples/treectrl/Makefile
config.status: creating samples/toolbar/Makefile
config.status: creating samples/thread/Makefile
config.status: creating samples/text/Makefile
config.status: creating samples/taskbar/Makefile
config.status: creating samples/taborder/Makefile
config.status: creating samples/svg/Makefile
config.status: creating samples/stc/Makefile
config.status: creating samples/statbar/Makefile
config.status: creating samples/splitter/Makefile
config.status: creating samples/splash/Makefile
config.status: creating samples/sound/Makefile
config.status: creating samples/sockets/Makefile
config.status: creating samples/shaped/Makefile
config.status: creating samples/scroll/Makefile
config.status: creating samples/sashtest/Makefile
config.status: creating samples/richtext/Makefile
config.status: creating samples/ribbon/Makefile
config.status: creating samples/render/Makefile
config.status: creating samples/propgrid/Makefile
config.status: creating samples/printing/Makefile
config.status: creating samples/preferences/Makefile
config.status: creating samples/popup/Makefile
config.status: creating samples/notebook/Makefile
config.status: creating samples/minimal/Makefile
config.status: creating samples/menu/Makefile
config.status: creating samples/mediaplayer/Makefile
config.status: creating samples/mdi/Makefile
config.status: creating samples/listctrl/Makefile
config.status: creating samples/layout/Makefile
config.status: creating samples/keyboard/Makefile
config.status: creating samples/joytest/Makefile
config.status: creating samples/ipc/Makefile
config.status: creating samples/internat/Makefile
config.status: creating samples/image/Makefile
config.status: creating samples/html/zip/Makefile
config.status: creating samples/html/widget/Makefile
config.status: creating samples/html/virtual/Makefile
config.status: creating samples/html/test/Makefile
config.status: creating samples/html/printing/Makefile
config.status: creating samples/html/helpview/Makefile
config.status: creating samples/html/help/Makefile
config.status: creating samples/html/about/Makefile
config.status: creating samples/html/Makefile
config.status: creating samples/htlbox/Makefile
config.status: creating samples/help/Makefile
config.status: creating samples/grid/Makefile
config.status: creating samples/fswatcher/Makefile
config.status: creating samples/font/Makefile
config.status: creating samples/exec/Makefile
config.status: creating samples/except/Makefile
config.status: creating samples/event/Makefile
config.status: creating samples/erase/Makefile
config.status: creating samples/drawing/Makefile
config.status: creating samples/dragimag/Makefile
config.status: creating samples/docview/Makefile
config.status: creating samples/dnd/Makefile
config.status: creating samples/display/Makefile
config.status: creating samples/dialup/Makefile
config.status: creating samples/dialogs/Makefile
config.status: creating samples/debugrpt/Makefile
config.status: creating samples/dataview/Makefile
config.status: creating samples/controls/Makefile
config.status: creating samples/console/Makefile
config.status: creating samples/config/Makefile
config.status: creating samples/combo/Makefile
config.status: creating samples/collpane/Makefile
config.status: creating samples/clipboard/Makefile
config.status: creating samples/caret/Makefile
config.status: creating samples/calendar/Makefile
config.status: creating samples/aui/Makefile
config.status: creating samples/artprov/Makefile
config.status: creating samples/animate/Makefile
config.status: creating samples/Makefile
config.status: creating demos/bombs/Makefile
config.status: creating demos/forty/Makefile
config.status: creating demos/fractal/Makefile
config.status: creating demos/life/Makefile
config.status: creating demos/Makefile
config.status: creating demos/poem/Makefile
config.status: creating utils/emulator/Makefile
config.status: creating utils/emulator/src/Makefile
config.status: creating utils/execmon/Makefile
config.status: creating utils/helpview/Makefile
config.status: creating utils/helpview/src/Makefile
config.status: creating utils/hhp2cached/Makefile
config.status: creating utils/ifacecheck/src/Makefile
config.status: creating utils/Makefile
config.status: creating utils/screenshotgen/Makefile
config.status: creating utils/screenshotgen/src/Makefile
config.status: creating utils/wxrc/Makefile
config.status: creating tests/benchmarks/Makefile
config.status: creating tests/Makefile
config.status: creating lib/wx/include/x11univ-unicode-static-2.9/wx/setup.h
config.status: executing wx-config commands
=== configuring in src/tiff (/home/rob/wx/wxgit-x86-x11-gui-build/src/tiff)
configure: running /bin/bash /rob-server/robb/wx/wxgit/wxWidgets/src/tiff/configure --disable-option-checking '--prefix=/home/rob/wx/wxgit-x86-x11-gui-install'  '--with-x11' '--enable-gui' '--enable-debug' '--with-libpng=builtin' '--with-libjpeg=builtin' '--with-libtiff=builtin' '--with-regex=builtin' '--with-zlib=builtin' '--enable-permissive' '--with-expat=builtin' '--enable-unicode' '--disable-shared' --cache-file=/dev/null --srcdir=/rob-server/robb/wx/wxgit/wxWidgets/src/tiff
checking build system type... i686-pc-linux-gnu
checking host system type... i686-pc-linux-gnu
checking for a BSD-compatible install... /usr/bin/install -c
checking whether build environment is sane... yes
checking for a thread-safe mkdir -p... /bin/mkdir -p
checking for gawk... gawk
checking whether make sets $(MAKE)... yes
checking whether to enable maintainer-specific portions of Makefiles... no
checking for gcc... gcc
checking whether the C compiler works... yes
checking for C compiler default output file name... a.out
checking for suffix of executables... 
checking whether we are cross compiling... no
checking for suffix of object files... o
checking whether we are using the GNU C compiler... yes
checking whether gcc accepts -g... yes
checking for gcc option to accept ISO C89... none needed
checking for style of include used by make... GNU
checking dependency style of gcc... gcc3
checking whether gcc and cc understand -c and -o together... yes
checking for C compiler warning flags... -Wall -W
checking whether ln -s works... yes
checking how to print strings... printf
checking for a sed that does not truncate output... /bin/sed
checking for grep that handles long lines and -e... /bin/grep
checking for egrep... /bin/grep -E
checking for fgrep... /bin/grep -F
checking for ld used by gcc... /usr/bin/ld
checking if the linker (/usr/bin/ld) is GNU ld... yes
checking for BSD- or MS-compatible name lister (nm)... /usr/bin/nm -B
checking the name lister (/usr/bin/nm -B) interface... BSD nm
checking the maximum length of command line arguments... 1572864
checking whether the shell understands some XSI constructs... yes
checking whether the shell understands "+="... yes
checking how to convert i686-pc-linux-gnu file names to i686-pc-linux-gnu format... func_convert_file_noop
checking how to convert i686-pc-linux-gnu file names to toolchain format... func_convert_file_noop
checking for /usr/bin/ld option to reload object files... -r
checking for objdump... objdump
checking how to recognize dependent libraries... pass_all
checking for dlltool... no
checking how to associate runtime and link libraries... printf %s\n
checking for ar... ar
checking for archiver @FILE support... @
checking for strip... strip
checking for ranlib... ranlib
checking command to parse /usr/bin/nm -B output from gcc object... ok
checking for sysroot... no
checking for mt... mt
checking if mt is a manifest tool... no
checking how to run the C preprocessor... gcc -E
checking for ANSI C header files... yes
checking for sys/types.h... yes
checking for sys/stat.h... yes
checking for stdlib.h... yes
checking for string.h... yes
checking for memory.h... yes
checking for strings.h... yes
checking for inttypes.h... yes
checking for stdint.h... yes
checking for unistd.h... yes
checking for dlfcn.h... yes
checking for objdir... .libs
checking if gcc supports -fno-rtti -fno-exceptions... no
checking for gcc option to produce PIC... -fPIC -DPIC
checking if gcc PIC flag -fPIC -DPIC works... yes
checking if gcc static flag -static works... yes
checking if gcc supports -c -o file.o... yes
checking if gcc supports -c -o file.o... (cached) yes
checking whether the gcc linker (/usr/bin/ld) supports shared libraries... yes
checking dynamic linker characteristics... GNU/Linux ld.so
checking how to hardcode library paths into programs... immediate
checking whether stripping libraries is possible... yes
checking if libtool supports shared libraries... yes
checking whether to build shared libraries... no
checking whether to build static libraries... yes
checking for g++... g++
checking whether we are using the GNU C++ compiler... yes
checking whether g++ accepts -g... yes
checking dependency style of g++... gcc3
checking how to run the C++ preprocessor... g++ -E
checking for ld used by g++... /usr/bin/ld
checking if the linker (/usr/bin/ld) is GNU ld... yes
checking whether the g++ linker (/usr/bin/ld) supports shared libraries... yes
checking for g++ option to produce PIC... -fPIC -DPIC
checking if g++ PIC flag -fPIC -DPIC works... yes
checking if g++ static flag -static works... yes
checking if g++ supports -c -o file.o... yes
checking if g++ supports -c -o file.o... (cached) yes
checking whether the g++ linker (/usr/bin/ld) supports shared libraries... yes
checking dynamic linker characteristics... (cached) GNU/Linux ld.so
checking how to hardcode library paths into programs... immediate
checking whether make supports nested variables... yes
checking for sin in -lm... yes
checking assert.h usability... yes
checking assert.h presence... yes
checking for assert.h... yes
checking fcntl.h usability... yes
checking fcntl.h presence... yes
checking for fcntl.h... yes
checking io.h usability... no
checking io.h presence... no
checking for io.h... no
checking limits.h usability... yes
checking limits.h presence... yes
checking for limits.h... yes
checking malloc.h usability... yes
checking malloc.h presence... yes
checking for malloc.h... yes
checking search.h usability... yes
checking search.h presence... yes
checking for search.h... yes
checking sys/time.h usability... yes
checking sys/time.h presence... yes
checking for sys/time.h... yes
checking for unistd.h... (cached) yes
checking for an ANSI C-conforming const... yes
checking for inline... inline
checking whether byte ordering is bigendian... no
checking for off_t... yes
checking for size_t... yes
checking whether time.h and sys/time.h may both be included... yes
checking whether struct tm is in sys/time.h or time.h... time.h
checking size of signed short... 2
checking size of unsigned short... 2
checking size of signed int... 4
checking size of unsigned int... 4
checking size of signed long... 4
checking size of unsigned long... 4
checking size of signed long long... 8
checking size of unsigned long long... 8
checking size of unsigned char *... 4
checking for signed 8-bit type... signed char
checking for unsigned 8-bit type... unsigned char
checking for signed 16-bit type... signed short
checking for unsigned 16-bit type... unsigned short
checking for signed 32-bit type... signed int
checking for unsigned 32-bit type... unsigned int
checking for signed 64-bit type... signed long long
checking for unsigned 64-bit type... unsigned long long
checking for signed size type... signed long
checking for ptrdiff_t... yes
checking for pointer difference type... ptrdiff_t
checking for int8... no
checking for int16... no
checking for int32... no
checking for floor... yes
checking for isascii... yes
checking for memmove... yes
checking for memset... yes
checking for mmap... yes
checking for pow... yes
checking for setmode... no
checking for sqrt... yes
checking for strchr... yes
checking for strrchr... yes
checking for strstr... yes
checking for strtol... yes
checking for strtoull... yes
checking for getopt... yes
checking for strcasecmp... yes
checking for strtoul... yes
checking for strtoull... (cached) yes
checking for lfind... yes
checking native cpu bit order... lsb2msb
checking for special C compiler options needed for large files... no
checking for _FILE_OFFSET_BITS value needed for large files... 64
checking for inflateEnd in -lz... yes
checking zlib.h usability... yes
checking zlib.h presence... yes
checking for zlib.h... yes
checking for jpeg_read_scanlines in -ljpeg... yes
checking jpeglib.h usability... yes
checking jpeglib.h presence... yes
checking for jpeglib.h... yes
checking for jbg_dec_init in -ljbig... no
checking jbig.h usability... no
checking jbig.h presence... no
checking for jbig.h... no
checking for lzma_code in -llzma... no
checking lzma.h usability... no
checking lzma.h presence... no
checking for lzma.h... no
checking for X... libraries , headers 
checking for gethostbyname... yes
checking for connect... yes
checking for remove... yes
checking for shmat... yes
checking for IceConnectionNumber in -lICE... yes
checking for the pthreads library -lpthreads... no
checking whether pthreads work without any flags... no
checking whether pthreads work with -Kthread... no
checking whether pthreads work with -kthread... no
checking for the pthreads library -llthread... no
checking whether pthreads work with -pthread... yes
checking for joinable pthread attribute... PTHREAD_CREATE_JOINABLE
checking if more special flags are required for pthreads... no
checking whether we are using the Microsoft C compiler... no
checking GL/gl.h usability... no
checking GL/gl.h presence... no
checking for GL/gl.h... no
checking OpenGL/gl.h usability... no
checking OpenGL/gl.h presence... no
checking for OpenGL/gl.h... no
checking windows.h usability... no
checking windows.h presence... no
checking for windows.h... no
checking for OpenGL library... no
checking GL/glu.h usability... no
checking GL/glu.h presence... no
checking for GL/glu.h... no
checking OpenGL/glu.h usability... no
checking OpenGL/glu.h presence... no
checking for OpenGL/glu.h... no
checking for OpenGL Utility library... no
checking GL/glut.h usability... no
checking GL/glut.h presence... no
checking for GL/glut.h... no
checking GLUT/glut.h usability... no
checking GLUT/glut.h presence... no
checking for GLUT/glut.h... no
checking for GLUT library... no
checking that generated files are newer than configure... done
configure: creating ./config.status
config.status: creating Makefile
config.status: creating build/Makefile
config.status: creating contrib/Makefile
config.status: creating contrib/addtiffo/Makefile
config.status: creating contrib/dbs/Makefile
config.status: creating contrib/dbs/xtiff/Makefile
config.status: creating contrib/iptcutil/Makefile
config.status: creating contrib/mfs/Makefile
config.status: creating contrib/pds/Makefile
config.status: creating contrib/ras/Makefile
config.status: creating contrib/stream/Makefile
config.status: creating contrib/tags/Makefile
config.status: creating contrib/win_dib/Makefile
config.status: creating html/Makefile
config.status: creating html/images/Makefile
config.status: creating html/man/Makefile
config.status: creating libtiff-4.pc
config.status: creating libtiff/Makefile
config.status: creating man/Makefile
config.status: creating port/Makefile
config.status: creating test/Makefile
config.status: creating tools/Makefile
config.status: creating libtiff/tif_config.h
config.status: creating libtiff/tiffconf.h
config.status: executing depfiles commands
config.status: executing libtool commands

Libtiff is now configured for i686-pc-linux-gnu

  Installation directory:             /home/rob/wx/wxgit-x86-x11-gui-install
  Documentation directory:            ${prefix}/share/doc/tiff-4.0.3
  C compiler:                         gcc -g -O2 -Wall -W
  C++ compiler:                       g++ -g -O2
  Enable runtime linker paths:        no
  Enable linker symbol versioning:    no
  Support Microsoft Document Imaging: yes
  Use win32 IO:                       no

 Support for internal codecs:
  CCITT Group 3 & 4 algorithms:       yes
  Macintosh PackBits algorithm:       yes
  LZW algorithm:                      yes
  ThunderScan 4-bit RLE algorithm:    yes
  NeXT 2-bit RLE algorithm:           yes
  LogLuv high dynamic range encoding: yes

 Support for external codecs:
  ZLIB support:                       yes
  Pixar log-format algorithm:         yes
  JPEG support:                       yes
  Old JPEG support:                   yes
  JPEG 8/12 bit dual mode:            no
  ISO JBIG support:                   no
  LZMA2 support:                      no

  C++ support:                        yes

  OpenGL support:                     no

=== configuring in src/expat (/home/rob/wx/wxgit-x86-x11-gui-build/src/expat)
configure: running /bin/bash /rob-server/robb/wx/wxgit/wxWidgets/src/expat/configure --disable-option-checking '--prefix=/home/rob/wx/wxgit-x86-x11-gui-install'  '--with-x11' '--enable-gui' '--enable-debug' '--with-libpng=builtin' '--with-libjpeg=builtin' '--with-libtiff=builtin' '--with-regex=builtin' '--with-zlib=builtin' '--enable-permissive' '--with-expat=builtin' '--enable-unicode' '--disable-shared' --cache-file=/dev/null --srcdir=/rob-server/robb/wx/wxgit/wxWidgets/src/expat
checking for gcc... gcc
checking whether the C compiler works... yes
checking for C compiler default output file name... a.out
checking for suffix of executables... 
checking whether we are cross compiling... no
checking for suffix of object files... o
checking whether we are using the GNU C compiler... yes
checking whether gcc accepts -g... yes
checking for gcc option to accept ISO C89... none needed
checking whether we are using the Intel C compiler... no
checking build system type... i686-pc-linux-gnu
checking host system type... i686-pc-linux-gnu
checking for a sed that does not truncate output... /bin/sed
checking for grep that handles long lines and -e... /bin/grep
checking for egrep... /bin/grep -E
checking for fgrep... /bin/grep -F
checking for ld used by gcc... /usr/bin/ld
checking if the linker (/usr/bin/ld) is GNU ld... yes
checking for BSD- or MS-compatible name lister (nm)... /usr/bin/nm -B
checking the name lister (/usr/bin/nm -B) interface... BSD nm
checking whether ln -s works... yes
checking the maximum length of command line arguments... 1572864
checking whether the shell understands some XSI constructs... yes
checking whether the shell understands "+="... yes
checking for /usr/bin/ld option to reload object files... -r
checking for objdump... objdump
checking how to recognize dependent libraries... pass_all
checking for ar... ar
checking for strip... strip
checking for ranlib... ranlib
checking command to parse /usr/bin/nm -B output from gcc object... ok
checking how to run the C preprocessor... gcc -E
checking for ANSI C header files... yes
checking for sys/types.h... yes
checking for sys/stat.h... yes
checking for stdlib.h... yes
checking for string.h... yes
checking for memory.h... yes
checking for strings.h... yes
checking for inttypes.h... yes
checking for stdint.h... yes
checking for unistd.h... yes
checking for dlfcn.h... yes
checking for objdir... .libs
checking if gcc supports -fno-rtti -fno-exceptions... no
checking for gcc option to produce PIC... -fPIC -DPIC
checking if gcc PIC flag -fPIC -DPIC works... yes
checking if gcc static flag -static works... yes
checking if gcc supports -c -o file.o... yes
checking if gcc supports -c -o file.o... (cached) yes
checking whether the gcc linker (/usr/bin/ld) supports shared libraries... yes
checking dynamic linker characteristics... GNU/Linux ld.so
checking how to hardcode library paths into programs... immediate
checking whether stripping libraries is possible... yes
checking if libtool supports shared libraries... yes
checking whether to build shared libraries... no
checking whether to build static libraries... yes
checking for g++... g++
checking whether we are using the GNU C++ compiler... yes
checking whether g++ accepts -g... yes
checking whether we are using the GNU C++ compiler... (cached) yes
checking whether g++ accepts -g... (cached) yes
checking how to run the C++ preprocessor... g++ -E
checking for ld used by g++... /usr/bin/ld
checking if the linker (/usr/bin/ld) is GNU ld... yes
checking whether the g++ linker (/usr/bin/ld) supports shared libraries... yes
checking for g++ option to produce PIC... -fPIC -DPIC
checking if g++ PIC flag -fPIC -DPIC works... yes
checking if g++ static flag -static works... yes
checking if g++ supports -c -o file.o... yes
checking if g++ supports -c -o file.o... (cached) yes
checking whether the g++ linker (/usr/bin/ld) supports shared libraries... yes
checking dynamic linker characteristics... GNU/Linux ld.so
checking how to hardcode library paths into programs... immediate
checking for a BSD-compatible install... /usr/bin/install -c
checking whether gcc accepts -fexceptions... yes
checking for ANSI C header files... (cached) yes
checking whether byte ordering is bigendian... no
checking for an ANSI C-conforming const... yes
checking for size_t... yes
checking for memmove... yes
checking for bcopy... yes
checking fcntl.h usability... yes
checking fcntl.h presence... yes
checking for fcntl.h... yes
checking for unistd.h... (cached) yes
checking for off_t... yes
checking for stdlib.h... (cached) yes
checking for unistd.h... (cached) yes
checking for sys/param.h... yes
checking for getpagesize... yes
checking for working mmap... yes
checking for gcc option to accept ISO C99... -std=gnu99
checking for gcc -std=gnu99 option to accept ISO Standard C... (cached) -std=gnu99
checking for an ANSI C99-conforming __func__... yes
configure: creating ./config.status
config.status: creating Makefile
config.status: WARNING:  '/rob-server/robb/wx/wxgit/wxWidgets/src/expat/Makefile.in' seems to ignore the --datarootdir setting
config.status: creating expat.pc
config.status: creating expat_config.h
config.status: executing libtool commands

Configured wxWidgets 2.9.5 for `i686-pc-linux-gnu'

  Which GUI toolkit should wxWidgets use?                 x11
  Should wxWidgets be compiled into single library?       no
  Should wxWidgets be linked as a shared library?         no
  Should wxWidgets support Unicode?                       yes (using wchar_t)
  What level of wxWidgets compatibility should be enabled?
                                       wxWidgets 2.6      no
                                       wxWidgets 2.8      yes
  Which libraries should wxWidgets use?
                                       STL                no
                                       jpeg               builtin
                                       png                builtin
                                       regex              builtin
                                       tiff               builtin
                                       xpm                yes
                                       zlib               builtin
                                       expat              builtin
                                       libmspack          no
                                       sdl                no

make -j2 2>&1 | tee -a robbmake.log
/home/rob/wx/wxgit-x86-x11-gui-build/bk-deps gcc -c -o wxregex_regcomp.o -DNDEBUG -D__WXX11__ -D__WXUNIVERSAL__  -D_FILE_OFFSET_BITS=64 -I/home/rob/wx/wxgit-x86-x11-gui-build/lib/wx/include/x11univ-unicode-static-2.9 -I/rob-server/robb/wx/wxgit/wxWidgets/include -D_REENTRANT -I/usr/include/cairo -I/usr/include/pixman-1 -I/usr/include/freetype2 -I/usr/include/directfb -I/usr/include/libpng12 -pthread -fpermissive -Wall -Wundef -g -O0 -pthread -I/usr/include/pango-1.0 -I/usr/include/glib-2.0 -I/usr/lib/glib-2.0/include -I/usr/include/freetype2 -pthread -I/usr/include/pango-1.0 -I/usr/include/freetype2 -I/usr/include/glib-2.0 -I/usr/lib/glib-2.0/include -pthread -I/usr/include/pango-1.0 -I/usr/include/glib-2.0 -I/usr/lib/glib-2.0/include -D_GNU_SOURCE  /rob-server/robb/wx/wxgit/wxWidgets/src/regex/regcomp.c
/home/rob/wx/wxgit-x86-x11-gui-build/bk-deps gcc -c -o wxregex_regexec.o -DNDEBUG -D__WXX11__ -D__WXUNIVERSAL__  -D_FILE_OFFSET_BITS=64 -I/home/rob/wx/wxgit-x86-x11-gui-build/lib/wx/include/x11univ-unicode-static-2.9 -I/rob-server/robb/wx/wxgit/wxWidgets/include -D_REENTRANT -I/usr/include/cairo -I/usr/include/pixman-1 -I/usr/include/freetype2 -I/usr/include/directfb -I/usr/include/libpng12 -pthread -fpermissive -Wall -Wundef -g -O0 -pthread -I/usr/include/pango-1.0 -I/usr/include/glib-2.0 -I/usr/lib/glib-2.0/include -I/usr/include/freetype2 -pthread -I/usr/include/pango-1.0 -I/usr/include/freetype2 -I/usr/include/glib-2.0 -I/usr/lib/glib-2.0/include -pthread -I/usr/include/pango-1.0 -I/usr/include/glib-2.0 -I/usr/lib/glib-2.0/include -D_GNU_SOURCE  /rob-server/robb/wx/wxgit/wxWidgets/src/regex/regexec.c
cc1: warning: command line option "-fpermissive" is valid for C++/ObjC++ but not for Ccc1: warning: command line option "-fpermissive" is valid for C++/ObjC++ but not for C

In file included from /rob-server/robb/wx/wxgit/wxWidgets/src/regex/regcustom.h:39,
                 from /rob-server/robb/wx/wxgit/wxWidgets/src/regex/regguts.h:38,
                 from /rob-server/robb/wx/wxgit/wxWidgets/src/regex/regexec.c:32:
/rob-server/robb/wx/wxgit/wxWidgets/include/wx/defs.h:354:48: error: missing binary operator before token "("
/rob-server/robb/wx/wxgit/wxWidgets/include/wx/defs.h:368:48:In file included from /rob-server/robb/wx/wxgit/wxWidgets/src/regex/regcustom.h:39 ,
                 from /rob-server/robb/wx/wxgit/wxWidgets/src/regex/regguts.h:38error: missing binary operator before token "("
/rob-server/robb/wx/wxgit/wxWidgets/include/wx/defs.h:374:48: error: missing binary operator before token "("
/rob-server/robb/wx/wxgit/wxWidgets/include/wx/defs.h:380:48: error: ,
                 from /rob-server/robb/wx/wxgit/wxWidgets/src/regex/regcomp.c:33missing binary operator before token "("
:
/rob-server/robb/wx/wxgit/wxWidgets/include/wx/defs.h:386:48:/rob-server/robb/wx/wxgit/wxWidgets/include/wx/defs.h:354:48:  error: error: missing binary operator before token "("
missing binary operator before token "("
/rob-server/robb/wx/wxgit/wxWidgets/include/wx/defs.h:368:48: error: missing binary operator before token "("
/rob-server/robb/wx/wxgit/wxWidgets/include/wx/defs.h:374:48: error: missing binary operator before token "("
/rob-server/robb/wx/wxgit/wxWidgets/include/wx/defs.h:380:48: error: missing binary operator before token "("
/rob-server/robb/wx/wxgit/wxWidgets/include/wx/defs.h:386:48: error: missing binary operator before token "("
make: *** [wxregex_regexec.o] Error 1
make: *** Waiting for unfinished jobs....
make: *** [wxregex_regcomp.o] Error 1
make install 2>&1 | tee -a robbmake.log
/home/rob/wx/wxgit-x86-x11-gui-build/bk-deps gcc -c -o wxregex_regcomp.o -DNDEBUG -D__WXX11__ -D__WXUNIVERSAL__  -D_FILE_OFFSET_BITS=64 -I/home/rob/wx/wxgit-x86-x11-gui-build/lib/wx/include/x11univ-unicode-static-2.9 -I/rob-server/robb/wx/wxgit/wxWidgets/include -D_REENTRANT -I/usr/include/cairo -I/usr/include/pixman-1 -I/usr/include/freetype2 -I/usr/include/directfb -I/usr/include/libpng12 -pthread -fpermissive -Wall -Wundef -g -O0 -pthread -I/usr/include/pango-1.0 -I/usr/include/glib-2.0 -I/usr/lib/glib-2.0/include -I/usr/include/freetype2 -pthread -I/usr/include/pango-1.0 -I/usr/include/freetype2 -I/usr/include/glib-2.0 -I/usr/lib/glib-2.0/include -pthread -I/usr/include/pango-1.0 -I/usr/include/glib-2.0 -I/usr/lib/glib-2.0/include -D_GNU_SOURCE  /rob-server/robb/wx/wxgit/wxWidgets/src/regex/regcomp.c
cc1: warning: command line option "-fpermissive" is valid for C++/ObjC++ but not for C
In file included from /rob-server/robb/wx/wxgit/wxWidgets/src/regex/regcustom.h:39,
                 from /rob-server/robb/wx/wxgit/wxWidgets/src/regex/regguts.h:38,
                 from /rob-server/robb/wx/wxgit/wxWidgets/src/regex/regcomp.c:33:
/rob-server/robb/wx/wxgit/wxWidgets/include/wx/defs.h:354:48: error: missing binary operator before token "("
/rob-server/robb/wx/wxgit/wxWidgets/include/wx/defs.h:368:48: error: missing binary operator before token "("
/rob-server/robb/wx/wxgit/wxWidgets/include/wx/defs.h:374:48: error: missing binary operator before token "("
/rob-server/robb/wx/wxgit/wxWidgets/include/wx/defs.h:380:48: error: missing binary operator before token "("
/rob-server/robb/wx/wxgit/wxWidgets/include/wx/defs.h:386:48: error: missing binary operator before token "("
make: *** [wxregex_regcomp.o] Error 1
