**********

Host Name:      solo.local
Date/Time:      2005-03-27 19:26:15 -0800
OS Version:     10.3.8 (Build 7U16)
Report Version: 2

Command: Python
Path:    /System/Library/Frameworks/Python.framework/Versions/2.3/Resources/Python.app/Contents/MacOS/Python
Version: 2.3 (2.3)
PID:     4760
Thread:  0

Exception:  EXC_BAD_ACCESS (0x0001)
Codes:      KERN_PROTECTION_FAILURE (0x0002) at 0x00000000

Thread 0 Crashed:
0   libwx_macd-2.5.4.dylib   	0x02af4a20 _ZN10wxNodeBaseC4EP10wxListBasePS_S2_PvRK9wxListKey + 0x48
1   libwx_macd-2.5.4.dylib   	0x02d9bcd8 0x2aad000 + 0x2eecd8
2   _controls_.so            	0x03840004 _wrap_TextCtrl_IsModified + 0x100 (wxPython.h:48)
3   <<00000000>> 	0x95f4a8d0 0 + 0x95f4a8d0
4   <<00000000>> 	0x95fa9df0 0 + 0x95fa9df0
5   <<00000000>> 	0x95fa6d44 0 + 0x95fa6d44
6   <<00000000>> 	0x95fa7e30 0 + 0x95fa7e30
7   <<00000000>> 	0x95fa97dc 0 + 0x95fa97dc
8   <<00000000>> 	0x95fa9580 0 + 0x95fa9580
9   <<00000000>> 	0x95fa6c64 0 + 0x95fa6c64
10  <<00000000>> 	0x95fa7e30 0 + 0x95fa7e30
11  <<00000000>> 	0x95f5f354 0 + 0x95f5f354
12  <<00000000>> 	0x95f4a8d0 0 + 0x95f4a8d0
13  <<00000000>> 	0x95f529e8 0 + 0x95f529e8
14  <<00000000>> 	0x95f4a8d0 0 + 0x95f4a8d0
15  <<00000000>> 	0x95fa91ec 0 + 0x95fa91ec
16  _core_.so                	0x0200d6cc wxPyCallback::EventThunker(wxEvent&) + 0x1a0 (helpers.cpp:1593)
17  libwx_macd-2.5.4.dylib   	0x02b2fee8 wxEvtHandler::ProcessEventIfMatches(wxEventTableEntryBase const&, wxEvtHandler*, wxEvent&) + 0x9c
18  libwx_macd-2.5.4.dylib   	0x02b30498 wxEvtHandler::SearchDynamicEventTable(wxEvent&) + 0xa0
19  libwx_macd-2.5.4.dylib   	0x02b3009c wxEvtHandler::ProcessEvent(wxEvent&) + 0xd0
20  libwx_macd-2.5.4.dylib   	0x02b933e0 wxMacWindowControlEventHandler(OpaqueEventHandlerCallRef*, OpaqueEventRef*, void*) + 0x3c8
21  libwx_macd-2.5.4.dylib   	0x02b93b50 wxMacWindowEventHandler(OpaqueEventHandlerCallRef*, OpaqueEventRef*, void*) + 0x80
22  <<00000000>> 	0x927d1fa0 0 + 0x927d1fa0
23  <<00000000>> 	0x927d2214 0 + 0x927d2214
24  <<00000000>> 	0x927d6694 0 + 0x927d6694
25  <<00000000>> 	0x92808ffc 0 + 0x92808ffc
26  <<00000000>> 	0x9281de44 0 + 0x9281de44
27  <<00000000>> 	0x9281d3e0 0 + 0x9281d3e0
28  <<00000000>> 	0x928b6f9c 0 + 0x928b6f9c
29  <<00000000>> 	0x928e9ad0 0 + 0x928e9ad0
30  <<00000000>> 	0x927f91e0 0 + 0x927f91e0
31  com.apple.CoreFoundation 	0x90190cf0 CFRelease + 0x1e8
32  libwx_macd-2.5.4.dylib   	0x02b37324 wxMacControl::Dispose() + 0x1c
33  libwx_macd-2.5.4.dylib   	0x02b94558 _ZN8wxWindowD4Ev + 0x18c
34  libwx_macd-2.5.4.dylib   	0x02bcd428 _ZN13wxControlBaseD4Ev + 0x34
35  libwx_macd-2.5.4.dylib   	0x02b580dc _ZN9wxControlD4Ev + 0x40
36  libwx_macd-2.5.4.dylib   	0x02b85f54 _ZN10wxTextCtrlD4Ev + 0x104
37  libwx_macd-2.5.4.dylib   	0x02c22480 wxWindowBase::DestroyChildren() + 0x48
38  libwx_macd-2.5.4.dylib   	0x02b944d8 _ZN8wxWindowD4Ev + 0x10c
39  libwx_macd-2.5.4.dylib   	0x02c3f040 _ZN7wxPanelD4Ev + 0x34
40  libwx_macd-2.5.4.dylib   	0x02c22480 wxWindowBase::DestroyChildren() + 0x48
41  libwx_macd-2.5.4.dylib   	0x02b944d8 _ZN8wxWindowD4Ev + 0x10c
42  libwx_macd-2.5.4.dylib   	0x02c1e774 _ZN20wxTopLevelWindowBaseD4Ev + 0x110
43  libwx_macd-2.5.4.dylib   	0x02b91698 _ZN19wxTopLevelWindowMacD4Ev + 0xf8
44  libwx_macd-2.5.4.dylib   	0x02be3ff8 _ZN11wxFrameBaseD4Ev + 0x70
45  libwx_macd-2.5.4.dylib   	0x02b6d3ec _ZN7wxFrameD4Ev + 0x60
46  libwx_macd-2.5.4.dylib   	0x02bc42fc wxAppBase::DeletePendingObjects() + 0x50
47  libwx_macd-2.5.4.dylib   	0x02b4b4ac wxApp::MacDoOneEvent() + 0xbc
48  libwx_macd-2.5.4.dylib   	0x02b4b054 wxApp::MainLoop() + 0x24
49  _core_.so                	0x0200973c wxPyApp::MainLoop() + 0x54 (helpers.cpp:148)
50  _core_.so                	0x0204c224 _wrap_PyApp_MainLoop + 0xc8 (_core_wrap.cpp:22875)
51  <<00000000>> 	0x95f4a8d0 0 + 0x95f4a8d0
52  <<00000000>> 	0x95fa9df0 0 + 0x95fa9df0
53  <<00000000>> 	0x95fa6d44 0 + 0x95fa6d44
54  <<00000000>> 	0x95fa7e30 0 + 0x95fa7e30
55  <<00000000>> 	0x95f5f354 0 + 0x95f5f354
56  <<00000000>> 	0x95f4a8d0 0 + 0x95f4a8d0
57  <<00000000>> 	0x95f529e8 0 + 0x95f529e8
58  <<00000000>> 	0x95f4a8d0 0 + 0x95f4a8d0
59  <<00000000>> 	0x95fa9ba8 0 + 0x95fa9ba8
60  <<00000000>> 	0x95fa9598 0 + 0x95fa9598
61  <<00000000>> 	0x95fa6c64 0 + 0x95fa6c64
62  <<00000000>> 	0x95fa9728 0 + 0x95fa9728
63  <<00000000>> 	0x95fa9580 0 + 0x95fa9580
64  <<00000000>> 	0x95fa6c64 0 + 0x95fa6c64
65  <<00000000>> 	0x95fa7e30 0 + 0x95fa7e30
66  <<00000000>> 	0x95fa4734 0 + 0x95fa4734
67  <<00000000>> 	0x95fc85f0 0 + 0x95fc85f0
68  <<00000000>> 	0x95fc7668 0 + 0x95fc7668
69  <<00000000>> 	0x95fd1ec0 0 + 0x95fd1ec0
70  org.python.python        	0x00003c78 0x1000 + 0x2c78
71  org.python.python        	0x00003aec 0x1000 + 0x2aec

Thread 1:
0   libSystem.B.dylib        	0x900074c8 mach_msg_trap + 0x8
1   libSystem.B.dylib        	0x90007018 mach_msg + 0x38
2   com.unsanity.ape         	0xc000a954 __ape_internal + 0x90b8
3   com.unsanity.ape         	0xc0001328 __ape_agent + 0x40
4   libSystem.B.dylib        	0x900246e8 _pthread_body + 0x28

PPC Thread State:
  srr0: 0x02af4a20 srr1: 0x0200f030                vrsave: 0x00000000
    cr: 0x42224242  xer: 0x00000000   lr: 0x02af49e0  ctr: 0x90002d40
    r0: 0x02d9bcd8   r1: 0xbfffd8e0   r2: 0x02eb6f90   r3: 0x06b08f80
    r4: 0x06b0aae0   r5: 0x00000000   r6: 0xbfffd884   r7: 0x00000000
    r8: 0x00000000   r9: 0x00000000  r10: 0x00000000  r11: 0x00000000
   r12: 0x00000000  r13: 0x00618da0  r14: 0x00000000  r15: 0x0061b4e0
   r16: 0x00000000  r17: 0x00000000  r18: 0x00000000  r19: 0x00000003
   r20: 0x003ca1a4  r21: 0x003054e0  r22: 0x00000000  r23: 0x00000000
   r24: 0x00000000  r25: 0x06b0aae0  r26: 0x00000000  r27: 0xbfffd884
   r28: 0x00000000  r29: 0x00000000  r30: 0x06b08f80  r31: 0x02af49e0

Binary Images Description:
    0x1000 -     0x4fff org.python.python 2.3	/System/Library/Frameworks/Python.framework/Versions/2.3/Resources/Python.app/Contents/MacOS/Python
   0xa9000 -    0xabfff _locale.so 	/System/Library/Frameworks/Python.framework/Versions/2.3/lib/python2.3/lib-dynload/_locale.so
  0x2fb000 -   0x2fcfff time.so 	/System/Library/Frameworks/Python.framework/Versions/2.3/lib/python2.3/lib-dynload/time.so
  0x7c5000 -   0x7c8fff strop.so 	/System/Library/Frameworks/Python.framework/Versions/2.3/lib/python2.3/lib-dynload/strop.so
  0x7fb000 -   0x7fdfff operator.so 	/System/Library/Frameworks/Python.framework/Versions/2.3/lib/python2.3/lib-dynload/operator.so
 0x16de000 -  0x1706fff pyexpat.so 	/System/Library/Frameworks/Python.framework/Versions/2.3/lib/python2.3/lib-dynload/pyexpat.so
 0x17c4000 -  0x17c8fff array.so 	/System/Library/Frameworks/Python.framework/Versions/2.3/lib/python2.3/lib-dynload/array.so
 0x17fa000 -  0x17fbfff cStringIO.so 	/System/Library/Frameworks/Python.framework/Versions/2.3/lib/python2.3/lib-dynload/cStringIO.so
 0x2008000 -  0x20cafff _core_.so 	/System/Library/Frameworks/Python.framework/Versions/2.3/lib/python2.3/site-packages/wx-2.5.4-mac-ansi/wx/_core_.so
 0x2425000 -  0x2491fff _gdi_.so 	/System/Library/Frameworks/Python.framework/Versions/2.3/lib/python2.3/site-packages/wx-2.5.4-mac-ansi/wx/_gdi_.so
 0x2a15000 -  0x2a55fff _imaging.so 	/System/Library/Frameworks/Python.framework/Versions/2.3/lib/python2.3/site-packages/PIL/_imaging.so
 0x2a88000 -  0x2a89fff icglue.so 	/System/Library/Frameworks/Python.framework/Versions/2.3/lib/python2.3/lib-dynload/icglue.so
 0x2a95000 -  0x2a9afff _Res.so 	/System/Library/Frameworks/Python.framework/Versions/2.3/lib/python2.3/lib-dynload/_Res.so
 0x2aad000 -  0x2e69fff libwx_macd-2.5.4.dylib 	/usr/local/lib/wxPython-ansi-2.5.4.1/lib/libwx_macd-2.5.4.dylib
 0x3147000 -  0x31dcfff _windows_.so 	/System/Library/Frameworks/Python.framework/Versions/2.3/lib/python2.3/site-packages/wx-2.5.4-mac-ansi/wx/_windows_.so
 0x381c000 -  0x38cffff _controls_.so 	/System/Library/Frameworks/Python.framework/Versions/2.3/lib/python2.3/site-packages/wx-2.5.4-mac-ansi/wx/_controls_.so
 0x3ec9000 -  0x3f65fff _misc_.so 	/System/Library/Frameworks/Python.framework/Versions/2.3/lib/python2.3/site-packages/wx-2.5.4-mac-ansi/wx/_misc_.so
 0x442c000 -  0x448dfff _stc.so 	/System/Library/Frameworks/Python.framework/Versions/2.3/lib/python2.3/site-packages/wx-2.5.4-mac-ansi/wx/_stc.so
 0x463f000 -  0x4647fff _File.so 	/System/Library/Frameworks/Python.framework/Versions/2.3/lib/python2.3/lib-dynload/_File.so
 0x4656000 -  0x4657fff MacOS.so 	/System/Library/Frameworks/Python.framework/Versions/2.3/lib/python2.3/lib-dynload/MacOS.so
 0x465d000 -  0x465dfff _weakref.so 	/System/Library/Frameworks/Python.framework/Versions/2.3/lib/python2.3/lib-dynload/_weakref.so
 0x46f2000 -  0x4796fff libwx_macd_stc-2.5.4.dylib 	/usr/local/lib/wxPython-ansi-2.5.4.1/lib/libwx_macd_stc-2.5.4.dylib
 0x489e000 -  0x48bafff com.unsanity.windowshadex WindowShade X version 3.1 (3.1)	/Library/Application Enhancers/WindowShade X.ape/Contents/MacOS/WindowShade X
 0x7f49000 -  0x7f64fff ??? 	/Library/PreferencePanes/Default Folder X.prefPane/Contents/Resources/Default Folder X.bundle/Contents/Resources/Mach-O Patcher.bundle/Contents/MacOS/Mach-O Patcher
 0x7f6d000 -  0x7f82fff ??? 	/Library/PreferencePanes/Default Folder X.prefPane/Contents/Resources/Default Folder X.bundle/Contents/Resources/Cocoa Patcher.bundle/Contents/MacOS/Cocoa Patcher
0x880cd000 - 0x880cdfff com.apple.securitynssasn1 1.1 (11.1)	/System/Library/PrivateFrameworks/SecurityNssAsn1.framework/Versions/A/SecurityNssAsn1
0x8fe00000 - 0x8fe4ffff dyld 	/usr/lib/dyld
0x90000000 - 0x90122fff libSystem.B.dylib 	/usr/lib/libSystem.B.dylib
0x90190000 - 0x9023dfff com.apple.CoreFoundation 6.3.6 (299.33)	/System/Library/Frameworks/CoreFoundation.framework/Versions/A/CoreFoundation
0x90280000 - 0x904f9fff com.apple.CoreServices.CarbonCore 10.3.6 (10.3.5)	/System/Library/Frameworks/CoreServices.framework/Versions/A/Frameworks/CarbonCore.framework/Versions/A/CarbonCore
0x90570000 - 0x905dffff com.apple.framework.IOKit 1.3.6 (???)	/System/Library/Frameworks/IOKit.framework/Versions/A/IOKit
0x90610000 - 0x9069afff com.apple.CoreServices.OSServices 3.0.1	/System/Library/Frameworks/CoreServices.framework/Versions/A/Frameworks/OSServices.framework/Versions/A/OSServices
0x90700000 - 0x90700fff com.apple.CoreServices 10.3 (???)	/System/Library/Frameworks/CoreServices.framework/Versions/A/CoreServices
0x90720000 - 0x90787fff com.apple.audio.CoreAudio 2.1.2	/System/Library/Frameworks/CoreAudio.framework/Versions/A/CoreAudio
0x907f0000 - 0x907f9fff com.apple.DiskArbitration 2.0.4	/System/Library/PrivateFrameworks/DiskArbitration.framework/Versions/A/DiskArbitration
0x90810000 - 0x90810fff com.apple.ApplicationServices 1.0 (???)	/System/Library/Frameworks/ApplicationServices.framework/Versions/A/ApplicationServices
0x90830000 - 0x9089ffff libobjc.A.dylib 	/usr/lib/libobjc.A.dylib
0x90910000 - 0x90983fff com.apple.DesktopServices 1.2.2	/System/Library/PrivateFrameworks/DesktopServicesPriv.framework/Versions/A/DesktopServicesPriv
0x909f0000 - 0x90b4bfff com.apple.Foundation 6.3.5 (500.56)	/System/Library/Frameworks/Foundation.framework/Versions/C/Foundation
0x90df0000 - 0x90df4fff com.apple.JavaVM 2.0.0	/System/Library/Frameworks/JavaVM.framework/Versions/A/JavaVM
0x90ec0000 - 0x90ec0fff com.apple.Cocoa 6.3 (???)	/System/Library/Frameworks/Cocoa.framework/Versions/A/Cocoa
0x912a0000 - 0x912bdfff com.apple.audio.SoundManager 3.8	/System/Library/Frameworks/Carbon.framework/Versions/A/Frameworks/CarbonSound.framework/Versions/A/CarbonSound
0x912e0000 - 0x912f7fff com.apple.LangAnalysis 1.5.4	/System/Library/Frameworks/ApplicationServices.framework/Versions/A/Frameworks/LangAnalysis.framework/Versions/A/LangAnalysis
0x91303000 - 0x913c2fff ColorSync 	/System/Library/Frameworks/ApplicationServices.framework/Versions/A/Frameworks/ColorSync.framework/Versions/A/ColorSync
0x917e0000 - 0x917f0fff com.apple.speech.recognition.framework 3.3	/System/Library/Frameworks/Carbon.framework/Versions/A/Frameworks/SpeechRecognition.framework/Versions/A/SpeechRecognition
0x91810000 - 0x9182afff com.apple.openscripting 1.2.1 (???)	/System/Library/Frameworks/Carbon.framework/Versions/A/Frameworks/OpenScripting.framework/Versions/A/OpenScripting
0x91850000 - 0x91860fff com.apple.ImageCapture 2.1.5	/System/Library/Frameworks/Carbon.framework/Versions/A/Frameworks/ImageCapture.framework/Versions/A/ImageCapture
0x91890000 - 0x9189cfff com.apple.help 1.0.1	/System/Library/Frameworks/Carbon.framework/Versions/A/Frameworks/Help.framework/Versions/A/Help
0x918c0000 - 0x918cdfff com.apple.CommonPanels 1.2.1 (1.0)	/System/Library/Frameworks/Carbon.framework/Versions/A/Frameworks/CommonPanels.framework/Versions/A/CommonPanels
0x918f0000 - 0x9193efff com.apple.print.framework.Print 3.3	/System/Library/Frameworks/Carbon.framework/Versions/A/Frameworks/Print.framework/Versions/A/Print
0x91967000 - 0x9197afff com.apple.speech.synthesis.framework 3.2	/System/Library/Frameworks/ApplicationServices.framework/Versions/A/Frameworks/SpeechSynthesis.framework/Versions/A/SpeechSynthesis
0x91990000 - 0x9199bfff com.apple.securityhi 1.2 (90)	/System/Library/Frameworks/Carbon.framework/Versions/A/Frameworks/SecurityHI.framework/Versions/A/SecurityHI
0x919c0000 - 0x91a33fff com.apple.NavigationServices 3.3.2	/System/Library/Frameworks/Carbon.framework/Versions/A/Frameworks/NavigationServices.framework/Versions/A/NavigationServices
0xc0000000 - 0xc000efff com.unsanity.ape 1.4.1	/Library/Frameworks/ApplicationEnhancer.framework/Versions/A/ApplicationEnhancer


 	  	 
