==21718== Memcheck, a memory error detector.
==21718== Copyright (C) 2002-2007, and GNU GPL'd, by Julian Seward et al.
==21718== Using LibVEX rev 1732, a library for dynamic binary translation.
==21718== Copyright (C) 2004-2007, and GNU GPL'd, by OpenWorks LLP.
==21718== Using valgrind-3.2.3, a dynamic binary instrumentation framework.
==21718== Copyright (C) 2000-2007, and GNU GPL'd, by Julian Seward et al.
==21718== For more details, rerun with: -v
==21718== 
==21718== My PID = 21718, parent PID = 20528.  Prog and args are:
==21718==    tex2rtf
==21718==    /home/pstieber/Source/GIJET/src/HelpFiles/gijet.tex
==21718==    gijet.html
==21718==    -html
==21718==    -twice
==21718== 
==21718== Conditional jump or move depends on uninitialised value(s)
==21718==    at 0x309D614697: strlen (in /lib64/ld-2.6.so)
==21718==    by 0x309D604CBC: fillin_rpath (in /lib64/ld-2.6.so)
==21718==    by 0x309D607640: _dl_init_paths (in /lib64/ld-2.6.so)
==21718==    by 0x309D60311C: dl_main (in /lib64/ld-2.6.so)
==21718==    by 0x309D6131FA: _dl_sysdep_start (in /lib64/ld-2.6.so)
==21718==    by 0x309D6023AF: _dl_start (in /lib64/ld-2.6.so)
==21718==    by 0x309D600A67: (within /lib64/ld-2.6.so)
==21718== 
==21718== Conditional jump or move depends on uninitialised value(s)
==21718==    at 0x309D60A39C: _dl_relocate_object (in /lib64/ld-2.6.so)
==21718==    by 0x309D60373B: dl_main (in /lib64/ld-2.6.so)
==21718==    by 0x309D6131FA: _dl_sysdep_start (in /lib64/ld-2.6.so)
==21718==    by 0x309D6023AF: _dl_start (in /lib64/ld-2.6.so)
==21718==    by 0x309D600A67: (within /lib64/ld-2.6.so)
==21718== 
==21718== Conditional jump or move depends on uninitialised value(s)
==21718==    at 0x309D60A3A5: _dl_relocate_object (in /lib64/ld-2.6.so)
==21718==    by 0x309D60373B: dl_main (in /lib64/ld-2.6.so)
==21718==    by 0x309D6131FA: _dl_sysdep_start (in /lib64/ld-2.6.so)
==21718==    by 0x309D6023AF: _dl_start (in /lib64/ld-2.6.so)
==21718==    by 0x309D600A67: (within /lib64/ld-2.6.so)
==21718== 
==21718== Conditional jump or move depends on uninitialised value(s)
==21718==    at 0x309D60A39C: _dl_relocate_object (in /lib64/ld-2.6.so)
==21718==    by 0x309D60389A: dl_main (in /lib64/ld-2.6.so)
==21718==    by 0x309D6131FA: _dl_sysdep_start (in /lib64/ld-2.6.so)
==21718==    by 0x309D6023AF: _dl_start (in /lib64/ld-2.6.so)
==21718==    by 0x309D600A67: (within /lib64/ld-2.6.so)
==21718== 
==21718== Conditional jump or move depends on uninitialised value(s)
==21718==    at 0x309D60A3A5: _dl_relocate_object (in /lib64/ld-2.6.so)
==21718==    by 0x309D60389A: dl_main (in /lib64/ld-2.6.so)
==21718==    by 0x309D6131FA: _dl_sysdep_start (in /lib64/ld-2.6.so)
==21718==    by 0x309D6023AF: _dl_start (in /lib64/ld-2.6.so)
==21718==    by 0x309D600A67: (within /lib64/ld-2.6.so)
==21718== 
==21718== Mismatched free() / delete / delete []
==21718==    at 0x4A052BD: operator delete(void*) (vg_replace_malloc.c:244)
==21718==    by 0x44470F: ProcessText2HTML(TexChunk*) (htmlutil.cpp:316)
==21718==    by 0x445A7F: Text2HTML(TexChunk*) (htmlutil.cpp:374)
==21718==    by 0x445A31: Text2HTML(TexChunk*) (htmlutil.cpp:365)
==21718==    by 0x445971: Text2HTML(TexChunk*) (htmlutil.cpp:350)
==21718==    by 0x445A31: Text2HTML(TexChunk*) (htmlutil.cpp:365)
==21718==    by 0x445971: Text2HTML(TexChunk*) (htmlutil.cpp:350)
==21718==    by 0x445A31: Text2HTML(TexChunk*) (htmlutil.cpp:365)
==21718==    by 0x445971: Text2HTML(TexChunk*) (htmlutil.cpp:350)
==21718==    by 0x445B22: HTMLGo() (htmlutil.cpp:3048)
==21718==    by 0x4064C6: Go() (tex2rtf.cpp:1099)
==21718==    by 0x4073E1: MyApp::OnInit() (tex2rtf.cpp:468)
==21718==  Address 0x4D3CED0 is 0 bytes inside a block of size 15 alloc'd
==21718==    at 0x4A05E45: operator new[](unsigned long) (vg_replace_malloc.c:199)
==21718==    by 0x408923: copystring(char const*) (tex2any.cpp:30)
==21718==    by 0x41084F: ParseArg(TexChunk*, wxList&, char*, int, char*, bool, TexChunk*) (tex2any.cpp:1110)
==21718==    by 0x412604: ParseMacroBody(char const*, TexChunk*, int, char*, int, char*, bool, TexChunk*) (tex2any.cpp:1646)
==21718==    by 0x4115DE: ParseArg(TexChunk*, wxList&, char*, int, char*, bool, TexChunk*) (tex2any.cpp:1347)
==21718==    by 0x412604: ParseMacroBody(char const*, TexChunk*, int, char*, int, char*, bool, TexChunk*) (tex2any.cpp:1646)
==21718==    by 0x411322: ParseArg(TexChunk*, wxList&, char*, int, char*, bool, TexChunk*) (tex2any.cpp:1291)
==21718==    by 0x412604: ParseMacroBody(char const*, TexChunk*, int, char*, int, char*, bool, TexChunk*) (tex2any.cpp:1646)
==21718==    by 0x412836: TexLoadFile(wxString const&) (tex2any.cpp:1692)
==21718==    by 0x40646F: Go() (tex2rtf.cpp:1077)
==21718==    by 0x4073E1: MyApp::OnInit() (tex2rtf.cpp:468)
==21718==    by 0x4075A9: wxAppConsole::CallOnInit() (app.h:76)
==21718== 
==21718== Mismatched free() / delete / delete []
==21718==    at 0x4A052BD: operator delete(void*) (vg_replace_malloc.c:244)
==21718==    by 0x412794: TexLoadFile(wxString const&) (tex2any.cpp:1682)
==21718==    by 0x40646F: Go() (tex2rtf.cpp:1077)
==21718==    by 0x4073FA: MyApp::OnInit() (tex2rtf.cpp:471)
==21718==    by 0x4075A9: wxAppConsole::CallOnInit() (app.h:76)
==21718==    by 0x4784A2: wxEntry(int&, char**) (init.cpp:436)
==21718==    by 0x40748F: main (tex2rtf.cpp:141)
==21718==  Address 0x4CFA780 is 0 bytes inside a block of size 11,000 alloc'd
==21718==    at 0x4A05E45: operator new[](unsigned long) (vg_replace_malloc.c:199)
==21718==    by 0x41279E: TexLoadFile(wxString const&) (tex2any.cpp:1684)
==21718==    by 0x40646F: Go() (tex2rtf.cpp:1077)
==21718==    by 0x4073E1: MyApp::OnInit() (tex2rtf.cpp:468)
==21718==    by 0x4075A9: wxAppConsole::CallOnInit() (app.h:76)
==21718==    by 0x4784A2: wxEntry(int&, char**) (init.cpp:436)
==21718==    by 0x40748F: main (tex2rtf.cpp:141)
==21718== 
==21718== ERROR SUMMARY: 18 errors from 7 contexts (suppressed: 0 from 0)
==21718== malloc/free: in use at exit: 587,502 bytes in 1,967 blocks.
==21718== malloc/free: 143,981 allocs, 142,014 frees, 10,280,581 bytes allocated.
==21718== For counts of detected errors, rerun with: -v
==21718== searching for pointers to 1,967 not-freed blocks.
==21718== checked 225,768 bytes.
==21718== 
==21718== 
==21718== 128 bytes in 11 blocks are definitely lost in loss record 5 of 31
==21718==    at 0x4A05E45: operator new[](unsigned long) (vg_replace_malloc.c:199)
==21718==    by 0x408923: copystring(char const*) (tex2any.cpp:30)
==21718==    by 0x40898F: __static_initialization_and_destruction_0(int, int) (tex2any.cpp:60)
==21718==    by 0x408CEC: _GLOBAL__I_DocumentTitle (tex2any.cpp:3785)
==21718==    by 0x4D48D5: (within /usr/local/wx284/bin/tex2rtf)
==21718==    by 0x404B32: (within /usr/local/wx284/bin/tex2rtf)
==21718== 
==21718== 
==21718== 5,987 (504 direct, 5,483 indirect) bytes in 21 blocks are definitely lost in loss record 18 of 31
==21718==    at 0x4A061A5: operator new(unsigned long) (vg_replace_malloc.c:167)
==21718==    by 0x419310: __gnu_cxx::new_allocator<std::_List_node<wxObject*> >::allocate(unsigned long, void const*) (new_allocator.h:88)
==21718==    by 0x419335: std::_List_base<wxObject*, std::allocator<wxObject*> >::_M_get_node() (stl_list.h:316)
==21718==    by 0x419351: std::list<wxObject*, std::allocator<wxObject*> >::_M_create_node(wxObject* const&) (stl_list.h:448)
==21718==    by 0x4193B0: std::list<wxObject*, std::allocator<wxObject*> >::_M_insert(std::_List_iterator<wxObject*>, wxObject* const&) (stl_list.h:1139)
==21718==    by 0x4193EC: std::list<wxObject*, std::allocator<wxObject*> >::push_back(wxObject* const&) (stl_list.h:761)
==21718==    by 0x41940C: wxObjectList::Append(wxObject*) (list.h:1178)
==21718==    by 0x4122C0: ParseMacroBody(char const*, TexChunk*, int, char*, int, char*, bool, TexChunk*) (tex2any.cpp:1595)
==21718==    by 0x411322: ParseArg(TexChunk*, wxList&, char*, int, char*, bool, TexChunk*) (tex2any.cpp:1291)
==21718==    by 0x412604: ParseMacroBody(char const*, TexChunk*, int, char*, int, char*, bool, TexChunk*) (tex2any.cpp:1646)
==21718==    by 0x411322: ParseArg(TexChunk*, wxList&, char*, int, char*, bool, TexChunk*) (tex2any.cpp:1291)
==21718==    by 0x412604: ParseMacroBody(char const*, TexChunk*, int, char*, int, char*, bool, TexChunk*) (tex2any.cpp:1646)
==21718== 
==21718== 
==21718== 3,048 (1,344 direct, 1,704 indirect) bytes in 42 blocks are definitely lost in loss record 21 of 31
==21718==    at 0x4A061A5: operator new(unsigned long) (vg_replace_malloc.c:167)
==21718==    by 0x4456AE: AddBrowseButtons(char*, char*, char*, char*, char*, char*) (htmlutil.cpp:548)
==21718==    by 0x449D12: HTMLOnMacro(int, int, bool) (htmlutil.cpp:776)
==21718==    by 0x405F0E: OnMacro(int, int, bool) (tex2rtf.cpp:1235)
==21718==    by 0x415D07: TraverseFromChunk(TexChunk*, wxObjectList::compatibility_iterator*, bool) (tex2any.cpp:1902)
==21718==    by 0x415DE2: TraverseFromChunk(TexChunk*, wxObjectList::compatibility_iterator*, bool) (tex2any.cpp:1920)
==21718==    by 0x415BE8: TraverseFromChunk(TexChunk*, wxObjectList::compatibility_iterator*, bool) (tex2any.cpp:1894)
==21718==    by 0x415DE2: TraverseFromChunk(TexChunk*, wxObjectList::compatibility_iterator*, bool) (tex2any.cpp:1920)
==21718==    by 0x415BE8: TraverseFromChunk(TexChunk*, wxObjectList::compatibility_iterator*, bool) (tex2any.cpp:1894)
==21718==    by 0x415FE1: TraverseDocument() (tex2any.cpp:1958)
==21718==    by 0x445D4B: HTMLGo() (htmlutil.cpp:3090)
==21718==    by 0x4064C6: Go() (tex2rtf.cpp:1099)
==21718== 
==21718== 
==21718== 5,242 (1,920 direct, 3,322 indirect) bytes in 40 blocks are definitely lost in loss record 22 of 31
==21718==    at 0x4A061A5: operator new(unsigned long) (vg_replace_malloc.c:167)
==21718==    by 0x41D4C9: AddTexRef(char*, char*, char*, int, int, int, int) (texutils.cpp:383)
==21718==    by 0x44A94B: HTMLOnMacro(int, int, bool) (htmlutil.cpp:1051)
==21718==    by 0x405F0E: OnMacro(int, int, bool) (tex2rtf.cpp:1235)
==21718==    by 0x415D07: TraverseFromChunk(TexChunk*, wxObjectList::compatibility_iterator*, bool) (tex2any.cpp:1902)
==21718==    by 0x415DE2: TraverseFromChunk(TexChunk*, wxObjectList::compatibility_iterator*, bool) (tex2any.cpp:1920)
==21718==    by 0x415BE8: TraverseFromChunk(TexChunk*, wxObjectList::compatibility_iterator*, bool) (tex2any.cpp:1894)
==21718==    by 0x415DE2: TraverseFromChunk(TexChunk*, wxObjectList::compatibility_iterator*, bool) (tex2any.cpp:1920)
==21718==    by 0x415BE8: TraverseFromChunk(TexChunk*, wxObjectList::compatibility_iterator*, bool) (tex2any.cpp:1894)
==21718==    by 0x415FE1: TraverseDocument() (tex2any.cpp:1958)
==21718==    by 0x445D4B: HTMLGo() (htmlutil.cpp:3090)
==21718==    by 0x4064C6: Go() (tex2rtf.cpp:1099)
==21718== 
==21718== 
==21718== 6,237 bytes in 147 blocks are definitely lost in loss record 23 of 31
==21718==    at 0x4A05E45: operator new[](unsigned long) (vg_replace_malloc.c:199)
==21718==    by 0x44415D: copystring(char const*) (htmlutil.cpp:33)
==21718==    by 0x4476DD: HTMLOnArgument(int, int, bool) (htmlutil.cpp:2141)
==21718==    by 0x405E9A: OnArgument(int, int, bool) (tex2rtf.cpp:1257)
==21718==    by 0x415D62: TraverseFromChunk(TexChunk*, wxObjectList::compatibility_iterator*, bool) (tex2any.cpp:1914)
==21718==    by 0x415BE8: TraverseFromChunk(TexChunk*, wxObjectList::compatibility_iterator*, bool) (tex2any.cpp:1894)
==21718==    by 0x415DE2: TraverseFromChunk(TexChunk*, wxObjectList::compatibility_iterator*, bool) (tex2any.cpp:1920)
==21718==    by 0x415BE8: TraverseFromChunk(TexChunk*, wxObjectList::compatibility_iterator*, bool) (tex2any.cpp:1894)
==21718==    by 0x415DE2: TraverseFromChunk(TexChunk*, wxObjectList::compatibility_iterator*, bool) (tex2any.cpp:1920)
==21718==    by 0x415BE8: TraverseFromChunk(TexChunk*, wxObjectList::compatibility_iterator*, bool) (tex2any.cpp:1894)
==21718==    by 0x415DE2: TraverseFromChunk(TexChunk*, wxObjectList::compatibility_iterator*, bool) (tex2any.cpp:1920)
==21718==    by 0x415BE8: TraverseFromChunk(TexChunk*, wxObjectList::compatibility_iterator*, bool) (tex2any.cpp:1894)
==21718== 
==21718== 
==21718== 39,309 (9,936 direct, 29,373 indirect) bytes in 138 blocks are definitely lost in loss record 27 of 31
==21718==    at 0x4A061A5: operator new(unsigned long) (vg_replace_malloc.c:167)
==21718==    by 0x411196: ParseArg(TexChunk*, wxList&, char*, int, char*, bool, TexChunk*) (tex2any.cpp:1268)
==21718==    by 0x412604: ParseMacroBody(char const*, TexChunk*, int, char*, int, char*, bool, TexChunk*) (tex2any.cpp:1646)
==21718==    by 0x411322: ParseArg(TexChunk*, wxList&, char*, int, char*, bool, TexChunk*) (tex2any.cpp:1291)
==21718==    by 0x412604: ParseMacroBody(char const*, TexChunk*, int, char*, int, char*, bool, TexChunk*) (tex2any.cpp:1646)
==21718==    by 0x411322: ParseArg(TexChunk*, wxList&, char*, int, char*, bool, TexChunk*) (tex2any.cpp:1291)
==21718==    by 0x412604: ParseMacroBody(char const*, TexChunk*, int, char*, int, char*, bool, TexChunk*) (tex2any.cpp:1646)
==21718==    by 0x411322: ParseArg(TexChunk*, wxList&, char*, int, char*, bool, TexChunk*) (tex2any.cpp:1291)
==21718==    by 0x412604: ParseMacroBody(char const*, TexChunk*, int, char*, int, char*, bool, TexChunk*) (tex2any.cpp:1646)
==21718==    by 0x412836: TexLoadFile(wxString const&) (tex2any.cpp:1692)
==21718==    by 0x40646F: Go() (tex2rtf.cpp:1077)
==21718==    by 0x4073FA: MyApp::OnInit() (tex2rtf.cpp:471)
==21718== 
==21718== 
==21718== 11,036 (5,136 direct, 5,900 indirect) bytes in 107 blocks are definitely lost in loss record 28 of 31
==21718==    at 0x4A061A5: operator new(unsigned long) (vg_replace_malloc.c:167)
==21718==    by 0x42074C: ReadTexReferences(char*) (texutils.cpp:456)
==21718==    by 0x4063E3: Go() (tex2rtf.cpp:1055)
==21718==    by 0x4073FA: MyApp::OnInit() (tex2rtf.cpp:471)
==21718==    by 0x4075A9: wxAppConsole::CallOnInit() (app.h:76)
==21718==    by 0x4784A2: wxEntry(int&, char**) (init.cpp:436)
==21718==    by 0x40748F: main (tex2rtf.cpp:141)
==21718== 
==21718== LEAK SUMMARY:
==21718==    definitely lost: 25,205 bytes in 506 blocks.
==21718==    indirectly lost: 45,782 bytes in 1,409 blocks.
==21718==      possibly lost: 0 bytes in 0 blocks.
==21718==    still reachable: 516,515 bytes in 52 blocks.
==21718==         suppressed: 0 bytes in 0 blocks.
==21718== Reachable blocks (those to which a pointer was found) are not shown.
==21718== To see them, rerun with: --leak-check=full --show-reachable=yes

 	  	 
