Process:         text [70420]
Path:            /Users/USER/*/text.app/Contents/MacOS/text
Identifier:      org.wxwindows..
Version:         3.0.2 (3.0.2)
Code Type:       X86 (Native)
Parent Process:  bash [35017]
Responsible:     Terminal [186]
User ID:         501

Date/Time:       2014-07-13 11:15:54.146 +0200
OS Version:      Mac OS X 10.9.4 (13E28)
Report Version:  11
Anonymous UUID:  E99D7BB1-C00F-96B0-32D7-2DAE1C0755A5

Sleep/Wake UUID: E658CD43-753B-448A-AD5E-695FB1D5934E

Crashed Thread:  7  com.apple.appkit-heartbeat

Exception Type:  EXC_BAD_ACCESS (SIGBUS)
Exception Codes: KERN_PROTECTION_FAILURE at 0x0000000000000010

VM Regions Near 0x10:
--> __PAGEZERO             0000000000000000-0000000000001000 [    4K] ---/--- SM=NUL  /Users/USER/*/text.app/Contents/MacOS/text
    VM_ALLOCATE            0000000000001000-00000000000e7000 [  920K] ---/--- SM=NUL  

Thread 0:: Dispatch queue: com.apple.main-thread
0   com.apple.CoreFoundation      	0x93e39d90 CFStringConvertNSStringEncodingToEncoding + 0
1   com.apple.Foundation          	0x9991dd56 -[NSPlaceholderString initWithBytes:length:encoding:] + 26
2   com.apple.Foundation          	0x9991d2bc +[NSString stringWithUTF8String:] + 163
3   com.apple.Foundation          	0x99a7ebd9 _NSMethodExceptionProem + 148
4   com.apple.Foundation          	0x99970b6c -[NSString _getBlockStart:end:contentsEnd:forRange:stopAtLineSeparators:] + 115
5   com.apple.Foundation          	0x99970af2 -[NSString getParagraphStart:end:contentsEnd:forRange:] + 76
6   com.apple.AppKit              	0x99df0c47 _NSFastFillAllLayoutHolesForGlyphRange + 1128
7   com.apple.AppKit              	0x99d432dd -[NSLayoutManager textContainerForGlyphAtIndex:effectiveRange:] + 196
8   com.apple.AppKit              	0x99ed9e39 -[NSTextView(NSPrivate) _scrollRangeToVisible:forceCenter:] + 456
9   com.apple.AppKit              	0x99ed9c67 -[NSTextView scrollRangeToVisible:] + 55
10  libwx_osx_cocoau_core-3.0.0.2.0.dylib	0x002a2618 wxNSTextViewControl::SetSelection(long, long) + 408 (textctrl.mm:669)
11  libwx_osx_cocoau_core-3.0.0.2.0.dylib	0x002a2656 non-virtual thunk to wxNSTextViewControl::SetSelection(long, long) + 54 (textctrl.mm:669)
12  libwx_osx_cocoau_core-3.0.0.2.0.dylib	0x001ed171 wxTextEntry::SetSelection(long, long) + 241 (textentry_osx.cpp:195)
13  libwx_osx_cocoau_core-3.0.0.2.0.dylib	0x001ecd9e wxTextEntry::SetInsertionPoint(long) + 46 (textentry_osx.cpp:155)
14  libwx_osx_cocoau_core-3.0.0.2.0.dylib	0x001ecde1 wxTextEntry::SetInsertionPointEnd() + 49 (textentry_osx.cpp:161)
15  org.wxwindows..               	0x000f5a1b MyFrame::OnTimer(wxTimerEvent&) + 123 (.text.cpp:1969)
16  libwx_baseu-3.0.0.2.0.dylib   	0x0098661d wxAppConsoleBase::HandleEvent(wxEvtHandler*, void (wxEvtHandler::*)(wxEvent&), wxEvent&) const + 125 (appbase.cpp:612)
17  libwx_baseu-3.0.0.2.0.dylib   	0x009866c8 wxAppConsoleBase::CallEventHandler(wxEvtHandler*, wxEventFunctor&, wxEvent&) const + 152 (appbase.cpp:623)
18  libwx_baseu-3.0.0.2.0.dylib   	0x00b161e9 wxEvtHandler::ProcessEventIfMatchesId(wxEventTableEntryBase const&, wxEvtHandler*, wxEvent&) + 249 (event.cpp:1385)
19  libwx_baseu-3.0.0.2.0.dylib   	0x00b15fdc wxEventHashTable::HandleEvent(wxEvent&, wxEvtHandler*) + 236 (event.cpp:990)
20  libwx_baseu-3.0.0.2.0.dylib   	0x00b17e83 wxEvtHandler::TryHereOnly(wxEvent&) + 147 (event.cpp:1581)
21  libwx_baseu-3.0.0.2.0.dylib   	0x00b1943f wxEvtHandler::TryBeforeAndHere(wxEvent&) + 79 (event.h:3671)
22  libwx_baseu-3.0.0.2.0.dylib   	0x00b17c27 wxEvtHandler::ProcessEventLocally(wxEvent&) + 39 (event.cpp:1514)
23  libwx_baseu-3.0.0.2.0.dylib   	0x00b17b98 wxEvtHandler::ProcessEvent(wxEvent&) + 392 (event.cpp:1487)
24  libwx_baseu-3.0.0.2.0.dylib   	0x00b180e4 wxEvtHandler::SafelyProcessEvent(wxEvent&) + 36 (event.cpp:1605)
25  libwx_baseu-3.0.0.2.0.dylib   	0x00a890ca wxTimerImpl::SendEvent() + 58 (timerimpl.cpp:51)
26  libwx_baseu-3.0.0.2.0.dylib   	0x00a8882a wxTimer::Notify() + 202 (timercmn.cpp:107)
27  libwx_osx_cocoau_core-3.0.0.2.0.dylib	0x001c79ca wxTimerImpl::Notify() + 26 (timer.h:47)
28  libwx_osx_cocoau_core-3.0.0.2.0.dylib	0x001c717a wxProcessTimer(__CFRunLoopTimer*, void*) + 90 (timer.cpp:39)
29  com.apple.CoreFoundation      	0x93ec0ea6 __CFRUNLOOP_IS_CALLING_OUT_TO_A_TIMER_CALLBACK_FUNCTION__ + 22
30  com.apple.CoreFoundation      	0x93ec0863 __CFRunLoopDoTimer + 1395
31  com.apple.CoreFoundation      	0x93f3b06d __CFRunLoopDoTimers + 349
32  com.apple.CoreFoundation      	0x93e78353 __CFRunLoopRun + 1779
33  com.apple.CoreFoundation      	0x93e779ea CFRunLoopRunSpecific + 394
34  com.apple.CoreFoundation      	0x93e7784b CFRunLoopRunInMode + 123
35  com.apple.HIToolbox           	0x9322bb5d RunCurrentEventLoopInMode + 259
36  com.apple.HIToolbox           	0x9322b8e2 ReceiveNextEventCommon + 526
37  com.apple.HIToolbox           	0x9322b6bd _BlockUntilNextEventMatchingListInModeWithFilter + 92
38  com.apple.AppKit              	0x99c69349 _DPSNextEvent + 1602
39  com.apple.AppKit              	0x99c68870 -[NSApplication nextEventMatchingMask:untilDate:inMode:dequeue:] + 119
40  com.apple.AppKit              	0x99c5b15c -[NSApplication run] + 727
41  libwx_osx_cocoau_core-3.0.0.2.0.dylib	0x00285b78 wxGUIEventLoop::OSXDoRun() + 184 (evtloop.mm:300)
42  libwx_baseu-3.0.0.2.0.dylib   	0x00adf981 wxCFEventLoop::DoRun() + 33 (evtloop_cf.cpp:340)
43  libwx_baseu-3.0.0.2.0.dylib   	0x009dcfb3 wxEventLoopBase::Run() + 291 (evtloopcmn.cpp:78)
44  libwx_baseu-3.0.0.2.0.dylib   	0x00985619 wxAppConsoleBase::MainLoop() + 185 (appbase.cpp:334)
45  libwx_baseu-3.0.0.2.0.dylib   	0x0098513a wxAppConsoleBase::OnRun() + 26 (appbase.cpp:259)
46  libwx_osx_cocoau_core-3.0.0.2.0.dylib	0x002c12ba wxAppBase::OnRun() + 58 (appcmn.cpp:304)
47  libwx_osx_cocoau_core-3.0.0.2.0.dylib	0x00200857 wxApp::OnRun() + 39 (app.cpp:915)
48  libwx_baseu-3.0.0.2.0.dylib   	0x00a25926 wxEntry(int&, wchar_t**) + 294 (init.cpp:495)
49  libwx_baseu-3.0.0.2.0.dylib   	0x00a25ab0 wxEntry(int&, char**) + 80 (init.cpp:507)
50  org.wxwindows..               	0x000e8a6b main + 43 (.text.cpp:396)
51  org.wxwindows..               	0x000e8a35 start + 53

Thread 1:: Dispatch queue: com.apple.libdispatch-manager
0   libsystem_kernel.dylib        	0x97a6c992 kevent64 + 10
1   libdispatch.dylib             	0x94fd5899 _dispatch_mgr_invoke + 238
2   libdispatch.dylib             	0x94fd5532 _dispatch_mgr_thread + 52

Thread 2:
0   libsystem_kernel.dylib        	0x97a6c046 __workq_kernreturn + 10
1   libsystem_pthread.dylib       	0x92f49dcf _pthread_wqthread + 372
2   libsystem_pthread.dylib       	0x92f4dcce start_wqthread + 30

Thread 3:
0   libsystem_kernel.dylib        	0x97a6c046 __workq_kernreturn + 10
1   libsystem_pthread.dylib       	0x92f49dcf _pthread_wqthread + 372
2   libsystem_pthread.dylib       	0x92f4dcce start_wqthread + 30

Thread 4:
0   libsystem_kernel.dylib        	0x97a6c046 __workq_kernreturn + 10
1   libsystem_pthread.dylib       	0x92f49dcf _pthread_wqthread + 372
2   libsystem_pthread.dylib       	0x92f4dcce start_wqthread + 30

Thread 5:
0   libsystem_kernel.dylib        	0x97a6c046 __workq_kernreturn + 10
1   libsystem_pthread.dylib       	0x92f49dcf _pthread_wqthread + 372
2   libsystem_pthread.dylib       	0x92f4dcce start_wqthread + 30

Thread 6:
0   libsystem_kernel.dylib        	0x97a66f7a mach_msg_trap + 10
1   libsystem_kernel.dylib        	0x97a6616c mach_msg + 68
2   com.apple.CoreFoundation      	0x93e78bf9 __CFRunLoopServiceMachPort + 169
3   com.apple.CoreFoundation      	0x93e781d1 __CFRunLoopRun + 1393
4   com.apple.CoreFoundation      	0x93e779ea CFRunLoopRunSpecific + 394
5   com.apple.CoreFoundation      	0x93e7784b CFRunLoopRunInMode + 123
6   com.apple.AppKit              	0x99e12b88 _NSEventThread + 283
7   libsystem_pthread.dylib       	0x92f485fb _pthread_body + 144
8   libsystem_pthread.dylib       	0x92f48485 _pthread_start + 130
9   libsystem_pthread.dylib       	0x92f4dcf2 thread_start + 34

Thread 7 Crashed:: com.apple.appkit-heartbeat
0   com.apple.AppKit              	0x99d40c6c _NSLayoutTreeMoveToGlyphIndex + 87
1   com.apple.AppKit              	0x99d40a59 _NSLayoutTreeLineFragmentRectForGlyphAtIndex + 30
2   com.apple.AppKit              	0x99e3ce28 -[NSLayoutManager(NSPrivate) _firstPassGlyphRangeForBoundingRect:inTextContainer:okToFillHoles:] + 537
3   com.apple.AppKit              	0x99e3bf57 -[NSLayoutManager(NSPrivate) _glyphRangeForBoundingRect:inTextContainer:fast:okToFillHoles:] + 593
4   com.apple.AppKit              	0x99e3bd00 -[NSLayoutManager glyphRangeForBoundingRect:inTextContainer:] + 86
5   com.apple.AppKit              	0x99e507c3 -[NSTextView drawRect:] + 1636
6   libwx_osx_cocoau_core-3.0.0.2.0.dylib	0x002b2892 wxOSX_drawRect(NSView*, objc_selector*, _NSRect) + 610 (window.mm:1105)
7   com.apple.AppKit              	0x99efd4b6 -[NSTextView _drawRect:clip:] + 2060
8   com.apple.AppKit              	0x99fe684f -[NSView _lightWeightRecursiveDisplayInRect:] + 582
9   com.apple.AppKit              	0x99fe6a14 -[NSView _lightWeightRecursiveDisplayInRect:] + 1035
10  com.apple.AppKit              	0x99fe6a14 -[NSView _lightWeightRecursiveDisplayInRect:] + 1035
11  com.apple.AppKit              	0x99fe6a14 -[NSView _lightWeightRecursiveDisplayInRect:] + 1035
12  com.apple.AppKit              	0x99fe6a14 -[NSView _lightWeightRecursiveDisplayInRect:] + 1035
13  com.apple.AppKit              	0x99fe6a14 -[NSView _lightWeightRecursiveDisplayInRect:] + 1035
14  com.apple.AppKit              	0x99fe0d5c -[NSButtonCell(NSDefaultButtonIndicatorPrivate) heartBeat:] + 2883
15  com.apple.AppKit              	0x99fe020d -[NSControl heartBeat:] + 43
16  com.apple.AppKit              	0x99fe01bb -[NSWindow(NSWindow_Theme) heartBeat:] + 275
17  com.apple.AppKit              	0x99edd444 -[NSUIHeartBeat _heartBeatThread:] + 774
18  com.apple.Foundation          	0x9997ff0e -[NSThread main] + 45
19  com.apple.Foundation          	0x9997fe66 __NSThread__main__ + 1426
20  libsystem_pthread.dylib       	0x92f485fb _pthread_body + 144
21  libsystem_pthread.dylib       	0x92f48485 _pthread_start + 130
22  libsystem_pthread.dylib       	0x92f4dcf2 thread_start + 34

Thread 7 crashed with X86 Thread State (32-bit):
  eax: 0x7c1ccfd0  ebx: 0x00000000  ecx: 0x7ae63be0  edx: 0x00000007
  edi: 0x00000001  esi: 0x00000007  ebp: 0xb031bf68  esp: 0xb031bf50
   ss: 0x00000023  efl: 0x00010297  eip: 0x99d40c6c   cs: 0x0000001b
   ds: 0x00000023   es: 0x00000023   fs: 0x00000023   gs: 0x0000000f
  cr2: 0x00000010
  
Logical CPU:     0
Error Code:      0x00000004
Trap Number:     14


Binary Images:
   0xe7000 -   0x12afff +org.wxwindows.. (3.0.2 - 3.0.2) <91B0CD41-77F9-3A36-819C-12AE68502C90> /Users/USER/*/text.app/Contents/MacOS/text
  0x171000 -   0x5e8ff7 +libwx_osx_cocoau_core-3.0.0.2.0.dylib (3) <6CF1F400-03F4-364D-8724-0F5524838E8A> /Users/USER/*/libwx_osx_cocoau_core-3.0.0.2.0.dylib
  0x978000 -   0xbeeffb +libwx_baseu-3.0.0.2.0.dylib (3) <688F1F36-8C89-3358-AEAE-D549E92F3B0B> /Users/USER/*/libwx_baseu-3.0.0.2.0.dylib
0x8fed6000 - 0x8ff08417  dyld (239.4) <FF5ED937-CC28-3FEF-BCAF-750B1CDBAE36> /usr/lib/dyld
0x90008000 - 0x90050fff  com.apple.PerformanceAnalysis (1.47 - 47) <5C6FA727-EAC9-3924-8662-AF01090A9EF4> /System/Library/PrivateFrameworks/PerformanceAnalysis.framework/Versions/A/PerformanceAnalysis
0x90051000 - 0x901c4ffb  com.apple.audio.toolbox.AudioToolbox (1.10 - 1.10) <4248C0FE-F872-34AB-9402-0045D5CD0CC1> /System/Library/Frameworks/AudioToolbox.framework/Versions/A/AudioToolbox
0x901c5000 - 0x901d2fff  com.apple.Librarian (1.2 - 1) <F85681E3-3398-327B-829B-1D8078C38C22> /System/Library/PrivateFrameworks/Librarian.framework/Versions/A/Librarian
0x901d3000 - 0x9037ffff  com.apple.QuartzCore (1.8 - 332.3) <DA347693-5E26-3E47-A2B3-3824C52EB08B> /System/Library/Frameworks/QuartzCore.framework/Versions/A/QuartzCore
0x9070a000 - 0x9073bffb  com.apple.GSS (4.0 - 2.0) <145B389F-AC1E-3817-835D-8EA263E96EA5> /System/Library/Frameworks/GSS.framework/Versions/A/GSS
0x9073c000 - 0x90754ff7  com.apple.CFOpenDirectory (10.9 - 173.90.1) <184471C6-C810-3346-B7C7-D86E695D0FA1> /System/Library/Frameworks/OpenDirectory.framework/Versions/A/Frameworks/CFOpenDirectory.framework/Versions/A/CFOpenDirectory
0x90755000 - 0x90781ff7  com.apple.DictionaryServices (1.2 - 208) <33873336-BECD-3F62-A315-C45F24C1818C> /System/Library/Frameworks/CoreServices.framework/Versions/A/Frameworks/DictionaryServices.framework/Versions/A/DictionaryServices
0x90782000 - 0x907d2fff  com.apple.opencl (2.3.59 - 2.3.59) <9A8EF83B-78F9-3278-8812-5A0ECB09F8B7> /System/Library/Frameworks/OpenCL.framework/Versions/A/OpenCL
0x907d9000 - 0x907ddffa  libGIF.dylib (1043) <276F48A6-766B-3D40-85C4-C9E8E6051DF7> /System/Library/Frameworks/ImageIO.framework/Versions/A/Resources/libGIF.dylib
0x907de000 - 0x9080cff3  com.apple.DebugSymbols (106 - 106) <FC70F4C9-B2A6-352F-9563-6C085E9DDDB8> /System/Library/PrivateFrameworks/DebugSymbols.framework/Versions/A/DebugSymbols
0x9080d000 - 0x90819ffc  libbz2.1.0.dylib (29) <3CEF1E92-BA42-3F8A-8E8D-9E1F7658E5C7> /usr/lib/libbz2.1.0.dylib
0x9081a000 - 0x90829fff  libGL.dylib (9.6.1) <885E9C1F-11C7-347D-BE10-522A40A46596> /System/Library/Frameworks/OpenGL.framework/Versions/A/Libraries/libGL.dylib
0x9082a000 - 0x9082afff  com.apple.CoreServices (59 - 59) <06747539-5035-3307-8645-9BC4E7F89023> /System/Library/Frameworks/CoreServices.framework/Versions/A/CoreServices
0x908d8000 - 0x908fcff3  libc++abi.dylib (49.1) <43A04ACF-97A5-35ED-B454-6B5C0CF0F99D> /usr/lib/libc++abi.dylib
0x908fd000 - 0x90907ff7  com.apple.speech.synthesis.framework (4.7.1 - 4.7.1) <C4CC55E5-6CC4-307E-9499-AF89A6463AF4> /System/Library/Frameworks/ApplicationServices.framework/Versions/A/Frameworks/SpeechSynthesis.framework/Versions/A/SpeechSynthesis
0x90908000 - 0x9090afff  libsystem_configuration.dylib (596.15) <E49AAD29-35C2-3EE2-AF4D-59514C4B478F> /usr/lib/system/libsystem_configuration.dylib
0x909ac000 - 0x909bcff5  com.apple.LangAnalysis (1.7.0 - 1.7.0) <71DE7754-0A47-3F35-B1BF-B1FE7E1311E0> /System/Library/Frameworks/ApplicationServices.framework/Versions/A/Frameworks/LangAnalysis.framework/Versions/A/LangAnalysis
0x909bd000 - 0x90af4fff  com.apple.desktopservices (1.8.3 - 1.8.3) <3574872B-435C-3AB8-A453-02A33A771CDB> /System/Library/PrivateFrameworks/DesktopServicesPriv.framework/Versions/A/DesktopServicesPriv
0x90afc000 - 0x90b04fff  libcopyfile.dylib (103.92.1) <9B62DDFE-FEFD-31CA-989F-9BE0AB606C49> /usr/lib/system/libcopyfile.dylib
0x90bf6000 - 0x90d03ff7  com.apple.ImageIO.framework (3.3.0 - 1043) <3AA4C524-1B31-39AC-A641-189D0D6EA427> /System/Library/Frameworks/ImageIO.framework/Versions/A/ImageIO
0x90de3000 - 0x90ee1fff  libJP2.dylib (1043) <7B186EC7-B37E-3126-BCCE-7787F65C878D> /System/Library/Frameworks/ImageIO.framework/Versions/A/Resources/libJP2.dylib
0x91132000 - 0x914f7ff6  libLAPACK.dylib (1094.5) <E6286E68-3501-31AC-813E-75B3B3968011> /System/Library/Frameworks/Accelerate.framework/Versions/A/Frameworks/vecLib.framework/Versions/A/libLAPACK.dylib
0x914f8000 - 0x91513ff5  com.apple.openscripting (1.4 - 157) <5C161A52-8D2F-3D56-A988-05727BED7A59> /System/Library/Frameworks/Carbon.framework/Versions/A/Frameworks/OpenScripting.framework/Versions/A/OpenScripting
0x91514000 - 0x91783ff2  com.apple.security (7.0 - 55471.14.8) <8AF3BEF0-0EF9-32CD-A316-F9C6325E3491> /System/Library/Frameworks/Security.framework/Versions/A/Security
0x91bdd000 - 0x91be6fff  com.apple.speech.recognition.framework (4.2.4 - 4.2.4) <CF8E5706-F744-3139-8A51-D52BF055D19F> /System/Library/Frameworks/Carbon.framework/Versions/A/Frameworks/SpeechRecognition.framework/Versions/A/SpeechRecognition
0x91beb000 - 0x91c03ff7  libsystem_malloc.dylib (23.10.1) <CB52555E-0F5B-31E3-A42A-FD4F930E2192> /usr/lib/system/libsystem_malloc.dylib
0x91c53000 - 0x91ca2ff9  com.apple.HIServices (1.23 - 468) <B0534B49-A137-363A-9FC2-44FAA6F0894F> /System/Library/Frameworks/ApplicationServices.framework/Versions/A/Frameworks/HIServices.framework/Versions/A/HIServices
0x91ca3000 - 0x91ca6ff7  com.apple.help (1.3.3 - 46) <AB6292FA-D3BC-3D56-B3A5-2BE630A503E7> /System/Library/Frameworks/Carbon.framework/Versions/A/Frameworks/Help.framework/Versions/A/Help
0x91ca7000 - 0x91cb0fff  libsystem_notify.dylib (121) <623269F5-1518-3035-A916-8AF83C972154> /usr/lib/system/libsystem_notify.dylib
0x91cec000 - 0x91d1cff7  com.apple.CoreServicesInternal (184.9 - 184.9) <999FEDEC-7657-3F32-A9AE-F29E0BE0AAF5> /System/Library/PrivateFrameworks/CoreServicesInternal.framework/Versions/A/CoreServicesInternal
0x924df000 - 0x9251cff7  libauto.dylib (185.5) <CD008E66-4A0C-35F5-8D72-80D76A716A03> /usr/lib/libauto.dylib
0x9251d000 - 0x92951ff7  com.apple.vision.FaceCore (3.0.0 - 3.0.0) <5B12F3E9-84F6-3183-B85D-FD19EF800ADB> /System/Library/PrivateFrameworks/FaceCore.framework/Versions/A/FaceCore
0x92952000 - 0x92a20ff7  com.apple.backup.framework (1.5.4 - 1.5.4) <C09AF796-385F-34DB-B551-68967989E9CB> /System/Library/PrivateFrameworks/Backup.framework/Versions/A/Backup
0x92a66000 - 0x92b4cff7  com.apple.coreui (2.1 - 231) <1C1AE894-C5C2-3F1C-BF29-B152ECD9BD88> /System/Library/PrivateFrameworks/CoreUI.framework/Versions/A/CoreUI
0x92b56000 - 0x92cfe4af  libobjc.A.dylib (551.1) <31CBE178-E972-30D1-ADC6-4B8345CAE326> /usr/lib/libobjc.A.dylib
0x92eca000 - 0x92ed2ff7  libCGCMS.A.dylib (599.25.10.1) <0F42B4AF-CAC2-3433-B33F-3AF2C4FFFEDA> /System/Library/Frameworks/CoreGraphics.framework/Versions/A/Resources/libCGCMS.A.dylib
0x92ed3000 - 0x92f46fff  com.apple.SearchKit (1.4.0 - 1.4.0) <6F607AB6-7553-37BA-BEC5-98FD7C27FAD7> /System/Library/Frameworks/CoreServices.framework/Versions/A/Frameworks/SearchKit.framework/Versions/A/SearchKit
0x92f47000 - 0x92f4effb  libsystem_pthread.dylib (53.1.4) <8B1B7B84-1B5D-32A8-AC0D-1E689E5C8A4C> /usr/lib/system/libsystem_pthread.dylib
0x92fa1000 - 0x92facff6  com.apple.NetAuth (5.0 - 5.0) <3B2E9615-EE12-38FC-BDCF-09529FF9464B> /System/Library/PrivateFrameworks/NetAuth.framework/Versions/A/NetAuth
0x92fdf000 - 0x92fdffff  com.apple.Cocoa (6.8 - 20) <407DC9E6-BBCE-3D34-9BBB-00C90584FFDF> /System/Library/Frameworks/Cocoa.framework/Versions/A/Cocoa
0x9315f000 - 0x9319dff7  com.apple.NavigationServices (3.8 - 215) <A093AAF0-248E-313E-BA82-01F69E269895> /System/Library/Frameworks/Carbon.framework/Versions/A/Frameworks/NavigationServices.framework/Versions/A/NavigationServices
0x931f3000 - 0x931ffffc  libkxld.dylib (2422.110.17) <FBC1725B-74D4-3DFC-954E-0628948C0781> /usr/lib/system/libkxld.dylib
0x93200000 - 0x93575ff9  com.apple.HIToolbox (2.1.1 - 698) <FE3938F3-6338-3C5E-AAB3-47B2F5FAC762> /System/Library/Frameworks/Carbon.framework/Versions/A/Frameworks/HIToolbox.framework/Versions/A/HIToolbox
0x93576000 - 0x9357ffff  com.apple.DiskArbitration (2.6 - 2.6) <92F7575A-AA20-34D9-BB26-2CC8C3CCAFEB> /System/Library/Frameworks/DiskArbitration.framework/Versions/A/DiskArbitration
0x93580000 - 0x9359aff7  com.apple.GenerationalStorage (2.0 - 160.3) <D39634C9-93BF-3C74-828B-4809EF895DA0> /System/Library/PrivateFrameworks/GenerationalStorage.framework/Versions/A/GenerationalStorage
0x9359b000 - 0x935a9ff7  libz.1.dylib (53) <858B4D9F-D87E-3D81-B07A-DF9632BD185F> /usr/lib/libz.1.dylib
0x935da000 - 0x9366cff9  libsystem_c.dylib (997.90.3) <80D21D3D-1031-314C-B1F0-0B35B977CEFB> /usr/lib/system/libsystem_c.dylib
0x9366d000 - 0x9366dfff  com.apple.Accelerate (1.9 - Accelerate 1.9) <C85070A7-D942-3CFA-981F-5864480788C8> /System/Library/Frameworks/Accelerate.framework/Versions/A/Accelerate
0x9391e000 - 0x9392cff7  com.apple.Sharing (132.2 - 132.2) <87DBFC7A-9689-3B8E-AD16-5A9DFF9DE625> /System/Library/PrivateFrameworks/Sharing.framework/Versions/A/Sharing
0x9393c000 - 0x9396dffa  libsystem_m.dylib (3047.16) <28E614E8-7802-3E84-960A-AD4721EF10F7> /usr/lib/system/libsystem_m.dylib
0x93970000 - 0x93997fff  com.apple.CoreVideo (1.8 - 117.2) <A53FDD90-F200-3F7C-8A8E-5DE36D3DFBB0> /System/Library/Frameworks/CoreVideo.framework/Versions/A/CoreVideo
0x93998000 - 0x939dafff  libGLU.dylib (9.6.1) <0655104D-2F22-36CE-955B-52A533CA70D5> /System/Library/Frameworks/OpenGL.framework/Versions/A/Libraries/libGLU.dylib
0x939e6000 - 0x939e6fff  com.apple.Accelerate.vecLib (3.9 - vecLib 3.9) <DDAC0B59-F886-3AB1-98E8-C71FFF161CD4> /System/Library/Frameworks/Accelerate.framework/Versions/A/Frameworks/vecLib.framework/Versions/A/vecLib
0x939e7000 - 0x93a0bfff  libJPEG.dylib (1043) <257BE460-DFB1-3398-8AC5-A2E50FBED794> /System/Library/Frameworks/ImageIO.framework/Versions/A/Resources/libJPEG.dylib
0x93a0c000 - 0x93a27ff6  libPng.dylib (1043) <AFF54258-8124-31AE-BBAA-575FD7C43EF3> /System/Library/Frameworks/ImageIO.framework/Versions/A/Resources/libPng.dylib
0x93a28000 - 0x93a5efff  com.apple.IconServices (25 - 25.17) <A4B5242B-765E-3D58-B066-BBEDB5947AAD> /System/Library/PrivateFrameworks/IconServices.framework/Versions/A/IconServices
0x93a5f000 - 0x93b22ff1  com.apple.CoreText (367.20 - 367.20) <42445623-3BDD-3678-8B46-845C441B6251> /System/Library/Frameworks/CoreText.framework/Versions/A/CoreText
0x93b23000 - 0x93b25fff  libquarantine.dylib (71) <EE3B510E-1AEC-3171-8A1A-D6A5A42CF35C> /usr/lib/system/libquarantine.dylib
0x93b6a000 - 0x93bcbff7  com.apple.Symbolication (1.4 - 129.0.2) <774BC6EC-450B-3AE8-BBED-F1F140B93E7E> /System/Library/PrivateFrameworks/Symbolication.framework/Versions/A/Symbolication
0x93c69000 - 0x93ca5ff4  com.apple.RemoteViewServices (2.0 - 94) <BEEE6ADF-7DA3-3D68-BCB0-9863BE1A1F46> /System/Library/PrivateFrameworks/RemoteViewServices.framework/Versions/A/RemoteViewServices
0x93ca6000 - 0x93caeffe  libGFXShared.dylib (9.6.1) <632989B3-36C2-302E-8A85-A02125A9C5D6> /System/Library/Frameworks/OpenGL.framework/Versions/A/Libraries/libGFXShared.dylib
0x93caf000 - 0x93d47ff7  com.apple.Metadata (10.7.0 - 800.28) <D8C2153B-6D0F-3B75-97C7-742BDCA430FC> /System/Library/Frameworks/CoreServices.framework/Versions/A/Frameworks/Metadata.framework/Versions/A/Metadata
0x93e02000 - 0x94004fff  com.apple.CoreFoundation (6.9 - 855.17) <E382BBB6-4F41-3959-ADC7-238BE49A2155> /System/Library/Frameworks/CoreFoundation.framework/Versions/A/CoreFoundation
0x94295000 - 0x943a7ffc  libsqlite3.dylib (158) <B3DB0FED-FE4C-314D-8329-CF7708C8AAF4> /usr/lib/libsqlite3.dylib
0x943ab000 - 0x94404ffa  libTIFF.dylib (1043) <C03B34F4-8037-3AF5-AE51-B8B5FC8DB639> /System/Library/Frameworks/ImageIO.framework/Versions/A/Resources/libTIFF.dylib
0x94405000 - 0x94405fff  libkeymgr.dylib (28) <1B097DEA-011E-3B1C-86D5-6C7FAD5C765A> /usr/lib/system/libkeymgr.dylib
0x9475e000 - 0x94762ffe  libCoreVMClient.dylib (58.1) <0EB8FFD7-AFED-3A63-810E-29629831D43D> /System/Library/Frameworks/OpenGL.framework/Versions/A/Libraries/libCoreVMClient.dylib
0x9485d000 - 0x94860ff7  libdyld.dylib (239.4) <B2BD2222-2A51-39B7-BCC5-B8A4F36F900A> /usr/lib/system/libdyld.dylib
0x94b75000 - 0x94b80fff  com.apple.CrashReporterSupport (10.9 - 539) <10FE9B2D-404F-32B8-B3CA-CBA3524B4CFF> /System/Library/PrivateFrameworks/CrashReporterSupport.framework/Versions/A/CrashReporterSupport
0x94e8a000 - 0x94e8fff7  com.apple.print.framework.Print (9.0 - 260) <A6C465F6-C5D1-353A-9F33-19B9CEDBBC2A> /System/Library/Frameworks/Carbon.framework/Versions/A/Frameworks/Print.framework/Versions/A/Print
0x94e97000 - 0x94f2eff7  com.apple.ink.framework (10.9 - 207) <EF00BCCB-B270-3F3D-9424-EF5F4BC23E25> /System/Library/Frameworks/Carbon.framework/Versions/A/Frameworks/Ink.framework/Versions/A/Ink
0x94f2f000 - 0x94f34ff6  libcompiler_rt.dylib (35) <9924DF2E-D80B-3A21-920D-544A4597203F> /usr/lib/system/libcompiler_rt.dylib
0x94f3c000 - 0x94f60ff7  libxpc.dylib (300.90.2) <5ACBBE2C-74EB-3E88-BCBF-C573095318A5> /usr/lib/system/libxpc.dylib
0x94f63000 - 0x94f63ffd  com.apple.audio.units.AudioUnit (1.10 - 1.10) <9515158F-3A33-39CF-AD5A-201C2B121F33> /System/Library/Frameworks/AudioUnit.framework/Versions/A/AudioUnit
0x94f64000 - 0x94f66fff  com.apple.securityhi (9.0 - 55005) <FD6FC95D-CBE2-329F-9ACB-AB3027CAAB6D> /System/Library/Frameworks/Carbon.framework/Versions/A/Frameworks/SecurityHI.framework/Versions/A/SecurityHI
0x94f73000 - 0x94fd1ffd  com.apple.AE (665.5 - 665.5) <54F2F247-160C-3A22-A6E3-5D49655A67AB> /System/Library/Frameworks/CoreServices.framework/Versions/A/Frameworks/AE.framework/Versions/A/AE
0x94fd2000 - 0x94feaffd  libdispatch.dylib (339.92.1) <7E7A88BF-74B3-363B-B534-6F757DF2DDE3> /usr/lib/system/libdispatch.dylib
0x95018000 - 0x95018fff  com.apple.Carbon (154 - 157) <6E680560-FD53-3C00-BDF7-7AFA28747DC8> /System/Library/Frameworks/Carbon.framework/Versions/A/Carbon
0x95019000 - 0x95019fff  com.apple.ApplicationServices (48 - 48) <7967F6FA-2984-3CC3-AD9A-7B9AEC562A2A> /System/Library/Frameworks/ApplicationServices.framework/Versions/A/ApplicationServices
0x950c6000 - 0x95172ffb  libvMisc.dylib (423.32) <43873EFF-FB43-3301-BEE8-F2C3A046D7A6> /System/Library/Frameworks/Accelerate.framework/Versions/A/Frameworks/vecLib.framework/Versions/A/libvMisc.dylib
0x95173000 - 0x95173ffd  libOpenScriptingUtil.dylib (157) <4D06E8ED-D312-34EA-A448-DFF45ADC3CE5> /usr/lib/libOpenScriptingUtil.dylib
0x95174000 - 0x95264ffb  libiconv.2.dylib (41) <848FEBA7-2E3E-3ECB-BD59-007F32468787> /usr/lib/libiconv.2.dylib
0x95265000 - 0x9526cff2  com.apple.NetFS (6.0 - 4.0) <915AA303-C02B-3B0C-8208-D8AAA4350DB4> /System/Library/Frameworks/NetFS.framework/Versions/A/NetFS
0x952d0000 - 0x952dcff7  com.apple.OpenDirectory (10.9 - 173.90.1) <E264995C-298E-3DA4-8AFD-11C941BA5E40> /System/Library/Frameworks/OpenDirectory.framework/Versions/A/OpenDirectory
0x95322000 - 0x95377fff  libc++.1.dylib (120) <10C0A136-64F9-3CC2-9420-013247032120> /usr/lib/libc++.1.dylib
0x95378000 - 0x953e1ffa  com.apple.datadetectorscore (5.0 - 354.5) <CB793FA7-B873-39A9-855F-D86AB0C35298> /System/Library/PrivateFrameworks/DataDetectorsCore.framework/Versions/A/DataDetectorsCore
0x95585000 - 0x955a1fff  libCRFSuite.dylib (34) <FFF76EBA-DF35-3A5F-857F-3F4B1C9F4C77> /usr/lib/libCRFSuite.dylib
0x95682000 - 0x95a7affb  com.apple.CoreGraphics (1.600.0 - 599.25.10.1) <9BCF8082-2CE7-3DE6-A5F2-4C84CAE21BB1> /System/Library/Frameworks/CoreGraphics.framework/Versions/A/CoreGraphics
0x963d6000 - 0x96413ffb  libGLImage.dylib (9.6.1) <E2DADD8A-8A60-3F39-840B-4B7FE7001384> /System/Library/Frameworks/OpenGL.framework/Versions/A/Libraries/libGLImage.dylib
0x96414000 - 0x9643fff7  libsystem_network.dylib (241.3) <71EBA489-386D-3608-ADE6-CB50EBD1AB1B> /usr/lib/system/libsystem_network.dylib
0x96578000 - 0x9657cffc  com.apple.IOSurface (91.1 - 91.1) <70637267-4D54-3EFF-A929-54FC0A8A907A> /System/Library/Frameworks/IOSurface.framework/Versions/A/IOSurface
0x9657d000 - 0x9657efff  libSystem.B.dylib (1197.1.1) <789CF4BE-5A0B-310E-9515-E515EA033D03> /usr/lib/libSystem.B.dylib
0x9657f000 - 0x965d2fff  com.apple.htmlrendering (77 - 1.1.4) <408FA30F-4FE9-3162-9FFD-677E8569C1EA> /System/Library/Frameworks/Carbon.framework/Versions/A/Frameworks/HTMLRendering.framework/Versions/A/HTMLRendering
0x96836000 - 0x9684aff9  com.apple.MultitouchSupport.framework (245.13 - 245.13) <06C2834A-91E9-3DCC-B7D0-9EAC592CE1C5> /System/Library/PrivateFrameworks/MultitouchSupport.framework/Versions/A/MultitouchSupport
0x9684b000 - 0x9689bff7  libcorecrypto.dylib (161.1) <135FD99E-2211-3DF4-825C-C9F816107F0C> /usr/lib/system/libcorecrypto.dylib
0x9689c000 - 0x96b86fd2  com.apple.vImage (7.0 - 7.0) <256972F0-3DBC-3CE1-9EE8-B48243868729> /System/Library/Frameworks/Accelerate.framework/Versions/A/Frameworks/vImage.framework/Versions/A/vImage
0x96bce000 - 0x96c4eff7  com.apple.CoreServices.OSServices (600.4 - 600.4) <382BE89A-9F37-3316-9AB8-DDEA691A80D1> /System/Library/Frameworks/CoreServices.framework/Versions/A/Frameworks/OSServices.framework/Versions/A/OSServices
0x96d25000 - 0x96d2dfff  libsystem_dnssd.dylib (522.92.1) <7E36B79E-6BF4-3462-9A84-C0744D029636> /usr/lib/system/libsystem_dnssd.dylib
0x96d2e000 - 0x96db8ff7  com.apple.CoreSymbolication (3.0.1 - 141.0.5) <A33D0598-8699-39AC-A1DD-37079F423269> /System/Library/PrivateFrameworks/CoreSymbolication.framework/Versions/A/CoreSymbolication
0x96db9000 - 0x96de1fff  libsystem_info.dylib (449.1.3) <BB68E8CC-422F-3121-8C86-D0F766FB696D> /usr/lib/system/libsystem_info.dylib
0x96de2000 - 0x96de4ffb  libRadiance.dylib (1043) <ECD94F60-9AAD-3207-B3BD-9DB559FC5032> /System/Library/Frameworks/ImageIO.framework/Versions/A/Resources/libRadiance.dylib
0x96de5000 - 0x96deeffc  com.apple.CommonAuth (4.0 - 2.0) <99219CEB-D340-3E1F-9C04-FD0FA700BD67> /System/Library/PrivateFrameworks/CommonAuth.framework/Versions/A/CommonAuth
0x96def000 - 0x96df0fff  liblangid.dylib (117) <F18F76C6-7E4B-34AD-AE81-C1C031BF2F7D> /usr/lib/liblangid.dylib
0x96df1000 - 0x96df5ffc  libpam.2.dylib (20) <50623D44-795F-3E28-AA85-23E0E7E2AE0E> /usr/lib/libpam.2.dylib
0x9778c000 - 0x97790fff  com.apple.CommonPanels (1.2.6 - 96) <E7CA63C6-CEE9-3F0A-93A7-C12C653FFB80> /System/Library/Frameworks/Carbon.framework/Versions/A/Frameworks/CommonPanels.framework/Versions/A/CommonPanels
0x97817000 - 0x97834ffb  libresolv.9.dylib (54) <3EC12A7F-6BA1-3976-9F1F-6A4B76303028> /usr/lib/libresolv.9.dylib
0x97835000 - 0x97851ff9  com.apple.Ubiquity (1.3 - 289) <1CEDC83D-7282-3B4D-8CF7-4FE045012391> /System/Library/PrivateFrameworks/Ubiquity.framework/Versions/A/Ubiquity
0x97852000 - 0x97864fff  libbsm.0.dylib (33) <1BE92DB5-0D2F-3BB5-BCC6-8A71EF2A3450> /usr/lib/libbsm.0.dylib
0x97865000 - 0x978c1ffa  com.apple.print.framework.PrintCore (9.0 - 428) <3E248391-2669-328B-B84F-8763FE8E92BB> /System/Library/Frameworks/ApplicationServices.framework/Versions/A/Frameworks/PrintCore.framework/Versions/A/PrintCore
0x978c2000 - 0x9795efff  com.apple.QD (3.50 - 298) <F73FD4D4-17A4-37D6-AC06-7CA5A8BA1212> /System/Library/Frameworks/ApplicationServices.framework/Versions/A/Frameworks/QD.framework/Versions/A/QD
0x9795f000 - 0x97a53fff  libFontParser.dylib (111.1) <D8F9B2A4-41A6-3407-8D80-13A841F97BE5> /System/Library/Frameworks/ApplicationServices.framework/Versions/A/Frameworks/ATS.framework/Versions/A/Resources/libFontParser.dylib
0x97a54000 - 0x97a71ff4  libsystem_kernel.dylib (2422.110.17) <BCE753BB-9F18-30CB-87BC-D960721254C1> /usr/lib/system/libsystem_kernel.dylib
0x97a72000 - 0x97a9dff5  com.apple.ChunkingLibrary (2.0 - 155.1) <50BBBBF8-F30B-39EA-A512-11A47F429F2C> /System/Library/PrivateFrameworks/ChunkingLibrary.framework/Versions/A/ChunkingLibrary
0x98c8c000 - 0x98c96fff  com.apple.bsd.ServiceManagement (2.0 - 2.0) <B84F3916-236A-347B-9C1F-3DE571496737> /System/Library/Frameworks/ServiceManagement.framework/Versions/A/ServiceManagement
0x98c97000 - 0x98cedff6  com.apple.ScalableUserInterface (1.0 - 1) <2C81641B-FA30-32FF-8B3E-3CB9BF53B2D9> /System/Library/Frameworks/QuartzCore.framework/Versions/A/Frameworks/ScalableUserInterface.framework/Versions/A/ScalableUserInterface
0x98cee000 - 0x98e44ff0  libBLAS.dylib (1094.5) <74310C2F-4FDB-3995-A01A-5AFB83010A43> /System/Library/Frameworks/Accelerate.framework/Versions/A/Frameworks/vecLib.framework/Versions/A/libBLAS.dylib
0x98e45000 - 0x98ebbff3  com.apple.securityfoundation (6.0 - 55122.3) <6E1412EF-2E22-3C9D-851C-9534903D926A> /System/Library/Frameworks/SecurityFoundation.framework/Versions/A/SecurityFoundation
0x98ebc000 - 0x98efcff7  com.apple.bom (14.0 - 193.1) <FFF1C8E5-41FF-357B-8681-69B21DCED2E4> /System/Library/PrivateFrameworks/Bom.framework/Versions/A/Bom
0x98efd000 - 0x98f10fff  com.apple.ImageCapture (9.0 - 9.0) <63D5C96F-1893-3F35-ADFB-EE451AFD87E6> /System/Library/Frameworks/Carbon.framework/Versions/A/Frameworks/ImageCapture.framework/Versions/A/ImageCapture
0x98f11000 - 0x98f3bfff  libxslt.1.dylib (13) <249D54AB-1D82-38FE-ABEC-0D575450C73B> /usr/lib/libxslt.1.dylib
0x98f3c000 - 0x98f40ff7  libmacho.dylib (845) <D8E93E59-1F80-3413-B9CF-78B848F6E873> /usr/lib/system/libmacho.dylib
0x98f41000 - 0x98f42fff  libsystem_blocks.dylib (63) <2AC67D5E-ECD4-3644-A53C-9684F9B7AA33> /usr/lib/system/libsystem_blocks.dylib
0x98f43000 - 0x990a5ffb  com.apple.CFNetwork (673.4 - 673.4) <3B6BDE2F-BFA3-3B7E-BC53-7B6B75EB12D3> /System/Library/Frameworks/CFNetwork.framework/Versions/A/CFNetwork
0x990a6000 - 0x9911bff1  com.apple.ApplicationServices.ATS (360 - 363.3) <FD423680-01A1-357A-89A7-33910A87DE65> /System/Library/Frameworks/ApplicationServices.framework/Versions/A/Frameworks/ATS.framework/Versions/A/ATS
0x99183000 - 0x99188ff3  libsystem_platform.dylib (24.90.1) <0613F163-9A7A-3908-B30B-AC1627503933> /usr/lib/system/libsystem_platform.dylib
0x99189000 - 0x993edff7  com.apple.CoreData (107 - 481.3) <8EB45FB9-CF78-36E1-919C-E976AE4C8146> /System/Library/Frameworks/CoreData.framework/Versions/A/CoreData
0x994b5000 - 0x9951efff  com.apple.SystemConfiguration (1.13.1 - 1.13.1) <3AD9C90B-40A9-312B-B479-3AB178A96EA1> /System/Library/Frameworks/SystemConfiguration.framework/Versions/A/SystemConfiguration
0x9951f000 - 0x99596ffb  com.apple.framework.IOKit (2.0.1 - 907.100.13) <D1308EE0-96AA-3442-A27B-264F58AE12B4> /System/Library/Frameworks/IOKit.framework/Versions/A/IOKit
0x99597000 - 0x99628fff  com.apple.ColorSync (4.9.0 - 4.9.0) <8366AE10-0396-3100-B87A-A176E8ECE7B6> /System/Library/Frameworks/ApplicationServices.framework/Versions/A/Frameworks/ColorSync.framework/Versions/A/ColorSync
0x99629000 - 0x9967eff7  com.apple.audio.CoreAudio (4.2.1 - 4.2.1) <CB06B746-9EB1-3972-A798-A139E15F5ACC> /System/Library/Frameworks/CoreAudio.framework/Versions/A/CoreAudio
0x9967f000 - 0x99682ffa  libCGXType.A.dylib (599.25.10.1) <FAA0A87E-0E30-3787-88F0-D0CD8F5661A2> /System/Library/Frameworks/CoreGraphics.framework/Versions/A/Resources/libCGXType.A.dylib
0x99683000 - 0x9969cfff  com.apple.Kerberos (3.0 - 1) <91F17EB2-C70C-359C-B09D-96B52D2A9C9F> /System/Library/Frameworks/Kerberos.framework/Versions/A/Kerberos
0x9990a000 - 0x9990bfff  libDiagnosticMessagesClient.dylib (100) <B936B1D4-90BB-395D-8EA9-E1237608E7D0> /usr/lib/libDiagnosticMessagesClient.dylib
0x9990c000 - 0x99912ffb  libunwind.dylib (35.3) <099D1A6F-A1F0-3D05-BF1C-0A7BB32D39C2> /usr/lib/system/libunwind.dylib
0x99913000 - 0x99c3effe  com.apple.Foundation (6.9 - 1056.13) <C33A8984-7E97-36BE-B842-EE4FE35F53EA> /System/Library/Frameworks/Foundation.framework/Versions/C/Foundation
0x99c3f000 - 0x99c40ffa  libsystem_sandbox.dylib (278.11.1) <DA875837-A5C2-3004-8117-65F378E4BD03> /usr/lib/system/libsystem_sandbox.dylib
0x99c41000 - 0x9a85fff3  com.apple.AppKit (6.9 - 1265.21) <1D31697B-6F33-3239-BACE-5D1361B1F79A> /System/Library/Frameworks/AppKit.framework/Versions/C/AppKit
0x9a860000 - 0x9a8acff7  libcups.2.dylib (372.4) <A11AA954-07E7-3929-84AB-309B0C0DDB5D> /usr/lib/libcups.2.dylib
0x9a914000 - 0x9a918ffa  libcache.dylib (62) <9730D7F2-D226-3F30-8D26-BF598CB781F6> /usr/lib/system/libcache.dylib
0x9a91a000 - 0x9a92cfff  libsystem_asl.dylib (217.1.4) <51EB17C9-9F5B-39F3-B6CD-8EF238B05B89> /usr/lib/system/libsystem_asl.dylib
0x9a92d000 - 0x9a973ff7  libFontRegistry.dylib (127) <A0930DB2-A6C6-3C6E-B4A2-119E0D76FD7D> /System/Library/Frameworks/ApplicationServices.framework/Versions/A/Frameworks/ATS.framework/Versions/A/Resources/libFontRegistry.dylib
0x9a974000 - 0x9a97fffb  libcommonCrypto.dylib (60049) <F8E60C43-22EE-3E0B-9546-3365056901F1> /usr/lib/system/libcommonCrypto.dylib
0x9a980000 - 0x9a988fff  liblaunch.dylib (842.92.1) <C180016C-F2DB-3D8B-A72D-5185CE67DFA2> /usr/lib/system/liblaunch.dylib
0x9acf9000 - 0x9ad64fff  com.apple.Heimdal (4.0 - 2.0) <D6465D74-9351-3FF3-9561-AC149AEDB86F> /System/Library/PrivateFrameworks/Heimdal.framework/Versions/A/Heimdal
0x9ad65000 - 0x9ad72fff  com.apple.AppleFSCompression (56.92.1 - 1.0) <D2E7A2DF-9E5B-35E6-9CCD-0D40ADA7E021> /System/Library/PrivateFrameworks/AppleFSCompression.framework/Versions/A/AppleFSCompression
0x9ade2000 - 0x9ade5ff9  com.apple.TCC (1.0 - 1) <A5FCF7AA-3F56-3A19-9DF1-661F1F02F79D> /System/Library/PrivateFrameworks/TCC.framework/Versions/A/TCC
0x9ade6000 - 0x9ade7fff  libremovefile.dylib (33) <ED35EA79-EB06-3B84-A6D4-B1A9D6B8648D> /usr/lib/system/libremovefile.dylib
0x9ade8000 - 0x9adeaffe  libCVMSPluginSupport.dylib (9.6.1) <C2071F9E-72A1-360C-BF7E-286F9681922F> /System/Library/Frameworks/OpenGL.framework/Versions/A/Libraries/libCVMSPluginSupport.dylib
0x9aded000 - 0x9adf1fff  libheimdal-asn1.dylib (323.92.1) <DD8BAEED-28AC-389E-9DC4-E32DA60CB05A> /usr/lib/libheimdal-asn1.dylib
0x9adf2000 - 0x9afb8ffb  libicucore.A.dylib (511.34) <9588FA53-7801-3A44-8E5A-1365586A4918> /usr/lib/libicucore.A.dylib
0x9afb9000 - 0x9b094ff7  com.apple.LaunchServices (572.28 - 572.28) <2DEA5B87-80AC-3ACD-9F60-4BC61353B66E> /System/Library/Frameworks/CoreServices.framework/Versions/A/Frameworks/LaunchServices.framework/Versions/A/LaunchServices
0x9b095000 - 0x9b181ff7  libxml2.2.dylib (26) <32040145-6FD6-3AD2-B98B-39F73BF9AC47> /usr/lib/libxml2.2.dylib
0x9b28b000 - 0x9b2b3ff7  libRIP.A.dylib (599.25.10.1) <D33121E4-3FA6-3CC3-A36F-1C173A335E7F> /System/Library/Frameworks/CoreGraphics.framework/Versions/A/Resources/libRIP.A.dylib
0x9b2b4000 - 0x9b2bdfff  com.apple.audio.SoundManager (4.1 - 4.1) <68B7CEB7-AF09-3E24-8548-6ABF065B5186> /System/Library/Frameworks/Carbon.framework/Versions/A/Frameworks/CarbonSound.framework/Versions/A/CarbonSound
0x9b2be000 - 0x9b2ccff3  com.apple.opengl (9.6.1 - 9.6.1) <B8205F16-6435-3062-89C9-2D8FF1799B3C> /System/Library/Frameworks/OpenGL.framework/Versions/A/OpenGL
0x9b2ed000 - 0x9b2eeffc  com.apple.TrustEvaluationAgent (2.0 - 25) <064B485D-56E0-3DD7-BBE2-E08A5BFFF8B3> /System/Library/PrivateFrameworks/TrustEvaluationAgent.framework/Versions/A/TrustEvaluationAgent
0x9badd000 - 0x9badeffd  libunc.dylib (28) <22A126A1-DCFB-3BE5-A66B-C973F0A5D839> /usr/lib/system/libunc.dylib
0x9badf000 - 0x9bde0ffb  com.apple.CoreServices.CarbonCore (1077.17 - 1077.17) <02C72D54-E3D3-32B0-A081-E85A7038489D> /System/Library/Frameworks/CoreServices.framework/Versions/A/Frameworks/CarbonCore.framework/Versions/A/CarbonCore
0x9bde1000 - 0x9bdeffff  libxar.1.dylib (202) <B73748D4-F830-3C71-98B3-7A3ABF5136FD> /usr/lib/libxar.1.dylib
0x9bdf0000 - 0x9bec0fef  libvDSP.dylib (423.32) <E2FA7230-A001-3F6B-9ACF-6998C51AD7DC> /System/Library/Frameworks/Accelerate.framework/Versions/A/Frameworks/vecLib.framework/Versions/A/libvDSP.dylib
0x9bed7000 - 0x9c1ccffc  com.apple.CoreImage (9.4.0) <33696A53-9E18-32D6-844F-28098DB7E426> /System/Library/Frameworks/QuartzCore.framework/Versions/A/Frameworks/CoreImage.framework/Versions/A/CoreImage

External Modification Summary:
  Calls made by other processes targeting this process:
    task_for_pid: 1
    thread_create: 0
    thread_set_state: 0
  Calls made by this process:
    task_for_pid: 0
    thread_create: 0
    thread_set_state: 0
  Calls made by all processes on this machine:
    task_for_pid: 29975
    thread_create: 0
    thread_set_state: 451

VM Region Summary:
ReadOnly portion of Libraries: Total=142.5M resident=92.8M(65%) swapped_out_or_unallocated=49.7M(35%)
Writable regions: Total=72.3M written=5992K(8%) resident=9252K(12%) swapped_out=0K(0%) unallocated=63.3M(88%)
 
REGION TYPE                      VIRTUAL
===========                      =======
CG backing stores                  1696K
CG image                             12K
CG raster data                       24K
CG shared images                    212K
Foundation                            4K
Kernel Alloc Once                     4K
MALLOC                             42.8M
MALLOC (admin)                       64K
Memory Tag 242                       12K
Stack                              67.1M
VM_ALLOCATE                        17.4M
__DATA                             13.9M
__IMAGE                             528K
__LINKEDIT                         48.4M
__OBJC                             1792K
__PAGEZERO                            4K
__TEXT                             94.1M
__UNICODE                           544K
mapped file                       172.6M
shared memory                         4K
===========                      =======
TOTAL                             461.1M

Model: Macmini6,1, BootROM MM61.0106.B03, 2 processors, Intel Core i5, 2.5 GHz, 16 GB, SMC 2.7f1
Graphics: Intel HD Graphics 4000, Intel HD Graphics 4000, Built-In
Memory Module: BANK 0/DIMM0, 8 GB, DDR3, 1600 MHz, 0x0198, 0x393955353432382D3035332E4130304C4620
Memory Module: BANK 1/DIMM0, 8 GB, DDR3, 1600 MHz, 0x0198, 0x393955353432382D3035332E4130304C4620
AirPort: spairport_wireless_card_type_airport_extreme (0x14E4, 0x10E), Broadcom BCM43xx 1.0 (5.106.98.100.22)
Bluetooth: Version 4.2.6f1 14216, 3 services, 15 devices, 1 incoming serial ports
Network Service: Ethernet, Ethernet, en0
Serial ATA Device: APPLE HDD HTS545050A7E362, 500,11 GB
USB Device: Hub
USB Device: Hub
USB Device: BRCM20702 Hub
USB Device: Bluetooth USB Host Controller
USB Device: IR Receiver
USB Device: Hub
Thunderbolt Bus: Mac mini, Apple Inc., 23.4

