rocess:         text [70450]
Path:            /Users/USER/*/text.app/Contents/MacOS/text
Identifier:      org.wxwindows..
Version:         3.0.2 (3.0.2)
Code Type:       X86 (Native)
Parent Process:  bash [35017]
Responsible:     Terminal [186]
User ID:         501

Date/Time:       2014-07-13 11:18:46.602 +0200
OS Version:      Mac OS X 10.9.4 (13E28)
Report Version:  11
Anonymous UUID:  E99D7BB1-C00F-96B0-32D7-2DAE1C0755A5

Sleep/Wake UUID: E658CD43-753B-448A-AD5E-695FB1D5934E

Crashed Thread:  5  com.apple.appkit-heartbeat

Exception Type:  EXC_BAD_ACCESS (SIGBUS)
Exception Codes: KERN_PROTECTION_FAILURE at 0x0000000000000155

VM Regions Near 0x155:
--> __PAGEZERO             0000000000000000-0000000000001000 [    4K] ---/--- SM=NUL  /Users/USER/*/text.app/Contents/MacOS/text
    VM_ALLOCATE            0000000000001000-000000000009e000 [  628K] ---/--- SM=NUL  

Thread 0:: Dispatch queue: com.apple.main-thread
0   com.apple.AppKit              	0x99d3dfd9 _NSGlyphTreeGlyphRangeForCharacterRange + 37
1   com.apple.AppKit              	0x99d45d9d -[NSLayoutManager glyphRangeForCharacterRange:actualCharacterRange:] + 121
2   com.apple.AppKit              	0x99e4e2ce -[NSLayoutManager(NSPrivate) _insertionPointHelperForGlyphAtIndex:] + 2580
3   com.apple.AppKit              	0x99e4d548 _insertionPointHelperForCharacterAtIndex + 1005
4   com.apple.AppKit              	0x9a21569d -[NSLayoutManager(NSPrivate) _rectArrayForRange:withinSelectionRange:rangeIsCharRange:singleRectOnly:fullLineRectsOnly:inTextContainer:rectCount:rangeWithinContainer:glyphsDrawOutsideLines:] + 2906
5   com.apple.AppKit              	0x99e4c4a1 -[NSLayoutManager(NSPrivate) _boundingRectForGlyphRange:inTextContainer:fast:fullLineRectsOnly:] + 152
6   com.apple.AppKit              	0x99e4d131 -[NSLayoutManager boundingRectForGlyphRange:inTextContainer:] + 91
7   com.apple.AppKit              	0x99eda379 -[NSTextView(NSPrivate) _scrollRangeToVisible:forceCenter:] + 1800
8   com.apple.AppKit              	0x99ed9c67 -[NSTextView scrollRangeToVisible:] + 55
9   libwx_osx_cocoau_core-3.0.0.2.0.dylib	0x0025a618 wxNSTextViewControl::SetSelection(long, long) + 408 (textctrl.mm:669)
10  libwx_osx_cocoau_core-3.0.0.2.0.dylib	0x0025a656 non-virtual thunk to wxNSTextViewControl::SetSelection(long, long) + 54 (textctrl.mm:669)
11  libwx_osx_cocoau_core-3.0.0.2.0.dylib	0x001a93ae wxTextWidgetImpl::Remove(long, long) + 62 (textctrl_osx.cpp:653)
12  libwx_osx_cocoau_core-3.0.0.2.0.dylib	0x001a5027 wxTextEntry::Remove(long, long) + 279 (textentry_osx.cpp:184)
13  org.wxwindows..               	0x000ac9f5 MyFrame::OnTimer(wxTimerEvent&) + 85 (.text.cpp:1968)
14  libwx_baseu-3.0.0.2.0.dylib   	0x0093e61d wxAppConsoleBase::HandleEvent(wxEvtHandler*, void (wxEvtHandler::*)(wxEvent&), wxEvent&) const + 125 (appbase.cpp:612)
15  libwx_baseu-3.0.0.2.0.dylib   	0x0093e6c8 wxAppConsoleBase::CallEventHandler(wxEvtHandler*, wxEventFunctor&, wxEvent&) const + 152 (appbase.cpp:623)
16  libwx_baseu-3.0.0.2.0.dylib   	0x00ace1e9 wxEvtHandler::ProcessEventIfMatchesId(wxEventTableEntryBase const&, wxEvtHandler*, wxEvent&) + 249 (event.cpp:1385)
17  libwx_baseu-3.0.0.2.0.dylib   	0x00acdfdc wxEventHashTable::HandleEvent(wxEvent&, wxEvtHandler*) + 236 (event.cpp:990)
18  libwx_baseu-3.0.0.2.0.dylib   	0x00acfe83 wxEvtHandler::TryHereOnly(wxEvent&) + 147 (event.cpp:1581)
19  libwx_baseu-3.0.0.2.0.dylib   	0x00ad143f wxEvtHandler::TryBeforeAndHere(wxEvent&) + 79 (event.h:3671)
20  libwx_baseu-3.0.0.2.0.dylib   	0x00acfc27 wxEvtHandler::ProcessEventLocally(wxEvent&) + 39 (event.cpp:1514)
21  libwx_baseu-3.0.0.2.0.dylib   	0x00acfb98 wxEvtHandler::ProcessEvent(wxEvent&) + 392 (event.cpp:1487)
22  libwx_baseu-3.0.0.2.0.dylib   	0x00ad00e4 wxEvtHandler::SafelyProcessEvent(wxEvent&) + 36 (event.cpp:1605)
23  libwx_baseu-3.0.0.2.0.dylib   	0x00a410ca wxTimerImpl::SendEvent() + 58 (timerimpl.cpp:51)
24  libwx_baseu-3.0.0.2.0.dylib   	0x00a4082a wxTimer::Notify() + 202 (timercmn.cpp:107)
25  libwx_osx_cocoau_core-3.0.0.2.0.dylib	0x0017f9ca wxTimerImpl::Notify() + 26 (timer.h:47)
26  libwx_osx_cocoau_core-3.0.0.2.0.dylib	0x0017f17a wxProcessTimer(__CFRunLoopTimer*, void*) + 90 (timer.cpp:39)
27  com.apple.CoreFoundation      	0x93ec0ea6 __CFRUNLOOP_IS_CALLING_OUT_TO_A_TIMER_CALLBACK_FUNCTION__ + 22
28  com.apple.CoreFoundation      	0x93ec0863 __CFRunLoopDoTimer + 1395
29  com.apple.CoreFoundation      	0x93f3b06d __CFRunLoopDoTimers + 349
30  com.apple.CoreFoundation      	0x93e78353 __CFRunLoopRun + 1779
31  com.apple.CoreFoundation      	0x93e779ea CFRunLoopRunSpecific + 394
32  com.apple.CoreFoundation      	0x93e7784b CFRunLoopRunInMode + 123
33  com.apple.HIToolbox           	0x9322bb5d RunCurrentEventLoopInMode + 259
34  com.apple.HIToolbox           	0x9322b777 ReceiveNextEventCommon + 163
35  com.apple.HIToolbox           	0x9322b6bd _BlockUntilNextEventMatchingListInModeWithFilter + 92
36  com.apple.AppKit              	0x99c69349 _DPSNextEvent + 1602
37  com.apple.AppKit              	0x99c68870 -[NSApplication nextEventMatchingMask:untilDate:inMode:dequeue:] + 119
38  com.apple.AppKit              	0x99c5b15c -[NSApplication run] + 727
39  libwx_osx_cocoau_core-3.0.0.2.0.dylib	0x0023db78 wxGUIEventLoop::OSXDoRun() + 184 (evtloop.mm:300)
40  libwx_baseu-3.0.0.2.0.dylib   	0x00a97981 wxCFEventLoop::DoRun() + 33 (evtloop_cf.cpp:340)
41  libwx_baseu-3.0.0.2.0.dylib   	0x00994fb3 wxEventLoopBase::Run() + 291 (evtloopcmn.cpp:78)
42  libwx_baseu-3.0.0.2.0.dylib   	0x0093d619 wxAppConsoleBase::MainLoop() + 185 (appbase.cpp:334)
43  libwx_baseu-3.0.0.2.0.dylib   	0x0093d13a wxAppConsoleBase::OnRun() + 26 (appbase.cpp:259)
44  libwx_osx_cocoau_core-3.0.0.2.0.dylib	0x002792ba wxAppBase::OnRun() + 58 (appcmn.cpp:304)
45  libwx_osx_cocoau_core-3.0.0.2.0.dylib	0x001b8857 wxApp::OnRun() + 39 (app.cpp:915)
46  libwx_baseu-3.0.0.2.0.dylib   	0x009dd926 wxEntry(int&, wchar_t**) + 294 (init.cpp:495)
47  libwx_baseu-3.0.0.2.0.dylib   	0x009ddab0 wxEntry(int&, char**) + 80 (init.cpp:507)
48  org.wxwindows..               	0x0009fa6b main + 43 (.text.cpp:396)
49  org.wxwindows..               	0x0009fa35 start + 53

Thread 1:: Dispatch queue: com.apple.libdispatch-manager
0   libsystem_kernel.dylib        	0x97a6c992 kevent64 + 10
1   libdispatch.dylib             	0x94fd5899 _dispatch_mgr_invoke + 238
2   libdispatch.dylib             	0x94fd5532 _dispatch_mgr_thread + 52

Thread 2:
0   libsystem_kernel.dylib        	0x97a6c046 __workq_kernreturn + 10
1   libsystem_pthread.dylib       	0x92f49dcf _pthread_wqthread + 372
2   libsystem_pthread.dylib       	0x92f4dcce start_wqthread + 30

Thread 3:
0   libsystem_kernel.dylib        	0x97a6c046 __workq_kernreturn + 10
1   libsystem_pthread.dylib       	0x92f49dcf _pthread_wqthread + 372
2   libsystem_pthread.dylib       	0x92f4dcce start_wqthread + 30

Thread 4:
0   libsystem_kernel.dylib        	0x97a66f7a mach_msg_trap + 10
1   libsystem_kernel.dylib        	0x97a6616c mach_msg + 68
2   com.apple.CoreFoundation      	0x93e78bf9 __CFRunLoopServiceMachPort + 169
3   com.apple.CoreFoundation      	0x93e781d1 __CFRunLoopRun + 1393
4   com.apple.CoreFoundation      	0x93e779ea CFRunLoopRunSpecific + 394
5   com.apple.CoreFoundation      	0x93e7784b CFRunLoopRunInMode + 123
6   com.apple.AppKit              	0x99e12b88 _NSEventThread + 283
7   libsystem_pthread.dylib       	0x92f485fb _pthread_body + 144
8   libsystem_pthread.dylib       	0x92f48485 _pthread_start + 130
9   libsystem_pthread.dylib       	0x92f4dcf2 thread_start + 34

Thread 5 Crashed:: com.apple.appkit-heartbeat
0   com.apple.AppKit              	0x99df1a0c _NSGlyphTreeGetPackedGlyphsInRange + 264
1   com.apple.AppKit              	0x99dee1a2 -[NSLayoutManager(NSPrivate) _drawGlyphsForGlyphRange:atPoint:] + 9238
2   com.apple.AppKit              	0x99debd85 -[NSLayoutManager(NSTextViewSupport) drawGlyphsForGlyphRange:atPoint:] + 129
3   com.apple.AppKit              	0x99e509b7 -[NSTextView drawRect:] + 2136
4   libwx_osx_cocoau_core-3.0.0.2.0.dylib	0x0026a892 wxOSX_drawRect(NSView*, objc_selector*, _NSRect) + 610 (window.mm:1105)
5   com.apple.AppKit              	0x99efd4b6 -[NSTextView _drawRect:clip:] + 2060
6   com.apple.AppKit              	0x99fe684f -[NSView _lightWeightRecursiveDisplayInRect:] + 582
7   com.apple.AppKit              	0x99fe6a14 -[NSView _lightWeightRecursiveDisplayInRect:] + 1035
8   com.apple.AppKit              	0x99fe6a14 -[NSView _lightWeightRecursiveDisplayInRect:] + 1035
9   com.apple.AppKit              	0x99fe6a14 -[NSView _lightWeightRecursiveDisplayInRect:] + 1035
10  com.apple.AppKit              	0x99fe6a14 -[NSView _lightWeightRecursiveDisplayInRect:] + 1035
11  com.apple.AppKit              	0x99fe6a14 -[NSView _lightWeightRecursiveDisplayInRect:] + 1035
12  com.apple.AppKit              	0x99fe0d5c -[NSButtonCell(NSDefaultButtonIndicatorPrivate) heartBeat:] + 2883
13  com.apple.AppKit              	0x99fe020d -[NSControl heartBeat:] + 43
14  com.apple.AppKit              	0x99fe01bb -[NSWindow(NSWindow_Theme) heartBeat:] + 275
15  com.apple.AppKit              	0x99edd444 -[NSUIHeartBeat _heartBeatThread:] + 774
16  com.apple.Foundation          	0x9997ff0e -[NSThread main] + 45
17  com.apple.Foundation          	0x9997fe66 __NSThread__main__ + 1426
18  libsystem_pthread.dylib       	0x92f485fb _pthread_body + 144
19  libsystem_pthread.dylib       	0x92f48485 _pthread_start + 130
20  libsystem_pthread.dylib       	0x92f4dcf2 thread_start + 34

Thread 6:
0   libsystem_kernel.dylib        	0x97a6c046 __workq_kernreturn + 10
1   libsystem_pthread.dylib       	0x92f49dcf _pthread_wqthread + 372
2   libsystem_pthread.dylib       	0x92f4dcce start_wqthread + 30

Thread 5 crashed with X86 Thread State (32-bit):
  eax: 0x00000155  ebx: 0x99df1912  ecx: 0x7b783390  edx: 0x00000000
  edi: 0x99df1a0c  esi: 0x00000000  ebp: 0xb02981c8  esp: 0xb0298190
   ss: 0x00000023  efl: 0x00010286  eip: 0x99df1a0c   cs: 0x0000001b
   ds: 0x00000023   es: 0x00000023   fs: 0x00000023   gs: 0x0000000f
  cr2: 0x00000155
  
Logical CPU:     2
Error Code:      0x00000004
Trap Number:     14


