Program received signal SIGSEGV, Segmentation fault.
wl_proxy_create (factory=0x0, interface=0x7ffff1b021a0 <wl_buffer_interface>)
    at wayland-client.c:221
221		struct wl_display *display = factory->display;
#0  wl_proxy_create (factory=0x0, 
    interface=0x7ffff1b021a0 <wl_buffer_interface>) at wayland-client.c:221
        proxy = <optimized out>
        display = <optimized out>
#1  0x00007ffff66364e3 in wl_shm_pool_create_buffer (stride=0, height=0, 
    width=0, wl_shm_pool=<optimized out>, offset=<optimized out>, 
    format=<optimized out>)
    at /home/tux/BugEnv/include/wayland-client-protocol.h:423
        id = <optimized out>
#2  gdk_wayland_create_cairo_surface (height=0, width=0, display=0x69e030)
    at gdkwindow-wayland.c:613
        data = 0xa205c0
        surface = 0x0
        status = <optimized out>
        stride = 0
#3  gdk_wayland_window_ensure_cairo_surface (window=window@entry=0x6a1020)
    at gdkwindow-wayland.c:646
        display_wayland = 0x69e030
        impl = 0x6a3020
#4  0x00007ffff6636831 in gdk_wayland_window_ref_cairo_surface (
    window=0x6a1020) at gdkwindow-wayland.c:663
        impl = 0x6a3020
#5  0x00007ffff661f541 in gdk_window_ref_impl_surface (window=0x6a1020)
    at gdkwindow.c:2816
No locals.
#6  gdk_window_create_cairo_surface (height=0, width=0, window=0x6a1020)
    at gdkwindow.c:3721
        subsurface = <optimized out>
#7  _gdk_window_ref_cairo_surface (window=window@entry=0x6a1020)
    at gdkwindow.c:3757
        surface = <optimized out>
        __PRETTY_FUNCTION__ = "_gdk_window_ref_cairo_surface"
#8  0x00007ffff661f638 in gdk_cairo_create (window=0x6a1020)
    at gdkwindow.c:3800
        surface = <optimized out>
        cr = <optimized out>
        __PRETTY_FUNCTION__ = "gdk_cairo_create"
#9  0x00007ffff78b7362 in wxCairoContext::wxCairoContext (this=0xa14390, 
    renderer=0x7ffff7dd49a0 <gs_cairoGraphicsRenderer>, window=0x6a1020)
    at ../Devel/wxWidgets/src/generic/graphicc.cpp:1813
No locals.
#10 0x00007ffff78b90eb in wxCairoRenderer::CreateContextFromNativeWindow (
    this=0x7ffff7dd49a0 <gs_cairoGraphicsRenderer>, window=0x6a1020)
    at ../Devel/wxWidgets/src/generic/graphicc.cpp:2459
No locals.
#11 0x00007ffff78b9197 in wxCairoRenderer::CreateMeasuringContext (
    this=0x7ffff7dd49a0 <gs_cairoGraphicsRenderer>)
    at ../Devel/wxWidgets/src/generic/graphicc.cpp:2477
No locals.
#12 0x00007ffff78d25d8 in wxGraphicsContext::Create ()
    at ../Devel/wxWidgets/src/common/graphcmn.cpp:926
No locals.
#13 0x00007ffff779e04b in wxClientDCImpl::wxClientDCImpl (this=0x9f2c70, 
    owner=0x7fffffffd760, window=0x750c30)
    at ../Devel/wxWidgets/src/gtk/dc.cpp:267
        widget = 0x6e72e0
        gdkWindow = 0x0
#14 0x00007ffff787e683 in wxNativeDCFactory::CreateClientDC (this=0xa261c0, 
    owner=0x7fffffffd760, window=0x750c30)
    at ../Devel/wxWidgets/src/common/dcbase.cpp:143
        impl = 0x7ffff787e563 <wxDCFactory::Get()+45>
#15 0x00007ffff787e9b2 in wxClientDC::wxClientDC (this=0x7fffffffd760, 
    win=0x750c30) at ../Devel/wxWidgets/src/common/dcbase.cpp:211
No locals.
#16 0x0000000000415f40 in MyCanvas::SetFontSize (this=0x750c30, fontSize=12)
    at ../../../Devel/wxWidgets/samples/caret/caret.cpp:344
        dc = {<wxWindowDC> = {<wxDC> = {<wxObject> = {
                _vptr.wxObject = 0x29312c3535322c35, static ms_classInfo = {
                  m_className = 0x7ffff71e3e60 L"wxObject", m_objectSize = 16, 
                  m_objectConstructor = 0x0, m_baseInfo1 = 0x0, 
                  m_baseInfo2 = 0x0, static sm_first = 0x0, 
                  m_next = 0x7ffff74a9500 <wxMemoryOutputStream::ms_classInfo>, static sm_classTable = 0x63e770}, m_refData = 0x626772286f742c29}, 
              m_pimpl = 0x35322c3535322861, static ms_classInfo = {
                m_className = 0x7ffff7a1fc54 L"wxDC", m_objectSize = 24, 
                m_objectConstructor = 0x0, 
                m_baseInfo1 = 0x7ffff74a9580 <wxObject::ms_classInfo>, 
                m_baseInfo2 = 0x0, static sm_first = 0x0, 
                m_next = 0x7ffff7dd34a0 <wxDCImpl::ms_classInfo>, 
                static sm_classTable = 0x63e770}}, static ms_classInfo = {
              m_className = 0x7ffff7a1fb18 L"wxWindowDC", m_objectSize = 24, 
              m_objectConstructor = 0x0, 
              m_baseInfo1 = 0x7ffff7dd34e0 <wxDC::ms_classInfo>, 
              m_baseInfo2 = 0x0, static sm_first = 0x0, 
              m_next = 0x7ffff7dd32e0 <wxDCFactoryCleanupModule::ms_classInfo>, static sm_classTable = 0x63e770}}, static ms_classInfo = {
            m_className = 0x7ffff7a1fb48 L"wxClientDC", m_objectSize = 24, 
            m_objectConstructor = 0x0, 
            m_baseInfo1 = 0x7ffff7dd3320 <wxWindowDC::ms_classInfo>, 
            m_baseInfo2 = 0x0, static sm_first = 0x0, 
            m_next = 0x7ffff7dd3320 <wxWindowDC::ms_classInfo>, 
            static sm_classTable = 0x63e770}}
        caret = 
    0x7ffff77c4c30 <wxWindow::SetBackgroundColour(wxColour const&)+82>
#17 0x0000000000415c3a in MyCanvas::MyCanvas (this=0x750c30, parent=0x68db00)
    at ../../../Devel/wxWidgets/samples/caret/caret.cpp:315
No locals.
#18 0x0000000000415400 in MyFrame::MyFrame (this=0x68db00, title=..., pos=..., 
    size=...) at ../../../Devel/wxWidgets/samples/caret/caret.cpp:230
        menuFile = 0x6eda40
        menuBar = 0x74ef00
#19 0x0000000000414fbd in MyApp::OnInit (this=0x671dc0)
    at ../../../Devel/wxWidgets/samples/caret/caret.cpp:191
        frame = 0x0
#20 0x00000000004196eb in wxAppConsoleBase::CallOnInit (this=0x671dc0)
    at ../../../Devel/wxWidgets/include/wx/app.h:94
No locals.
#21 0x00007ffff70f5b71 in wxEntry (argc=@0x7ffff74a8070: 1, argv=0x65f610)
    at ../Devel/wxWidgets/src/common/init.cpp:477
        callOnExit = {<No data fields>}
        initializer = {m_ok = true}
#22 0x00007ffff70f5c68 in wxEntry (argc=@0x7fffffffdc8c: 1, 
    argv=0x7fffffffdd78) at ../Devel/wxWidgets/src/common/init.cpp:505
No locals.
#23 0x0000000000414ecd in main (argc=1, argv=0x7fffffffdd78)
    at ../../../Devel/wxWidgets/samples/caret/caret.cpp:173
No locals.
