Program received signal SIGSEGV, Segmentation fault.
wl_proxy_create (factory=0x0, interface=0x7ffff1b021a0 <wl_buffer_interface>)
    at wayland-client.c:221
221		struct wl_display *display = factory->display;
#0  wl_proxy_create (factory=0x0, 
    interface=0x7ffff1b021a0 <wl_buffer_interface>) at wayland-client.c:221
        proxy = <optimized out>
        display = <optimized out>
#1  0x00007ffff66364e3 in wl_shm_pool_create_buffer (stride=0, height=0, 
    width=0, wl_shm_pool=<optimized out>, offset=<optimized out>, 
    format=<optimized out>)
    at /home/tux/BugEnv/include/wayland-client-protocol.h:423
        id = <optimized out>
#2  gdk_wayland_create_cairo_surface (height=0, width=0, display=0x6e4030)
    at gdkwindow-wayland.c:613
        data = 0xb56830
        surface = 0x0
        status = <optimized out>
        stride = 0
#3  gdk_wayland_window_ensure_cairo_surface (window=window@entry=0x6e7020)
    at gdkwindow-wayland.c:646
        display_wayland = 0x6e4030
        impl = 0x6e9020
#4  0x00007ffff6636831 in gdk_wayland_window_ref_cairo_surface (
    window=0x6e7020) at gdkwindow-wayland.c:663
        impl = 0x6e9020
#5  0x00007ffff661f541 in gdk_window_ref_impl_surface (window=0x6e7020)
    at gdkwindow.c:2816
No locals.
#6  gdk_window_create_cairo_surface (height=0, width=0, window=0x6e7020)
    at gdkwindow.c:3721
        subsurface = <optimized out>
#7  _gdk_window_ref_cairo_surface (window=window@entry=0x6e7020)
    at gdkwindow.c:3757
        surface = <optimized out>
        __PRETTY_FUNCTION__ = "_gdk_window_ref_cairo_surface"
#8  0x00007ffff661f638 in gdk_cairo_create (window=0x6e7020)
    at gdkwindow.c:3800
        surface = <optimized out>
        cr = <optimized out>
        __PRETTY_FUNCTION__ = "gdk_cairo_create"
#9  0x00007ffff78b7362 in wxCairoContext::wxCairoContext (this=0xb56150, 
    renderer=0x7ffff7dd49a0 <gs_cairoGraphicsRenderer>, window=0x6e7020)
    at ../Devel/wxWidgets/src/generic/graphicc.cpp:1813
No locals.
#10 0x00007ffff78b90eb in wxCairoRenderer::CreateContextFromNativeWindow (
    this=0x7ffff7dd49a0 <gs_cairoGraphicsRenderer>, window=0x6e7020)
    at ../Devel/wxWidgets/src/generic/graphicc.cpp:2459
No locals.
#11 0x00007ffff78b9197 in wxCairoRenderer::CreateMeasuringContext (
    this=0x7ffff7dd49a0 <gs_cairoGraphicsRenderer>)
    at ../Devel/wxWidgets/src/generic/graphicc.cpp:2477
No locals.
#12 0x00007ffff78d25d8 in wxGraphicsContext::Create ()
    at ../Devel/wxWidgets/src/common/graphcmn.cpp:926
No locals.
#13 0x00007ffff7885945 in wxGCDCImpl::wxGCDCImpl (this=0xb55ee0, owner=
    0x7fffffffb1a0) at ../Devel/wxWidgets/src/common/dcgraph.cpp:146
No locals.
#14 0x00007ffff779d1e7 in wxGTKCairoDCImpl::wxGTKCairoDCImpl (this=0xb55ee0, 
    owner=0x7fffffffb1a0) at ../Devel/wxWidgets/src/gtk/dc.cpp:25
No locals.
#15 0x00007ffff779e2bb in wxMemoryDCImpl::wxMemoryDCImpl (this=0xb55ee0, 
    owner=0x7fffffffb1a0) at ../Devel/wxWidgets/src/gtk/dc.cpp:296
No locals.
#16 0x00007ffff787e77b in wxNativeDCFactory::CreateMemoryDC (this=0xb3ccd0, 
    owner=0x7fffffffb1a0) at ../Devel/wxWidgets/src/common/dcbase.cpp:157
No locals.
#17 0x00007ffff787ea4d in wxMemoryDC::wxMemoryDC (this=0x7fffffffb1a0)
    at ../Devel/wxWidgets/src/common/dcbase.cpp:222
No locals.
#18 0x000000000042788a in MyPanel::MyPanel (this=0xa5db50, frame=0x714770, 
    x=10, y=10, w=300, h=100)
    at ../../../Devel/wxWidgets/samples/controls/controls.cpp:997
        panel = 0xb49a30
        set_italic = 0xb054f0
        newTextButton = 0xb47800
        bitmap = warning: can't find linker symbol for virtual table for `wxBitmap' value
{<wxBitmapBase> = {<wxGDIObject> = {<wxObject> = {
                _vptr.wxObject = 0x66bf10 <_ZTV8wxBitmap@@WXU_2.9+16>, 
                static ms_classInfo = {
                  m_className = 0x7ffff71e3e60 L"wxObject", m_objectSize = 16, 
                  m_objectConstructor = 0x0, m_baseInfo1 = 0x0, 
                  m_baseInfo2 = 0x0, 
                  static sm_first = 0x7ffff7dda420 <wxXmlResourceHandler::ms_classInfo>, m_next = 0x7ffff74a9500 <wxMemoryOutputStream::ms_classInfo>, 
                  static sm_classTable = 0x683770}, m_refData = 0xb56dd0}, 
              static ms_classInfo = {
                m_className = 0x7ffff7a2b338 L"wxGDIObject", 
                m_objectSize = 16, m_objectConstructor = 0x0, 
                m_baseInfo1 = 0x7ffff74a9580 <wxObject::ms_classInfo>, 
                m_baseInfo2 = 0x0, 
                static sm_first = 0x7ffff7dda420 <wxXmlResourceHandler::ms_classInfo>, m_next = 0x7ffff7dd4b60 <wxGridBagSizer::ms_classInfo>, 
                static sm_classTable = 0x683770}}, <wxBitmapHelpers> = {<No data fields>}, 
            static sm_handlers = {<wxObjectList> = {<std::list<wxObject*, std::allocator<wxObject*> >> = empty std::list, m_destroy = false}, <No data fields>}, 
            static ms_classInfo = {
              m_className = 0x7ffff7a19060 L"wxBitmapBase", m_objectSize = 16, 
              m_objectConstructor = 0x0, 
              m_baseInfo1 = 0x7ffff7dd4ba0 <wxGDIObject::ms_classInfo>, 
              m_baseInfo2 = 0x0, 
              static sm_first = 0x7ffff7dda420 <wxXmlResourceHandler::ms_classInfo>, m_next = 0x7ffff7dd1e60 <wxArtProviderModule::ms_classInfo>, 
              static sm_classTable = 0x683770}}, static ms_classInfo = {
            m_className = 0x7ffff79f6928 L"wxBitmap", m_objectSize = 16, 
            m_objectConstructor = 0x7ffff778f8c8 <wxBitmap::wxCreateObject()>, 
            m_baseInfo1 = 0x7ffff7dd4ba0 <wxGDIObject::ms_classInfo>, 
            m_baseInfo2 = 0x0, 
            static sm_first = 0x7ffff7dda420 <wxXmlResourceHandler::ms_classInfo>, m_next = 0x7ffff7dced80 <wxMask::ms_classInfo>, 
            static sm_classTable = 0x683770}}
        bmpBtn = 0x7b8c10
        choices = {{static npos = 18446744073709551615, static ms_cache = {
              cached = {{str = 0x7fffffffa7f0, pos = 0, impl = 0, 
                  len = 18446744073709551615}, {str = 0x7fffffffaba0, pos = 0, 
                  impl = 0, len = 18446744073709551615}, {
                  str = 0x7fffffffab70, pos = 0, impl = 0, 
                  len = 18446744073709551615}, {str = 0x7fffffffabc0, pos = 0, 
                  impl = 0, len = 18446744073709551615}, {
                  str = 0x7fffffffab90, pos = 0, impl = 0, 
                  len = 18446744073709551615}, {str = 0x7fffffffa990, pos = 0, 
                  impl = 0, len = 18446744073709551615}, {
                  str = 0x7fffffffad40, pos = 0, impl = 0, 
                  len = 18446744073709551615}, {str = 0x7fffffffa890, pos = 0, 
                  impl = 0, len = 18446744073709551615}}, lastUsed = 2}, 
            m_impl = "This", m_convertedToChar = {m_str = 0x0, m_len = 0}, 
            m_convertedToWChar = {m_str = 0xaf7fe0 L"This", m_len = 4}, 
            m_iterators = {ptr = 0x0}}, {static npos = 18446744073709551615, 
            static ms_cache = {cached = {{str = 0x7fffffffa7f0, pos = 0, 
                  impl = 0, len = 18446744073709551615}, {
                  str = 0x7fffffffaba0, pos = 0, impl = 0, 
                  len = 18446744073709551615}, {str = 0x7fffffffab70, pos = 0, 
                  impl = 0, len = 18446744073709551615}, {
                  str = 0x7fffffffabc0, pos = 0, impl = 0, 
                  len = 18446744073709551615}, {str = 0x7fffffffab90, pos = 0, 
                  impl = 0, len = 18446744073709551615}, {
                  str = 0x7fffffffa990, pos = 0, impl = 0, 
                  len = 18446744073709551615}, {str = 0x7fffffffad40, pos = 0, 
                  impl = 0, len = 18446744073709551615}, {
                  str = 0x7fffffffa890, pos = 0, impl = 0, 
                  len = 18446744073709551615}}, lastUsed = 2}, m_impl = "is", 
            m_convertedToChar = {m_str = 0x0, m_len = 0}, 
            m_convertedToWChar = {m_str = 0xaf7fc0 L"is", m_len = 2}, 
            m_iterators = {ptr = 0x0}}, {static npos = 18446744073709551615, 
            static ms_cache = {cached = {{str = 0x7fffffffa7f0, pos = 0, 
                  impl = 0, len = 18446744073709551615}, {
                  str = 0x7fffffffaba0, pos = 0, impl = 0, 
                  len = 18446744073709551615}, {str = 0x7fffffffab70, pos = 0, 
                  impl = 0, len = 18446744073709551615}, {
                  str = 0x7fffffffabc0, pos = 0, impl = 0, 
                  len = 18446744073709551615}, {str = 0x7fffffffab90, pos = 0, 
                  impl = 0, len = 18446744073709551615}, {
                  str = 0x7fffffffa990, pos = 0, impl = 0, 
                  len = 18446744073709551615}, {str = 0x7fffffffad40, pos = 0, 
                  impl = 0, len = 18446744073709551615}, {
                  str = 0x7fffffffa890, pos = 0, impl = 0, 
                  len = 18446744073709551615}}, lastUsed = 2}, m_impl = 
    "one of my long and", m_convertedToChar = {m_str = 0x0, m_len = 0}, 
            m_convertedToWChar = {m_str = 0xafb6d0 L"one of my long and", 
              m_len = 18}, m_iterators = {ptr = 0x0}}, {
            static npos = 18446744073709551615, static ms_cache = {cached = {{
                  str = 0x7fffffffa7f0, pos = 0, impl = 0, 
                  len = 18446744073709551615}, {str = 0x7fffffffaba0, pos = 0, 
                  impl = 0, len = 18446744073709551615}, {
                  str = 0x7fffffffab70, pos = 0, impl = 0, 
                  len = 18446744073709551615}, {str = 0x7fffffffabc0, pos = 0, 
                  impl = 0, len = 18446744073709551615}, {
                  str = 0x7fffffffab90, pos = 0, impl = 0, 
                  len = 18446744073709551615}, {str = 0x7fffffffa990, pos = 0, 
                  impl = 0, len = 18446744073709551615}, {
                  str = 0x7fffffffad40, pos = 0, impl = 0, 
                  len = 18446744073709551615}, {str = 0x7fffffffa890, pos = 0, 
                  impl = 0, len = 18446744073709551615}}, lastUsed = 2}, 
            m_impl = "wonderful", m_convertedToChar = {m_str = 0x0, 
              m_len = 0}, m_convertedToWChar = {m_str = 0xafaee0 L"wonderful", 
              m_len = 9}, m_iterators = {ptr = 0x0}}, {
            static npos = 18446744073709551615, static ms_cache = {cached = {{
                  str = 0x7fffffffa7f0, pos = 0, impl = 0, 
                  len = 18446744073709551615}, {str = 0x7fffffffaba0, pos = 0, 
                  impl = 0, len = 18446744073709551615}, {
                  str = 0x7fffffffab70, pos = 0, impl = 0, 
                  len = 18446744073709551615}, {str = 0x7fffffffabc0, pos = 0, 
                  impl = 0, len = 18446744073709551615}, {
                  str = 0x7fffffffab90, pos = 0, impl = 0, 
                  len = 18446744073709551615}, {str = 0x7fffffffa990, pos = 0, 
                  impl = 0, len = 18446744073709551615}, {
                  str = 0x7fffffffad40, pos = 0, impl = 0, 
                  len = 18446744073709551615}, {str = 0x7fffffffa890, pos = 0, 
                  impl = 0, len = 18446744073709551615}}, lastUsed = 2}, 
            m_impl = "examples.", m_convertedToChar = {m_str = 0x0, 
              m_len = 0}, m_convertedToWChar = {m_str = 0xaf6680 L"examples.", 
              m_len = 9}, m_iterators = {ptr = 0x0}}}
        combosize = {x = 193, y = 100}
        rb2 = 0xb0c180
        gauge_page_first_row_sizer = 0xb0c030
        dc = {<wxDC> = {<wxObject> = {_vptr.wxObject = 0x0, 
              static ms_classInfo = {m_className = 0x7ffff71e3e60 L"wxObject", 
                m_objectSize = 16, m_objectConstructor = 0x0, 
                m_baseInfo1 = 0x0, m_baseInfo2 = 0x0, 
                static sm_first = 0x7ffff7dda420 <wxXmlResourceHandler::ms_classInfo>, m_next = 0x7ffff74a9500 <wxMemoryOutputStream::ms_classInfo>, 
                static sm_classTable = 0x683770}, m_refData = 0x0}, 
            m_pimpl = 0x0, static ms_classInfo = {
              m_className = 0x7ffff7a1fc54 L"wxDC", m_objectSize = 24, 
              m_objectConstructor = 0x0, 
              m_baseInfo1 = 0x7ffff74a9580 <wxObject::ms_classInfo>, 
              m_baseInfo2 = 0x0, 
              static sm_first = 0x7ffff7dda420 <wxXmlResourceHandler::ms_classInfo>, m_next = 0x7ffff7dd34a0 <wxDCImpl::ms_classInfo>, 
              static sm_classTable = 0x683770}}, static ms_classInfo = {
            m_className = 0x7ffff7a1fb78 L"wxMemoryDC", m_objectSize = 24, 
            m_objectConstructor = 0x7ffff787e9ea <wxMemoryDC::wxCreateObject()>, m_baseInfo1 = 0x7ffff7dd34e0 <wxDC::ms_classInfo>, m_baseInfo2 = 0x0, 
            static sm_first = 0x7ffff7dda420 <wxXmlResourceHandler::ms_classInfo>, m_next = 0x7ffff7dd3360 <wxClientDC::ms_classInfo>, 
            static sm_classTable = 0x683770}}
        bmp1 = {<wxBitmapBase> = {<wxGDIObject> = {<wxObject> = {
                _vptr.wxObject = 0x0, static ms_classInfo = {
                  m_className = 0x7ffff71e3e60 L"wxObject", m_objectSize = 16, 
                  m_objectConstructor = 0x0, m_baseInfo1 = 0x0, 
                  m_baseInfo2 = 0x0, 
                  static sm_first = 0x7ffff7dda420 <wxXmlResourceHandler::ms_classInfo>, m_next = 0x7ffff74a9500 <wxMemoryOutputStream::ms_classInfo>, 
                  static sm_classTable = 0x683770}, m_refData = 0x0}, 
              static ms_classInfo = {
                m_className = 0x7ffff7a2b338 L"wxGDIObject", 
                m_objectSize = 16, m_objectConstructor = 0x0, 
                m_baseInfo1 = 0x7ffff74a9580 <wxObject::ms_classInfo>, 
                m_baseInfo2 = 0x0, 
                static sm_first = 0x7ffff7dda420 <wxXmlResourceHandler::ms_classInfo>, m_next = 0x7ffff7dd4b60 <wxGridBagSizer::ms_classInfo>, 
                static sm_classTable = 0x683770}}, <wxBitmapHelpers> = {<No data fields>}, 
            static sm_handlers = {<wxObjectList> = {<std::list<wxObject*, std::allocator<wxObject*> >> = empty std::list, m_destroy = false}, <No data fields>}, 
            static ms_classInfo = {
              m_className = 0x7ffff7a19060 L"wxBitmapBase", m_objectSize = 16, 
              m_objectConstructor = 0x0, 
              m_baseInfo1 = 0x7ffff7dd4ba0 <wxGDIObject::ms_classInfo>, 
              m_baseInfo2 = 0x0, 
              static sm_first = 0x7ffff7dda420 <wxXmlResourceHandler::ms_classInfo>, m_next = 0x7ffff7dd1e60 <wxArtProviderModule::ms_classInfo>, 
              static sm_classTable = 0x683770}}, static ms_classInfo = {
            m_className = 0x7ffff79f6928 L"wxBitmap", m_objectSize = 16, 
            m_objectConstructor = 0x7ffff778f8c8 <wxBitmap::wxCreateObject()>, 
            m_baseInfo1 = 0x7ffff7dd4ba0 <wxGDIObject::ms_classInfo>, 
            m_baseInfo2 = 0x0, 
            static sm_first = 0x7ffff7dda420 <wxXmlResourceHandler::ms_classInfo>, m_next = 0x7ffff7dced80 <wxMask::ms_classInfo>, 
            static sm_classTable = 0x683770}}
        csizer = 0x72e2e0
        check14 = 0x3a
        sb = 0xb1f800
        s = {static npos = 18446744073709551615, static ms_cache = {cached = {{
                str = 0x7fffffffa7f0, pos = 0, impl = 0, 
                len = 18446744073709551615}, {str = 0x7fffffffaba0, pos = 0, 
                impl = 0, len = 18446744073709551615}, {str = 0x7fffffffab70, 
                pos = 0, impl = 0, len = 18446744073709551615}, {
                str = 0x7fffffffabc0, pos = 0, impl = 0, 
                len = 18446744073709551615}, {str = 0x7fffffffab90, pos = 0, 
                impl = 0, len = 18446744073709551615}, {str = 0x7fffffffa990, 
                pos = 0, impl = 0, len = 18446744073709551615}, {
                str = 0x7fffffffad40, pos = 0, impl = 0, 
                len = 18446744073709551615}, {str = 0x7fffffffa890, pos = 0, 
                impl = 0, len = 18446744073709551615}}, lastUsed = 2}, 
          m_impl = "-5", m_convertedToChar = {m_str = 0x0, m_len = 0}, 
          m_convertedToWChar = {m_str = 0x0, m_len = 0}, m_iterators = {
            ptr = 0x0}}
        bmp2 = {<wxBitmapBase> = {<wxGDIObject> = {<wxObject> = {
                _vptr.wxObject = 0x0, static ms_classInfo = {
                  m_className = 0x7ffff71e3e60 L"wxObject", m_objectSize = 16, 
                  m_objectConstructor = 0x0, m_baseInfo1 = 0x0, 
                  m_baseInfo2 = 0x0, 
                  static sm_first = 0x7ffff7dda420 <wxXmlResourceHandler::ms_classInfo>, m_next = 0x7ffff74a9500 <wxMemoryOutputStream::ms_classInfo>, 
                  static sm_classTable = 0x683770}, m_refData = 0x0}, 
              static ms_classInfo = {
                m_className = 0x7ffff7a2b338 L"wxGDIObject", 
                m_objectSize = 16, m_objectConstructor = 0x0, 
                m_baseInfo1 = 0x7ffff74a9580 <wxObject::ms_classInfo>, 
                m_baseInfo2 = 0x0, 
                static sm_first = 0x7ffff7dda420 <wxXmlResourceHandler::ms_classInfo>, m_next = 0x7ffff7dd4b60 <wxGridBagSizer::ms_classInfo>, 
                static sm_classTable = 0x683770}}, <wxBitmapHelpers> = {<No data fields>}, 
            static sm_handlers = {<wxObjectList> = {<std::list<wxObject*, std::allocator<wxObject*> >> = empty std::list, m_destroy = false}, <No data fields>}, 
            static ms_classInfo = {
              m_className = 0x7ffff7a19060 L"wxBitmapBase", m_objectSize = 16, 
              m_objectConstructor = 0x0, 
              m_baseInfo1 = 0x7ffff7dd4ba0 <wxGDIObject::ms_classInfo>, 
              m_baseInfo2 = 0x0, 
              static sm_first = 0x7ffff7dda420 <wxXmlResourceHandler::ms_classInfo>, m_next = 0x7ffff7dd1e60 <wxArtProviderModule::ms_classInfo>, 
              static sm_classTable = 0x683770}}, static ms_classInfo = {
            m_className = 0x7ffff79f6928 L"wxBitmap", m_objectSize = 16, 
            m_objectConstructor = 0x7ffff778f8c8 <wxBitmap::wxCreateObject()>, 
            m_baseInfo1 = 0x7ffff7dd4ba0 <wxGDIObject::ms_classInfo>, 
            m_baseInfo2 = 0x0, 
            static sm_first = 0x7ffff7dda420 <wxXmlResourceHandler::ms_classInfo>, m_next = 0x7ffff7dced80 <wxMask::ms_classInfo>, 
            static sm_classTable = 0x683770}}
        gauge_page_vsizer = 0xb033d0
        bmp3 = {<wxBitmapBase> = {<wxGDIObject> = {<wxObject> = {
                _vptr.wxObject = 0x0, static ms_classInfo = {
                  m_className = 0x7ffff71e3e60 L"wxObject", m_objectSize = 16, 
                  m_objectConstructor = 0x0, m_baseInfo1 = 0x0, 
                  m_baseInfo2 = 0x0, 
                  static sm_first = 0x7ffff7dda420 <wxXmlResourceHandler::ms_classInfo>, m_next = 0x7ffff74a9500 <wxMemoryOutputStream::ms_classInfo>, 
                  static sm_classTable = 0x683770}, m_refData = 0x0}, 
              static ms_classInfo = {
                m_className = 0x7ffff7a2b338 L"wxGDIObject", 
                m_objectSize = 16, m_objectConstructor = 0x0, 
                m_baseInfo1 = 0x7ffff74a9580 <wxObject::ms_classInfo>, 
                m_baseInfo2 = 0x0, 
                static sm_first = 0x7ffff7dda420 <wxXmlResourceHandler::ms_classInfo>, m_next = 0x7ffff7dd4b60 <wxGridBagSizer::ms_classInfo>, 
                static sm_classTable = 0x683770}}, <wxBitmapHelpers> = {<No data fields>}, 
            static sm_handlers = {<wxObjectList> = {<std::list<wxObject*, std::allocator<wxObject*> >> = empty std::list, m_destroy = false}, <No data fields>}, 
            static ms_classInfo = {
              m_className = 0x7ffff7a19060 L"wxBitmapBase", m_objectSize = 16, 
              m_objectConstructor = 0x0, 
              m_baseInfo1 = 0x7ffff7dd4ba0 <wxGDIObject::ms_classInfo>, 
              m_baseInfo2 = 0x0, 
              static sm_first = 0x7ffff7dda420 <wxXmlResourceHandler::ms_classInfo>, m_next = 0x7ffff7dd1e60 <wxArtProviderModule::ms_classInfo>, 
              static sm_classTable = 0x683770}}, static ms_classInfo = {
            m_className = 0x7ffff79f6928 L"wxBitmap", m_objectSize = 16, 
            m_objectConstructor = 0x7ffff778f8c8 <wxBitmap::wxCreateObject()>, 
            m_baseInfo1 = 0x7ffff7dd4ba0 <wxGDIObject::ms_classInfo>, 
            m_baseInfo2 = 0x0, 
            static sm_first = 0x7ffff7dda420 <wxXmlResourceHandler::ms_classInfo>, m_next = 0x7ffff7dced80 <wxMask::ms_classInfo>, 
            static sm_classTable = 0x683770}}
        check1 = 0x7ffff4d7acc2 <g_datalist_id_dup_data+178>
        select_this = 0xb03000
        non_wrapping_sizer = 0xb22a10
        icon = warning: can't find linker symbol for virtual table for `wxIcon' value
{<wxBitmap> = {<wxBitmapBase> = {<wxGDIObject> = {<wxObject> = {
                  _vptr.wxObject = 0x66add0 <_ZTV6wxIcon@@WXU_2.9+16>, 
                  static ms_classInfo = {
                    m_className = 0x7ffff71e3e60 L"wxObject", 
                    m_objectSize = 16, m_objectConstructor = 0x0, 
                    m_baseInfo1 = 0x0, m_baseInfo2 = 0x0, 
                    static sm_first = 0x7ffff7dda420 <wxXmlResourceHandler::ms_classInfo>, m_next = 0x7ffff74a9500 <wxMemoryOutputStream::ms_classInfo>, 
                    static sm_classTable = 0x683770}, m_refData = 0xb3cb80}, 
                static ms_classInfo = {
                  m_className = 0x7ffff7a2b338 L"wxGDIObject", 
                  m_objectSize = 16, m_objectConstructor = 0x0, 
                  m_baseInfo1 = 0x7ffff74a9580 <wxObject::ms_classInfo>, 
                  m_baseInfo2 = 0x0, 
                  static sm_first = 0x7ffff7dda420 <wxXmlResourceHandler::ms_classInfo>, m_next = 0x7ffff7dd4b60 <wxGridBagSizer::ms_classInfo>, 
                  static sm_classTable = 0x683770}}, <wxBitmapHelpers> = {<No data fields>}, 
              static sm_handlers = {<wxObjectList> = {<std::list<wxObject*, std::allocator<wxObject*> >> = empty std::list, 
                  m_destroy = false}, <No data fields>}, 
              static ms_classInfo = {
                m_className = 0x7ffff7a19060 L"wxBitmapBase", 
                m_objectSize = 16, m_objectConstructor = 0x0, 
                m_baseInfo1 = 0x7ffff7dd4ba0 <wxGDIObject::ms_classInfo>, 
                m_baseInfo2 = 0x0, 
                static sm_first = 0x7ffff7dda420 <wxXmlResourceHandler::ms_classInfo>, m_next = 0x7ffff7dd1e60 <wxArtProviderModule::ms_classInfo>, 
                static sm_classTable = 0x683770}}, static ms_classInfo = {
              m_className = 0x7ffff79f6928 L"wxBitmap", m_objectSize = 16, 
              m_objectConstructor = 0x7ffff778f8c8 <wxBitmap::wxCreateObject()>, m_baseInfo1 = 0x7ffff7dd4ba0 <wxGDIObject::ms_classInfo>, m_baseInfo2 = 0x0, 
              static sm_first = 0x7ffff7dda420 <wxXmlResourceHandler::ms_classInfo>, m_next = 0x7ffff7dced80 <wxMask::ms_classInfo>, 
              static sm_classTable = 0x683770}}, static ms_classInfo = {
            m_className = 0x7ffff79f5bc0 L"wxIcon", m_objectSize = 16, 
            m_objectConstructor = 0x7ffff778a7b2 <wxIcon::wxCreateObject()>, 
            m_baseInfo1 = 0x7ffff7dcedc0 <wxBitmap::ms_classInfo>, 
            m_baseInfo2 = 0x0, 
            static sm_first = 0x7ffff7dda420 <wxXmlResourceHandler::ms_classInfo>, m_next = 0x7ffff7dcec20 <wxImageList::ms_classInfo>, 
            static sm_classTable = 0x683770}}
        check2 = 0x0
        imagelist = 0xa54920
        choices2 = {{static npos = 18446744073709551615, static ms_cache = {
              cached = {{str = 0x7fffffffa7f0, pos = 0, impl = 0, 
                  len = 18446744073709551615}, {str = 0x7fffffffaba0, pos = 0, 
                  impl = 0, len = 18446744073709551615}, {
                  str = 0x7fffffffab70, pos = 0, impl = 0, 
                  len = 18446744073709551615}, {str = 0x7fffffffabc0, pos = 0, 
                  impl = 0, len = 18446744073709551615}, {
                  str = 0x7fffffffab90, pos = 0, impl = 0, 
                  len = 18446744073709551615}, {str = 0x7fffffffa990, pos = 0, 
                  impl = 0, len = 18446744073709551615}, {
                  str = 0x7fffffffad40, pos = 0, impl = 0, 
                  len = 18446744073709551615}, {str = 0x7fffffffa890, pos = 0, 
                  impl = 0, len = 18446744073709551615}}, lastUsed = 2}, 
            m_impl = "First", m_convertedToChar = {m_str = 0x0, m_len = 0}, 
            m_convertedToWChar = {m_str = 0x0, m_len = 0}, m_iterators = {
              ptr = 0x0}}, {static npos = 18446744073709551615, 
            static ms_cache = {cached = {{str = 0x7fffffffa7f0, pos = 0, 
                  impl = 0, len = 18446744073709551615}, {
                  str = 0x7fffffffaba0, pos = 0, impl = 0, 
                  len = 18446744073709551615}, {str = 0x7fffffffab70, pos = 0, 
                  impl = 0, len = 18446744073709551615}, {
                  str = 0x7fffffffabc0, pos = 0, impl = 0, 
                  len = 18446744073709551615}, {str = 0x7fffffffab90, pos = 0, 
                  impl = 0, len = 18446744073709551615}, {
                  str = 0x7fffffffa990, pos = 0, impl = 0, 
                  len = 18446744073709551615}, {str = 0x7fffffffad40, pos = 0, 
                  impl = 0, len = 18446744073709551615}, {
                  str = 0x7fffffffa890, pos = 0, impl = 0, 
                  len = 18446744073709551615}}, lastUsed = 2}, m_impl = 
    "Second", m_convertedToChar = {m_str = 0x0, m_len = 0}, 
            m_convertedToWChar = {m_str = 0x0, m_len = 0}, m_iterators = {
              ptr = 0x0}}}
        check3 = 0x0
        disable_cb = 0xb073d0
        wrapping_sizer = 0xb212a0
        panel2 = 0x72e2e0
        check4 = 0x72e2f0
        button = 0xa46000
        radio_page_sizer = 0xae8660
        mybox = 0xaf6270
        select_two = 0xafc230
        rb = 0xb0a400
        gauge_sizer = 0xb0c0b0
        gauge_page_second_row_sizer = 0xb27180
        initialSpinValue = -5
        sizer = 0x7b8c10
        bmp = warning: can't find linker symbol for virtual table for `wxBitmap' value
{<wxBitmapBase> = {<wxGDIObject> = {<wxObject> = {
                _vptr.wxObject = 0x66bf10 <_ZTV8wxBitmap@@WXU_2.9+16>, 
                static ms_classInfo = {
                  m_className = 0x7ffff71e3e60 L"wxObject", m_objectSize = 16, 
                  m_objectConstructor = 0x0, m_baseInfo1 = 0x0, 
                  m_baseInfo2 = 0x0, 
                  static sm_first = 0x7ffff7dda420 <wxXmlResourceHandler::ms_classInfo>, m_next = 0x7ffff74a9500 <wxMemoryOutputStream::ms_classInfo>, 
                  static sm_classTable = 0x683770}, m_refData = 0xa4bf50}, 
              static ms_classInfo = {
                m_className = 0x7ffff7a2b338 L"wxGDIObject", 
                m_objectSize = 16, m_objectConstructor = 0x0, 
                m_baseInfo1 = 0x7ffff74a9580 <wxObject::ms_classInfo>, 
                m_baseInfo2 = 0x0, 
                static sm_first = 0x7ffff7dda420 <wxXmlResourceHandler::ms_classInfo>, m_next = 0x7ffff7dd4b60 <wxGridBagSizer::ms_classInfo>, 
                static sm_classTable = 0x683770}}, <wxBitmapHelpers> = {<No data fields>}, 
            static sm_handlers = {<wxObjectList> = {<std::list<wxObject*, std::allocator<wxObject*> >> = empty std::list, m_destroy = false}, <No data fields>}, 
            static ms_classInfo = {
              m_className = 0x7ffff7a19060 L"wxBitmapBase", m_objectSize = 16, 
              m_objectConstructor = 0x0, 
              m_baseInfo1 = 0x7ffff7dd4ba0 <wxGDIObject::ms_classInfo>, 
              m_baseInfo2 = 0x0, 
              static sm_first = 0x7ffff7dda420 <wxXmlResourceHandler::ms_classInfo>, m_next = 0x7ffff7dd1e60 <wxArtProviderModule::ms_classInfo>, 
              static sm_classTable = 0x683770}}, static ms_classInfo = {
            m_className = 0x7ffff79f6928 L"wxBitmap", m_objectSize = 16, 
            m_objectConstructor = 0x7ffff778f8c8 <wxBitmap::wxCreateObject()>, 
            m_baseInfo1 = 0x7ffff7dd4ba0 <wxGDIObject::ms_classInfo>, 
            m_baseInfo2 = 0x0, 
            static sm_first = 0x7ffff7dda420 <wxXmlResourceHandler::ms_classInfo>, m_next = 0x7ffff7dced80 <wxMask::ms_classInfo>, 
            static sm_classTable = 0x683770}}
        sz = 0xaf3e00
        checkBig = 0x0
#19 0x000000000042fa6e in MyFrame::MyFrame (this=0x714770, 
    title=0x447bb0 L"Controls wxWidgets App", x=50, y=50)
    at ../../../Devel/wxWidgets/samples/controls/controls.cpp:1890
        file_menu = 0x733e00
        menu_bar = 0x793eb0
        tooltip_menu = 0x796800
        panel_menu = 0x759a10
#20 0x0000000000423b9f in MyApp::OnInit (this=0x6b8060)
    at ../../../Devel/wxWidgets/samples/controls/controls.cpp:422
        x = 50
        y = 50
        frame = 0x0
#21 0x0000000000437409 in wxAppConsoleBase::CallOnInit (this=0x6b8060)
    at ../../../Devel/wxWidgets/include/wx/app.h:94
No locals.
#22 0x00007ffff70f5b71 in wxEntry (argc=@0x7ffff74a8070: 1, argv=0x6a4610)
    at ../Devel/wxWidgets/src/common/init.cpp:477
        callOnExit = {<No data fields>}
        initializer = {m_ok = true}
#23 0x00007ffff70f5c68 in wxEntry (argc=@0x7fffffffdc7c: 1, 
    argv=0x7fffffffdd68) at ../Devel/wxWidgets/src/common/init.cpp:505
No locals.
#24 0x0000000000423a1e in main (argc=1, argv=0x7fffffffdd68)
    at ../../../Devel/wxWidgets/samples/controls/controls.cpp:377
No locals.
