=================================================================
==18442==ERROR: AddressSanitizer: heap-use-after-free on address 0x60f00002bb30 at pc 0x000109bece7b bp 0x7ffee6071110 sp 0x7ffee6071108
READ of size 1 at 0x60f00002bb30 thread T0
    #0 0x109bece7a in MyMusicTreeModelNode::IsContainer() const mymodels.h:64
    #1 0x109bece05 in MyMusicTreeModel::IsContainer(wxDataViewItem const&) const mymodels.cpp:280
    #2 0x10a0ff661 in wxDataViewModel::HasValue(wxDataViewItem const&, unsigned int) const dataview.h:208
    #3 0x10a103226 in -[wxCocoaOutlineDataSource outlineView:objectValueForTableColumn:byItem:] dataview.mm:607
    #4 0x7fff32d308ac in -[NSTableView textDidEndEditing:] (AppKit:x86_64+0x8518ac)
    #5 0x10a11d471 in -[wxCocoaOutlineView textDidEndEditing:] dataview.mm:1939
    #6 0x7fff3500d711 in __CFNOTIFICATIONCENTER_IS_CALLING_OUT_TO_AN_OBSERVER__ (CoreFoundation:x86_64h+0x9f711)
    #7 0x7fff3500d68b in ___CFXRegistrationPost_block_invoke (CoreFoundation:x86_64h+0x9f68b)
    #8 0x7fff3500d5ac in _CFXRegistrationPost (CoreFoundation:x86_64h+0x9f5ac)
    #9 0x7fff35015a08 in ___CFXNotificationPost_block_invoke (CoreFoundation:x86_64h+0xa7a08)
    #10 0x7fff34f7d1a9 in -[_CFXNotificationRegistrar find:object:observer:enumerator:] (CoreFoundation:x86_64h+0xf1a9)
    #11 0x7fff34f7c56c in _CFXNotificationPost (CoreFoundation:x86_64h+0xe56c)
    #12 0x7fff37304a7a in -[NSNotificationCenter postNotificationName:object:userInfo:] (Foundation:x86_64+0x11a7a)
    #13 0x7fff327eee3b in -[NSTextView(NSSharing) resignFirstResponder] (AppKit:x86_64+0x30fe3b)
    #14 0x7fff3264c521 in -[NSWindow _realMakeFirstResponder:] (AppKit:x86_64+0x16d521)
    #15 0x10a020c17 in -[wxNSWindow makeFirstResponder:] nonownedwnd.mm:223
    #16 0x7fff3277ffe3 in -[NSWindow endEditingFor:] (AppKit:x86_64+0x2a0fe3)
    #17 0x7fff3264b907 in -[NSTableView _endMyEditing] (AppKit:x86_64+0x16c907)
    #18 0x7fff32d31a67 in -[NSTableView _endMyEditingAndRemainFirstResponder] (AppKit:x86_64+0x852a67)
    #19 0x7fff328eaaca in -[NSOutlineView reloadItem:reloadChildren:] (AppKit:x86_64+0x40baca)
    #20 0x10a1262e1 in wxCocoaDataViewControl::Remove(wxDataViewItem const&, wxDataViewItem const&) dataview.mm:2345
    #21 0x10a0d30d7 in wxOSXDataViewModelNotifier::ItemDeleted(wxDataViewItem const&, wxDataViewItem const&) dataview_osx.cpp:173
    #22 0x10a8b3c65 in wxDataViewModel::ItemDeleted(wxDataViewItem const&, wxDataViewItem const&) datavcmn.cpp:170
    #23 0x109bea453 in MyMusicTreeModel::Delete(wxDataViewItem const&) mymodels.cpp:154
    #24 0x109bb701f in MyFrame::DeleteSelectedItems() dataview.cpp:1208
    #25 0x109b92128 in MyFrame::OnDeleteSelected(wxCommandEvent&) dataview.cpp:1213
    #26 0x10b8f6714 in wxAppConsoleBase::HandleEvent(wxEvtHandler*, void (wxEvtHandler::*)(wxEvent&), wxEvent&) const appbase.cpp:657
    #27 0x10b8f6b0b in wxAppConsoleBase::CallEventHandler(wxEvtHandler*, wxEventFunctor&, wxEvent&) const appbase.cpp:669
    #28 0x10bcdde58 in wxEvtHandler::ProcessEventIfMatchesId(wxEventTableEntryBase const&, wxEvtHandler*, wxEvent&) event.cpp:1396
    #29 0x10bcdd808 in wxEventHashTable::HandleEvent(wxEvent&, wxEvtHandler*) event.cpp:1004
    #30 0x10bce3576 in wxEvtHandler::TryHereOnly(wxEvent&) event.cpp:1593
    #31 0x10bce2f68 in wxEvtHandler::TryBeforeAndHere(wxEvent&) event.h:3892
    #32 0x10bce2fae in wxEvtHandler::ProcessEventLocally(wxEvent&) event.cpp:1526
    #33 0x10bce2c8c in wxEvtHandler::ProcessEvent(wxEvent&) event.cpp:1499
    #34 0x10a55aee7 in wxWindowBase::TryAfter(wxEvent&) wincmn.cpp:3444
    #35 0x10bce2d26 in wxEvtHandler::ProcessEvent(wxEvent&) event.cpp:1512
    #36 0x10a55aee7 in wxWindowBase::TryAfter(wxEvent&) wincmn.cpp:3444
    #37 0x10bce2d26 in wxEvtHandler::ProcessEvent(wxEvent&) event.cpp:1512
    #38 0x10a55aee7 in wxWindowBase::TryAfter(wxEvent&) wincmn.cpp:3444
    #39 0x10bce2d26 in wxEvtHandler::ProcessEvent(wxEvent&) event.cpp:1512
    #40 0x10bce3f6e in wxEvtHandler::SafelyProcessEvent(wxEvent&) event.cpp:1617
    #41 0x10a5391c4 in wxWindowBase::HandleWindowEvent(wxEvent&) const wincmn.cpp:1539
    #42 0x109e1d747 in wxControl::ProcessCommand(wxCommandEvent&) control.cpp:70
    #43 0x109d675e6 in wxButton::OSXHandleClicked(double) button_osx.cpp:135
    #44 0x10a09e93b in wxWidgetCocoaImpl::controlAction(NSView*, void*, void*) window.mm:2392
    #45 0x10a090aa8 in wxOSX_controlAction(NSView*, objc_selector*, objc_object*) window.mm:1264
    #46 0x7fff327f360a in -[NSApplication(NSResponder) sendAction:to:from:] (AppKit:x86_64+0x31460a)
    #47 0x7fff3285e8b5 in -[NSControl sendAction:to:] (AppKit:x86_64+0x37f8b5)
    #48 0x7fff3285e7e7 in __26-[NSCell _sendActionFrom:]_block_invoke (AppKit:x86_64+0x37f7e7)
    #49 0x7fff3285e6e9 in -[NSCell _sendActionFrom:] (AppKit:x86_64+0x37f6e9)
    #50 0x7fff3288b754 in -[NSButtonCell _sendActionFrom:] (AppKit:x86_64+0x3ac754)
    #51 0x7fff3285cff5 in -[NSCell trackMouse:inRect:ofView:untilMouseUp:] (AppKit:x86_64+0x37dff5)
    #52 0x7fff3288b4a8 in -[NSButtonCell trackMouse:inRect:ofView:untilMouseUp:] (AppKit:x86_64+0x3ac4a8)
    #53 0x7fff3285ba32 in -[NSControl mouseDown:] (AppKit:x86_64+0x37ca32)
    #54 0x10a093288 in wxWidgetCocoaImpl::mouseEvent(NSEvent*, NSView*, void*) window.mm:1460
    #55 0x10a08f3a9 in wxOSX_mouseEvent(NSView*, objc_selector*, NSEvent*) window.mm:1056
    #56 0x7fff327351ea in -[NSWindow(NSEventRouting) _handleMouseDownEvent:isDelayedEvent:] (AppKit:x86_64+0x2561ea)
    #57 0x7fff32669222 in -[NSWindow(NSEventRouting) _reallySendEvent:isDelayedEvent:] (AppKit:x86_64+0x18a222)
    #58 0x7fff326686c8 in -[NSWindow(NSEventRouting) sendEvent:] (AppKit:x86_64+0x1896c8)
    #59 0x10a0200a1 in -[wxNSWindow sendEvent:] nonownedwnd.mm:177
    #60 0x7fff32505953 in -[NSApplication(NSEvent) sendEvent:] (AppKit:x86_64+0x26953)
    #61 0x109cbc5d3 in -[wxNSApplication sendEvent:] utils.mm:373
    #62 0x7fff324f319c in -[NSApplication run] (AppKit:x86_64+0x1419c)
    #63 0x109feec4d in wxGUIEventLoop::OSXDoRun() evtloop.mm:304
    #64 0x10bc548dd in wxCFEventLoop::DoRun() evtloop_cf.cpp:331
    #65 0x10b9c7145 in wxEventLoopBase::Run() evtloopcmn.cpp:90
    #66 0x10b8f3d5c in wxAppConsoleBase::MainLoop() appbase.cpp:380
    #67 0x10b8f2f26 in wxAppConsoleBase::OnRun() appbase.cpp:301
    #68 0x10a15dd95 in wxAppBase::OnRun() appcmn.cpp:335
    #69 0x109e14e08 in wxApp::OnRun() app.cpp:366
    #70 0x10ba74578 in wxEntry(int&, wchar_t**) init.cpp:507
    #71 0x10ba749d9 in wxEntry(int&, char**) init.cpp:519
    #72 0x109b8b566 in main dataview.cpp:346
    #73 0x7fff621faed8 in start (libdyld.dylib:x86_64+0x16ed8)

0x60f00002bb30 is located 128 bytes inside of 168-byte region [0x60f00002bab0,0x60f00002bb58)
freed by thread T0 here:
    #0 0x10c178582 in wrap__ZdlPv (libclang_rt.asan_osx_dynamic.dylib:x86_64h+0x63582)
    #1 0x109bea433 in MyMusicTreeModel::Delete(wxDataViewItem const&) mymodels.cpp:151
    #2 0x109bb701f in MyFrame::DeleteSelectedItems() dataview.cpp:1208
    #3 0x109b92128 in MyFrame::OnDeleteSelected(wxCommandEvent&) dataview.cpp:1213
    #4 0x10b8f6714 in wxAppConsoleBase::HandleEvent(wxEvtHandler*, void (wxEvtHandler::*)(wxEvent&), wxEvent&) const appbase.cpp:657
    #5 0x10b8f6b0b in wxAppConsoleBase::CallEventHandler(wxEvtHandler*, wxEventFunctor&, wxEvent&) const appbase.cpp:669
    #6 0x10bcdde58 in wxEvtHandler::ProcessEventIfMatchesId(wxEventTableEntryBase const&, wxEvtHandler*, wxEvent&) event.cpp:1396
    #7 0x10bcdd808 in wxEventHashTable::HandleEvent(wxEvent&, wxEvtHandler*) event.cpp:1004
    #8 0x10bce3576 in wxEvtHandler::TryHereOnly(wxEvent&) event.cpp:1593
    #9 0x10bce2f68 in wxEvtHandler::TryBeforeAndHere(wxEvent&) event.h:3892
    #10 0x10bce2fae in wxEvtHandler::ProcessEventLocally(wxEvent&) event.cpp:1526
    #11 0x10bce2c8c in wxEvtHandler::ProcessEvent(wxEvent&) event.cpp:1499
    #12 0x10a55aee7 in wxWindowBase::TryAfter(wxEvent&) wincmn.cpp:3444
    #13 0x10bce2d26 in wxEvtHandler::ProcessEvent(wxEvent&) event.cpp:1512
    #14 0x10a55aee7 in wxWindowBase::TryAfter(wxEvent&) wincmn.cpp:3444
    #15 0x10bce2d26 in wxEvtHandler::ProcessEvent(wxEvent&) event.cpp:1512
    #16 0x10a55aee7 in wxWindowBase::TryAfter(wxEvent&) wincmn.cpp:3444
    #17 0x10bce2d26 in wxEvtHandler::ProcessEvent(wxEvent&) event.cpp:1512
    #18 0x10bce3f6e in wxEvtHandler::SafelyProcessEvent(wxEvent&) event.cpp:1617
    #19 0x10a5391c4 in wxWindowBase::HandleWindowEvent(wxEvent&) const wincmn.cpp:1539
    #20 0x109e1d747 in wxControl::ProcessCommand(wxCommandEvent&) control.cpp:70
    #21 0x109d675e6 in wxButton::OSXHandleClicked(double) button_osx.cpp:135
    #22 0x10a09e93b in wxWidgetCocoaImpl::controlAction(NSView*, void*, void*) window.mm:2392
    #23 0x10a090aa8 in wxOSX_controlAction(NSView*, objc_selector*, objc_object*) window.mm:1264
    #24 0x7fff327f360a in -[NSApplication(NSResponder) sendAction:to:from:] (AppKit:x86_64+0x31460a)
    #25 0x7fff3285e8b5 in -[NSControl sendAction:to:] (AppKit:x86_64+0x37f8b5)
    #26 0x7fff3285e7e7 in __26-[NSCell _sendActionFrom:]_block_invoke (AppKit:x86_64+0x37f7e7)
    #27 0x7fff3285e6e9 in -[NSCell _sendActionFrom:] (AppKit:x86_64+0x37f6e9)
    #28 0x7fff3288b754 in -[NSButtonCell _sendActionFrom:] (AppKit:x86_64+0x3ac754)
    #29 0x7fff3285cff5 in -[NSCell trackMouse:inRect:ofView:untilMouseUp:] (AppKit:x86_64+0x37dff5)

previously allocated by thread T0 here:
    #0 0x10c177fa2 in wrap__Znwm (libclang_rt.asan_osx_dynamic.dylib:x86_64h+0x62fa2)
    #1 0x109be85fb in MyMusicTreeModel::MyMusicTreeModel() mymodels.cpp:52
    #2 0x109be90b4 in MyMusicTreeModel::MyMusicTreeModel() mymodels.cpp:39
    #3 0x109baca10 in MyFrame::BuildDataViewCtrl(wxPanel*, unsigned int, unsigned long) dataview.cpp:704
    #4 0x109ba5acd in MyFrame::MyFrame(wxFrame*, wxString const&, int, int, int, int) dataview.cpp:569
    #5 0x109b8bb38 in MyFrame::MyFrame(wxFrame*, wxString const&, int, int, int, int) dataview.cpp:502
    #6 0x109b8b886 in MyApp::OnInit() dataview.cpp:354
    #7 0x109cbd930 in wxApp::CallOnInit() utils.mm:443
    #8 0x10ba74485 in wxEntry(int&, wchar_t**) init.cpp:491
    #9 0x10ba749d9 in wxEntry(int&, char**) init.cpp:519
    #10 0x109b8b566 in main dataview.cpp:346
    #11 0x7fff621faed8 in start (libdyld.dylib:x86_64+0x16ed8)

SUMMARY: AddressSanitizer: heap-use-after-free mymodels.h:64 in MyMusicTreeModelNode::IsContainer() const
Shadow bytes around the buggy address:
  0x1c1e00005710: 00 fa fa fa fa fa fa fa fa fa 00 00 00 00 00 00
  0x1c1e00005720: 00 00 00 00 00 00 00 00 00 00 00 00 00 00 00 fa
  0x1c1e00005730: fa fa fa fa fa fa fa fa 00 00 00 00 00 00 00 00
  0x1c1e00005740: 00 00 00 00 00 00 00 00 00 00 00 00 00 fa fa fa
  0x1c1e00005750: fa fa fa fa fa fa fd fd fd fd fd fd fd fd fd fd
=>0x1c1e00005760: fd fd fd fd fd fd[fd]fd fd fd fd fa fa fa fa fa
  0x1c1e00005770: fa fa fa fa 00 00 00 00 00 00 00 00 00 00 00 00
  0x1c1e00005780: 00 00 00 00 00 00 00 00 00 fa fa fa fa fa fa fa
  0x1c1e00005790: fa fa fa fa fa fa fa fa fa fa fa fa fa fa fa fa
  0x1c1e000057a0: fa fa fa fa fa fa fa fa fa fa fa fa fa fa fa fa
  0x1c1e000057b0: 00 00 00 00 00 00 00 00 00 00 00 00 00 00 00 00
Shadow byte legend (one shadow byte represents 8 application bytes):
  Addressable:           00
  Partially addressable: 01 02 03 04 05 06 07 
  Heap left redzone:       fa
  Freed heap region:       fd
  Stack left redzone:      f1
  Stack mid redzone:       f2
  Stack right redzone:     f3
  Stack after return:      f5
  Stack use after scope:   f8
  Global redzone:          f9
  Global init order:       f6
  Poisoned by user:        f7
  Container overflow:      fc
  Array cookie:            ac
  Intra object redzone:    bb
  ASan internal:           fe
  Left alloca redzone:     ca
  Right alloca redzone:    cb
==18442==ABORTING
Abort trap: 6

