This file contains any messages produced by compilers while
running configure, to aid debugging if configure makes a mistake.

It was created by wxWidgets configure 2.9.2, which was
generated by GNU Autoconf 2.61.  Invocation command line was

  $ ./configure 

## --------- ##
## Platform. ##
## --------- ##

hostname = dank-win-pc
uname -m = i686
uname -r = 1.7.7(0.230/5/3)
uname -s = CYGWIN_NT-6.1-WOW64
uname -v = 2010-08-31 09:58

/usr/bin/uname -p = unknown
/bin/uname -X     = unknown

/bin/arch              = i686
/usr/bin/arch -k       = unknown
/usr/convex/getsysinfo = unknown
/usr/bin/hostinfo      = unknown
/bin/machine           = unknown
/usr/bin/oslevel       = unknown
/bin/universe          = unknown

PATH: /usr/local/bin
PATH: /usr/bin
PATH: /bin
PATH: /cygdrive/c/Program Files/Common Files/Microsoft Shared/Windows Live
PATH: /cygdrive/c/Program Files (x86)/Common Files/Microsoft Shared/Windows Live
PATH: /cygdrive/c/Program Files (x86)/NVIDIA Corporation/PhysX/Common
PATH: /cygdrive/c/Windows/system32
PATH: /cygdrive/c/Windows
PATH: /cygdrive/c/Windows/System32/Wbem
PATH: /cygdrive/c/Windows/System32/WindowsPowerShell/v1.0/
PATH: /cygdrive/c/Program Files (x86)/NTRU Cryptosystems/NTRU TCG Software Stack/bin/
PATH: /cygdrive/c/Program Files/NTRU Cryptosystems/NTRU TCG Software Stack/bin/
PATH: /cygdrive/c/Program Files/Wave Systems Corp/Gemalto/Access Client/v5/
PATH: /cygdrive/c/Program Files/Intel/DMIX
PATH: /cygdrive/c/Program Files (x86)/Microsoft SQL Server/100/Tools/Binn/
PATH: /cygdrive/c/Program Files (x86)/Microsoft SQL Server/100/DTS/Binn/
PATH: /cygdrive/c/Program Files (x86)/PFPS/system
PATH: /cygdrive/c/Program Files (x86)/Windows Live/Shared


## ----------- ##
## Core tests. ##
## ----------- ##

configure:2499: checking build system type
configure:2517: result: i686-pc-cygwin
configure:2539: checking host system type
configure:2554: result: i686-pc-cygwin
configure:3015: checking for --disable-gui
configure:3045: result: no
configure:3059: checking for --enable-monolithic
configure:3089: result: no
configure:3103: checking for --enable-plugins
configure:3133: result: no
configure:3146: checking for --without-subdirs
configure:3177: result: no
configure:3197: checking for --enable-official_build
configure:3227: result: no
configure:3250: checking for --disable-all-features
configure:3280: result: no
configure:3302: checking for --enable-universal
configure:3332: result: no
configure:3463: checking for --enable-nanox
configure:3493: result: no
configure:3513: checking for --enable-gpe
configure:3543: result: no
configure:3548: checking for toolkit
configure:3630: result: msw
configure:3653: checking for --with-libpng
configure:3683: result: yes
configure:3701: checking for --with-libjpeg
configure:3731: result: yes
configure:3749: checking for --with-libtiff
configure:3779: result: yes
configure:3797: checking for --with-libxpm
configure:3827: result: yes
configure:3854: checking for --with-libiconv
configure:3885: result: yes
configure:3898: checking for --with-libmspack
configure:3929: result: no
configure:3942: checking for --without-gtkprint
configure:3973: result: no
configure:3986: checking for --without-gnomeprint
configure:4017: result: no
configure:4030: checking for --with-gnomevfs
configure:4061: result: no
configure:4074: checking for --with-hildon
configure:4105: result: no
configure:4118: checking for --with-opengl
configure:4149: result: auto
configure:4165: checking for --with-dmalloc
configure:4196: result: no
configure:4209: checking for --with-sdl
configure:4240: result: no
configure:4244: checking for --with-regex
configure:4274: result: yes
configure:4292: checking for --with-zlib
configure:4322: result: yes
configure:4340: checking for --with-expat
configure:4370: result: yes
configure:4388: checking for --with-macosx-sdk
configure:4399: result: 
configure:4402: checking for --with-macosx-version-min
configure:4413: result: 
configure:4417: checking for --enable-debug
configure:4471: checking for --disable-debug_flag
configure:4501: result: no
configure:4515: checking for --enable-debug_info
configure:4545: result: no
configure:4561: checking for --enable-debug_gdb
configure:4591: result: no
configure:4605: checking for --enable-debug_cntxt
configure:4635: result: no
configure:4649: checking for --enable-mem_tracing
configure:4679: result: no
configure:4695: checking for --disable-shared
configure:4725: result: no
configure:4739: checking for --enable-stl
configure:4769: result: no
configure:4783: checking for --enable-std_iostreams
configure:4813: result: yes
configure:4827: checking for --enable-std_string
configure:4857: result: yes
configure:4871: checking for --disable-unicode
configure:4901: result: no
configure:4915: checking for --enable-mslu
configure:4945: result: no
configure:4950: checking for --enable-utf8
configure:4966: result: auto
configure:4980: checking for --enable-utf8only
configure:5010: result: no
configure:5024: checking for --enable-extended_rtti
configure:5054: result: no
configure:5116: checking for --disable-optimise
configure:5146: result: no
configure:5161: checking for --enable-profile
configure:5191: result: no
configure:5205: checking for --enable-no_rtti
configure:5235: result: no
configure:5249: checking for --enable-no_exceptions
configure:5279: result: no
configure:5293: checking for --enable-permissive
configure:5323: result: no
configure:5337: checking for --enable-no_deps
configure:5367: result: no
configure:5381: checking for --disable-vararg_macros
configure:5411: result: no
configure:5417: checking for --enable-universal_binary
configure:5433: result: no
configure:5438: checking for --enable-macosx_arch
configure:5454: result: no
configure:5469: checking for --enable-compat26
configure:5499: result: no
configure:5513: checking for --disable-compat28
configure:5543: result: no
configure:5558: checking for --disable-rpath
configure:5588: result: no
configure:5603: checking for --enable-objc_uniquifying
configure:5633: result: no
configure:5648: checking for --disable-visibility
configure:5678: result: no
configure:5692: checking for --disable-tls
configure:5722: result: no
configure:5738: checking for --enable-intl
configure:5768: result: yes
configure:5782: checking for --enable-xlocale
configure:5812: result: yes
configure:5826: checking for --enable-config
configure:5856: result: yes
configure:5871: checking for --enable-protocols
configure:5901: result: yes
configure:5915: checking for --enable-ftp
configure:5945: result: yes
configure:5959: checking for --enable-http
configure:5989: result: yes
configure:6003: checking for --enable-fileproto
configure:6033: result: yes
configure:6047: checking for --enable-sockets
configure:6077: result: yes
configure:6091: checking for --enable-ipv6
configure:6121: result: no
configure:6135: checking for --enable-ole
configure:6165: result: yes
configure:6179: checking for --enable-dataobj
configure:6209: result: yes
configure:6224: checking for --enable-ipc
configure:6254: result: yes
configure:6269: checking for --enable-baseevtloop
configure:6299: result: yes
configure:6313: checking for --enable-epollloop
configure:6343: result: yes
configure:6357: checking for --enable-selectloop
configure:6387: result: yes
configure:6402: checking for --enable-any
configure:6432: result: yes
configure:6446: checking for --enable-apple_ieee
configure:6476: result: yes
configure:6490: checking for --enable-arcstream
configure:6520: result: yes
configure:6534: checking for --enable-base64
configure:6564: result: yes
configure:6578: checking for --enable-backtrace
configure:6608: result: yes
configure:6622: checking for --enable-catch_segvs
configure:6652: result: yes
configure:6666: checking for --enable-cmdline
configure:6696: result: yes
configure:6710: checking for --enable-datetime
configure:6740: result: yes
configure:6754: checking for --enable-debugreport
configure:6784: result: yes
configure:6798: checking for --enable-dialupman
configure:6828: result: yes
configure:6842: checking for --enable-dynlib
configure:6872: result: yes
configure:6886: checking for --enable-dynamicloader
configure:6916: result: yes
configure:6930: checking for --enable-exceptions
configure:6960: result: yes
configure:6974: checking for --enable-ffile
configure:7004: result: yes
configure:7018: checking for --enable-file
configure:7048: result: yes
configure:7062: checking for --enable-filehistory
configure:7092: result: yes
configure:7106: checking for --enable-filesystem
configure:7136: result: yes
configure:7150: checking for --enable-fontenum
configure:7180: result: yes
configure:7194: checking for --enable-fontmap
configure:7224: result: yes
configure:7238: checking for --enable-fs_archive
configure:7268: result: yes
configure:7282: checking for --enable-fs_inet
configure:7312: result: yes
configure:7326: checking for --enable-fs_zip
configure:7356: result: yes
configure:7370: checking for --enable-fswatcher
configure:7400: result: yes
configure:7414: checking for --enable-geometry
configure:7444: result: yes
configure:7458: checking for --enable-log
configure:7488: result: yes
configure:7502: checking for --enable-longlong
configure:7532: result: yes
configure:7546: checking for --enable-mimetype
configure:7576: result: yes
configure:7590: checking for --enable-printfposparam
configure:7620: result: yes
configure:7634: checking for --enable-snglinst
configure:7664: result: yes
configure:7678: checking for --enable-sound
configure:7708: result: yes
configure:7722: checking for --enable-stdpaths
configure:7752: result: yes
configure:7766: checking for --enable-stopwatch
configure:7796: result: yes
configure:7810: checking for --enable-streams
configure:7840: result: yes
configure:7854: checking for --enable-sysoptions
configure:7884: result: yes
configure:7898: checking for --enable-tarstream
configure:7928: result: yes
configure:7942: checking for --enable-textbuf
configure:7972: result: yes
configure:7986: checking for --enable-textfile
configure:8016: result: yes
configure:8030: checking for --enable-timer
configure:8060: result: yes
configure:8074: checking for --enable-variant
configure:8104: result: yes
configure:8118: checking for --enable-zipstream
configure:8148: result: yes
configure:8163: checking for --enable-url
configure:8193: result: yes
configure:8207: checking for --enable-protocol
configure:8237: result: yes
configure:8251: checking for --enable-protocol_http
configure:8281: result: yes
configure:8295: checking for --enable-protocol_ftp
configure:8325: result: yes
configure:8339: checking for --enable-protocol_file
configure:8369: result: yes
configure:8384: checking for --enable-threads
configure:8414: result: yes
configure:8429: checking for --enable-iniconf
configure:8459: result: no
configure:8473: checking for --enable-regkey
configure:8503: result: yes
configure:8521: checking for --enable-docview
configure:8551: result: yes
configure:8565: checking for --enable-help
configure:8595: result: yes
configure:8609: checking for --enable-mshtmlhelp
configure:8639: result: yes
configure:8653: checking for --enable-html
configure:8683: result: yes
configure:8697: checking for --enable-htmlhelp
configure:8727: result: yes
configure:8741: checking for --enable-xrc
configure:8771: result: yes
configure:8785: checking for --enable-aui
configure:8815: result: yes
configure:8829: checking for --enable-propgrid
configure:8859: result: yes
configure:8873: checking for --enable-ribbon
configure:8903: result: yes
configure:8917: checking for --enable-stc
configure:8947: result: yes
configure:8961: checking for --enable-constraints
configure:8991: result: yes
configure:9005: checking for --enable-loggui
configure:9035: result: yes
configure:9049: checking for --enable-logwin
configure:9079: result: yes
configure:9093: checking for --enable-logdialog
configure:9123: result: yes
configure:9137: checking for --enable-mdi
configure:9167: result: yes
configure:9181: checking for --enable-mdidoc
configure:9211: result: yes
configure:9225: checking for --enable-mediactrl
configure:9255: result: auto
configure:9269: checking for --enable-gstreamer8
configure:9299: result: no
configure:9313: checking for --enable-webkit
configure:9343: result: yes
configure:9357: checking for --enable-richtext
configure:9387: result: yes
configure:9401: checking for --enable-postscript
configure:9431: result: yes
configure:9445: checking for --enable-printarch
configure:9475: result: yes
configure:9489: checking for --enable-svg
configure:9519: result: yes
configure:9535: checking for --enable-graphics_ctx
configure:9565: result: yes
configure:9582: checking for --enable-clipboard
configure:9612: result: yes
configure:9626: checking for --enable-dnd
configure:9656: result: yes
configure:9670: checking for --enable-metafile
configure:9700: result: yes
configure:9717: checking for --disable-controls
configure:9747: result: no
configure:9821: checking for --enable-accel
configure:9851: result: yes
configure:9865: checking for --enable-animatectrl
configure:9895: result: yes
configure:9909: checking for --enable-bmpbutton
configure:9939: result: yes
configure:9953: checking for --enable-bmpcombobox
configure:9983: result: yes
configure:9997: checking for --enable-button
configure:10027: result: yes
configure:10041: checking for --enable-calendar
configure:10071: result: yes
configure:10085: checking for --enable-caret
configure:10115: result: yes
configure:10129: checking for --enable-checkbox
configure:10159: result: yes
configure:10173: checking for --enable-checklst
configure:10203: result: yes
configure:10217: checking for --enable-choice
configure:10247: result: yes
configure:10261: checking for --enable-choicebook
configure:10291: result: yes
configure:10305: checking for --enable-collpane
configure:10335: result: yes
configure:10349: checking for --enable-colourpicker
configure:10379: result: yes
configure:10393: checking for --enable-combobox
configure:10423: result: yes
configure:10437: checking for --enable-comboctrl
configure:10467: result: yes
configure:10481: checking for --enable-commandlinkbutton
configure:10511: result: yes
configure:10525: checking for --enable-dataviewctrl
configure:10555: result: yes
configure:10569: checking for --enable-datepick
configure:10599: result: yes
configure:10613: checking for --enable-detect_sm
configure:10643: result: yes
configure:10657: checking for --enable-dirpicker
configure:10687: result: yes
configure:10701: checking for --enable-display
configure:10731: result: yes
configure:10745: checking for --enable-editablebox
configure:10775: result: yes
configure:10789: checking for --enable-filectrl
configure:10819: result: yes
configure:10833: checking for --enable-filepicker
configure:10863: result: yes
configure:10877: checking for --enable-fontpicker
configure:10907: result: yes
configure:10921: checking for --enable-gauge
configure:10951: result: yes
configure:10965: checking for --enable-grid
configure:10995: result: yes
configure:11009: checking for --enable-headerctrl
configure:11039: result: yes
configure:11053: checking for --enable-hyperlink
configure:11083: result: yes
configure:11097: checking for --enable-imaglist
configure:11127: result: yes
configure:11141: checking for --enable-infobar
configure:11171: result: yes
configure:11185: checking for --enable-listbook
configure:11215: result: yes
configure:11229: checking for --enable-listbox
configure:11259: result: yes
configure:11273: checking for --enable-listctrl
configure:11303: result: yes
configure:11317: checking for --enable-notebook
configure:11347: result: yes
configure:11361: checking for --enable-notifmsg
configure:11391: result: yes
configure:11405: checking for --enable-odcombobox
configure:11435: result: yes
configure:11449: checking for --enable-popupwin
configure:11479: result: yes
configure:11493: checking for --enable-radiobox
configure:11523: result: yes
configure:11537: checking for --enable-radiobtn
configure:11567: result: yes
configure:11581: checking for --enable-richmsgdlg
configure:11611: result: yes
configure:11625: checking for --enable-rearrangectrl
configure:11655: result: yes
configure:11669: checking for --enable-sash
configure:11699: result: yes
configure:11713: checking for --enable-scrollbar
configure:11743: result: yes
configure:11757: checking for --enable-searchctrl
configure:11787: result: yes
configure:11801: checking for --enable-slider
configure:11831: result: yes
configure:11845: checking for --enable-spinbtn
configure:11875: result: yes
configure:11889: checking for --enable-spinctrl
configure:11919: result: yes
configure:11933: checking for --enable-splitter
configure:11963: result: yes
configure:11977: checking for --enable-statbmp
configure:12007: result: yes
configure:12021: checking for --enable-statbox
configure:12051: result: yes
configure:12065: checking for --enable-statline
configure:12095: result: yes
configure:12109: checking for --enable-stattext
configure:12139: result: yes
configure:12153: checking for --enable-statusbar
configure:12183: result: yes
configure:12197: checking for --enable-taskbaricon
configure:12227: result: yes
configure:12241: checking for --enable-tbarnative
configure:12271: result: yes
configure:12285: checking for --enable-textctrl
configure:12315: result: yes
configure:12329: checking for --enable-tipwindow
configure:12359: result: yes
configure:12373: checking for --enable-togglebtn
configure:12403: result: yes
configure:12417: checking for --enable-toolbar
configure:12447: result: yes
configure:12461: checking for --enable-toolbook
configure:12491: result: yes
configure:12505: checking for --enable-treebook
configure:12535: result: yes
configure:12549: checking for --enable-treectrl
configure:12579: result: yes
configure:12595: checking for --enable-commondlg
configure:12625: result: yes
configure:12639: checking for --enable-aboutdlg
configure:12669: result: yes
configure:12683: checking for --enable-choicedlg
configure:12713: result: yes
configure:12727: checking for --enable-coldlg
configure:12757: result: yes
configure:12771: checking for --enable-filedlg
configure:12801: result: yes
configure:12815: checking for --enable-finddlg
configure:12845: result: yes
configure:12859: checking for --enable-fontdlg
configure:12889: result: yes
configure:12903: checking for --enable-dirdlg
configure:12933: result: yes
configure:12947: checking for --enable-msgdlg
configure:12977: result: yes
configure:12991: checking for --enable-numberdlg
configure:13021: result: yes
configure:13035: checking for --enable-splash
configure:13065: result: yes
configure:13079: checking for --enable-textdlg
configure:13109: result: yes
configure:13123: checking for --enable-tipdlg
configure:13153: result: yes
configure:13167: checking for --enable-progressdlg
configure:13197: result: yes
configure:13211: checking for --enable-wizarddlg
configure:13241: result: yes
configure:13257: checking for --enable-menus
configure:13287: result: yes
configure:13301: checking for --enable-miniframe
configure:13331: result: yes
configure:13345: checking for --enable-tooltips
configure:13375: result: yes
configure:13389: checking for --enable-splines
configure:13419: result: yes
configure:13433: checking for --enable-mousewheel
configure:13463: result: yes
configure:13477: checking for --enable-validators
configure:13507: result: yes
configure:13521: checking for --enable-busyinfo
configure:13551: result: yes
configure:13565: checking for --enable-joystick
configure:13595: result: yes
configure:13609: checking for --enable-metafile
configure:13639: result: yes
configure:13653: checking for --enable-dragimage
configure:13683: result: yes
configure:13697: checking for --enable-accessibility
configure:13727: result: no
configure:13741: checking for --enable-uiactionsim
configure:13771: result: yes
configure:13787: checking for --enable-palette
configure:13817: result: yes
configure:13831: checking for --enable-image
configure:13861: result: yes
configure:13875: checking for --enable-gif
configure:13905: result: yes
configure:13919: checking for --enable-pcx
configure:13949: result: yes
configure:13963: checking for --enable-tga
configure:13993: result: yes
configure:14007: checking for --enable-iff
configure:14037: result: yes
configure:14051: checking for --enable-pnm
configure:14081: result: yes
configure:14095: checking for --enable-xpm
configure:14125: result: yes
configure:14139: checking for --enable-ico_cur
configure:14169: result: yes
configure:14185: checking for --enable-dccache
configure:14215: result: yes
configure:14229: checking for --enable-ps-in-msw
configure:14259: result: yes
configure:14273: checking for --enable-ownerdrawn
configure:14303: result: yes
configure:14317: checking for --enable-uxtheme
configure:14347: result: yes
configure:14361: checking for --enable-wxdib
configure:14391: result: yes
configure:14410: checking for --enable-autoidman
configure:14440: result: yes
configure:14570: checking for gcc
configure:14586: found /usr/bin/gcc
configure:14597: result: gcc
configure:14835: checking for C compiler version
configure:14842: gcc --version >&5
gcc (GCC) 3.4.4 (cygming special, gdc 0.12, using dmd 0.125)
Copyright (C) 2004 Free Software Foundation, Inc.
This is free software; see the source for copying conditions.  There is NO
warranty; not even for MERCHANTABILITY or FITNESS FOR A PARTICULAR PURPOSE.

configure:14845: $? = 0
configure:14852: gcc -v >&5
Reading specs from /usr/lib/gcc/i686-pc-cygwin/3.4.4/specs
Configured with: /managed/gcc-build/final-v3-bootstrap/gcc-3.4.4-999/configure --verbose --program-suffix=-3 --prefix=/usr --exec-prefix=/usr --sysconfdir=/etc --libdir=/usr/lib --libexecdir=/usr/lib --mandir=/usr/share/man --infodir=/usr/share/info --enable-languages=c,ada,c++,d,f77,pascal,java,objc --enable-nls --without-included-gettext --enable-version-specific-runtime-libs --without-x --enable-libgcj --disable-java-awt --with-system-zlib --enable-interpreter --disable-libgcj-debug --enable-threads=posix --enable-java-gc=boehm --disable-win32-registry --enable-sjlj-exceptions --enable-hash-synchronization --enable-libstdcxx-debug
Thread model: posix
gcc version 3.4.4 (cygming special, gdc 0.12, using dmd 0.125)
configure:14855: $? = 0
configure:14862: gcc -V >&5
gcc: `-V' option must have argument
configure:14865: $? = 1
configure:14888: checking for C compiler default output file name
configure:14915: gcc    conftest.c  >&5
configure:14918: $? = 0
configure:14956: result: a.exe
configure:14973: checking whether the C compiler works
configure:14983: ./a.exe
configure:14986: $? = 0
configure:15003: result: yes
configure:15010: checking whether we are cross compiling
configure:15012: result: no
configure:15015: checking for suffix of executables
configure:15022: gcc -o conftest.exe    conftest.c  >&5
configure:15025: $? = 0
configure:15049: result: .exe
configure:15055: checking for suffix of object files
configure:15081: gcc -c   conftest.c >&5
configure:15084: $? = 0
configure:15107: result: o
configure:15111: checking whether we are using the GNU C compiler
configure:15140: gcc -c   conftest.c >&5
configure:15146: $? = 0
configure:15163: result: yes
configure:15168: checking whether gcc accepts -g
configure:15198: gcc -c -g  conftest.c >&5
configure:15204: $? = 0
configure:15303: result: yes
configure:15320: checking for gcc option to accept ISO C89
configure:15394: gcc  -c   conftest.c >&5
configure:15400: $? = 0
configure:15423: result: none needed
configure:15454: checking whether we are using the Intel C compiler
configure:15484: gcc -c   conftest.c >&5
conftest.c: In function `main':
conftest.c:14: error: `choke' undeclared (first use in this function)
conftest.c:14: error: (Each undeclared identifier is reported only once
conftest.c:14: error: for each function it appears in.)
conftest.c:14: error: parse error before "me"
configure:15490: $? = 1
configure: failed program was:
| /* confdefs.h.  */
| #define PACKAGE_NAME "wxWidgets"
| #define PACKAGE_TARNAME "wxwidgets"
| #define PACKAGE_VERSION "2.9.2"
| #define PACKAGE_STRING "wxWidgets 2.9.2"
| #define PACKAGE_BUGREPORT "wx-dev@lists.wxwidgets.org"
| /* end confdefs.h.  */
| 
| int
| main ()
| {
| 
|              #ifndef __INTEL_COMPILER
|                 choke me
|              #endif
| 
|   ;
|   return 0;
| }
configure:15508: result: no
configure:16551: checking how to run the C preprocessor
configure:16591: gcc -E  conftest.c
configure:16597: $? = 0
configure:16628: gcc -E  conftest.c
conftest.c:8:28: ac_nonexistent.h: No such file or directory
configure:16634: $? = 1
configure: failed program was:
| /* confdefs.h.  */
| #define PACKAGE_NAME "wxWidgets"
| #define PACKAGE_TARNAME "wxwidgets"
| #define PACKAGE_VERSION "2.9.2"
| #define PACKAGE_STRING "wxWidgets 2.9.2"
| #define PACKAGE_BUGREPORT "wx-dev@lists.wxwidgets.org"
| /* end confdefs.h.  */
| #include <ac_nonexistent.h>
configure:16667: result: gcc -E
configure:16696: gcc -E  conftest.c
configure:16702: $? = 0
configure:16733: gcc -E  conftest.c
conftest.c:8:28: ac_nonexistent.h: No such file or directory
configure:16739: $? = 1
configure: failed program was:
| /* confdefs.h.  */
| #define PACKAGE_NAME "wxWidgets"
| #define PACKAGE_TARNAME "wxwidgets"
| #define PACKAGE_VERSION "2.9.2"
| #define PACKAGE_STRING "wxWidgets 2.9.2"
| #define PACKAGE_BUGREPORT "wx-dev@lists.wxwidgets.org"
| /* end confdefs.h.  */
| #include <ac_nonexistent.h>
configure:16777: checking for grep that handles long lines and -e
configure:16851: result: /usr/bin/grep
configure:16856: checking for egrep
configure:16934: result: /usr/bin/grep -E
configure:16940: checking whether gcc needs -traditional
conftest.c:8:19: sgtty.h: No such file or directory
configure:16982: result: no
configure:17049: checking for g++
configure:17065: found /usr/bin/g++
configure:17076: result: g++
configure:17107: checking for C++ compiler version
configure:17114: g++ --version >&5
g++ (GCC) 3.4.4 (cygming special, gdc 0.12, using dmd 0.125)
Copyright (C) 2004 Free Software Foundation, Inc.
This is free software; see the source for copying conditions.  There is NO
warranty; not even for MERCHANTABILITY or FITNESS FOR A PARTICULAR PURPOSE.

configure:17117: $? = 0
configure:17124: g++ -v >&5
Reading specs from /usr/lib/gcc/i686-pc-cygwin/3.4.4/specs
Configured with: /managed/gcc-build/final-v3-bootstrap/gcc-3.4.4-999/configure --verbose --program-suffix=-3 --prefix=/usr --exec-prefix=/usr --sysconfdir=/etc --libdir=/usr/lib --libexecdir=/usr/lib --mandir=/usr/share/man --infodir=/usr/share/info --enable-languages=c,ada,c++,d,f77,pascal,java,objc --enable-nls --without-included-gettext --enable-version-specific-runtime-libs --without-x --enable-libgcj --disable-java-awt --with-system-zlib --enable-interpreter --disable-libgcj-debug --enable-threads=posix --enable-java-gc=boehm --disable-win32-registry --enable-sjlj-exceptions --enable-hash-synchronization --enable-libstdcxx-debug
Thread model: posix
gcc version 3.4.4 (cygming special, gdc 0.12, using dmd 0.125)
configure:17127: $? = 0
configure:17134: g++ -V >&5
g++: `-V' option must have argument
configure:17137: $? = 1
configure:17140: checking whether we are using the GNU C++ compiler
configure:17169: g++ -c   conftest.cpp >&5
configure:17175: $? = 0
configure:17192: result: yes
configure:17197: checking whether g++ accepts -g
configure:17227: g++ -c -g  conftest.cpp >&5
configure:17233: $? = 0
configure:17332: result: yes
configure:17368: checking whether we are using the Intel C++ compiler
configure:17398: g++ -c   conftest.cpp >&5
conftest.cpp: In function `int main()':
conftest.cpp:14: error: `choke' undeclared (first use this function)
conftest.cpp:14: error: (Each undeclared identifier is reported only once for each function it appears in.)
conftest.cpp:14: error: expected `;' before "me"
configure:17404: $? = 1
configure: failed program was:
| /* confdefs.h.  */
| #define PACKAGE_NAME "wxWidgets"
| #define PACKAGE_TARNAME "wxwidgets"
| #define PACKAGE_VERSION "2.9.2"
| #define PACKAGE_STRING "wxWidgets 2.9.2"
| #define PACKAGE_BUGREPORT "wx-dev@lists.wxwidgets.org"
| /* end confdefs.h.  */
| 
| int
| main ()
| {
| 
|              #ifndef __INTEL_COMPILER
|                 choke me
|              #endif
| 
|   ;
|   return 0;
| }
configure:17422: result: no
configure:18510: checking for ar
configure:18526: found /usr/bin/ar
configure:18537: result: ar
configure:19393: checking for strcasecmp() in string.h
configure:19424: gcc -o conftest.exe    conftest.c  >&5
configure:19430: $? = 0
configure:19449: result: yes
configure:19533: checking for ANSI C header files
configure:19563: gcc -c   conftest.c >&5
configure:19569: $? = 0
configure:19668: gcc -o conftest.exe    conftest.c  >&5
configure:19671: $? = 0
configure:19677: ./conftest.exe
configure:19680: $? = 0
configure:19697: result: yes
configure:19721: checking for sys/types.h
configure:19742: gcc -c   conftest.c >&5
configure:19748: $? = 0
configure:19764: result: yes
configure:19721: checking for sys/stat.h
configure:19742: gcc -c   conftest.c >&5
configure:19748: $? = 0
configure:19764: result: yes
configure:19721: checking for stdlib.h
configure:19742: gcc -c   conftest.c >&5
configure:19748: $? = 0
configure:19764: result: yes
configure:19721: checking for string.h
configure:19742: gcc -c   conftest.c >&5
configure:19748: $? = 0
configure:19764: result: yes
configure:19721: checking for memory.h
configure:19742: gcc -c   conftest.c >&5
configure:19748: $? = 0
configure:19764: result: yes
configure:19721: checking for strings.h
configure:19742: gcc -c   conftest.c >&5
configure:19748: $? = 0
configure:19764: result: yes
configure:19721: checking for inttypes.h
configure:19742: gcc -c   conftest.c >&5
configure:19748: $? = 0
configure:19764: result: yes
configure:19721: checking for stdint.h
configure:19742: gcc -c   conftest.c >&5
configure:19748: $? = 0
configure:19764: result: yes
configure:19721: checking for unistd.h
configure:19742: gcc -c   conftest.c >&5
configure:19748: $? = 0
configure:19764: result: yes
configure:19781: checking for langinfo.h
configure:19802: gcc -c   conftest.c >&5
configure:19808: $? = 0
configure:19824: result: yes
configure:19781: checking for wchar.h
configure:19802: gcc -c   conftest.c >&5
configure:19808: $? = 0
configure:19824: result: yes
configure:19970: checking for an ANSI C-conforming const
configure:20045: gcc -c   conftest.c >&5
configure:20051: $? = 0
configure:20066: result: yes
configure:20076: checking for inline
configure:20102: gcc -c   conftest.c >&5
configure:20108: $? = 0
configure:20126: result: inline
configure:20146: checking for short
configure:20176: gcc -c   conftest.c >&5
configure:20182: $? = 0
configure:20197: result: yes
configure:20204: checking size of short
configure:20506: gcc -o conftest.exe    conftest.c  >&5
configure:20509: $? = 0
configure:20515: ./conftest.exe
configure:20518: $? = 0
configure:20541: result: 2
configure:20551: checking for void *
configure:20581: gcc -c   conftest.c >&5
configure:20587: $? = 0
configure:20602: result: yes
configure:20609: checking size of void *
configure:20911: gcc -o conftest.exe    conftest.c  >&5
configure:20914: $? = 0
configure:20920: ./conftest.exe
configure:20923: $? = 0
configure:20946: result: 4
configure:20956: checking for int
configure:20986: gcc -c   conftest.c >&5
configure:20992: $? = 0
configure:21007: result: yes
configure:21014: checking size of int
configure:21316: gcc -o conftest.exe    conftest.c  >&5
configure:21319: $? = 0
configure:21325: ./conftest.exe
configure:21328: $? = 0
configure:21351: result: 4
configure:21361: checking for long
configure:21391: gcc -c   conftest.c >&5
configure:21397: $? = 0
configure:21412: result: yes
configure:21419: checking size of long
configure:21721: gcc -o conftest.exe    conftest.c  >&5
configure:21724: $? = 0
configure:21730: ./conftest.exe
configure:21733: $? = 0
configure:21756: result: 4
configure:21766: checking for size_t
configure:21796: gcc -c   conftest.c >&5
configure:21802: $? = 0
configure:21817: result: yes
configure:21824: checking size of size_t
configure:22126: gcc -o conftest.exe    conftest.c  >&5
configure:22129: $? = 0
configure:22135: ./conftest.exe
configure:22138: $? = 0
configure:22161: result: 4
configure:22991: checking for long long
configure:23021: gcc -c   conftest.c >&5
configure:23027: $? = 0
configure:23042: result: yes
configure:23049: checking size of long long
configure:23351: gcc -o conftest.exe    conftest.c  >&5
configure:23354: $? = 0
configure:23360: ./conftest.exe
configure:23363: $? = 0
configure:23386: result: 8
configure:23398: checking for wchar_t
configure:23445: gcc -c   conftest.c >&5
configure:23451: $? = 0
configure:23466: result: yes
configure:23473: checking size of wchar_t
configure:23877: gcc -o conftest.exe    conftest.c  >&5
configure:23880: $? = 0
configure:23886: ./conftest.exe
configure:23889: $? = 0
configure:23912: result: 2
configure:23928: checking for va_copy
configure:23963: g++ -o conftest.exe    conftest.cpp  >&5
/usr/lib/gcc/i686-pc-cygwin/3.4.4/../../../../i686-pc-cygwin/bin/ld: cannot find -lstdc++
collect2: ld returned 1 exit status
configure:23969: $? = 1
configure: failed program was:
| 
|             #include <stdarg.h>
|             void foo(char *f, ...)
|             {
|                 va_list ap1, ap2;
|                 va_start(ap1, f);
|                 va_copy(ap2, ap1);
|                 va_end(ap2);
|                 va_end(ap1);
|             }
|             int main()
|             {
|                 foo("hi", 17);
|                 return 0;
|             }
configure:23995: result: no
configure:24004: checking if va_list can be copied by value
configure:24039: gcc -o conftest.exe    conftest.c  >&5
configure:24042: $? = 0
configure:24048: ./conftest.exe
configure:24051: $? = 0
configure:24069: result: yes
configure:24082: checking whether the compiler supports variadic macros
configure:24121: g++ -c   conftest.cpp >&5
configure:24127: $? = 0
configure:24151: result: yes
configure:24172: checking for _FILE_OFFSET_BITS value needed for large files
configure:24203: gcc -c   conftest.c >&5
configure:24209: $? = 0
configure:24226: result: 64
configure:24306: checking if large file support is available
configure:24314: result: yes
configure:24411: checking for _LARGEFILE_SOURCE value needed for large files
configure:24438: g++ -o conftest.exe   -D_FILE_OFFSET_BITS=64  conftest.cpp  >&5
/usr/lib/gcc/i686-pc-cygwin/3.4.4/../../../../i686-pc-cygwin/bin/ld: cannot find -lstdc++
collect2: ld returned 1 exit status
configure:24444: $? = 1
configure: failed program was:
| /* confdefs.h.  */
| #define PACKAGE_NAME "wxWidgets"
| #define PACKAGE_TARNAME "wxwidgets"
| #define PACKAGE_VERSION "2.9.2"
| #define PACKAGE_STRING "wxWidgets 2.9.2"
| #define PACKAGE_BUGREPORT "wx-dev@lists.wxwidgets.org"
| #define __WIN32__ 1
| #define __WIN95__ 1
| #define __WINDOWS__ 1
| #define __GNUWIN32__ 1
| #define STRICT 1
| #define HAVE_STRCASECMP_IN_STRING_H 1
| #define STDC_HEADERS 1
| #define HAVE_SYS_TYPES_H 1
| #define HAVE_SYS_STAT_H 1
| #define HAVE_STDLIB_H 1
| #define HAVE_STRING_H 1
| #define HAVE_MEMORY_H 1
| #define HAVE_STRINGS_H 1
| #define HAVE_INTTYPES_H 1
| #define HAVE_STDINT_H 1
| #define HAVE_UNISTD_H 1
| #define HAVE_LANGINFO_H 1
| #define HAVE_WCHAR_H 1
| #define SIZEOF_SHORT 2
| #define SIZEOF_VOID_P 4
| #define SIZEOF_INT 4
| #define SIZEOF_LONG 4
| #define SIZEOF_SIZE_T 4
| #define SIZEOF_LONG_LONG 8
| #define SIZEOF_WCHAR_T 2
| #define HAVE_VARIADIC_MACROS 1
| #define _FILE_OFFSET_BITS 64
| #define HAVE_LARGEFILE_SUPPORT 1
| /* end confdefs.h.  */
| #include <stdio.h>
| int
| main ()
| {
| return fseeko (stdin, 0, 0) && (fseeko) (stdin, 0, 0);
|   ;
|   return 0;
| }
configure:24482: g++ -o conftest.exe   -D_FILE_OFFSET_BITS=64  conftest.cpp  >&5
/usr/lib/gcc/i686-pc-cygwin/3.4.4/../../../../i686-pc-cygwin/bin/ld: cannot find -lstdc++
collect2: ld returned 1 exit status
configure:24488: $? = 1
configure: failed program was:
| /* confdefs.h.  */
| #define PACKAGE_NAME "wxWidgets"
| #define PACKAGE_TARNAME "wxwidgets"
| #define PACKAGE_VERSION "2.9.2"
| #define PACKAGE_STRING "wxWidgets 2.9.2"
| #define PACKAGE_BUGREPORT "wx-dev@lists.wxwidgets.org"
| #define __WIN32__ 1
| #define __WIN95__ 1
| #define __WINDOWS__ 1
| #define __GNUWIN32__ 1
| #define STRICT 1
| #define HAVE_STRCASECMP_IN_STRING_H 1
| #define STDC_HEADERS 1
| #define HAVE_SYS_TYPES_H 1
| #define HAVE_SYS_STAT_H 1
| #define HAVE_STDLIB_H 1
| #define HAVE_STRING_H 1
| #define HAVE_MEMORY_H 1
| #define HAVE_STRINGS_H 1
| #define HAVE_INTTYPES_H 1
| #define HAVE_STDINT_H 1
| #define HAVE_UNISTD_H 1
| #define HAVE_LANGINFO_H 1
| #define HAVE_WCHAR_H 1
| #define SIZEOF_SHORT 2
| #define SIZEOF_VOID_P 4
| #define SIZEOF_INT 4
| #define SIZEOF_LONG 4
| #define SIZEOF_SIZE_T 4
| #define SIZEOF_LONG_LONG 8
| #define SIZEOF_WCHAR_T 2
| #define HAVE_VARIADIC_MACROS 1
| #define _FILE_OFFSET_BITS 64
| #define HAVE_LARGEFILE_SUPPORT 1
| /* end confdefs.h.  */
| #define _LARGEFILE_SOURCE 1
| #include <stdio.h>
| int
| main ()
| {
| return fseeko (stdin, 0, 0) && (fseeko) (stdin, 0, 0);
|   ;
|   return 0;
| }
configure:24508: result: unknown
configure:24542: checking whether byte ordering is bigendian
configure:24574: gcc -c   conftest.c >&5
configure:24580: $? = 0
configure:24611: gcc -c   conftest.c >&5
conftest.c: In function `main':
conftest.c:43: error: `not' undeclared (first use in this function)
conftest.c:43: error: (Each undeclared identifier is reported only once
conftest.c:43: error: for each function it appears in.)
conftest.c:43: error: parse error before "big"
configure:24617: $? = 1
configure: failed program was:
| /* confdefs.h.  */
| #define PACKAGE_NAME "wxWidgets"
| #define PACKAGE_TARNAME "wxwidgets"
| #define PACKAGE_VERSION "2.9.2"
| #define PACKAGE_STRING "wxWidgets 2.9.2"
| #define PACKAGE_BUGREPORT "wx-dev@lists.wxwidgets.org"
| #define __WIN32__ 1
| #define __WIN95__ 1
| #define __WINDOWS__ 1
| #define __GNUWIN32__ 1
| #define STRICT 1
| #define HAVE_STRCASECMP_IN_STRING_H 1
| #define STDC_HEADERS 1
| #define HAVE_SYS_TYPES_H 1
| #define HAVE_SYS_STAT_H 1
| #define HAVE_STDLIB_H 1
| #define HAVE_STRING_H 1
| #define HAVE_MEMORY_H 1
| #define HAVE_STRINGS_H 1
| #define HAVE_INTTYPES_H 1
| #define HAVE_STDINT_H 1
| #define HAVE_UNISTD_H 1
| #define HAVE_LANGINFO_H 1
| #define HAVE_WCHAR_H 1
| #define SIZEOF_SHORT 2
| #define SIZEOF_VOID_P 4
| #define SIZEOF_INT 4
| #define SIZEOF_LONG 4
| #define SIZEOF_SIZE_T 4
| #define SIZEOF_LONG_LONG 8
| #define SIZEOF_WCHAR_T 2
| #define HAVE_VARIADIC_MACROS 1
| #define _FILE_OFFSET_BITS 64
| #define HAVE_LARGEFILE_SUPPORT 1
| /* end confdefs.h.  */
| #include <sys/types.h>
| #include <sys/param.h>
| int
| main ()
| {
| 
| #if BYTE_ORDER != BIG_ENDIAN
|  not big endian
| #endif
|   ;
|   return 0;
| }
configure:24695: result: no
configure:24722: checking for iostream
configure:24743: g++ -c   conftest.cpp >&5
conftest.cpp:38:20: iostream: No such file or directory
configure:24749: $? = 1
configure: failed program was:
| /* confdefs.h.  */
| #define PACKAGE_NAME "wxWidgets"
| #define PACKAGE_TARNAME "wxwidgets"
| #define PACKAGE_VERSION "2.9.2"
| #define PACKAGE_STRING "wxWidgets 2.9.2"
| #define PACKAGE_BUGREPORT "wx-dev@lists.wxwidgets.org"
| #define __WIN32__ 1
| #define __WIN95__ 1
| #define __WINDOWS__ 1
| #define __GNUWIN32__ 1
| #define STRICT 1
| #define HAVE_STRCASECMP_IN_STRING_H 1
| #define STDC_HEADERS 1
| #define HAVE_SYS_TYPES_H 1
| #define HAVE_SYS_STAT_H 1
| #define HAVE_STDLIB_H 1
| #define HAVE_STRING_H 1
| #define HAVE_MEMORY_H 1
| #define HAVE_STRINGS_H 1
| #define HAVE_INTTYPES_H 1
| #define HAVE_STDINT_H 1
| #define HAVE_UNISTD_H 1
| #define HAVE_LANGINFO_H 1
| #define HAVE_WCHAR_H 1
| #define SIZEOF_SHORT 2
| #define SIZEOF_VOID_P 4
| #define SIZEOF_INT 4
| #define SIZEOF_LONG 4
| #define SIZEOF_SIZE_T 4
| #define SIZEOF_LONG_LONG 8
| #define SIZEOF_WCHAR_T 2
| #define HAVE_VARIADIC_MACROS 1
| #define _FILE_OFFSET_BITS 64
| #define HAVE_LARGEFILE_SUPPORT 1
| /* end confdefs.h.  */
| 
| 
| #include <iostream>
configure:24765: result: no
configure:24795: checking if C++ compiler supports the explicit keyword
configure:24834: g++ -c   conftest.cpp >&5
configure:24840: $? = 0
configure:24873: g++ -c   conftest.cpp >&5
conftest.cpp: In function `int main()':
conftest.cpp:45: error: invalid initialization of reference of type 'const Foo&' from expression of type 'int'
conftest.cpp:39: error: in passing argument 1 of `void TakeFoo(const Foo&)'
configure:24879: $? = 1
configure: failed program was:
| /* confdefs.h.  */
| #define PACKAGE_NAME "wxWidgets"
| #define PACKAGE_TARNAME "wxwidgets"
| #define PACKAGE_VERSION "2.9.2"
| #define PACKAGE_STRING "wxWidgets 2.9.2"
| #define PACKAGE_BUGREPORT "wx-dev@lists.wxwidgets.org"
| #define __WIN32__ 1
| #define __WIN95__ 1
| #define __WINDOWS__ 1
| #define __GNUWIN32__ 1
| #define STRICT 1
| #define HAVE_STRCASECMP_IN_STRING_H 1
| #define STDC_HEADERS 1
| #define HAVE_SYS_TYPES_H 1
| #define HAVE_SYS_STAT_H 1
| #define HAVE_STDLIB_H 1
| #define HAVE_STRING_H 1
| #define HAVE_MEMORY_H 1
| #define HAVE_STRINGS_H 1
| #define HAVE_INTTYPES_H 1
| #define HAVE_STDINT_H 1
| #define HAVE_UNISTD_H 1
| #define HAVE_LANGINFO_H 1
| #define HAVE_WCHAR_H 1
| #define SIZEOF_SHORT 2
| #define SIZEOF_VOID_P 4
| #define SIZEOF_INT 4
| #define SIZEOF_LONG 4
| #define SIZEOF_SIZE_T 4
| #define SIZEOF_LONG_LONG 8
| #define SIZEOF_WCHAR_T 2
| #define HAVE_VARIADIC_MACROS 1
| #define _FILE_OFFSET_BITS 64
| #define HAVE_LARGEFILE_SUPPORT 1
| #define wxUSE_IOSTREAMH 1
| /* end confdefs.h.  */
| 
|                 class Foo { public: explicit Foo(int) {} };
|                 static void TakeFoo(const Foo& foo) { }
| 
| int
| main ()
| {
| 
|                 TakeFoo(17);
|                 return 0;
| 
|   ;
|   return 0;
| }
configure:24913: result: yes
configure:25098: checking for std::wstring in <string>
configure:25125: g++ -c   conftest.cpp >&5
conftest.cpp:38:18: string: No such file or directory
conftest.cpp: In function `int main()':
conftest.cpp:42: error: `wstring' is not a member of `std'
conftest.cpp:42: error: expected `;' before "foo"
configure:25131: $? = 1
configure: failed program was:
| /* confdefs.h.  */
| #define PACKAGE_NAME "wxWidgets"
| #define PACKAGE_TARNAME "wxwidgets"
| #define PACKAGE_VERSION "2.9.2"
| #define PACKAGE_STRING "wxWidgets 2.9.2"
| #define PACKAGE_BUGREPORT "wx-dev@lists.wxwidgets.org"
| #define __WIN32__ 1
| #define __WIN95__ 1
| #define __WINDOWS__ 1
| #define __GNUWIN32__ 1
| #define STRICT 1
| #define HAVE_STRCASECMP_IN_STRING_H 1
| #define STDC_HEADERS 1
| #define HAVE_SYS_TYPES_H 1
| #define HAVE_SYS_STAT_H 1
| #define HAVE_STDLIB_H 1
| #define HAVE_STRING_H 1
| #define HAVE_MEMORY_H 1
| #define HAVE_STRINGS_H 1
| #define HAVE_INTTYPES_H 1
| #define HAVE_STDINT_H 1
| #define HAVE_UNISTD_H 1
| #define HAVE_LANGINFO_H 1
| #define HAVE_WCHAR_H 1
| #define SIZEOF_SHORT 2
| #define SIZEOF_VOID_P 4
| #define SIZEOF_INT 4
| #define SIZEOF_LONG 4
| #define SIZEOF_SIZE_T 4
| #define SIZEOF_LONG_LONG 8
| #define SIZEOF_WCHAR_T 2
| #define HAVE_VARIADIC_MACROS 1
| #define _FILE_OFFSET_BITS 64
| #define HAVE_LARGEFILE_SUPPORT 1
| #define wxUSE_IOSTREAMH 1
| #define HAVE_EXPLICIT 1
| /* end confdefs.h.  */
| #include <string>
| int
| main ()
| {
| std::wstring foo;
|   ;
|   return 0;
| }
configure:25149: result: no
configure:25160: checking if std::basic_string<wchar_t> works
configure:25200: g++ -c   conftest.cpp >&5
conftest.cpp:49:38: string: No such file or directory
conftest.cpp: In function `int main()':
conftest.cpp:54: error: `basic_string' is not a member of `std'
conftest.cpp:54: error: expected primary-expression before "wchar_t"
conftest.cpp:54: error: expected `;' before "wchar_t"
conftest.cpp:55: error: `foo' undeclared (first use this function)
conftest.cpp:55: error: (Each undeclared identifier is reported only once for each function it appears in.)
configure:25206: $? = 1
configure: failed program was:
| /* confdefs.h.  */
| #define PACKAGE_NAME "wxWidgets"
| #define PACKAGE_TARNAME "wxwidgets"
| #define PACKAGE_VERSION "2.9.2"
| #define PACKAGE_STRING "wxWidgets 2.9.2"
| #define PACKAGE_BUGREPORT "wx-dev@lists.wxwidgets.org"
| #define __WIN32__ 1
| #define __WIN95__ 1
| #define __WINDOWS__ 1
| #define __GNUWIN32__ 1
| #define STRICT 1
| #define HAVE_STRCASECMP_IN_STRING_H 1
| #define STDC_HEADERS 1
| #define HAVE_SYS_TYPES_H 1
| #define HAVE_SYS_STAT_H 1
| #define HAVE_STDLIB_H 1
| #define HAVE_STRING_H 1
| #define HAVE_MEMORY_H 1
| #define HAVE_STRINGS_H 1
| #define HAVE_INTTYPES_H 1
| #define HAVE_STDINT_H 1
| #define HAVE_UNISTD_H 1
| #define HAVE_LANGINFO_H 1
| #define HAVE_WCHAR_H 1
| #define SIZEOF_SHORT 2
| #define SIZEOF_VOID_P 4
| #define SIZEOF_INT 4
| #define SIZEOF_LONG 4
| #define SIZEOF_SIZE_T 4
| #define SIZEOF_LONG_LONG 8
| #define SIZEOF_WCHAR_T 2
| #define HAVE_VARIADIC_MACROS 1
| #define _FILE_OFFSET_BITS 64
| #define HAVE_LARGEFILE_SUPPORT 1
| #define wxUSE_IOSTREAMH 1
| #define HAVE_EXPLICIT 1
| /* end confdefs.h.  */
| 
|                     #ifdef HAVE_WCHAR_H
|                     #  ifdef __CYGWIN__
|                     #    include <stddef.h>
|                     #  endif
|                     #  include <wchar.h>
|                     #endif
|                     #ifdef HAVE_STDLIB_H
|                     #  include <stdlib.h>
|                     #endif
|                     #include <stdio.h>
|                     #include <string>
| 
| int
| main ()
| {
| std::basic_string<wchar_t> foo;
|                      const wchar_t* dummy = foo.c_str();
|   ;
|   return 0;
| }
configure:25224: result: no
configure:25233: error: Can't use --enable-std_string without std::wstring or std::basic_string<wchar_t>

## ---------------- ##
## Cache variables. ##
## ---------------- ##

ac_cv_build=i686-pc-cygwin
ac_cv_c_bigendian=no
ac_cv_c_compiler_gnu=yes
ac_cv_c_const=yes
ac_cv_c_inline=inline
ac_cv_cxx_compiler_gnu=yes
ac_cv_env_CAIRO_CFLAGS_set=
ac_cv_env_CAIRO_CFLAGS_value=
ac_cv_env_CAIRO_LIBS_set=
ac_cv_env_CAIRO_LIBS_value=
ac_cv_env_CCC_set=
ac_cv_env_CCC_value=
ac_cv_env_CC_set=
ac_cv_env_CC_value=
ac_cv_env_CFLAGS_set=
ac_cv_env_CFLAGS_value=
ac_cv_env_CPPFLAGS_set=
ac_cv_env_CPPFLAGS_value=
ac_cv_env_CPP_set=
ac_cv_env_CPP_value=
ac_cv_env_CXXCPP_set=
ac_cv_env_CXXCPP_value=
ac_cv_env_CXXFLAGS_set=
ac_cv_env_CXXFLAGS_value=
ac_cv_env_CXX_set=
ac_cv_env_CXX_value=
ac_cv_env_DIRECTFB_CFLAGS_set=
ac_cv_env_DIRECTFB_CFLAGS_value=
ac_cv_env_DIRECTFB_LIBS_set=
ac_cv_env_DIRECTFB_LIBS_value=
ac_cv_env_GNOMEVFS_CFLAGS_set=
ac_cv_env_GNOMEVFS_CFLAGS_value=
ac_cv_env_GNOMEVFS_LIBS_set=
ac_cv_env_GNOMEVFS_LIBS_value=
ac_cv_env_GST_CFLAGS_set=
ac_cv_env_GST_CFLAGS_value=
ac_cv_env_GST_LIBS_set=
ac_cv_env_GST_LIBS_value=
ac_cv_env_GTKPRINT_CFLAGS_set=
ac_cv_env_GTKPRINT_CFLAGS_value=
ac_cv_env_GTKPRINT_LIBS_set=
ac_cv_env_GTKPRINT_LIBS_value=
ac_cv_env_HILDON2_CFLAGS_set=
ac_cv_env_HILDON2_CFLAGS_value=
ac_cv_env_HILDON2_LIBS_set=
ac_cv_env_HILDON2_LIBS_value=
ac_cv_env_HILDON_CFLAGS_set=
ac_cv_env_HILDON_CFLAGS_value=
ac_cv_env_HILDON_LIBS_set=
ac_cv_env_HILDON_LIBS_value=
ac_cv_env_LDFLAGS_set=
ac_cv_env_LDFLAGS_value=
ac_cv_env_LIBGNOMEPRINTUI_CFLAGS_set=
ac_cv_env_LIBGNOMEPRINTUI_CFLAGS_value=
ac_cv_env_LIBGNOMEPRINTUI_LIBS_set=
ac_cv_env_LIBGNOMEPRINTUI_LIBS_value=
ac_cv_env_LIBS_set=
ac_cv_env_LIBS_value=
ac_cv_env_PANGOFT2_CFLAGS_set=
ac_cv_env_PANGOFT2_CFLAGS_value=
ac_cv_env_PANGOFT2_LIBS_set=
ac_cv_env_PANGOFT2_LIBS_value=
ac_cv_env_PANGOXFT_CFLAGS_set=
ac_cv_env_PANGOXFT_CFLAGS_value=
ac_cv_env_PANGOXFT_LIBS_set=
ac_cv_env_PANGOXFT_LIBS_value=
ac_cv_env_PANGOX_CFLAGS_set=
ac_cv_env_PANGOX_CFLAGS_value=
ac_cv_env_PANGOX_LIBS_set=
ac_cv_env_PANGOX_LIBS_value=
ac_cv_env_PKG_CONFIG_set=
ac_cv_env_PKG_CONFIG_value=
ac_cv_env_XMKMF_set=
ac_cv_env_XMKMF_value=
ac_cv_env_build_alias_set=
ac_cv_env_build_alias_value=
ac_cv_env_host_alias_set=
ac_cv_env_host_alias_value=
ac_cv_env_target_alias_set=
ac_cv_env_target_alias_value=
ac_cv_exeext=.exe
ac_cv_header_inttypes_h=yes
ac_cv_header_iostream=no
ac_cv_header_langinfo_h=yes
ac_cv_header_memory_h=yes
ac_cv_header_stdc=yes
ac_cv_header_stdint_h=yes
ac_cv_header_stdlib_h=yes
ac_cv_header_string_h=yes
ac_cv_header_strings_h=yes
ac_cv_header_sys_stat_h=yes
ac_cv_header_sys_types_h=yes
ac_cv_header_unistd_h=yes
ac_cv_header_wchar_h=yes
ac_cv_host=i686-pc-cygwin
ac_cv_objext=o
ac_cv_path_EGREP='/usr/bin/grep -E'
ac_cv_path_GREP=/usr/bin/grep
ac_cv_prog_CPP='gcc -E'
ac_cv_prog_ac_ct_AR=ar
ac_cv_prog_ac_ct_CC=gcc
ac_cv_prog_ac_ct_CXX=g++
ac_cv_prog_cc_c89=
ac_cv_prog_cc_g=yes
ac_cv_prog_cxx_g=yes
ac_cv_prog_gcc_traditional=no
ac_cv_sizeof_int=4
ac_cv_sizeof_long=4
ac_cv_sizeof_long_long=8
ac_cv_sizeof_short=2
ac_cv_sizeof_size_t=4
ac_cv_sizeof_void_p=4
ac_cv_sizeof_wchar_t=2
ac_cv_string_strcasecmp=yes
ac_cv_sys_file_offset_bits=64
ac_cv_sys_largefile_source=unknown
ac_cv_type_int=yes
ac_cv_type_long=yes
ac_cv_type_long_long=yes
ac_cv_type_short=yes
ac_cv_type_size_t=yes
ac_cv_type_void_p=yes
ac_cv_type_wchar_t=yes
bakefile_cv_c_compiler___INTEL_COMPILER=no
bakefile_cv_cxx_compiler___INTEL_COMPILER=no
wx_cv_class_stdbasicstring=no
wx_cv_class_stdstring=no
wx_cv_explicit=yes
wx_cv_func_va_copy=no
wx_cv_have_variadic_macros=yes
wx_cv_type_va_list_lvalue=yes
wx_cv_use_aboutdlg='wxUSE_ABOUTDLG=${DEFAULT_wxUSE_ABOUTDLG:-yes}'
wx_cv_use_accel='wxUSE_ACCEL=${DEFAULT_wxUSE_ACCEL:-yes}'
wx_cv_use_accessibility='wxUSE_ACCESSIBILITY=${DEFAULT_wxUSE_ACCESSIBILITY:-yes}'
wx_cv_use_all_features='wxUSE_ALL_FEATURES=${DEFAULT_wxUSE_ALL_FEATURES:-yes}'
wx_cv_use_animatectrl='wxUSE_ANIMATIONCTRL=${DEFAULT_wxUSE_ANIMATIONCTRL:-yes}'
wx_cv_use_any='wxUSE_ANY=${DEFAULT_wxUSE_ANY:-yes}'
wx_cv_use_apple_ieee='wxUSE_APPLE_IEEE=${DEFAULT_wxUSE_APPLE_IEEE:-yes}'
wx_cv_use_arcstream='wxUSE_ARCHIVE_STREAMS=${DEFAULT_wxUSE_ARCHIVE_STREAMS:-yes}'
wx_cv_use_aui='wxUSE_AUI=${DEFAULT_wxUSE_AUI:-yes}'
wx_cv_use_autoidman='wxUSE_AUTOID_MANAGEMENT=${DEFAULT_wxUSE_AUTOID_MANAGEMENT:-yes}'
wx_cv_use_backtrace='wxUSE_STACKWALKER=${DEFAULT_wxUSE_STACKWALKER:-yes}'
wx_cv_use_base64='wxUSE_BASE64=${DEFAULT_wxUSE_BASE64:-yes}'
wx_cv_use_baseevtloop='wxUSE_CONSOLE_EVENTLOOP=${DEFAULT_wxUSE_CONSOLE_EVENTLOOP:-yes}'
wx_cv_use_bmpbutton='wxUSE_BMPBUTTON=${DEFAULT_wxUSE_BMPBUTTON:-yes}'
wx_cv_use_bmpcombobox='wxUSE_BITMAPCOMBOBOX=${DEFAULT_wxUSE_BITMAPCOMBOBOX:-yes}'
wx_cv_use_busyinfo='wxUSE_BUSYINFO=${DEFAULT_wxUSE_BUSYINFO:-yes}'
wx_cv_use_button='wxUSE_BUTTON=${DEFAULT_wxUSE_BUTTON:-yes}'
wx_cv_use_calendar='wxUSE_CALCTRL=${DEFAULT_wxUSE_CALCTRL:-yes}'
wx_cv_use_caret='wxUSE_CARET=${DEFAULT_wxUSE_CARET:-yes}'
wx_cv_use_catch_segvs='wxUSE_ON_FATAL_EXCEPTION=${DEFAULT_wxUSE_ON_FATAL_EXCEPTION:-yes}'
wx_cv_use_checkbox='wxUSE_CHECKBOX=${DEFAULT_wxUSE_CHECKBOX:-yes}'
wx_cv_use_checklst='wxUSE_CHECKLST=${DEFAULT_wxUSE_CHECKLST:-yes}'
wx_cv_use_choice='wxUSE_CHOICE=${DEFAULT_wxUSE_CHOICE:-yes}'
wx_cv_use_choicebook='wxUSE_CHOICEBOOK=${DEFAULT_wxUSE_CHOICEBOOK:-yes}'
wx_cv_use_choicedlg='wxUSE_CHOICEDLG=${DEFAULT_wxUSE_CHOICEDLG:-yes}'
wx_cv_use_clipboard='wxUSE_CLIPBOARD=${DEFAULT_wxUSE_CLIPBOARD:-yes}'
wx_cv_use_cmdline='wxUSE_CMDLINE_PARSER=${DEFAULT_wxUSE_CMDLINE_PARSER:-yes}'
wx_cv_use_coldlg='wxUSE_COLOURDLG=${DEFAULT_wxUSE_COLOURDLG:-yes}'
wx_cv_use_collpane='wxUSE_COLLPANE=${DEFAULT_wxUSE_COLLPANE:-yes}'
wx_cv_use_colourpicker='wxUSE_COLOURPICKERCTRL=${DEFAULT_wxUSE_COLOURPICKERCTRL:-yes}'
wx_cv_use_combobox='wxUSE_COMBOBOX=${DEFAULT_wxUSE_COMBOBOX:-yes}'
wx_cv_use_comboctrl='wxUSE_COMBOCTRL=${DEFAULT_wxUSE_COMBOCTRL:-yes}'
wx_cv_use_commandlinkbutton='wxUSE_COMMANDLINKBUTTON=${DEFAULT_wxUSE_COMMANDLINKBUTTON:-yes}'
wx_cv_use_commondlg='wxUSE_COMMONDLGS=${DEFAULT_wxUSE_COMMONDLGS:-yes}'
wx_cv_use_compat26='WXWIN_COMPATIBILITY_2_6=${DEFAULT_WXWIN_COMPATIBILITY_2_6:-no}'
wx_cv_use_compat28='WXWIN_COMPATIBILITY_2_8=${DEFAULT_WXWIN_COMPATIBILITY_2_8:-yes}'
wx_cv_use_config='wxUSE_CONFIG=${DEFAULT_wxUSE_CONFIG:-yes}'
wx_cv_use_constraints='wxUSE_CONSTRAINTS=${DEFAULT_wxUSE_CONSTRAINTS:-yes}'
wx_cv_use_controls='wxUSE_CONTROLS=${DEFAULT_wxUSE_CONTROLS:-yes}'
wx_cv_use_dataobj='wxUSE_DATAOBJ=${DEFAULT_wxUSE_DATAOBJ:-yes}'
wx_cv_use_dataviewctrl='wxUSE_DATAVIEWCTRL=${DEFAULT_wxUSE_DATAVIEWCTRL:-yes}'
wx_cv_use_datepick='wxUSE_DATEPICKCTRL=${DEFAULT_wxUSE_DATEPICKCTRL:-yes}'
wx_cv_use_datetime='wxUSE_DATETIME=${DEFAULT_wxUSE_DATETIME:-yes}'
wx_cv_use_dccache='wxUSE_DC_CACHEING=${DEFAULT_wxUSE_DC_CACHEING:-yes}'
wx_cv_use_debug_cntxt='wxUSE_DEBUG_CONTEXT=${DEFAULT_wxUSE_DEBUG_CONTEXT:-no}'
wx_cv_use_debug_flag='wxUSE_DEBUG_FLAG=${DEFAULT_wxUSE_DEBUG_FLAG:-yes}'
wx_cv_use_debug_gdb='wxUSE_DEBUG_GDB=${DEFAULT_wxUSE_DEBUG_GDB:-no}'
wx_cv_use_debug_info='wxUSE_DEBUG_INFO=${DEFAULT_wxUSE_DEBUG_INFO:-no}'
wx_cv_use_debugreport='wxUSE_DEBUGREPORT=${DEFAULT_wxUSE_DEBUGREPORT:-yes}'
wx_cv_use_detect_sm='wxUSE_DETECT_SM=${DEFAULT_wxUSE_DETECT_SM:-yes}'
wx_cv_use_dialupman='wxUSE_DIALUP_MANAGER=${DEFAULT_wxUSE_DIALUP_MANAGER:-yes}'
wx_cv_use_dirdlg='wxUSE_DIRDLG=${DEFAULT_wxUSE_DIRDLG:-yes}'
wx_cv_use_dirpicker='wxUSE_DIRPICKERCTRL=${DEFAULT_wxUSE_DIRPICKERCTRL:-yes}'
wx_cv_use_display='wxUSE_DISPLAY=${DEFAULT_wxUSE_DISPLAY:-yes}'
wx_cv_use_dmalloc='wxUSE_DMALLOC=${DEFAULT_wxUSE_DMALLOC:-yes}'
wx_cv_use_dnd='wxUSE_DRAG_AND_DROP=${DEFAULT_wxUSE_DRAG_AND_DROP:-yes}'
wx_cv_use_docview='wxUSE_DOC_VIEW_ARCHITECTURE=${DEFAULT_wxUSE_DOC_VIEW_ARCHITECTURE:-yes}'
wx_cv_use_dragimage='wxUSE_DRAGIMAGE=${DEFAULT_wxUSE_DRAGIMAGE:-yes}'
wx_cv_use_dynamicloader='wxUSE_DYNAMIC_LOADER=${DEFAULT_wxUSE_DYNAMIC_LOADER:-yes}'
wx_cv_use_dynlib='wxUSE_DYNLIB_CLASS=${DEFAULT_wxUSE_DYNLIB_CLASS:-yes}'
wx_cv_use_editablebox='wxUSE_EDITABLELISTBOX=${DEFAULT_wxUSE_EDITABLELISTBOX:-yes}'
wx_cv_use_epollloop='wxUSE_EPOLL_DISPATCHER=${DEFAULT_wxUSE_EPOLL_DISPATCHER:-yes}'
wx_cv_use_exceptions='wxUSE_EXCEPTIONS=${DEFAULT_wxUSE_EXCEPTIONS:-yes}'
wx_cv_use_expat='wxUSE_EXPAT=${DEFAULT_wxUSE_EXPAT:-yes}'
wx_cv_use_extended_rtti='wxUSE_EXTENDED_RTTI=${DEFAULT_wxUSE_EXTENDED_RTTI:-no}'
wx_cv_use_ffile='wxUSE_FFILE=${DEFAULT_wxUSE_FFILE:-yes}'
wx_cv_use_file='wxUSE_FILE=${DEFAULT_wxUSE_FILE:-yes}'
wx_cv_use_filectrl='wxUSE_FILECTRL=${DEFAULT_wxUSE_FILECTRL:-yes}'
wx_cv_use_filedlg='wxUSE_FILEDLG=${DEFAULT_wxUSE_FILEDLG:-yes}'
wx_cv_use_filehistory='wxUSE_FILE_HISTORY=${DEFAULT_wxUSE_FILE_HISTORY:-yes}'
wx_cv_use_filepicker='wxUSE_FILEPICKERCTRL=${DEFAULT_wxUSE_FILEPICKERCTRL:-yes}'
wx_cv_use_fileproto='wxUSE_PROTOCOL_FILE=${DEFAULT_wxUSE_PROTOCOL_FILE:-yes}'
wx_cv_use_filesystem='wxUSE_FILESYSTEM=${DEFAULT_wxUSE_FILESYSTEM:-yes}'
wx_cv_use_finddlg='wxUSE_FINDREPLDLG=${DEFAULT_wxUSE_FINDREPLDLG:-yes}'
wx_cv_use_fontdlg='wxUSE_FONTDLG=${DEFAULT_wxUSE_FONTDLG:-yes}'
wx_cv_use_fontenum='wxUSE_FONTENUM=${DEFAULT_wxUSE_FONTENUM:-yes}'
wx_cv_use_fontmap='wxUSE_FONTMAP=${DEFAULT_wxUSE_FONTMAP:-yes}'
wx_cv_use_fontpicker='wxUSE_FONTPICKERCTRL=${DEFAULT_wxUSE_FONTPICKERCTRL:-yes}'
wx_cv_use_fs_archive='wxUSE_FS_ARCHIVE=${DEFAULT_wxUSE_FS_ARCHIVE:-yes}'
wx_cv_use_fs_inet='wxUSE_FS_INET=${DEFAULT_wxUSE_FS_INET:-yes}'
wx_cv_use_fs_zip='wxUSE_FS_ZIP=${DEFAULT_wxUSE_FS_ZIP:-yes}'
wx_cv_use_fswatcher='wxUSE_FSWATCHER=${DEFAULT_wxUSE_FSWATCHER:-yes}'
wx_cv_use_ftp='wxUSE_PROTOCOL_FTP=${DEFAULT_wxUSE_PROTOCOL_FTP:-yes}'
wx_cv_use_gauge='wxUSE_GAUGE=${DEFAULT_wxUSE_GAUGE:-yes}'
wx_cv_use_geometry='wxUSE_GEOMETRY=${DEFAULT_wxUSE_GEOMETRY:-yes}'
wx_cv_use_gif='wxUSE_GIF=${DEFAULT_wxUSE_GIF:-yes}'
wx_cv_use_gnomeprint='wxUSE_LIBGNOMEPRINT=${DEFAULT_wxUSE_LIBGNOMEPRINT:-yes}'
wx_cv_use_gnomevfs='wxUSE_LIBGNOMEVFS=${DEFAULT_wxUSE_LIBGNOMEVFS:-yes}'
wx_cv_use_gpe='wxUSE_GPE=${DEFAULT_wxUSE_GPE:-no}'
wx_cv_use_graphics_ctx='wxUSE_GRAPHICS_CONTEXT=${DEFAULT_wxUSE_GRAPHICS_CONTEXT:-yes}'
wx_cv_use_grid='wxUSE_GRID=${DEFAULT_wxUSE_GRID:-yes}'
wx_cv_use_gstreamer8='wxUSE_GSTREAMER8=${DEFAULT_wxUSE_GSTREAMER8:-yes}'
wx_cv_use_gtkprint='wxUSE_GTKPRINT=${DEFAULT_wxUSE_GTKPRINT:-yes}'
wx_cv_use_gui='wxUSE_GUI=${DEFAULT_wxUSE_GUI:-yes}'
wx_cv_use_headerctrl='wxUSE_HEADERCTRL=${DEFAULT_wxUSE_HEADERCTRL:-yes}'
wx_cv_use_help='wxUSE_HELP=${DEFAULT_wxUSE_HELP:-yes}'
wx_cv_use_hildon='wxUSE_LIBHILDON=${DEFAULT_wxUSE_LIBHILDON:-yes}'
wx_cv_use_html='wxUSE_HTML=${DEFAULT_wxUSE_HTML:-yes}'
wx_cv_use_htmlhelp='wxUSE_WXHTML_HELP=${DEFAULT_wxUSE_WXHTML_HELP:-yes}'
wx_cv_use_http='wxUSE_PROTOCOL_HTTP=${DEFAULT_wxUSE_PROTOCOL_HTTP:-yes}'
wx_cv_use_hyperlink='wxUSE_HYPERLINKCTRL=${DEFAULT_wxUSE_HYPERLINKCTRL:-yes}'
wx_cv_use_ico_cur='wxUSE_ICO_CUR=${DEFAULT_wxUSE_ICO_CUR:-yes}'
wx_cv_use_iff='wxUSE_IFF=${DEFAULT_wxUSE_IFF:-yes}'
wx_cv_use_image='wxUSE_IMAGE=${DEFAULT_wxUSE_IMAGE:-yes}'
wx_cv_use_imaglist='wxUSE_IMAGLIST=${DEFAULT_wxUSE_IMAGLIST:-yes}'
wx_cv_use_infobar='wxUSE_INFOBAR=${DEFAULT_wxUSE_INFOBAR:-yes}'
wx_cv_use_iniconf='wxUSE_INICONF=${DEFAULT_wxUSE_INICONF:-no}'
wx_cv_use_intl='wxUSE_INTL=${DEFAULT_wxUSE_INTL:-yes}'
wx_cv_use_ipc='wxUSE_IPC=${DEFAULT_wxUSE_IPC:-yes}'
wx_cv_use_ipv6='wxUSE_IPV6=${DEFAULT_wxUSE_IPV6:-yes}'
wx_cv_use_joystick='wxUSE_JOYSTICK=${DEFAULT_wxUSE_JOYSTICK:-yes}'
wx_cv_use_libiconv='wxUSE_LIBICONV=${DEFAULT_wxUSE_LIBICONV:-yes}'
wx_cv_use_libjpeg='wxUSE_LIBJPEG=${DEFAULT_wxUSE_LIBJPEG:-yes}'
wx_cv_use_libmspack='wxUSE_LIBMSPACK=${DEFAULT_wxUSE_LIBMSPACK:-yes}'
wx_cv_use_libpng='wxUSE_LIBPNG=${DEFAULT_wxUSE_LIBPNG:-yes}'
wx_cv_use_libtiff='wxUSE_LIBTIFF=${DEFAULT_wxUSE_LIBTIFF:-yes}'
wx_cv_use_libxpm='wxUSE_LIBXPM=${DEFAULT_wxUSE_LIBXPM:-yes}'
wx_cv_use_listbook='wxUSE_LISTBOOK=${DEFAULT_wxUSE_LISTBOOK:-yes}'
wx_cv_use_listbox='wxUSE_LISTBOX=${DEFAULT_wxUSE_LISTBOX:-yes}'
wx_cv_use_listctrl='wxUSE_LISTCTRL=${DEFAULT_wxUSE_LISTCTRL:-yes}'
wx_cv_use_log='wxUSE_LOG=${DEFAULT_wxUSE_LOG:-yes}'
wx_cv_use_logdialog='wxUSE_LOGDIALOG=${DEFAULT_wxUSE_LOGDIALOG:-yes}'
wx_cv_use_loggui='wxUSE_LOGGUI=${DEFAULT_wxUSE_LOGGUI:-yes}'
wx_cv_use_logwin='wxUSE_LOGWINDOW=${DEFAULT_wxUSE_LOGWINDOW:-yes}'
wx_cv_use_longlong='wxUSE_LONGLONG=${DEFAULT_wxUSE_LONGLONG:-yes}'
wx_cv_use_macosx_arch=wxUSE_MAC_ARCH=no
wx_cv_use_mdi='wxUSE_MDI=${DEFAULT_wxUSE_MDI:-yes}'
wx_cv_use_mdidoc='wxUSE_MDI_ARCHITECTURE=${DEFAULT_wxUSE_MDI_ARCHITECTURE:-yes}'
wx_cv_use_mediactrl='wxUSE_MEDIACTRL=${DEFAULT_wxUSE_MEDIACTRL:-yes}'
wx_cv_use_mem_tracing='wxUSE_MEM_TRACING=${DEFAULT_wxUSE_MEM_TRACING:-no}'
wx_cv_use_menus='wxUSE_MENUS=${DEFAULT_wxUSE_MENUS:-yes}'
wx_cv_use_metafile='wxUSE_METAFILE=${DEFAULT_wxUSE_METAFILE:-yes}'
wx_cv_use_mimetype='wxUSE_MIMETYPE=${DEFAULT_wxUSE_MIMETYPE:-yes}'
wx_cv_use_miniframe='wxUSE_MINIFRAME=${DEFAULT_wxUSE_MINIFRAME:-yes}'
wx_cv_use_monolithic='wxUSE_MONOLITHIC=${DEFAULT_wxUSE_MONOLITHIC:-no}'
wx_cv_use_mousewheel='wxUSE_MOUSEWHEEL=${DEFAULT_wxUSE_MOUSEWHEEL:-yes}'
wx_cv_use_msgdlg='wxUSE_MSGDLG=${DEFAULT_wxUSE_MSGDLG:-yes}'
wx_cv_use_mshtmlhelp='wxUSE_MS_HTML_HELP=${DEFAULT_wxUSE_MS_HTML_HELP:-yes}'
wx_cv_use_mslu='wxUSE_UNICODE_MSLU=${DEFAULT_wxUSE_UNICODE_MSLU:-no}'
wx_cv_use_nanox='wxUSE_NANOX=${DEFAULT_wxUSE_NANOX:-no}'
wx_cv_use_no_deps='wxUSE_NO_DEPS=${DEFAULT_wxUSE_NO_DEPS:-no}'
wx_cv_use_no_exceptions='wxUSE_NO_EXCEPTIONS=${DEFAULT_wxUSE_NO_EXCEPTIONS:-no}'
wx_cv_use_no_rtti='wxUSE_NO_RTTI=${DEFAULT_wxUSE_NO_RTTI:-no}'
wx_cv_use_notebook='wxUSE_NOTEBOOK=${DEFAULT_wxUSE_NOTEBOOK:-yes}'
wx_cv_use_notifmsg='wxUSE_NOTIFICATION_MESSAGE=${DEFAULT_wxUSE_NOTIFICATION_MESSAGE:-yes}'
wx_cv_use_numberdlg='wxUSE_NUMBERDLG=${DEFAULT_wxUSE_NUMBERDLG:-yes}'
wx_cv_use_objc_uniquifying='wxUSE_OBJC_UNIQUIFYING=${DEFAULT_wxUSE_OBJC_UNIQUIFYING:-no}'
wx_cv_use_odcombobox='wxUSE_ODCOMBOBOX=${DEFAULT_wxUSE_ODCOMBOBOX:-yes}'
wx_cv_use_official_build='wxUSE_OFFICIAL_BUILD=${DEFAULT_wxUSE_OFFICIAL_BUILD:-no}'
wx_cv_use_ole='wxUSE_OLE=${DEFAULT_wxUSE_OLE:-yes}'
wx_cv_use_opengl='wxUSE_OPENGL=${DEFAULT_wxUSE_OPENGL:-yes}'
wx_cv_use_optimise='wxUSE_OPTIMISE=${DEFAULT_wxUSE_OPTIMISE:-yes}'
wx_cv_use_ownerdrawn='wxUSE_OWNER_DRAWN=${DEFAULT_wxUSE_OWNER_DRAWN:-yes}'
wx_cv_use_palette='wxUSE_PALETTE=${DEFAULT_wxUSE_PALETTE:-yes}'
wx_cv_use_pcx='wxUSE_PCX=${DEFAULT_wxUSE_PCX:-yes}'
wx_cv_use_permissive='wxUSE_PERMISSIVE=${DEFAULT_wxUSE_PERMISSIVE:-no}'
wx_cv_use_plugins='wxUSE_PLUGINS=${DEFAULT_wxUSE_PLUGINS:-no}'
wx_cv_use_pnm='wxUSE_PNM=${DEFAULT_wxUSE_PNM:-yes}'
wx_cv_use_popupwin='wxUSE_POPUPWIN=${DEFAULT_wxUSE_POPUPWIN:-yes}'
wx_cv_use_postscript='wxUSE_POSTSCRIPT=${DEFAULT_wxUSE_POSTSCRIPT:-yes}'
wx_cv_use_printarch='wxUSE_PRINTING_ARCHITECTURE=${DEFAULT_wxUSE_PRINTING_ARCHITECTURE:-yes}'
wx_cv_use_printfposparam='wxUSE_PRINTF_POS_PARAMS=${DEFAULT_wxUSE_PRINTF_POS_PARAMS:-yes}'
wx_cv_use_profile='wxUSE_PROFILE=${DEFAULT_wxUSE_PROFILE:-no}'
wx_cv_use_progressdlg='wxUSE_PROGRESSDLG=${DEFAULT_wxUSE_PROGRESSDLG:-yes}'
wx_cv_use_propgrid='wxUSE_PROPGRID=${DEFAULT_wxUSE_PROPGRID:-yes}'
wx_cv_use_protocol='wxUSE_PROTOCOL=${DEFAULT_wxUSE_PROTOCOL:-yes}'
wx_cv_use_protocol_file='wxUSE_PROTOCOL_FILE=${DEFAULT_wxUSE_PROTOCOL_FILE:-yes}'
wx_cv_use_protocol_ftp='wxUSE_PROTOCOL_FTP=${DEFAULT_wxUSE_PROTOCOL_FTP:-yes}'
wx_cv_use_protocol_http='wxUSE_PROTOCOL_HTTP=${DEFAULT_wxUSE_PROTOCOL_HTTP:-yes}'
wx_cv_use_protocols='wxUSE_PROTOCOL=${DEFAULT_wxUSE_PROTOCOL:-yes}'
wx_cv_use_ps_in_msw='wxUSE_POSTSCRIPT_ARCHITECTURE_IN_MSW=${DEFAULT_wxUSE_POSTSCRIPT_ARCHITECTURE_IN_MSW:-yes}'
wx_cv_use_radiobox='wxUSE_RADIOBOX=${DEFAULT_wxUSE_RADIOBOX:-yes}'
wx_cv_use_radiobtn='wxUSE_RADIOBTN=${DEFAULT_wxUSE_RADIOBTN:-yes}'
wx_cv_use_rearrangectrl='wxUSE_REARRANGECTRL=${DEFAULT_wxUSE_REARRANGECTRL:-yes}'
wx_cv_use_regex='wxUSE_REGEX=${DEFAULT_wxUSE_REGEX:-yes}'
wx_cv_use_regkey='wxUSE_REGKEY=${DEFAULT_wxUSE_REGKEY:-yes}'
wx_cv_use_ribbon='wxUSE_RIBBON=${DEFAULT_wxUSE_RIBBON:-yes}'
wx_cv_use_richmsgdlg='wxUSE_RICHMSGDLG=${DEFAULT_wxUSE_RICHMSGDLG:-yes}'
wx_cv_use_richtext='wxUSE_RICHTEXT=${DEFAULT_wxUSE_RICHTEXT:-yes}'
wx_cv_use_rpath='wxUSE_RPATH=${DEFAULT_wxUSE_RPATH:-yes}'
wx_cv_use_sash='wxUSE_SASH=${DEFAULT_wxUSE_SASH:-yes}'
wx_cv_use_scrollbar='wxUSE_SCROLLBAR=${DEFAULT_wxUSE_SCROLLBAR:-yes}'
wx_cv_use_sdl='wxUSE_LIBSDL=${DEFAULT_wxUSE_LIBSDL:-yes}'
wx_cv_use_searchctrl='wxUSE_SEARCHCTRL=${DEFAULT_wxUSE_SEARCHCTRL:-yes}'
wx_cv_use_selectloop='wxUSE_SELECT_DISPATCHER=${DEFAULT_wxUSE_SELECT_DISPATCHER:-yes}'
wx_cv_use_shared='wxUSE_SHARED=${DEFAULT_wxUSE_SHARED:-yes}'
wx_cv_use_slider='wxUSE_SLIDER=${DEFAULT_wxUSE_SLIDER:-yes}'
wx_cv_use_snglinst='wxUSE_SNGLINST_CHECKER=${DEFAULT_wxUSE_SNGLINST_CHECKER:-yes}'
wx_cv_use_sockets='wxUSE_SOCKETS=${DEFAULT_wxUSE_SOCKETS:-yes}'
wx_cv_use_sound='wxUSE_SOUND=${DEFAULT_wxUSE_SOUND:-yes}'
wx_cv_use_spinbtn='wxUSE_SPINBTN=${DEFAULT_wxUSE_SPINBTN:-yes}'
wx_cv_use_spinctrl='wxUSE_SPINCTRL=${DEFAULT_wxUSE_SPINCTRL:-yes}'
wx_cv_use_splash='wxUSE_SPLASH=${DEFAULT_wxUSE_SPLASH:-yes}'
wx_cv_use_splines='wxUSE_SPLINES=${DEFAULT_wxUSE_SPLINES:-yes}'
wx_cv_use_splitter='wxUSE_SPLITTER=${DEFAULT_wxUSE_SPLITTER:-yes}'
wx_cv_use_statbmp='wxUSE_STATBMP=${DEFAULT_wxUSE_STATBMP:-yes}'
wx_cv_use_statbox='wxUSE_STATBOX=${DEFAULT_wxUSE_STATBOX:-yes}'
wx_cv_use_statline='wxUSE_STATLINE=${DEFAULT_wxUSE_STATLINE:-yes}'
wx_cv_use_stattext='wxUSE_STATTEXT=${DEFAULT_wxUSE_STATTEXT:-yes}'
wx_cv_use_statusbar='wxUSE_STATUSBAR=${DEFAULT_wxUSE_STATUSBAR:-yes}'
wx_cv_use_stc='wxUSE_STC=${DEFAULT_wxUSE_STC:-yes}'
wx_cv_use_std_iostreams='wxUSE_STD_IOSTREAM=${DEFAULT_wxUSE_STD_IOSTREAM:-no}'
wx_cv_use_std_string='wxUSE_STD_STRING=${DEFAULT_wxUSE_STD_STRING:-no}'
wx_cv_use_stdpaths='wxUSE_STDPATHS=${DEFAULT_wxUSE_STDPATHS:-yes}'
wx_cv_use_stl='wxUSE_STL=${DEFAULT_wxUSE_STL:-no}'
wx_cv_use_stopwatch='wxUSE_STOPWATCH=${DEFAULT_wxUSE_STOPWATCH:-yes}'
wx_cv_use_streams='wxUSE_STREAMS=${DEFAULT_wxUSE_STREAMS:-yes}'
wx_cv_use_subdirs='wxWITH_SUBDIRS=${DEFAULT_wxWITH_SUBDIRS:-yes}'
wx_cv_use_svg='wxUSE_SVG=${DEFAULT_wxUSE_SVG:-yes}'
wx_cv_use_sysoptions='wxUSE_SYSTEM_OPTIONS=${DEFAULT_wxUSE_SYSTEM_OPTIONS:-yes}'
wx_cv_use_tarstream='wxUSE_TARSTREAM=${DEFAULT_wxUSE_TARSTREAM:-yes}'
wx_cv_use_taskbaricon='wxUSE_TASKBARICON=${DEFAULT_wxUSE_TASKBARICON:-yes}'
wx_cv_use_tbarnative='wxUSE_TOOLBAR_NATIVE=${DEFAULT_wxUSE_TOOLBAR_NATIVE:-yes}'
wx_cv_use_textbuf='wxUSE_TEXTBUFFER=${DEFAULT_wxUSE_TEXTBUFFER:-yes}'
wx_cv_use_textctrl='wxUSE_TEXTCTRL=${DEFAULT_wxUSE_TEXTCTRL:-yes}'
wx_cv_use_textdlg='wxUSE_TEXTDLG=${DEFAULT_wxUSE_TEXTDLG:-yes}'
wx_cv_use_textfile='wxUSE_TEXTFILE=${DEFAULT_wxUSE_TEXTFILE:-yes}'
wx_cv_use_tga='wxUSE_TGA=${DEFAULT_wxUSE_TGA:-yes}'
wx_cv_use_threads='wxUSE_THREADS=${DEFAULT_wxUSE_THREADS:-yes}'
wx_cv_use_timer='wxUSE_TIMER=${DEFAULT_wxUSE_TIMER:-yes}'
wx_cv_use_tipdlg='wxUSE_STARTUP_TIPS=${DEFAULT_wxUSE_STARTUP_TIPS:-yes}'
wx_cv_use_tipwindow='wxUSE_TIPWINDOW=${DEFAULT_wxUSE_TIPWINDOW:-yes}'
wx_cv_use_tls='wxUSE_COMPILER_TLS=${DEFAULT_wxUSE_COMPILER_TLS:-yes}'
wx_cv_use_togglebtn='wxUSE_TOGGLEBTN=${DEFAULT_wxUSE_TOGGLEBTN:-yes}'
wx_cv_use_toolbar='wxUSE_TOOLBAR=${DEFAULT_wxUSE_TOOLBAR:-yes}'
wx_cv_use_toolbook='wxUSE_TOOLBOOK=${DEFAULT_wxUSE_TOOLBOOK:-yes}'
wx_cv_use_tooltips='wxUSE_TOOLTIPS=${DEFAULT_wxUSE_TOOLTIPS:-yes}'
wx_cv_use_treebook='wxUSE_TREEBOOK=${DEFAULT_wxUSE_TREEBOOK:-yes}'
wx_cv_use_treectrl='wxUSE_TREECTRL=${DEFAULT_wxUSE_TREECTRL:-yes}'
wx_cv_use_uiactionsim='wxUSE_UIACTIONSIMULATOR=${DEFAULT_wxUSE_UIACTIONSIMULATOR:-yes}'
wx_cv_use_unicode='wxUSE_UNICODE=${DEFAULT_wxUSE_UNICODE:-yes}'
wx_cv_use_universal='wxUSE_UNIVERSAL=${DEFAULT_wxUSE_UNIVERSAL:-no}'
wx_cv_use_universal_binary=wxUSE_UNIVERSAL_BINARY=no
wx_cv_use_url='wxUSE_URL=${DEFAULT_wxUSE_URL:-yes}'
wx_cv_use_utf8=wxUSE_UNICODE_UTF8=auto
wx_cv_use_utf8only='wxUSE_UNICODE_UTF8_LOCALE=${DEFAULT_wxUSE_UNICODE_UTF8_LOCALE:-no}'
wx_cv_use_uxtheme='wxUSE_UXTHEME=${DEFAULT_wxUSE_UXTHEME:-yes}'
wx_cv_use_validators='wxUSE_VALIDATORS=${DEFAULT_wxUSE_VALIDATORS:-yes}'
wx_cv_use_vararg_macros='wxUSE_VARARG_MACROS=${DEFAULT_wxUSE_VARARG_MACROS:-yes}'
wx_cv_use_variant='wxUSE_VARIANT=${DEFAULT_wxUSE_VARIANT:-yes}'
wx_cv_use_visibility='wxUSE_VISIBILITY=${DEFAULT_wxUSE_VISIBILITY:-yes}'
wx_cv_use_webkit='wxUSE_WEBKIT=${DEFAULT_wxUSE_WEBKIT:-yes}'
wx_cv_use_wizarddlg='wxUSE_WIZARDDLG=${DEFAULT_wxUSE_WIZARDDLG:-yes}'
wx_cv_use_wxdib='wxUSE_DIB=${DEFAULT_wxUSE_DIB:-yes}'
wx_cv_use_xlocale='wxUSE_XLOCALE=${DEFAULT_wxUSE_XLOCALE:-yes}'
wx_cv_use_xpm='wxUSE_XPM=${DEFAULT_wxUSE_XPM:-yes}'
wx_cv_use_xrc='wxUSE_XRC=${DEFAULT_wxUSE_XRC:-yes}'
wx_cv_use_zipstream='wxUSE_ZIPSTREAM=${DEFAULT_wxUSE_ZIPSTREAM:-yes}'
wx_cv_use_zlib='wxUSE_ZLIB=${DEFAULT_wxUSE_ZLIB:-yes}'

## ----------------- ##
## Output variables. ##
## ----------------- ##

AFMINSTALL=''
AIX_CXX_LD=''
ALL_WX_LIBS=''
AR='ar'
AROPTIONS=''
BK_DEPS=''
BK_MAKE_PCH=''
BUILT_WX_LIBS=''
CAIRO_CFLAGS=''
CAIRO_LIBS=''
CC='gcc'
CFLAGS=''
CFLAGS_VISIBILITY=''
COND_BUILD_DEBUG=''
COND_BUILD_DEBUG_DEBUG_FLAG_DEFAULT=''
COND_BUILD_DEBUG_DEBUG_INFO_DEFAULT=''
COND_BUILD_DEBUG_UNICODE_0=''
COND_BUILD_DEBUG_UNICODE_1=''
COND_BUILD_RELEASE=''
COND_BUILD_RELEASE_DEBUG_INFO_DEFAULT=''
COND_BUILD_RELEASE_UNICODE_0=''
COND_BUILD_RELEASE_UNICODE_1=''
COND_BUILD_debug=''
COND_BUILD_debug_DEBUG_FLAG_default=''
COND_BUILD_debug_DEBUG_INFO_default=''
COND_BUILD_debug_UNICODE_0=''
COND_BUILD_debug_UNICODE_1=''
COND_BUILD_release=''
COND_BUILD_release_DEBUG_INFO_default=''
COND_BUILD_release_UNICODE_0=''
COND_BUILD_release_UNICODE_1=''
COND_DEBUG_FLAG_0=''
COND_DEBUG_FLAG_1=''
COND_DEBUG_INFO_0=''
COND_DEBUG_INFO_1=''
COND_DEPS_TRACKING_0=''
COND_DEPS_TRACKING_1=''
COND_GCC_PCH_1=''
COND_ICC_PCH_1=''
COND_MONOLITHIC_0=''
COND_MONOLITHIC_0_SHARED_0=''
COND_MONOLITHIC_0_SHARED_0_USE_AUI_1=''
COND_MONOLITHIC_0_SHARED_0_USE_GUI_1=''
COND_MONOLITHIC_0_SHARED_0_USE_GUI_1_USE_HTML_1=''
COND_MONOLITHIC_0_SHARED_0_USE_GUI_1_USE_MEDIA_1=''
COND_MONOLITHIC_0_SHARED_0_USE_GUI_1_USE_QA_1=''
COND_MONOLITHIC_0_SHARED_0_USE_PROPGRID_1=''
COND_MONOLITHIC_0_SHARED_0_USE_RIBBON_1=''
COND_MONOLITHIC_0_SHARED_0_USE_RICHTEXT_1=''
COND_MONOLITHIC_0_SHARED_0_USE_STC_1=''
COND_MONOLITHIC_0_SHARED_0_USE_XRC_1=''
COND_MONOLITHIC_0_SHARED_1=''
COND_MONOLITHIC_0_SHARED_1_USE_AUI_1=''
COND_MONOLITHIC_0_SHARED_1_USE_GUI_1=''
COND_MONOLITHIC_0_SHARED_1_USE_GUI_1_USE_HTML_1=''
COND_MONOLITHIC_0_SHARED_1_USE_GUI_1_USE_MEDIA_1=''
COND_MONOLITHIC_0_SHARED_1_USE_GUI_1_USE_QA_1=''
COND_MONOLITHIC_0_SHARED_1_USE_PROPGRID_1=''
COND_MONOLITHIC_0_SHARED_1_USE_RIBBON_1=''
COND_MONOLITHIC_0_SHARED_1_USE_RICHTEXT_1=''
COND_MONOLITHIC_0_SHARED_1_USE_STC_1=''
COND_MONOLITHIC_0_SHARED_1_USE_XRC_1=''
COND_MONOLITHIC_0_USE_AUI_1=''
COND_MONOLITHIC_0_USE_GUI_1=''
COND_MONOLITHIC_0_USE_GUI_1_USE_MEDIA_1=''
COND_MONOLITHIC_0_USE_HTML_1=''
COND_MONOLITHIC_0_USE_MEDIA_1=''
COND_MONOLITHIC_0_USE_PROPGRID_1=''
COND_MONOLITHIC_0_USE_QA_1=''
COND_MONOLITHIC_0_USE_RIBBON_1=''
COND_MONOLITHIC_0_USE_RICHTEXT_1=''
COND_MONOLITHIC_0_USE_STC_1=''
COND_MONOLITHIC_0_USE_XRC_1=''
COND_MONOLITHIC_1=''
COND_MONOLITHIC_1_SHARED_0=''
COND_MONOLITHIC_1_SHARED_1=''
COND_OFFICIAL_BUILD_0_PLATFORM_WIN32_1=''
COND_OFFICIAL_BUILD_1_PLATFORM_WIN32_1=''
COND_PLATFORM_MACOSX_0_USE_SOVERCYGWIN_0_USE_SOVERSION_1=''
COND_PLATFORM_MACOSX_0_USE_SOVERSION_1=''
COND_PLATFORM_MACOSX_1=''
COND_PLATFORM_MACOSX_1_PLATFORM_MSDOS_0=''
COND_PLATFORM_MACOSX_1_PLATFORM_WIN32_1_SHARED_0=''
COND_PLATFORM_MACOSX_1_TOOLKIT_OSX_CARBON_USE_GUI_1=''
COND_PLATFORM_MACOSX_1_TOOLKIT_OSX_CARBON_USE_GUI_1_WXUNIV_0=''
COND_PLATFORM_MACOSX_1_TOOLKIT_OSX_COCOA_USE_GUI_1=''
COND_PLATFORM_MACOSX_1_TOOLKIT_OSX_COCOA_USE_GUI_1_WXUNIV_0=''
COND_PLATFORM_MACOSX_1_TOOLKIT_OSX_IPHONE_USE_GUI_1=''
COND_PLATFORM_MACOSX_1_TOOLKIT_OSX_IPHONE_USE_GUI_1_WXUNIV_0=''
COND_PLATFORM_MACOSX_1_USE_GUI_1=''
COND_PLATFORM_MACOSX_1_USE_OPENGL_1=''
COND_PLATFORM_MACOSX_1_USE_SOVERSION_1=''
COND_PLATFORM_MACOS_1=''
COND_PLATFORM_MAC_0=''
COND_PLATFORM_MAC_1=''
COND_PLATFORM_MSDOS_0=''
COND_PLATFORM_MSDOS_1=''
COND_PLATFORM_OS2_1=''
COND_PLATFORM_UNIX_0=''
COND_PLATFORM_UNIX_1=''
COND_PLATFORM_UNIX_1_TOOLKIT_MGL=''
COND_PLATFORM_UNIX_1_TOOLKIT_MGL_USE_GUI_1=''
COND_PLATFORM_UNIX_1_USE_GUI_1=''
COND_PLATFORM_UNIX_1_USE_PLUGINS_0=''
COND_PLATFORM_WIN32_0=''
COND_PLATFORM_WIN32_1=''
COND_PLATFORM_WIN32_1_SHARED_0=''
COND_PYTHON=''
COND_SHARED_0=''
COND_SHARED_0_TOOLKIT_MAC_WXUNIV_0=''
COND_SHARED_0_TOOLKIT_MSW_WXUNIV_0=''
COND_SHARED_0_TOOLKIT_PM_WXUNIV_0=''
COND_SHARED_0_USE_GUI_1_USE_OPENGL_1=''
COND_SHARED_0_USE_GUI_1_wxUSE_LIBJPEG_builtin=''
COND_SHARED_0_USE_GUI_1_wxUSE_LIBPNG_builtin=''
COND_SHARED_0_USE_GUI_1_wxUSE_LIBTIFF_builtin=''
COND_SHARED_0_USE_STC_1=''
COND_SHARED_0_wxUSE_EXPAT_builtin=''
COND_SHARED_0_wxUSE_REGEX_builtin=''
COND_SHARED_0_wxUSE_ZLIB_builtin=''
COND_SHARED_1=''
COND_SHARED_1_USE_GUI_1_USE_OPENGL_1=''
COND_TOOLKIT_=''
COND_TOOLKIT_COCOA=''
COND_TOOLKIT_COCOA_USE_GUI_1=''
COND_TOOLKIT_COCOA_USE_GUI_1_WXUNIV_0=''
COND_TOOLKIT_DFB=''
COND_TOOLKIT_DFB_USE_GUI_1=''
COND_TOOLKIT_GTK=''
COND_TOOLKIT_GTK_TOOLKIT_VERSION_2=''
COND_TOOLKIT_GTK_TOOLKIT_VERSION_2_USE_GUI_1=''
COND_TOOLKIT_GTK_TOOLKIT_VERSION_2_USE_GUI_1_WXUNIV_0=''
COND_TOOLKIT_GTK_TOOLKIT_VERSION_=''
COND_TOOLKIT_GTK_TOOLKIT_VERSION__USE_GUI_1=''
COND_TOOLKIT_GTK_TOOLKIT_VERSION__USE_GUI_1_WXUNIV_0=''
COND_TOOLKIT_GTK_USE_GUI_1=''
COND_TOOLKIT_MAC=''
COND_TOOLKIT_MGL=''
COND_TOOLKIT_MGL_USE_GUI_1=''
COND_TOOLKIT_MOTIF=''
COND_TOOLKIT_MOTIF_USE_GUI_1=''
COND_TOOLKIT_MOTIF_USE_GUI_1_WXUNIV_0=''
COND_TOOLKIT_MSW=''
COND_TOOLKIT_MSW_USE_GUI_1=''
COND_TOOLKIT_MSW_USE_GUI_1_WXUNIV_0=''
COND_TOOLKIT_MSW_WXUNIV_0=''
COND_TOOLKIT_OSX_CARBON=''
COND_TOOLKIT_OSX_CARBON_USE_GUI_1=''
COND_TOOLKIT_OSX_COCOA=''
COND_TOOLKIT_OSX_COCOA_USE_GUI_1=''
COND_TOOLKIT_OSX_IPHONE=''
COND_TOOLKIT_OSX_IPHONE_USE_GUI_1=''
COND_TOOLKIT_OSX_IPHONE_USE_GUI_1_WXUNIV_0=''
COND_TOOLKIT_PM=''
COND_TOOLKIT_PM_USE_GUI_1=''
COND_TOOLKIT_PM_USE_GUI_1_WXUNIV_0=''
COND_TOOLKIT_WINCE=''
COND_TOOLKIT_WINCE_USE_GUI_1=''
COND_TOOLKIT_WINCE_USE_GUI_1_WXUNIV_0=''
COND_TOOLKIT_WINCE_WXUNIV_0=''
COND_TOOLKIT_X11=''
COND_TOOLKIT_X11_USE_GUI_1=''
COND_UNICODE_1=''
COND_USE_CAIRO_1=''
COND_USE_EXCEPTIONS_0=''
COND_USE_EXCEPTIONS_1=''
COND_USE_GUI_0=''
COND_USE_GUI_1=''
COND_USE_GUI_1_USE_OPENGL_1=''
COND_USE_GUI_1_WXUNIV_0=''
COND_USE_GUI_1_WXUNIV_1=''
COND_USE_GUI_1_WXUSE_LIBJPEG_BUILTIN=''
COND_USE_GUI_1_WXUSE_LIBPNG_BUILTIN=''
COND_USE_GUI_1_WXUSE_LIBTIFF_BUILTIN=''
COND_USE_GUI_1_wxUSE_LIBJPEG_builtin=''
COND_USE_GUI_1_wxUSE_LIBPNG_builtin=''
COND_USE_GUI_1_wxUSE_LIBTIFF_builtin=''
COND_USE_OPENGL_1=''
COND_USE_PCH_1=''
COND_USE_PLUGINS_0=''
COND_USE_RTTI_0=''
COND_USE_RTTI_1=''
COND_USE_SOTWOSYMLINKS_1=''
COND_USE_SOVERCYGWIN_1_USE_SOVERSION_1=''
COND_USE_SOVERLINUX_1=''
COND_USE_SOVERSION_0=''
COND_USE_SOVERSION_1_USE_SOVERSOLARIS_1=''
COND_USE_SOVERSOLARIS_1=''
COND_USE_STC_1=''
COND_USE_THREADS_0=''
COND_USE_THREADS_1=''
COND_USE_XRC_1=''
COND_WINDOWS_IMPLIB_1=''
COND_WITH_PLUGIN_SDL_1=''
COND_WXUNIV_0=''
COND_WXUNIV_1=''
COND_WXUSE_EXPAT_BUILTIN=''
COND_WXUSE_LIBJPEG_BUILTIN=''
COND_WXUSE_LIBPNG_BUILTIN=''
COND_WXUSE_LIBTIFF_BUILTIN=''
COND_WXUSE_REGEX_BUILTIN=''
COND_WXUSE_ZLIB_BUILTIN=''
COND_wxUSE_EXPAT_builtin=''
COND_wxUSE_LIBJPEG_builtin=''
COND_wxUSE_LIBPNG_builtin=''
COND_wxUSE_LIBTIFF_builtin=''
COND_wxUSE_REGEX_builtin=''
COND_wxUSE_ZLIB_builtin=''
CPP='gcc -E'
CPPFLAGS=''
CPPUNIT_CFLAGS=''
CPPUNIT_CONFIG=''
CPPUNIT_LIBS=''
CXX='g++'
CXXCPP=''
CXXFLAGS=''
CXXFLAGS_VISIBILITY=''
CXXWARNINGS=''
DEBUG_FLAG=''
DEBUG_INFO=''
DEFS=''
DEPS_TRACKING=''
DEREZ=''
DIRECTFB_CFLAGS=''
DIRECTFB_LIBS=''
DISTDIR=''
DLLIMP_SUFFIX=''
DLLPREFIX=''
DLLPREFIX_MODULE=''
DLLTOOL=''
DMALLOC_LIBS=''
DYLIB_RPATH_INSTALL=''
DYLIB_RPATH_POSTLINK=''
ECHO_C=''
ECHO_N='-n'
ECHO_T=''
EGREP='/usr/bin/grep -E'
EXEEXT='.exe'
EXTRALIBS=''
EXTRALIBS_GNOMEPRINT=''
EXTRALIBS_GNOMEVFS=''
EXTRALIBS_GTKPRINT=''
EXTRALIBS_GUI=''
EXTRALIBS_HILDON=''
EXTRALIBS_HTML=''
EXTRALIBS_MEDIA=''
EXTRALIBS_OPENGL=''
EXTRALIBS_SDL=''
EXTRALIBS_STC=''
EXTRALIBS_XML=''
GCC='yes'
GCC_PCH=''
GNOMEVFS_CFLAGS=''
GNOMEVFS_LIBS=''
GREP='/usr/bin/grep'
GST_CFLAGS=''
GST_LIBS=''
GTKPRINT_CFLAGS=''
GTKPRINT_LIBS=''
GTK_CFLAGS=''
GTK_CONFIG=''
GTK_LIBS=''
GUIDIST=''
GXX_VERSION=''
HEADER_PAD_OPTION=''
HILDON2_CFLAGS=''
HILDON2_LIBS=''
HILDON_CFLAGS=''
HILDON_LIBS=''
HOST_SUFFIX=''
ICC_PCH=''
ICC_PCH_CREATE_SWITCH=''
ICC_PCH_USE_SWITCH=''
IF_GNU_MAKE=''
INSTALL_DATA=''
INSTALL_DIR=''
INSTALL_PROGRAM=''
INSTALL_SCRIPT=''
LDFLAGS=''
LDFLAGS_GL=''
LDFLAGS_GUI=''
LIBEXT=''
LIBGNOMEPRINTUI_CFLAGS=''
LIBGNOMEPRINTUI_LIBS=''
LIBICONV=''
LIBOBJS=''
LIBPREFIX=''
LIBS=''
LIBWXMACRES=''
LN_S=''
LTLIBOBJS=''
MACSETFILE=''
MAKE_SET=''
MONOLITHIC=''
NM=''
OBJCXXFLAGS=''
OBJEXT='o'
OFFICIAL_BUILD=''
OPENGL_LIBS=''
OSX_SW_VERS=''
PACKAGE_BUGREPORT='wx-dev@lists.wxwidgets.org'
PACKAGE_NAME='wxWidgets'
PACKAGE_STRING='wxWidgets 2.9.2'
PACKAGE_TARNAME='wxwidgets'
PACKAGE_VERSION='2.9.2'
PANGOFT2_CFLAGS=''
PANGOFT2_LIBS=''
PANGOXFT_CFLAGS=''
PANGOXFT_LIBS=''
PANGOX_CFLAGS=''
PANGOX_LIBS=''
PATH_SEPARATOR=':'
PIC_FLAG=''
PKG_CONFIG=''
PLATFORM_BEOS=''
PLATFORM_MAC=''
PLATFORM_MACOS=''
PLATFORM_MACOSX=''
PLATFORM_MSDOS=''
PLATFORM_OS2=''
PLATFORM_UNIX=''
PLATFORM_WIN32=''
POSTLINK_COMMAND=''
PYTHON=''
RANLIB=''
RESCOMP=''
RESFLAGS=''
RESPROGRAMOBJ=''
REZ=''
SAMPLES_RPATH_FLAG=''
SAMPLES_SUBDIRS=''
SDL_CFLAGS=''
SDL_CONFIG=''
SDL_LIBS=''
SETFILE=''
SET_MAKE=''
SHARED=''
SHARED_LD_CC=''
SHARED_LD_CXX=''
SHARED_LD_MODULE_CC=''
SHARED_LD_MODULE_CXX=''
SHELL='/bin/sh'
SONAME_FLAG=''
SO_SUFFIX=''
SO_SUFFIX_MODULE=''
STD_BASE_LIBS=''
STD_GUI_LIBS=''
STRIP=''
TOOLCHAIN_FULLNAME=''
TOOLCHAIN_NAME=''
TOOLKIT=''
TOOLKIT_DIR=''
TOOLKIT_LOWERCASE=''
TOOLKIT_VERSION=''
UNICODE=''
USE_GUI=''
USE_MACVERSION=''
USE_PLUGINS=''
USE_SOTWOSYMLINKS=''
USE_SOVERCYGWIN=''
USE_SOVERLINUX=''
USE_SOVERSION=''
USE_SOVERSOLARIS=''
VENDOR='custom'
WIDGET_SET=''
WIN32INSTALL=''
WINDOWS_IMPLIB=''
WINDRES=''
WITH_PLUGIN_SDL=''
WXCONFIG_CFLAGS=''
WXCONFIG_CPPFLAGS=' -D_FILE_OFFSET_BITS=64 -D_LARGEFILE_SOURCE=unknown'
WXCONFIG_CXXFLAGS=''
WXCONFIG_LDFLAGS=''
WXCONFIG_LDFLAGS_GUI=''
WXCONFIG_LIBS=''
WXCONFIG_RESFLAGS=''
WXCONFIG_RPATH=''
WXUNIV=''
WX_CHARTYPE=''
WX_FLAVOUR=''
WX_LIBRARY_BASENAME_GUI=''
WX_LIBRARY_BASENAME_NOGUI=''
WX_LIB_FLAVOUR=''
WX_RELEASE='2.9'
WX_RESOURCES_MACOSX_ASCII=''
WX_RESOURCES_MACOSX_DATA=''
WX_SUBVERSION='2.9.2.0'
WX_VERSION='2.9.2'
WX_VERSION_TAG=''
XMKMF=''
X_CFLAGS=''
X_EXTRA_LIBS=''
X_LIBS=''
X_PRE_LIBS=''
ac_ct_CC='gcc'
ac_ct_CXX='g++'
bindir='${exec_prefix}/bin'
build='i686-pc-cygwin'
build_alias=''
build_cpu='i686'
build_os='cygwin'
build_vendor='pc'
cross_compiling='no'
datadir='${datarootdir}'
datarootdir='${prefix}/share'
dlldir=''
docdir='${datarootdir}/doc/${PACKAGE_TARNAME}'
dvidir='${docdir}'
exec_prefix='NONE'
host='i686-pc-cygwin'
host_alias=''
host_cpu='i686'
host_os='cygwin'
host_vendor='pc'
htmldir='${docdir}'
includedir='${prefix}/include'
infodir='${datarootdir}/info'
libdir='${exec_prefix}/lib'
libexecdir='${exec_prefix}/libexec'
localedir='${datarootdir}/locale'
localstatedir='${prefix}/var'
mandir='${datarootdir}/man'
oldincludedir='/usr/include'
pdfdir='${docdir}'
prefix='NONE'
program_transform_name='s,x,x,'
psdir='${docdir}'
sbindir='${exec_prefix}/sbin'
sharedstatedir='${prefix}/com'
subdirs=''
sysconfdir='${prefix}/etc'
target_alias=''
wxUSE_EXPAT='yes'
wxUSE_LIBJPEG='yes'
wxUSE_LIBPNG='yes'
wxUSE_LIBTIFF='yes'
wxUSE_REGEX='yes'
wxUSE_ZLIB='yes'
wx_top_builddir='/home/austin/src/wxWidgets'

## ----------- ##
## confdefs.h. ##
## ----------- ##

#define PACKAGE_NAME "wxWidgets"
#define PACKAGE_TARNAME "wxwidgets"
#define PACKAGE_VERSION "2.9.2"
#define PACKAGE_STRING "wxWidgets 2.9.2"
#define PACKAGE_BUGREPORT "wx-dev@lists.wxwidgets.org"
#define __WIN32__ 1
#define __WIN95__ 1
#define __WINDOWS__ 1
#define __GNUWIN32__ 1
#define STRICT 1
#define HAVE_STRCASECMP_IN_STRING_H 1
#define STDC_HEADERS 1
#define HAVE_SYS_TYPES_H 1
#define HAVE_SYS_STAT_H 1
#define HAVE_STDLIB_H 1
#define HAVE_STRING_H 1
#define HAVE_MEMORY_H 1
#define HAVE_STRINGS_H 1
#define HAVE_INTTYPES_H 1
#define HAVE_STDINT_H 1
#define HAVE_UNISTD_H 1
#define HAVE_LANGINFO_H 1
#define HAVE_WCHAR_H 1
#define SIZEOF_SHORT 2
#define SIZEOF_VOID_P 4
#define SIZEOF_INT 4
#define SIZEOF_LONG 4
#define SIZEOF_SIZE_T 4
#define SIZEOF_LONG_LONG 8
#define SIZEOF_WCHAR_T 2
#define HAVE_VARIADIC_MACROS 1
#define _FILE_OFFSET_BITS 64
#define HAVE_LARGEFILE_SUPPORT 1
#define wxUSE_IOSTREAMH 1
#define HAVE_EXPLICIT 1

configure: exit 1
