xbuf-2.0 -I/usr/lib/gtk-2.0/include -I/usr/include/pixman-1 -fvisibility=hidden -fvisibility-inlines-hidden ./src/gtk/webview_webkit.cpp
In file included from ./src/gtk/webview_webkit.cpp:16:0:
./include/wx/gtk/webview_webkit.h:26:1: error: expected class-name before ‘{’ token
./include/wx/gtk/webview_webkit.h:61:25: error: ‘wxWebViewReloadFlags’ has not been declared
./include/wx/gtk/webview_webkit.h:66:13: error: ‘wxVector’ does not name a type
./include/wx/gtk/webview_webkit.h:67:13: error: ‘wxVector’ does not name a type
./include/wx/gtk/webview_webkit.h:68:46: error: ‘wxWebViewHistoryItem’ was not declared in this scope
./include/wx/gtk/webview_webkit.h:68:66: error: template argument 1 is invalid
./include/wx/gtk/webview_webkit.h:74:11: error: ‘wxWebView’ has not been declared
./include/wx/gtk/webview_webkit.h:79:22: error: ‘wxWebViewZoomType’ has not been declared
./include/wx/gtk/webview_webkit.h:80:5: error: ‘wxWebViewZoomType’ does not name a type
./include/wx/gtk/webview_webkit.h:81:25: error: ‘wxWebViewZoomType’ has not been declared
./include/wx/gtk/webview_webkit.h:82:13: error: ‘wxWebViewZoom’ does not name a type
./include/wx/gtk/webview_webkit.h:83:26: error: ‘wxWebViewZoom’ has not been declared
./include/wx/gtk/webview_webkit.h:114:46: error: ‘wxWebViewHandler’ was not declared in this scope
./include/wx/gtk/webview_webkit.h:114:62: error: template argument 1 is invalid
./include/wx/gtk/webview_webkit.h:115:13: error: ‘wxVector’ does not name a type
./include/wx/gtk/webview_webkit.h:152:5: error: ‘wxVector’ does not name a type
./include/wx/gtk/webview_webkit.h:32:34: error: ‘wxWebViewDefaultURLStr’ was not declared in this scope
./include/wx/gtk/webview_webkit.h:35:35: error: ‘wxWebViewNameStr’ was not declared in this scope
./include/wx/gtk/webview_webkit.h:44:34: error: ‘wxWebViewDefaultURLStr’ was not declared in this scope
./include/wx/gtk/webview_webkit.h:47:35: error: ‘wxWebViewNameStr’ was not declared in this scope
./include/wx/gtk/webview_webkit.h:61:54: error: ‘wxWEB_VIEW_RELOAD_DEFAULT’ was not declared in this scope
./include/wx/gtk/webview_webkit.h: In constructor ‘wxWebViewWebKit::wxWebViewWebKit()’:
./include/wx/gtk/webview_webkit.h:28:30: error: ‘Init’ was not declared in this scope
./include/wx/gtk/webview_webkit.h: In constructor ‘wxWebViewWebKit::wxWebViewWebKit(wxWindow*, wxWindowID, const wxString&, const wxPoint&, const wxSize&, long int, const wxString&)’:
./include/wx/gtk/webview_webkit.h:37:14: error: ‘Init’ was not declared in this scope
./src/gtk/webview_webkit.cpp: In function ‘void wxgtk_webview_webkit_load_status(GtkWidget*, GParamSpec*, wxWebViewWebKit*)’:
./src/gtk/webview_webkit.cpp:58:9: error: ‘wxWebViewEvent’ was not declared in this scope
./src/gtk/webview_webkit.cpp:58:24: error: expected ‘;’ before ‘event’
./src/gtk/webview_webkit.cpp:62:39: error: ‘class wxWebViewWebKit’ has no member named ‘GetEventHandler’
./src/gtk/webview_webkit.cpp:63:25: error: ‘class wxWebViewWebKit’ has no member named ‘GetEventHandler’
./src/gtk/webview_webkit.cpp:63:57: error: ‘event’ was not declared in this scope
./src/gtk/webview_webkit.cpp:68:9: error: ‘wxWebViewEvent’ was not declared in this scope
./src/gtk/webview_webkit.cpp:68:24: error: expected ‘;’ before ‘event’
./src/gtk/webview_webkit.cpp:72:39: error: ‘class wxWebViewWebKit’ has no member named ‘GetEventHandler’
./src/gtk/webview_webkit.cpp:73:25: error: ‘class wxWebViewWebKit’ has no member named ‘GetEventHandler’
./src/gtk/webview_webkit.cpp:73:57: error: ‘event’ was not declared in this scope
./src/gtk/webview_webkit.cpp: In function ‘gboolean wxgtk_webview_webkit_navigation(WebKitWebView*, WebKitWebFrame*, WebKitNetworkRequest*, WebKitWebNavigationAction*, WebKitWebPolicyDecision*, wxWebViewWebKit*)’:
./src/gtk/webview_webkit.cpp:100:5: error: ‘wxWebViewEvent’ was not declared in this scope
./src/gtk/webview_webkit.cpp:100:20: error: expected ‘;’ before ‘event’
./src/gtk/webview_webkit.cpp:105:35: error: ‘class wxWebViewWebKit’ has no member named ‘GetEventHandler’
./src/gtk/webview_webkit.cpp:106:21: error: ‘class wxWebViewWebKit’ has no member named ‘GetEventHandler’
./src/gtk/webview_webkit.cpp:106:53: error: ‘event’ was not declared in this scope
./src/gtk/webview_webkit.cpp:108:10: error: ‘event’ was not declared in this scope
./src/gtk/webview_webkit.cpp:117:21: error: ‘wxWebViewHandler’ was not declared in this scope
./src/gtk/webview_webkit.cpp:117:37: error: template argument 1 is invalid
./src/gtk/webview_webkit.cpp:117:46: error: invalid type in declaration before ‘;’ token
./src/gtk/webview_webkit.cpp:118:30: error: ‘wxWebViewHandler’ cannot appear in a constant-expression
./src/gtk/webview_webkit.cpp:118:46: error: template argument 1 is invalid
./src/gtk/webview_webkit.cpp:118:48: error: template argument 1 is invalid
./src/gtk/webview_webkit.cpp:118:59: error: invalid type in declaration before ‘=’ token
./src/gtk/webview_webkit.cpp:118:73: error: ‘class wxWebViewWebKit’ has no member named ‘GetHandlers’
./src/gtk/webview_webkit.cpp:120:34: error: ‘wxWebViewHandler’ cannot appear in a constant-expression
./src/gtk/webview_webkit.cpp:120:50: error: template argument 1 is invalid
./src/gtk/webview_webkit.cpp:120:52: error: template argument 1 is invalid
./src/gtk/webview_webkit.cpp:120:64: error: expected initializer before ‘it’
./src/gtk/webview_webkit.cpp:121:13: error: ‘it’ was not declared in this scope
./src/gtk/webview_webkit.cpp:121:28: error: request for member ‘end’ in ‘hanlders’, which is of non-class type ‘int’
./src/gtk/webview_webkit.cpp:133:37: error: base operand of ‘->’ is not a pointer
./src/gtk/webview_webkit.cpp:136:62: error: no matching function for call to ‘wxWebViewWebKit::SetPage(wxInputStream&, wxString&)’
./include/wx/gtk/webview_webkit.h:75:18: note: candidate is: virtual void wxWebViewWebKit::SetPage(const wxString&, const wxString&)
./src/gtk/webview_webkit.cpp: In function ‘gboolean wxgtk_webview_webkit_error(WebKitWebView*, WebKitWebFrame*, gchar*, void*, wxWebViewWebKit*)’:
./src/gtk/webview_webkit.cpp:154:5: error: ‘wxWebViewNavigationError’ was not declared in this scope
./src/gtk/webview_webkit.cpp:154:30: error: expected ‘;’ before ‘type’
./src/gtk/webview_webkit.cpp:164:17: error: ‘type’ was not declared in this scope
./src/gtk/webview_webkit.cpp:164:24: error: ‘wxWEB_NAV_ERR_USER_CANCELLED’ was not declared in this scope
./src/gtk/webview_webkit.cpp:169:24: error: ‘wxWEB_NAV_ERR_NOT_FOUND’ was not declared in this scope
./src/gtk/webview_webkit.cpp:177:24: error: ‘wxWEB_NAV_ERR_CONNECTION’ was not declared in this scope
./src/gtk/webview_webkit.cpp:182:24: error: ‘wxWEB_NAV_ERR_REQUEST’ was not declared in this scope
./src/gtk/webview_webkit.cpp:194:24: error: ‘wxWEB_NAV_ERR_AUTH’ was not declared in this scope
./src/gtk/webview_webkit.cpp:199:24: error: ‘wxWEB_NAV_ERR_SECURITY’ was not declared in this scope
./src/gtk/webview_webkit.cpp:239:17: error: ‘type’ was not declared in this scope
./src/gtk/webview_webkit.cpp:239:24: error: ‘wxWEB_NAV_ERR_REQUEST’ was not declared in this scope
./src/gtk/webview_webkit.cpp:243:24: error: ‘wxWEB_NAV_ERR_USER_CANCELLED’ was not declared in this scope
./src/gtk/webview_webkit.cpp:247:24: error: ‘wxWEB_NAV_ERR_NOT_FOUND’ was not declared in this scope
./src/gtk/webview_webkit.cpp:261:17: error: ‘type’ was not declared in this scope
./src/gtk/webview_webkit.cpp:261:24: error: ‘wxWEB_NAV_ERR_SECURITY’ was not declared in this scope
./src/gtk/webview_webkit.cpp:273:5: error: ‘wxWebViewEvent’ was not declared in this scope
./src/gtk/webview_webkit.cpp:273:20: error: expected ‘;’ before ‘event’
./src/gtk/webview_webkit.cpp:276:5: error: ‘event’ was not declared in this scope
./src/gtk/webview_webkit.cpp:277:18: error: ‘type’ was not declared in this scope
./src/gtk/webview_webkit.cpp:279:39: error: ‘class wxWebViewWebKit’ has no member named ‘GetEventHandler’
./src/gtk/webview_webkit.cpp:281:23: error: ‘class wxWebViewWebKit’ has no member named ‘GetEventHandler’
./src/gtk/webview_webkit.cpp: At global scope:
./src/gtk/webview_webkit.cpp:147:1: warning: unused parameter ‘uri’
./src/gtk/webview_webkit.cpp: In function ‘gboolean wxgtk_webview_webkit_new_window(WebKitWebView*, WebKitWebFrame*, WebKitNetworkRequest*, WebKitWebNavigationAction*, WebKitWebPolicyDecision*, wxWebViewWebKit*)’:
./src/gtk/webview_webkit.cpp:298:5: error: ‘wxWebViewEvent’ was not declared in this scope
./src/gtk/webview_webkit.cpp:298:20: error: expected ‘;’ before ‘event’
./src/gtk/webview_webkit.cpp:303:35: error: ‘class wxWebViewWebKit’ has no member named ‘GetEventHandler’
./src/gtk/webview_webkit.cpp:304:21: error: ‘class wxWebViewWebKit’ has no member named ‘GetEventHandler’
./src/gtk/webview_webkit.cpp:304:53: error: ‘event’ was not declared in this scope
./src/gtk/webview_webkit.cpp:295:18: warning: unused variable ‘uri’
./src/gtk/webview_webkit.cpp: In function ‘void wxgtk_webview_webkit_title_changed(WebKitWebView*, WebKitWebFrame*, gchar*, wxWebViewWebKit*)’:
./src/gtk/webview_webkit.cpp:317:5: error: ‘wxWebViewEvent’ was not declared in this scope
./src/gtk/webview_webkit.cpp:317:20: error: expected ‘;’ before ‘event’
./src/gtk/webview_webkit.cpp:321:5: error: ‘event’ was not declared in this scope
./src/gtk/webview_webkit.cpp:323:35: error: ‘class wxWebViewWebKit’ has no member named ‘GetEventHandler’
./src/gtk/webview_webkit.cpp:324:21: error: ‘class wxWebViewWebKit’ has no member named ‘GetEventHandler’
./src/gtk/webview_webkit.cpp: In function ‘void wxgtk_webview_webkit_resource_req(WebKitWebView*, WebKitWebFrame*, WebKitWebResource*, WebKitNetworkRequest*, WebKitNetworkResponse*, wxWebViewWebKit*)’:
./src/gtk/webview_webkit.cpp:338:17: error: ‘wxWebViewHandler’ was not declared in this scope
./src/gtk/webview_webkit.cpp:338:33: error: template argument 1 is invalid
./src/gtk/webview_webkit.cpp:338:42: error: invalid type in declaration before ‘;’ token
./src/gtk/webview_webkit.cpp:339:26: error: ‘wxWebViewHandler’ cannot appear in a constant-expression
./src/gtk/webview_webkit.cpp:339:42: error: template argument 1 is invalid
./src/gtk/webview_webkit.cpp:339:44: error: template argument 1 is invalid
./src/gtk/webview_webkit.cpp:339:55: error: invalid type in declaration before ‘=’ token
./src/gtk/webview_webkit.cpp:339:69: error: ‘class wxWebViewWebKit’ has no member named ‘GetHandlers’
./src/gtk/webview_webkit.cpp:342:30: error: ‘wxWebViewHandler’ cannot appear in a constant-expression
./src/gtk/webview_webkit.cpp:342:46: error: template argument 1 is invalid
./src/gtk/webview_webkit.cpp:342:48: error: template argument 1 is invalid
./src/gtk/webview_webkit.cpp:342:60: error: expected initializer before ‘it’
./src/gtk/webview_webkit.cpp:343:9: error: ‘it’ was not declared in this scope
./src/gtk/webview_webkit.cpp:343:24: error: request for member ‘end’ in ‘hanlders’, which is of non-class type ‘int’
./src/gtk/webview_webkit.cpp:359:33: error: base operand of ‘->’ is not a pointer
./src/gtk/webview_webkit.cpp: At global scope:
./src/gtk/webview_webkit.cpp:383:1: error: ‘wxWebView’ has not been declared
./src/gtk/webview_webkit.cpp: In static member function ‘static wxObject* wxWebViewWebKit::wxCreateObject()’:
./src/gtk/webview_webkit.cpp:383:1: error: cannot convert ‘wxWebViewWebKit*’ to ‘wxObject*’ in return
./src/gtk/webview_webkit.cpp: In member function ‘virtual bool wxWebViewWebKit::Create(wxWindow*, wxWindowID, const wxString&, const wxPoint&, const wxSize&, long int, const wxString&)’:
./src/gtk/webview_webkit.cpp:397:41: error: ‘PreCreation’ was not declared in this scope
./src/gtk/webview_webkit.cpp:398:77: error: ‘CreateBase’ was not declared in this scope
./src/gtk/webview_webkit.cpp:408:5: error: ‘m_widget’ was not declared in this scope
./src/gtk/webview_webkit.cpp:435:5: error: ‘m_parent’ was not declared in this scope
./src/gtk/webview_webkit.cpp:437:22: error: ‘PostCreation’ was not declared in this scope
./src/gtk/webview_webkit.cpp: In member function ‘virtual bool wxWebViewWebKit::Enable(bool)’:
./src/gtk/webview_webkit.cpp:454:34: error: cannot call member function ‘virtual bool wxWindowBase::Enable(bool)’ without object
./src/gtk/webview_webkit.cpp:457:30: error: ‘m_widget’ was not declared in this scope
./src/gtk/webview_webkit.cpp: In member function ‘virtual GdkWindow* wxWebViewWebKit::GTKGetWindow(wxArrayGdkWindows&) const’:
./src/gtk/webview_webkit.cpp:468:54: error: ‘m_widget’ was not declared in this scope
./src/gtk/webview_webkit.cpp: At global scope:
./src/gtk/webview_webkit.cpp:497:30: error: variable or field ‘Reload’ declared void
./src/gtk/webview_webkit.cpp:497:30: error: ‘wxWebViewReloadFlags’ was not declared in this scope
./src/gtk/webview_webkit.cpp: In function ‘gboolean wxgtk_webview_webkit_navigation(WebKitWebView*, WebKitWebFrame*, WebKitNetworkRequest*, WebKitWebNavigationAction*, WebKitWebPolicyDecision*, wxWebViewWebKit*)’:
./src/gtk/webview_webkit.cpp:144:1: warning: control reaches end of non-void function
./src/gtk/webview_webkit.cpp: In static member function ‘static wxObject* wxWebViewWebKit::wxCreateObject()’:
./src/gtk/webview_webkit.cpp:383:1: warning: control reaches end of non-void function
make: *** [monodll_gtk_webview_webkit.o] Error 1
