==28509== Memcheck, a memory error detector
==28509== Copyright (C) 2002-2015, and GNU GPL'd, by Julian Seward et al.
==28509== Using Valgrind-3.11.0 and LibVEX; rerun with -h for copyright info
==28509== Command: ./tdial
==28509== Parent PID: 2072
==28509== 
==28509== Conditional jump or move depends on uninitialised value(s)
==28509==    at 0x148DFC2D: ??? (in /usr/lib64/libcairo.so.2.11400.6)
==28509==    by 0x148C6B17: ??? (in /usr/lib64/libcairo.so.2.11400.6)
==28509==    by 0x148C7135: ??? (in /usr/lib64/libcairo.so.2.11400.6)
==28509==    by 0x148C8278: ??? (in /usr/lib64/libcairo.so.2.11400.6)
==28509==    by 0x148C8647: ??? (in /usr/lib64/libcairo.so.2.11400.6)
==28509==    by 0x1486DA10: ??? (in /usr/lib64/libcairo.so.2.11400.6)
==28509==    by 0x148B688E: ??? (in /usr/lib64/libcairo.so.2.11400.6)
==28509==    by 0x14875CF3: ??? (in /usr/lib64/libcairo.so.2.11400.6)
==28509==    by 0x14868383: cairo_mask (in /usr/lib64/libcairo.so.2.11400.6)
==28509==    by 0x1105F911: ??? (in /usr/lib64/libgtk-3.so.0.2000.6)
==28509==    by 0x1105D608: ??? (in /usr/lib64/libgtk-3.so.0.2000.6)
==28509==    by 0x1116E6B3: ??? (in /usr/lib64/libgtk-3.so.0.2000.6)
==28509==    by 0x1116C5BF: gtk_render_background (in /usr/lib64/libgtk-3.so.0.2000.6)
==28509==    by 0x11254649: ??? (in /usr/lib64/libgtk-3.so.0.2000.6)
==28509==    by 0x11246ABA: ??? (in /usr/lib64/libgtk-3.so.0.2000.6)
==28509==    by 0x11246F98: gtk_widget_send_expose (in /usr/lib64/libgtk-3.so.0.2000.6)
==28509==    by 0x110F95C4: gtk_main_do_event (in /usr/lib64/libgtk-3.so.0.2000.6)
==28509==    by 0x14354084: ??? (in /usr/lib64/libgdk-3.so.0.2000.6)
==28509==    by 0x14362D47: ??? (in /usr/lib64/libgdk-3.so.0.2000.6)
==28509==    by 0x14363E6B: ??? (in /usr/lib64/libgdk-3.so.0.2000.6)
==28509==    by 0x14364022: ??? (in /usr/lib64/libgdk-3.so.0.2000.6)
==28509==    by 0x117C7616: ??? (in /usr/lib64/libgobject-2.0.so.0.4800.1)
==28509==    by 0x117E1EA8: g_signal_emit_valist (in /usr/lib64/libgobject-2.0.so.0.4800.1)
==28509==    by 0x117E24FE: g_signal_emit (in /usr/lib64/libgobject-2.0.so.0.4800.1)
==28509==    by 0x1435BFE0: ??? (in /usr/lib64/libgdk-3.so.0.2000.6)
==28509==    by 0x1434A3D7: ??? (in /usr/lib64/libgdk-3.so.0.2000.6)
==28509==    by 0x11A54172: ??? (in /usr/lib64/libglib-2.0.so.0.4800.1)
==28509==    by 0x11A53702: g_main_context_dispatch (in /usr/lib64/libglib-2.0.so.0.4800.1)
==28509==    by 0x11A53AAF: ??? (in /usr/lib64/libglib-2.0.so.0.4800.1)
==28509==    by 0x11A53DD1: g_main_loop_run (in /usr/lib64/libglib-2.0.so.0.4800.1)
==28509==    by 0x110F8784: gtk_main (in /usr/lib64/libgtk-3.so.0.2000.6)
==28509==    by 0xAD4F184: wxGUIEventLoop::DoRun() (in /usr/lib64/libwx_gtk3u_core-3.0.so.0.2.0)
==28509==    by 0xB850D7D: wxEventLoopBase::Run() (in /usr/lib64/libwx_baseu-3.0.so.0.2.0)
==28509==    by 0xADBD53A: wxDialog::ShowModal() (in /usr/lib64/libwx_gtk3u_core-3.0.so.0.2.0)
==28509==    by 0xADC15DF: wxFileDialog::ShowModal() (in /usr/lib64/libwx_gtk3u_core-3.0.so.0.2.0)
==28509==    by 0x4046B1: MyApp::OnInit() (tdial.cpp:20)
==28509==    by 0x404F06: wxAppConsoleBase::CallOnInit() (app.h:93)
==28509==    by 0xB8A1961: wxEntry(int&, wchar_t**) (in /usr/lib64/libwx_baseu-3.0.so.0.2.0)
==28509==    by 0x4047C4: main (tdial.cpp:26)
==28509==  Uninitialised value was created by a stack allocation
==28509==    at 0x148DF88D: ??? (in /usr/lib64/libcairo.so.2.11400.6)
==28509== 
==28509== 
==28509== HEAP SUMMARY:
==28509==     in use at exit: 3,065,672 bytes in 35,130 blocks
==28509==   total heap usage: 466,006 allocs, 430,876 frees, 40,905,255 bytes allocated
==28509== 
==28509== 7 bytes in 1 blocks are definitely lost in loss record 225 of 15,432
==28509==    at 0x4C2BBAD: malloc (vg_replace_malloc.c:299)
==28509==    by 0x11A58E58: g_malloc (in /usr/lib64/libglib-2.0.so.0.4800.1)
==28509==    by 0x11A7189E: g_strdup (in /usr/lib64/libglib-2.0.so.0.4800.1)
==28509==    by 0x16D314CF: ??? (in /usr/lib64/libgio-2.0.so.0.4800.1)
==28509==    by 0x16D21276: ??? (in /usr/lib64/libgio-2.0.so.0.4800.1)
==28509==    by 0x11A53702: g_main_context_dispatch (in /usr/lib64/libglib-2.0.so.0.4800.1)
==28509==    by 0x11A53AAF: ??? (in /usr/lib64/libglib-2.0.so.0.4800.1)
==28509==    by 0x11A53DD1: g_main_loop_run (in /usr/lib64/libglib-2.0.so.0.4800.1)
==28509==    by 0x110F8784: gtk_main (in /usr/lib64/libgtk-3.so.0.2000.6)
==28509==    by 0xAD4F184: wxGUIEventLoop::DoRun() (in /usr/lib64/libwx_gtk3u_core-3.0.so.0.2.0)
==28509==    by 0xB850D7D: wxEventLoopBase::Run() (in /usr/lib64/libwx_baseu-3.0.so.0.2.0)
==28509==    by 0xADBD53A: wxDialog::ShowModal() (in /usr/lib64/libwx_gtk3u_core-3.0.so.0.2.0)
==28509==    by 0xADC15DF: wxFileDialog::ShowModal() (in /usr/lib64/libwx_gtk3u_core-3.0.so.0.2.0)
==28509==    by 0x4046B1: MyApp::OnInit() (tdial.cpp:20)
==28509==    by 0x404F06: wxAppConsoleBase::CallOnInit() (app.h:93)
==28509==    by 0xB8A1961: wxEntry(int&, wchar_t**) (in /usr/lib64/libwx_baseu-3.0.so.0.2.0)
==28509==    by 0x4047C4: main (tdial.cpp:26)
==28509== 
==28509== 82 (48 direct, 34 indirect) bytes in 1 blocks are definitely lost in loss record 11,166 of 15,432
==28509==    at 0x4C2DA60: calloc (vg_replace_malloc.c:711)
==28509==    by 0x11A58EB0: g_malloc0 (in /usr/lib64/libglib-2.0.so.0.4800.1)
==28509==    by 0x1113B9C9: ??? (in /usr/lib64/libgtk-3.so.0.2000.6)
==28509==    by 0x110947D2: ??? (in /usr/lib64/libgtk-3.so.0.2000.6)
==28509==    by 0x117EA8C0: g_type_create_instance (in /usr/lib64/libgobject-2.0.so.0.4800.1)
==28509==    by 0x117CC6AA: ??? (in /usr/lib64/libgobject-2.0.so.0.4800.1)
==28509==    by 0x117CE0CC: g_object_newv (in /usr/lib64/libgobject-2.0.so.0.4800.1)
==28509==    by 0x10FF8181: ??? (in /usr/lib64/libgtk-3.so.0.2000.6)
==28509==    by 0x10FF9584: ??? (in /usr/lib64/libgtk-3.so.0.2000.6)
==28509==    by 0x10FFAF50: ??? (in /usr/lib64/libgtk-3.so.0.2000.6)
==28509==    by 0x11A56DF6: ??? (in /usr/lib64/libglib-2.0.so.0.4800.1)
==28509==    by 0x11A57C22: g_markup_parse_context_parse (in /usr/lib64/libglib-2.0.so.0.4800.1)
==28509==    by 0x10FFB345: ??? (in /usr/lib64/libgtk-3.so.0.2000.6)
==28509==    by 0x10FF646F: gtk_builder_extend_with_template (in /usr/lib64/libgtk-3.so.0.2000.6)
==28509==    by 0x1124EC16: gtk_widget_init_template (in /usr/lib64/libgtk-3.so.0.2000.6)
==28509==    by 0x1108D22D: ??? (in /usr/lib64/libgtk-3.so.0.2000.6)
==28509==    by 0x117EA8C0: g_type_create_instance (in /usr/lib64/libgobject-2.0.so.0.4800.1)
==28509==    by 0x117CC6AA: ??? (in /usr/lib64/libgobject-2.0.so.0.4800.1)
==28509==    by 0x117CE5ED: g_object_new_valist (in /usr/lib64/libgobject-2.0.so.0.4800.1)
==28509==    by 0x117CE8A0: g_object_new (in /usr/lib64/libgobject-2.0.so.0.4800.1)
==28509==    by 0x1108DD73: gtk_file_chooser_dialog_new (in /usr/lib64/libgtk-3.so.0.2000.6)
==28509==    by 0xADC2A69: wxFileDialog::Create(wxWindow*, wxString const&, wxString const&, wxString const&, wxString const&, long, wxPoint const&, wxSize const&, wxString const&) (in /usr/lib64/libwx_gtk3u_core-3.0.so.0.2.0)
==28509==    by 0xADC3E56: wxFileDialog::wxFileDialog(wxWindow*, wxString const&, wxString const&, wxString const&, wxString const&, long, wxPoint const&, wxSize const&, wxString const&) (in /usr/lib64/libwx_gtk3u_core-3.0.so.0.2.0)
==28509==    by 0x404656: MyApp::OnInit() (tdial.cpp:19)
==28509==    by 0x404F06: wxAppConsoleBase::CallOnInit() (app.h:93)
==28509==    by 0xB8A1961: wxEntry(int&, wchar_t**) (in /usr/lib64/libwx_baseu-3.0.so.0.2.0)
==28509==    by 0x4047C4: main (tdial.cpp:26)
==28509== 
==28509== 1,861 (48 direct, 1,813 indirect) bytes in 1 blocks are definitely lost in loss record 15,230 of 15,432
==28509==    at 0x117EA9D0: g_type_create_instance (in /usr/lib64/libgobject-2.0.so.0.4800.1)
==28509==    by 0x117CC6AA: ??? (in /usr/lib64/libgobject-2.0.so.0.4800.1)
==28509==    by 0x117CE0CC: g_object_newv (in /usr/lib64/libgobject-2.0.so.0.4800.1)
==28509==    by 0x117CE8B3: g_object_new (in /usr/lib64/libgobject-2.0.so.0.4800.1)
==28509==    by 0x10F64664: gtk_container_cell_accessible_new (in /usr/lib64/libgtk-3.so.0.2000.6)
==28509==    by 0x10F79223: ??? (in /usr/lib64/libgtk-3.so.0.2000.6)
==28509==    by 0x10F7B732: ??? (in /usr/lib64/libgtk-3.so.0.2000.6)
==28509==    by 0x11223AF6: ??? (in /usr/lib64/libgtk-3.so.0.2000.6)
==28509==    by 0x112275B1: gtk_tree_view_set_cursor_on_cell (in /usr/lib64/libgtk-3.so.0.2000.6)
==28509==    by 0x11098656: ??? (in /usr/lib64/libgtk-3.so.0.2000.6)
==28509==    by 0x117CA31E: g_cclosure_marshal_VOID__POINTERv (in /usr/lib64/libgobject-2.0.so.0.4800.1)
==28509==    by 0x117C7616: ??? (in /usr/lib64/libgobject-2.0.so.0.4800.1)
==28509==    by 0x117E1EA8: g_signal_emit_valist (in /usr/lib64/libgobject-2.0.so.0.4800.1)
==28509==    by 0x117E24FE: g_signal_emit (in /usr/lib64/libgobject-2.0.so.0.4800.1)
==28509==    by 0x110A0453: ??? (in /usr/lib64/libgtk-3.so.0.2000.6)
==28509==    by 0x16CA1956: ??? (in /usr/lib64/libgio-2.0.so.0.4800.1)
==28509==    by 0x16CD8342: ??? (in /usr/lib64/libgio-2.0.so.0.4800.1)
==28509==    by 0x16CD8378: ??? (in /usr/lib64/libgio-2.0.so.0.4800.1)
==28509==    by 0x11A53702: g_main_context_dispatch (in /usr/lib64/libglib-2.0.so.0.4800.1)
==28509==    by 0x11A53AAF: ??? (in /usr/lib64/libglib-2.0.so.0.4800.1)
==28509==    by 0x11A53DD1: g_main_loop_run (in /usr/lib64/libglib-2.0.so.0.4800.1)
==28509==    by 0x110F8784: gtk_main (in /usr/lib64/libgtk-3.so.0.2000.6)
==28509==    by 0xAD4F184: wxGUIEventLoop::DoRun() (in /usr/lib64/libwx_gtk3u_core-3.0.so.0.2.0)
==28509==    by 0xB850D7D: wxEventLoopBase::Run() (in /usr/lib64/libwx_baseu-3.0.so.0.2.0)
==28509==    by 0xADBD53A: wxDialog::ShowModal() (in /usr/lib64/libwx_gtk3u_core-3.0.so.0.2.0)
==28509==    by 0xADC15DF: wxFileDialog::ShowModal() (in /usr/lib64/libwx_gtk3u_core-3.0.so.0.2.0)
==28509==    by 0x4046B1: MyApp::OnInit() (tdial.cpp:20)
==28509==    by 0x404F06: wxAppConsoleBase::CallOnInit() (app.h:93)
==28509==    by 0xB8A1961: wxEntry(int&, wchar_t**) (in /usr/lib64/libwx_baseu-3.0.so.0.2.0)
==28509==    by 0x4047C4: main (tdial.cpp:26)
==28509== 
==28509== LEAK SUMMARY:
==28509==    definitely lost: 103 bytes in 3 blocks
==28509==    indirectly lost: 0 bytes in 0 blocks
==28509==      possibly lost: 0 bytes in 0 blocks
==28509==    still reachable: 0 bytes in 0 blocks
==28509==                       of which reachable via heuristic:
==28509==                         length64           : 12,624 bytes in 192 blocks
==28509==                         newarray           : 2,528 bytes in 78 blocks
==28509==         suppressed: 2,813,433 bytes in 33,121 blocks
==28509== 
==28509== For counts of detected and suppressed errors, rerun with: -v
==28509== ERROR SUMMARY: 13 errors from 4 contexts (suppressed: 72 from 72)
