ASSERT INFO:
../src/gtk/window.cpp(5059): assert "increment > 0" failed in IsScrollIncrement().

BACKTRACE:
[1] wxWindow::GTKGetScrollEventType(_GtkRange*)
[2] g_signal_emit_valist
[3] g_signal_emit
[4] g_closure_invoke
[5] g_signal_emit_valist
[6] g_signal_emit
[7] gtk_adjustment_configure
[8] wxScrollHelper::DoAdjustScrollbar(_GtkRange*, int, int, int, int*, int*, int*)
[9] wxScrollHelper::AdjustScrollbars()
[10] wxGenericListCtrl::DoGetBestClientSize() const
[11] wxWindowBase::GetBestSize() const
[12] wxWindowBase::GetBestHeight(int) const
[13] wxBookCtrlBase::GetControllerSize() const
[14] wxBookCtrlBase::GetPageRect() const
[15] wxBookCtrlBase::DoSetSelection(unsigned long, int)
[16] wxListbook::DoRemovePage(unsigned long)
[17] wxBookCtrlBase::DeletePage(unsigned long)
[18] options::AddPage(unsigned long, wxString const&) /home/mk/src/OpenCPN/src/options.cpp:1622
[19] options::CreatePanel_Display(unsigned long, int, int) /home/mk/src/OpenCPN/src/options.cpp:4778
[20] options::CreateControls() /home/mk/src/OpenCPN/src/options.cpp:6146
[21] options::options(MyFrame*, int, wxString const&, wxPoint const&, wxSize const&, long) /home/mk/src/OpenCPN/src/options.cpp:1340
[22] MyFrame::OnInitTimer(wxTimerEvent&) /home/mk/src/OpenCPN/src/chart1.cpp:7028
[23] wxEvtHandler::ProcessEventIfMatchesId(wxEventTableEntryBase const&, wxEvtHandler*, wxEvent&)
[24] wxEventHashTable::HandleEvent(wxEvent&, wxEvtHandler*)
[25] wxEvtHandler::TryHereOnly(wxEvent&)
[26] wxEvtHandler::ProcessEventLocally(wxEvent&)
[27] wxEvtHandler::ProcessEvent(wxEvent&)
[28] wxEvtHandler::SafelyProcessEvent(wxEvent&)
[29] wxTimerImpl::SendEvent()
[30] g_main_context_dispatch
[31] g_main_loop_run
[32] gtk_main
[33] wxGUIEventLoop::DoRun()
[34] wxEventLoopBase::Run()
[35] wxAppConsoleBase::MainLoop()
[36] wxEntry(int&, wchar_t**)
[37] main /home/mk/src/OpenCPN/src/chart1.cpp:1094
[38] __libc_start_main
[39] _start



