This file contains any messages produced by compilers while
running configure, to aid debugging if configure makes a mistake.

It was created by wxWidgets configure 2.5.3, which was
generated by GNU Autoconf 2.59.  Invocation command line was

  $ ./configure 

## --------- ##
## Platform. ##
## --------- ##

hostname = lara
uname -m = i86pc
uname -r = 5.10
uname -s = SunOS
uname -v = s10_72

/usr/bin/uname -p = i386
/bin/uname -X     = System = SunOS
Node = lara
Release = 5.10
KernelID = s10_72
Machine = i86pc
BusType = <unknown>
Serial = <unknown>
Users = <unknown>
OEM# = 0
Origin# = 1
NumCPU = 2

/bin/arch              = i86pc
/usr/bin/arch -k       = i86pc
/usr/convex/getsysinfo = unknown
hostinfo               = unknown
/bin/machine           = unknown
/usr/bin/oslevel       = unknown
/bin/universe          = unknown

PATH: /junk/qt/bin
PATH: /opt/SUNWspro/bin
PATH: /home/sheam/bin
PATH: /usr/local/bin
PATH: /home/H2/SUNWspro/bin
PATH: /usr/xpg4/bin
PATH: /usr/bin
PATH: /usr/dt/bin
PATH: /usr/openwin/bin
PATH: /bin
PATH: /usr/ucb
PATH: /usr/ccs/bin
PATH: /usr/local/apx/bin
PATH: /usr/sbin
PATH: /apx/bin
PATH: /opt/sfw/bin
PATH: /usr/sfw/bin
PATH: /opt/csw/bin
PATH: .
PATH: /usr/perl5/5.6.1/bin


## ----------- ##
## Core tests. ##
## ----------- ##

configure:1575: checking build system type
configure:1593: result: i386-pc-solaris2.10
configure:1601: checking host system type
configure:1615: result: i386-pc-solaris2.10
configure:1623: checking target system type
configure:1637: result: i386-pc-solaris2.10
configure:2407: checking for --enable-gui
configure:2439: result: yes
configure:2448: checking for --enable-monolithic
configure:2483: result: no
configure:2489: checking for --enable-plugins
configure:2524: result: no
configure:2533: checking for --enable-universal
configure:2568: result: no
configure:2634: checking for --enable-nanox
configure:2669: result: no
configure:2676: checking for --enable-gtk2
configure:2708: result: yes
configure:2717: checking for --enable-gpe
configure:2752: result: no
configure:2758: checking for --with-libpng
configure:2799: result: yes
configure:2817: checking for --with-libjpeg
configure:2858: result: yes
configure:2876: checking for --with-libtiff
configure:2917: result: yes
configure:2935: checking for --with-libxpm
configure:2976: result: yes
configure:2994: checking for --with-libmspack
configure:3027: result: yes
configure:3035: checking for --with-sdl
configure:3071: result: no
configure:3076: checking for --with-opengl
configure:3112: result: no
configure:3120: checking for --with-dmalloc
configure:3156: result: no
configure:3161: checking for --with-regex
configure:3202: result: yes
configure:3220: checking for --with-zlib
configure:3261: result: yes
configure:3279: checking for --with-odbc
configure:3323: result: no
configure:3338: checking for --with-expat
configure:3379: result: yes
configure:3400: checking for --enable-shared
configure:3432: result: yes
configure:3441: checking for --enable-optimise
configure:3473: result: yes
configure:3482: checking for --enable-debug
configure:3517: result: no
configure:3523: checking for --enable-stl
configure:3558: result: no
configure:3618: checking for --enable-debug_flag
configure:3653: result: no
configure:3659: checking for --enable-debug_info
configure:3694: result: no
configure:3700: checking for --enable-debug_gdb
configure:3735: result: no
configure:3741: checking for --enable-debug_cntxt
configure:3776: result: no
configure:3782: checking for --enable-mem_tracing
configure:3817: result: no
configure:3823: checking for --enable-profile
configure:3858: result: no
configure:3864: checking for --enable-no_rtti
configure:3899: result: no
configure:3905: checking for --enable-no_exceptions
configure:3940: result: no
configure:3946: checking for --enable-permissive
configure:3981: result: no
configure:3987: checking for --enable-no_deps
configure:4022: result: no
configure:4029: checking for --enable-compat22
configure:4064: result: no
configure:4070: checking for --disable-compat24
configure:4105: result: no
configure:4124: checking for --enable-intl
configure:4156: result: yes
configure:4165: checking for --enable-config
configure:4197: result: yes
configure:4207: checking for --enable-protocols
configure:4239: result: yes
configure:4248: checking for --enable-ftp
configure:4280: result: yes
configure:4289: checking for --enable-http
configure:4321: result: yes
configure:4330: checking for --enable-fileproto
configure:4362: result: yes
configure:4371: checking for --enable-sockets
configure:4403: result: yes
configure:4412: checking for --enable-ole
configure:4444: result: yes
configure:4453: checking for --enable-dataobj
configure:4485: result: yes
configure:4495: checking for --enable-ipc
configure:4527: result: yes
configure:4537: checking for --enable-apple_ieee
configure:4569: result: yes
configure:4578: checking for --enable-catch_segvs
configure:4610: result: yes
configure:4619: checking for --enable-cmdline
configure:4651: result: yes
configure:4660: checking for --enable-datetime
configure:4692: result: yes
configure:4701: checking for --enable-dialupman
configure:4733: result: yes
configure:4742: checking for --enable-dynlib
configure:4774: result: yes
configure:4783: checking for --enable-dynamicloader
configure:4815: result: yes
configure:4824: checking for --enable-exceptions
configure:4856: result: yes
configure:4865: checking for --enable-ffile
configure:4897: result: yes
configure:4906: checking for --enable-file
configure:4938: result: yes
configure:4947: checking for --enable-filesystem
configure:4979: result: yes
configure:4988: checking for --enable-fontmap
configure:5020: result: yes
configure:5029: checking for --enable-fs_inet
configure:5061: result: yes
configure:5070: checking for --enable-fs_zip
configure:5102: result: yes
configure:5111: checking for --enable-geometry
configure:5143: result: yes
configure:5152: checking for --enable-log
configure:5184: result: yes
configure:5193: checking for --enable-longlong
configure:5225: result: yes
configure:5234: checking for --enable-mimetype
configure:5266: result: yes
configure:5275: checking for --enable-mslu
configure:5307: result: yes
configure:5316: checking for --enable-snglinst
configure:5348: result: yes
configure:5357: checking for --enable-streams
configure:5389: result: yes
configure:5398: checking for --enable-std_iostreams
configure:5433: result: no
configure:5439: checking for --enable-stopwatch
configure:5471: result: yes
configure:5480: checking for --enable-system_options
configure:5512: result: yes
configure:5521: checking for --enable-textbuf
configure:5553: result: yes
configure:5562: checking for --enable-textfile
configure:5594: result: yes
configure:5603: checking for --enable-timer
configure:5635: result: yes
configure:5644: checking for --enable-unicode
configure:5679: result: no
configure:5685: checking for --enable-sound
configure:5717: result: yes
configure:5726: checking for --enable-wxprintfv
configure:5761: result: no
configure:5767: checking for --enable-zipstream
configure:5799: result: yes
configure:5809: checking for --enable-url
configure:5841: result: yes
configure:5850: checking for --enable-protocol
configure:5882: result: yes
configure:5891: checking for --enable-protocol_http
configure:5923: result: yes
configure:5932: checking for --enable-protocol_ftp
configure:5964: result: yes
configure:5973: checking for --enable-protocol_file
configure:6005: result: yes
configure:6017: checking for --enable-threads
configure:6049: result: yes
configure:6062: checking for --enable-docview
configure:6094: result: yes
configure:6103: checking for --enable-help
configure:6135: result: yes
configure:6144: checking for --enable-mshtmlhelp
configure:6176: result: yes
configure:6185: checking for --enable-html
configure:6217: result: yes
configure:6226: checking for --enable-htmlhelp
configure:6258: result: yes
configure:6267: checking for --enable-xrc
configure:6299: result: yes
configure:6308: checking for --enable-constraints
configure:6340: result: yes
configure:6349: checking for --enable-printarch
configure:6381: result: yes
configure:6390: checking for --enable-mdi
configure:6422: result: yes
configure:6431: checking for --enable-mdidoc
configure:6463: result: yes
configure:6472: checking for --enable-loggui
configure:6504: result: yes
configure:6513: checking for --enable-logwin
configure:6545: result: yes
configure:6554: checking for --enable-logdialog
configure:6586: result: yes
configure:6595: checking for --enable-webkit
configure:6627: result: yes
configure:6637: checking for --enable-postscript
configure:6669: result: yes
configure:6681: checking for --enable-prologio
configure:6716: result: no
configure:6722: checking for --enable-resources
configure:6757: result: no
configure:6765: checking for --enable-clipboard
configure:6797: result: yes
configure:6806: checking for --enable-dnd
configure:6838: result: yes
configure:6847: checking for --enable-metafile
configure:6879: result: yes
configure:6891: checking for --enable-controls
configure:6926: result: no
configure:7013: checking for --enable-accel
configure:7045: result: yes
configure:7054: checking for --enable-button
configure:7086: result: yes
configure:7095: checking for --enable-bmpbutton
configure:7127: result: yes
configure:7136: checking for --enable-calendar
configure:7168: result: yes
configure:7177: checking for --enable-caret
configure:7209: result: yes
configure:7218: checking for --enable-checkbox
configure:7250: result: yes
configure:7259: checking for --enable-checklst
configure:7291: result: yes
configure:7300: checking for --enable-choice
configure:7332: result: yes
configure:7341: checking for --enable-choicebook
configure:7373: result: yes
configure:7382: checking for --enable-combobox
configure:7414: result: yes
configure:7423: checking for --enable-display
configure:7455: result: yes
configure:7464: checking for --enable-gauge
configure:7496: result: yes
configure:7505: checking for --enable-grid
configure:7537: result: yes
configure:7546: checking for --enable-imaglist
configure:7578: result: yes
configure:7587: checking for --enable-listbook
configure:7619: result: yes
configure:7628: checking for --enable-listbox
configure:7660: result: yes
configure:7669: checking for --enable-listctrl
configure:7701: result: yes
configure:7710: checking for --enable-notebook
configure:7742: result: yes
configure:7751: checking for --enable-radiobox
configure:7783: result: yes
configure:7792: checking for --enable-radiobtn
configure:7824: result: yes
configure:7833: checking for --enable-sash
configure:7865: result: yes
configure:7874: checking for --enable-scrollbar
configure:7906: result: yes
configure:7915: checking for --enable-slider
configure:7947: result: yes
configure:7956: checking for --enable-spinbtn
configure:7988: result: yes
configure:7997: checking for --enable-spinctrl
configure:8029: result: yes
configure:8038: checking for --enable-splitter
configure:8070: result: yes
configure:8079: checking for --enable-statbmp
configure:8111: result: yes
configure:8120: checking for --enable-statbox
configure:8152: result: yes
configure:8161: checking for --enable-statline
configure:8193: result: yes
configure:8202: checking for --enable-stattext
configure:8234: result: yes
configure:8243: checking for --enable-statusbar
configure:8275: result: yes
configure:8284: checking for --enable-tabdialog
configure:8319: result: no
configure:8325: checking for --enable-textctrl
configure:8357: result: yes
configure:8366: checking for --enable-togglebtn
configure:8398: result: yes
configure:8407: checking for --enable-toolbar
configure:8439: result: yes
configure:8448: checking for --enable-tbarnative
configure:8480: result: yes
configure:8489: checking for --enable-tbarsmpl
configure:8521: result: yes
configure:8530: checking for --enable-treectrl
configure:8562: result: yes
configure:8571: checking for --enable-tipwindow
configure:8603: result: yes
configure:8612: checking for --enable-popupwin
configure:8644: result: yes
configure:8655: checking for --enable-commondlg
configure:8687: result: yes
configure:8696: checking for --enable-choicedlg
configure:8728: result: yes
configure:8737: checking for --enable-coldlg
configure:8769: result: yes
configure:8778: checking for --enable-filedlg
configure:8810: result: yes
configure:8819: checking for --enable-finddlg
configure:8851: result: yes
configure:8860: checking for --enable-fontdlg
configure:8892: result: yes
configure:8901: checking for --enable-dirdlg
configure:8933: result: yes
configure:8942: checking for --enable-msgdlg
configure:8974: result: yes
configure:8983: checking for --enable-numberdlg
configure:9015: result: yes
configure:9024: checking for --enable-splash
configure:9056: result: yes
configure:9065: checking for --enable-textdlg
configure:9097: result: yes
configure:9106: checking for --enable-tipdlg
configure:9138: result: yes
configure:9147: checking for --enable-progressdlg
configure:9179: result: yes
configure:9188: checking for --enable-wizarddlg
configure:9220: result: yes
configure:9231: checking for --enable-menus
configure:9263: result: yes
configure:9272: checking for --enable-miniframe
configure:9304: result: yes
configure:9313: checking for --enable-tooltips
configure:9345: result: yes
configure:9354: checking for --enable-splines
configure:9386: result: yes
configure:9395: checking for --enable-validators
configure:9427: result: yes
configure:9436: checking for --enable-busyinfo
configure:9468: result: yes
configure:9477: checking for --enable-joystick
configure:9509: result: yes
configure:9518: checking for --enable-metafile
configure:9550: result: yes
configure:9559: checking for --enable-dragimage
configure:9591: result: yes
configure:9600: checking for --enable-accessibility
configure:9635: result: no
configure:9643: checking for --enable-palette
configure:9675: result: yes
configure:9684: checking for --enable-image
configure:9716: result: yes
configure:9725: checking for --enable-gif
configure:9757: result: yes
configure:9766: checking for --enable-pcx
configure:9798: result: yes
configure:9807: checking for --enable-iff
configure:9842: result: no
configure:9848: checking for --enable-pnm
configure:9880: result: yes
configure:9889: checking for --enable-xpm
configure:9921: result: yes
configure:9930: checking for --enable-ico_cur
configure:9962: result: yes
configure:9983: checking for --enable-official_build
configure:10018: result: no
configure:10039: checking for toolkit
configure:10109: result: motif
configure:10307: checking for gcc
configure:10323: found /usr/local/bin/gcc
configure:10333: result: gcc
configure:10577: checking for C compiler version
configure:10580: gcc --version </dev/null >&5
gcc (GCC) 3.3.2
Copyright (C) 2003 Free Software Foundation, Inc.
This is free software; see the source for copying conditions.  There is NO
warranty; not even for MERCHANTABILITY or FITNESS FOR A PARTICULAR PURPOSE.

configure:10583: $? = 0
configure:10585: gcc -v </dev/null >&5
Reading specs from /usr/local/lib/gcc-lib/i386-pc-solaris2.10/3.3.2/specs
Configured with: ../configure --with-as=/usr/ccs/bin/as --with-ld=/usr/ccs/bin/ld --disable-nls
Thread model: posix
gcc version 3.3.2
configure:10588: $? = 0
configure:10590: gcc -V </dev/null >&5
gcc: `-V' option must have argument
configure:10593: $? = 1
configure:10616: checking for C compiler default output file name
configure:10619: gcc    conftest.c  >&5
configure:10622: $? = 0
configure:10668: result: a.out
configure:10673: checking whether the C compiler works
configure:10679: ./a.out
configure:10682: $? = 0
configure:10699: result: yes
configure:10706: checking whether we are cross compiling
configure:10708: result: no
configure:10711: checking for suffix of executables
configure:10713: gcc -o conftest    conftest.c  >&5
configure:10716: $? = 0
configure:10741: result: 
configure:10747: checking for suffix of object files
configure:10768: gcc -c   conftest.c >&5
configure:10771: $? = 0
configure:10793: result: 
configure:10797: checking whether we are using the GNU C compiler
configure:10821: gcc -c   conftest.c >&5
configure:10827: $? = 0
configure:10831: test -z 
			 || test ! -s conftest.err
configure:10834: $? = 0
configure:10837: test -s conftest.
configure:10840: $? = 1
configure: failed program was:
| /* confdefs.h.  */
| 
| #define PACKAGE_NAME "wxWidgets"
| #define PACKAGE_TARNAME "wxwidgets"
| #define PACKAGE_VERSION "2.5.3"
| #define PACKAGE_STRING "wxWidgets 2.5.3"
| #define PACKAGE_BUGREPORT "wx-dev@lists.wxwidgets.org"
| #define __SUN__ 1
| #define __SOLARIS__ 1
| #define __SVR4__ 1
| #define __UNIX__ 1
| /* end confdefs.h.  */
| 
| int
| main ()
| {
| #ifndef __GNUC__
|        choke me
| #endif
| 
|   ;
|   return 0;
| }
configure:10853: result: no
configure:10859: checking whether gcc accepts -g
configure:10880: gcc -c -g  conftest.c >&5
configure:10886: $? = 0
configure:10890: test -z 
			 || test ! -s conftest.err
configure:10893: $? = 0
configure:10896: test -s conftest.
configure:10899: $? = 1
configure: failed program was:
| /* confdefs.h.  */
| 
| #define PACKAGE_NAME "wxWidgets"
| #define PACKAGE_TARNAME "wxwidgets"
| #define PACKAGE_VERSION "2.5.3"
| #define PACKAGE_STRING "wxWidgets 2.5.3"
| #define PACKAGE_BUGREPORT "wx-dev@lists.wxwidgets.org"
| #define __SUN__ 1
| #define __SOLARIS__ 1
| #define __SVR4__ 1
| #define __UNIX__ 1
| /* end confdefs.h.  */
| 
| int
| main ()
| {
| 
|   ;
|   return 0;
| }
configure:10910: result: no
configure:10927: checking for gcc option to accept ANSI C
configure:10997: gcc  -c   conftest.c >&5
configure:11003: $? = 0
configure:11007: test -z 
			 || test ! -s conftest.err
configure:11010: $? = 0
configure:11013: test -s conftest.
configure:11016: $? = 1
configure: failed program was:
| /* confdefs.h.  */
| 
| #define PACKAGE_NAME "wxWidgets"
| #define PACKAGE_TARNAME "wxwidgets"
| #define PACKAGE_VERSION "2.5.3"
| #define PACKAGE_STRING "wxWidgets 2.5.3"
| #define PACKAGE_BUGREPORT "wx-dev@lists.wxwidgets.org"
| #define __SUN__ 1
| #define __SOLARIS__ 1
| #define __SVR4__ 1
| #define __UNIX__ 1
| /* end confdefs.h.  */
| #include <stdarg.h>
| #include <stdio.h>
| #include <sys/types.h>
| #include <sys/stat.h>
| /* Most of the following tests are stolen from RCS 5.7's src/conf.sh.  */
| struct buf { int x; };
| FILE * (*rcsopen) (struct buf *, struct stat *, int);
| static char *e (p, i)
|      char **p;
|      int i;
| {
|   return p[i];
| }
| static char *f (char * (*g) (char **, int), char **p, ...)
| {
|   char *s;
|   va_list v;
|   va_start (v,p);
|   s = g (p, va_arg (v,int));
|   va_end (v);
|   return s;
| }
| 
| /* OSF 4.0 Compaq cc is some sort of almost-ANSI by default.  It has
|    function prototypes and stuff, but not '\xHH' hex character constants.
|    These don't provoke an error unfortunately, instead are silently treated
|    as 'x'.  The following induces an error, until -std1 is added to get
|    proper ANSI mode.  Curiously '\x00'!='x' always comes out true, for an
|    array size at least.  It's necessary to write '\x00'==0 to get something
|    that's true only with -std1.  */
| int osf4_cc_array ['\x00' == 0 ? 1 : -1];
| 
| int test (int i, double x);
| struct s1 {int (*f) (int a);};
| struct s2 {int (*f) (double a);};
| int pairnames (int, char **, FILE *(*)(struct buf *, struct stat *, int), int, int);
| int argc;
| char **argv;
| int
| main ()
| {
| return f (e, argv, 0) != argv[0]  ||  f (e, argv, 1) != argv[1];
|   ;
|   return 0;
| }
configure:10997: gcc -qlanglvl=ansi -c   conftest.c >&5
gcc: unrecognized option `-qlanglvl=ansi'
configure:11003: $? = 0
configure:11007: test -z 
			 || test ! -s conftest.err
configure:11010: $? = 0
configure:11013: test -s conftest.
configure:11016: $? = 1
configure: failed program was:
| /* confdefs.h.  */
| 
| #define PACKAGE_NAME "wxWidgets"
| #define PACKAGE_TARNAME "wxwidgets"
| #define PACKAGE_VERSION "2.5.3"
| #define PACKAGE_STRING "wxWidgets 2.5.3"
| #define PACKAGE_BUGREPORT "wx-dev@lists.wxwidgets.org"
| #define __SUN__ 1
| #define __SOLARIS__ 1
| #define __SVR4__ 1
| #define __UNIX__ 1
| /* end confdefs.h.  */
| #include <stdarg.h>
| #include <stdio.h>
| #include <sys/types.h>
| #include <sys/stat.h>
| /* Most of the following tests are stolen from RCS 5.7's src/conf.sh.  */
| struct buf { int x; };
| FILE * (*rcsopen) (struct buf *, struct stat *, int);
| static char *e (p, i)
|      char **p;
|      int i;
| {
|   return p[i];
| }
| static char *f (char * (*g) (char **, int), char **p, ...)
| {
|   char *s;
|   va_list v;
|   va_start (v,p);
|   s = g (p, va_arg (v,int));
|   va_end (v);
|   return s;
| }
| 
| /* OSF 4.0 Compaq cc is some sort of almost-ANSI by default.  It has
|    function prototypes and stuff, but not '\xHH' hex character constants.
|    These don't provoke an error unfortunately, instead are silently treated
|    as 'x'.  The following induces an error, until -std1 is added to get
|    proper ANSI mode.  Curiously '\x00'!='x' always comes out true, for an
|    array size at least.  It's necessary to write '\x00'==0 to get something
|    that's true only with -std1.  */
| int osf4_cc_array ['\x00' == 0 ? 1 : -1];
| 
| int test (int i, double x);
| struct s1 {int (*f) (int a);};
| struct s2 {int (*f) (double a);};
| int pairnames (int, char **, FILE *(*)(struct buf *, struct stat *, int), int, int);
| int argc;
| char **argv;
| int
| main ()
| {
| return f (e, argv, 0) != argv[0]  ||  f (e, argv, 1) != argv[1];
|   ;
|   return 0;
| }
configure:10997: gcc -std1 -c   conftest.c >&5
cc1: error: unrecognized option `-std1'
configure:11003: $? = 1
configure: failed program was:
| /* confdefs.h.  */
| 
| #define PACKAGE_NAME "wxWidgets"
| #define PACKAGE_TARNAME "wxwidgets"
| #define PACKAGE_VERSION "2.5.3"
| #define PACKAGE_STRING "wxWidgets 2.5.3"
| #define PACKAGE_BUGREPORT "wx-dev@lists.wxwidgets.org"
| #define __SUN__ 1
| #define __SOLARIS__ 1
| #define __SVR4__ 1
| #define __UNIX__ 1
| /* end confdefs.h.  */
| #include <stdarg.h>
| #include <stdio.h>
| #include <sys/types.h>
| #include <sys/stat.h>
| /* Most of the following tests are stolen from RCS 5.7's src/conf.sh.  */
| struct buf { int x; };
| FILE * (*rcsopen) (struct buf *, struct stat *, int);
| static char *e (p, i)
|      char **p;
|      int i;
| {
|   return p[i];
| }
| static char *f (char * (*g) (char **, int), char **p, ...)
| {
|   char *s;
|   va_list v;
|   va_start (v,p);
|   s = g (p, va_arg (v,int));
|   va_end (v);
|   return s;
| }
| 
| /* OSF 4.0 Compaq cc is some sort of almost-ANSI by default.  It has
|    function prototypes and stuff, but not '\xHH' hex character constants.
|    These don't provoke an error unfortunately, instead are silently treated
|    as 'x'.  The following induces an error, until -std1 is added to get
|    proper ANSI mode.  Curiously '\x00'!='x' always comes out true, for an
|    array size at least.  It's necessary to write '\x00'==0 to get something
|    that's true only with -std1.  */
| int osf4_cc_array ['\x00' == 0 ? 1 : -1];
| 
| int test (int i, double x);
| struct s1 {int (*f) (int a);};
| struct s2 {int (*f) (double a);};
| int pairnames (int, char **, FILE *(*)(struct buf *, struct stat *, int), int, int);
| int argc;
| char **argv;
| int
| main ()
| {
| return f (e, argv, 0) != argv[0]  ||  f (e, argv, 1) != argv[1];
|   ;
|   return 0;
| }
configure:10997: gcc -Ae -c   conftest.c >&5
<command line>:4:2: missing '(' after predicate
configure:11003: $? = 1
configure: failed program was:
| /* confdefs.h.  */
| 
| #define PACKAGE_NAME "wxWidgets"
| #define PACKAGE_TARNAME "wxwidgets"
| #define PACKAGE_VERSION "2.5.3"
| #define PACKAGE_STRING "wxWidgets 2.5.3"
| #define PACKAGE_BUGREPORT "wx-dev@lists.wxwidgets.org"
| #define __SUN__ 1
| #define __SOLARIS__ 1
| #define __SVR4__ 1
| #define __UNIX__ 1
| /* end confdefs.h.  */
| #include <stdarg.h>
| #include <stdio.h>
| #include <sys/types.h>
| #include <sys/stat.h>
| /* Most of the following tests are stolen from RCS 5.7's src/conf.sh.  */
| struct buf { int x; };
| FILE * (*rcsopen) (struct buf *, struct stat *, int);
| static char *e (p, i)
|      char **p;
|      int i;
| {
|   return p[i];
| }
| static char *f (char * (*g) (char **, int), char **p, ...)
| {
|   char *s;
|   va_list v;
|   va_start (v,p);
|   s = g (p, va_arg (v,int));
|   va_end (v);
|   return s;
| }
| 
| /* OSF 4.0 Compaq cc is some sort of almost-ANSI by default.  It has
|    function prototypes and stuff, but not '\xHH' hex character constants.
|    These don't provoke an error unfortunately, instead are silently treated
|    as 'x'.  The following induces an error, until -std1 is added to get
|    proper ANSI mode.  Curiously '\x00'!='x' always comes out true, for an
|    array size at least.  It's necessary to write '\x00'==0 to get something
|    that's true only with -std1.  */
| int osf4_cc_array ['\x00' == 0 ? 1 : -1];
| 
| int test (int i, double x);
| struct s1 {int (*f) (int a);};
| struct s2 {int (*f) (double a);};
| int pairnames (int, char **, FILE *(*)(struct buf *, struct stat *, int), int, int);
| int argc;
| char **argv;
| int
| main ()
| {
| return f (e, argv, 0) != argv[0]  ||  f (e, argv, 1) != argv[1];
|   ;
|   return 0;
| }
configure:10997: gcc -Aa -D_HPUX_SOURCE -c   conftest.c >&5
<command line>:4:2: missing '(' after predicate
configure:11003: $? = 1
configure: failed program was:
| /* confdefs.h.  */
| 
| #define PACKAGE_NAME "wxWidgets"
| #define PACKAGE_TARNAME "wxwidgets"
| #define PACKAGE_VERSION "2.5.3"
| #define PACKAGE_STRING "wxWidgets 2.5.3"
| #define PACKAGE_BUGREPORT "wx-dev@lists.wxwidgets.org"
| #define __SUN__ 1
| #define __SOLARIS__ 1
| #define __SVR4__ 1
| #define __UNIX__ 1
| /* end confdefs.h.  */
| #include <stdarg.h>
| #include <stdio.h>
| #include <sys/types.h>
| #include <sys/stat.h>
| /* Most of the following tests are stolen from RCS 5.7's src/conf.sh.  */
| struct buf { int x; };
| FILE * (*rcsopen) (struct buf *, struct stat *, int);
| static char *e (p, i)
|      char **p;
|      int i;
| {
|   return p[i];
| }
| static char *f (char * (*g) (char **, int), char **p, ...)
| {
|   char *s;
|   va_list v;
|   va_start (v,p);
|   s = g (p, va_arg (v,int));
|   va_end (v);
|   return s;
| }
| 
| /* OSF 4.0 Compaq cc is some sort of almost-ANSI by default.  It has
|    function prototypes and stuff, but not '\xHH' hex character constants.
|    These don't provoke an error unfortunately, instead are silently treated
|    as 'x'.  The following induces an error, until -std1 is added to get
|    proper ANSI mode.  Curiously '\x00'!='x' always comes out true, for an
|    array size at least.  It's necessary to write '\x00'==0 to get something
|    that's true only with -std1.  */
| int osf4_cc_array ['\x00' == 0 ? 1 : -1];
| 
| int test (int i, double x);
| struct s1 {int (*f) (int a);};
| struct s2 {int (*f) (double a);};
| int pairnames (int, char **, FILE *(*)(struct buf *, struct stat *, int), int, int);
| int argc;
| char **argv;
| int
| main ()
| {
| return f (e, argv, 0) != argv[0]  ||  f (e, argv, 1) != argv[1];
|   ;
|   return 0;
| }
configure:10997: gcc -Xc -D__EXTENSIONS__ -c   conftest.c >&5
gcc: unrecognized option `-Xc'
configure:11003: $? = 0
configure:11007: test -z 
			 || test ! -s conftest.err
configure:11010: $? = 0
configure:11013: test -s conftest.
configure:11016: $? = 1
configure: failed program was:
| /* confdefs.h.  */
| 
| #define PACKAGE_NAME "wxWidgets"
| #define PACKAGE_TARNAME "wxwidgets"
| #define PACKAGE_VERSION "2.5.3"
| #define PACKAGE_STRING "wxWidgets 2.5.3"
| #define PACKAGE_BUGREPORT "wx-dev@lists.wxwidgets.org"
| #define __SUN__ 1
| #define __SOLARIS__ 1
| #define __SVR4__ 1
| #define __UNIX__ 1
| /* end confdefs.h.  */
| #include <stdarg.h>
| #include <stdio.h>
| #include <sys/types.h>
| #include <sys/stat.h>
| /* Most of the following tests are stolen from RCS 5.7's src/conf.sh.  */
| struct buf { int x; };
| FILE * (*rcsopen) (struct buf *, struct stat *, int);
| static char *e (p, i)
|      char **p;
|      int i;
| {
|   return p[i];
| }
| static char *f (char * (*g) (char **, int), char **p, ...)
| {
|   char *s;
|   va_list v;
|   va_start (v,p);
|   s = g (p, va_arg (v,int));
|   va_end (v);
|   return s;
| }
| 
| /* OSF 4.0 Compaq cc is some sort of almost-ANSI by default.  It has
|    function prototypes and stuff, but not '\xHH' hex character constants.
|    These don't provoke an error unfortunately, instead are silently treated
|    as 'x'.  The following induces an error, until -std1 is added to get
|    proper ANSI mode.  Curiously '\x00'!='x' always comes out true, for an
|    array size at least.  It's necessary to write '\x00'==0 to get something
|    that's true only with -std1.  */
| int osf4_cc_array ['\x00' == 0 ? 1 : -1];
| 
| int test (int i, double x);
| struct s1 {int (*f) (int a);};
| struct s2 {int (*f) (double a);};
| int pairnames (int, char **, FILE *(*)(struct buf *, struct stat *, int), int, int);
| int argc;
| char **argv;
| int
| main ()
| {
| return f (e, argv, 0) != argv[0]  ||  f (e, argv, 1) != argv[1];
|   ;
|   return 0;
| }
configure:11034: result: none needed
configure:11052: gcc -c   conftest.c >&5
conftest.c:2: error: parse error before "me"
configure:11058: $? = 1
configure: failed program was:
| #ifndef __cplusplus
|   choke me
| #endif
configure:11198: checking how to run the C preprocessor
configure:11233: gcc -E  conftest.c
configure:11239: $? = 0
configure:11271: gcc -E  conftest.c
conftest.c:13:28: ac_nonexistent.h: No such file or directory
configure:11277: $? = 1
configure: failed program was:
| /* confdefs.h.  */
| 
| #define PACKAGE_NAME "wxWidgets"
| #define PACKAGE_TARNAME "wxwidgets"
| #define PACKAGE_VERSION "2.5.3"
| #define PACKAGE_STRING "wxWidgets 2.5.3"
| #define PACKAGE_BUGREPORT "wx-dev@lists.wxwidgets.org"
| #define __SUN__ 1
| #define __SOLARIS__ 1
| #define __SVR4__ 1
| #define __UNIX__ 1
| /* end confdefs.h.  */
| #include <ac_nonexistent.h>
configure:11316: result: gcc -E
configure:11340: gcc -E  conftest.c
configure:11346: $? = 0
configure:11378: gcc -E  conftest.c
conftest.c:13:28: ac_nonexistent.h: No such file or directory
configure:11384: $? = 1
configure: failed program was:
| /* confdefs.h.  */
| 
| #define PACKAGE_NAME "wxWidgets"
| #define PACKAGE_TARNAME "wxwidgets"
| #define PACKAGE_VERSION "2.5.3"
| #define PACKAGE_STRING "wxWidgets 2.5.3"
| #define PACKAGE_BUGREPORT "wx-dev@lists.wxwidgets.org"
| #define __SUN__ 1
| #define __SOLARIS__ 1
| #define __SVR4__ 1
| #define __UNIX__ 1
| /* end confdefs.h.  */
| #include <ac_nonexistent.h>
configure:11428: checking for egrep
configure:11438: result: grep -E
configure:11556: checking for g++
configure:11572: found /usr/local/bin/g++
configure:11582: result: g++
configure:11598: checking for C++ compiler version
configure:11601: g++ --version </dev/null >&5
g++ (GCC) 3.3.2
Copyright (C) 2003 Free Software Foundation, Inc.
This is free software; see the source for copying conditions.  There is NO
warranty; not even for MERCHANTABILITY or FITNESS FOR A PARTICULAR PURPOSE.

configure:11604: $? = 0
configure:11606: g++ -v </dev/null >&5
Reading specs from /usr/local/lib/gcc-lib/i386-pc-solaris2.10/3.3.2/specs
Configured with: ../configure --with-as=/usr/ccs/bin/as --with-ld=/usr/ccs/bin/ld --disable-nls
Thread model: posix
gcc version 3.3.2
configure:11609: $? = 0
configure:11611: g++ -V </dev/null >&5
g++: `-V' option must have argument
configure:11614: $? = 1
configure:11617: checking whether we are using the GNU C++ compiler
configure:11641: g++ -c   conftest.cc >&5
configure:11647: $? = 0
configure:11651: test -z 
			 || test ! -s conftest.err
configure:11654: $? = 0
configure:11657: test -s conftest.
configure:11660: $? = 1
configure: failed program was:
| /* confdefs.h.  */
| 
| #define PACKAGE_NAME "wxWidgets"
| #define PACKAGE_TARNAME "wxwidgets"
| #define PACKAGE_VERSION "2.5.3"
| #define PACKAGE_STRING "wxWidgets 2.5.3"
| #define PACKAGE_BUGREPORT "wx-dev@lists.wxwidgets.org"
| #define __SUN__ 1
| #define __SOLARIS__ 1
| #define __SVR4__ 1
| #define __UNIX__ 1
| /* end confdefs.h.  */
| 
| int
| main ()
| {
| #ifndef __GNUC__
|        choke me
| #endif
| 
|   ;
|   return 0;
| }
configure:11673: result: no
configure:11679: checking whether g++ accepts -g
configure:11700: g++ -c -g  conftest.cc >&5
configure:11706: $? = 0
configure:11710: test -z 
			 || test ! -s conftest.err
configure:11713: $? = 0
configure:11716: test -s conftest.
configure:11719: $? = 1
configure: failed program was:
| /* confdefs.h.  */
| 
| #define PACKAGE_NAME "wxWidgets"
| #define PACKAGE_TARNAME "wxwidgets"
| #define PACKAGE_VERSION "2.5.3"
| #define PACKAGE_STRING "wxWidgets 2.5.3"
| #define PACKAGE_BUGREPORT "wx-dev@lists.wxwidgets.org"
| #define __SUN__ 1
| #define __SOLARIS__ 1
| #define __SVR4__ 1
| #define __UNIX__ 1
| /* end confdefs.h.  */
| 
| int
| main ()
| {
| 
|   ;
|   return 0;
| }
configure:11730: result: no
configure:11772: g++ -c   conftest.cc >&5
In file included from /usr/include/sys/wait.h:24,
                 from /usr/include/stdlib.h:22,
                 from conftest.cc:14:
/usr/include/sys/siginfo.h:259: error: 'ctid_t' is used as a type, but is not 
   defined as a type.
/usr/include/sys/siginfo.h:390: error: 'ctid_t' is used as a type, but is not 
   defined as a type.
configure:11778: $? = 1
configure: failed program was:
| /* confdefs.h.  */
| 
| #define PACKAGE_NAME "wxWidgets"
| #define PACKAGE_TARNAME "wxwidgets"
| #define PACKAGE_VERSION "2.5.3"
| #define PACKAGE_STRING "wxWidgets 2.5.3"
| #define PACKAGE_BUGREPORT "wx-dev@lists.wxwidgets.org"
| #define __SUN__ 1
| #define __SOLARIS__ 1
| #define __SVR4__ 1
| #define __UNIX__ 1
| /* end confdefs.h.  */
| 
| #include <stdlib.h>
| int
| main ()
| {
| exit (42);
|   ;
|   return 0;
| }
configure:11772: g++ -c   conftest.cc >&5
In file included from /usr/include/sys/wait.h:24,
                 from /usr/include/stdlib.h:22,
                 from conftest.cc:14:
/usr/include/sys/siginfo.h:259: error: 'ctid_t' is used as a type, but is not 
   defined as a type.
/usr/include/sys/siginfo.h:390: error: 'ctid_t' is used as a type, but is not 
   defined as a type.
configure:11778: $? = 1
configure: failed program was:
| /* confdefs.h.  */
| 
| #define PACKAGE_NAME "wxWidgets"
| #define PACKAGE_TARNAME "wxwidgets"
| #define PACKAGE_VERSION "2.5.3"
| #define PACKAGE_STRING "wxWidgets 2.5.3"
| #define PACKAGE_BUGREPORT "wx-dev@lists.wxwidgets.org"
| #define __SUN__ 1
| #define __SOLARIS__ 1
| #define __SVR4__ 1
| #define __UNIX__ 1
| /* end confdefs.h.  */
| extern "C" void std::exit (int) throw (); using std::exit;
| #include <stdlib.h>
| int
| main ()
| {
| exit (42);
|   ;
|   return 0;
| }
configure:11772: g++ -c   conftest.cc >&5
In file included from /usr/include/sys/wait.h:24,
                 from /usr/include/stdlib.h:22,
                 from conftest.cc:14:
/usr/include/sys/siginfo.h:259: error: 'ctid_t' is used as a type, but is not 
   defined as a type.
/usr/include/sys/siginfo.h:390: error: 'ctid_t' is used as a type, but is not 
   defined as a type.
configure:11778: $? = 1
configure: failed program was:
| /* confdefs.h.  */
| 
| #define PACKAGE_NAME "wxWidgets"
| #define PACKAGE_TARNAME "wxwidgets"
| #define PACKAGE_VERSION "2.5.3"
| #define PACKAGE_STRING "wxWidgets 2.5.3"
| #define PACKAGE_BUGREPORT "wx-dev@lists.wxwidgets.org"
| #define __SUN__ 1
| #define __SOLARIS__ 1
| #define __SVR4__ 1
| #define __UNIX__ 1
| /* end confdefs.h.  */
| extern "C" void std::exit (int); using std::exit;
| #include <stdlib.h>
| int
| main ()
| {
| exit (42);
|   ;
|   return 0;
| }
configure:11772: g++ -c   conftest.cc >&5
In file included from /usr/include/stdlib.h:18,
                 from conftest.cc:14:
/usr/include/iso/stdlib_iso.h:124: error: declaration of `void exit(int)' 
   throws different exceptions
conftest.cc:13: error: than previous declaration `void exit(int) throw ()'
In file included from /usr/include/sys/wait.h:24,
                 from /usr/include/stdlib.h:22,
                 from conftest.cc:14:
/usr/include/sys/siginfo.h:259: error: 'ctid_t' is used as a type, but is not 
   defined as a type.
/usr/include/sys/siginfo.h:390: error: 'ctid_t' is used as a type, but is not 
   defined as a type.
configure:11778: $? = 1
configure: failed program was:
| /* confdefs.h.  */
| 
| #define PACKAGE_NAME "wxWidgets"
| #define PACKAGE_TARNAME "wxwidgets"
| #define PACKAGE_VERSION "2.5.3"
| #define PACKAGE_STRING "wxWidgets 2.5.3"
| #define PACKAGE_BUGREPORT "wx-dev@lists.wxwidgets.org"
| #define __SUN__ 1
| #define __SOLARIS__ 1
| #define __SVR4__ 1
| #define __UNIX__ 1
| /* end confdefs.h.  */
| extern "C" void exit (int) throw ();
| #include <stdlib.h>
| int
| main ()
| {
| exit (42);
|   ;
|   return 0;
| }
configure:11772: g++ -c   conftest.cc >&5
In file included from /usr/include/sys/wait.h:24,
                 from /usr/include/stdlib.h:22,
                 from conftest.cc:14:
/usr/include/sys/siginfo.h:259: error: 'ctid_t' is used as a type, but is not 
   defined as a type.
/usr/include/sys/siginfo.h:390: error: 'ctid_t' is used as a type, but is not 
   defined as a type.
configure:11778: $? = 1
configure: failed program was:
| /* confdefs.h.  */
| 
| #define PACKAGE_NAME "wxWidgets"
| #define PACKAGE_TARNAME "wxwidgets"
| #define PACKAGE_VERSION "2.5.3"
| #define PACKAGE_STRING "wxWidgets 2.5.3"
| #define PACKAGE_BUGREPORT "wx-dev@lists.wxwidgets.org"
| #define __SUN__ 1
| #define __SOLARIS__ 1
| #define __SVR4__ 1
| #define __UNIX__ 1
| /* end confdefs.h.  */
| extern "C" void exit (int);
| #include <stdlib.h>
| int
| main ()
| {
| exit (42);
|   ;
|   return 0;
| }
configure:11772: g++ -c   conftest.cc >&5
In file included from /usr/include/stdlib.h:18,
                 from conftest.cc:14:
conftest.cc:13: error: previous declaration of `void exit(int)' with C++ 
   linkage
/usr/include/iso/stdlib_iso.h:124: error: conflicts with new declaration with C 
   linkage
In file included from /usr/include/sys/wait.h:24,
                 from /usr/include/stdlib.h:22,
                 from conftest.cc:14:
/usr/include/sys/siginfo.h:259: error: 'ctid_t' is used as a type, but is not 
   defined as a type.
/usr/include/sys/siginfo.h:390: error: 'ctid_t' is used as a type, but is not 
   defined as a type.
configure:11778: $? = 1
configure: failed program was:
| /* confdefs.h.  */
| 
| #define PACKAGE_NAME "wxWidgets"
| #define PACKAGE_TARNAME "wxwidgets"
| #define PACKAGE_VERSION "2.5.3"
| #define PACKAGE_STRING "wxWidgets 2.5.3"
| #define PACKAGE_BUGREPORT "wx-dev@lists.wxwidgets.org"
| #define __SUN__ 1
| #define __SOLARIS__ 1
| #define __SVR4__ 1
| #define __UNIX__ 1
| /* end confdefs.h.  */
| void exit (int);
| #include <stdlib.h>
| int
| main ()
| {
| exit (42);
|   ;
|   return 0;
| }
configure:11908: checking for ranlib
configure:11924: found /usr/ccs/bin/ranlib
configure:11935: result: ranlib
configure:11950: checking for ar
configure:11966: found /usr/xpg4/bin/ar
configure:11976: result: ar
configure:12002: checking for a BSD-compatible install
configure:12057: result: ./install-sh -c
configure:12091: checking for strip
configure:12107: found /usr/ccs/bin/strip
configure:12118: result: strip
configure:12126: checking if make is GNU make
configure:12140: result: yes
configure:12207: checking whether ln -s works
configure:12211: result: yes
configure:12437: checking for strcasecmp() in string.h
configure:12463: g++ -o conftest    conftest.cc  >&5
ld: fatal: library -lstdc++: not found
ld: fatal: File processing errors. No output written to conftest
collect2: ld returned 1 exit status
configure:12469: $? = 1
configure: failed program was:
| /* confdefs.h.  */
| 
| #define PACKAGE_NAME "wxWidgets"
| #define PACKAGE_TARNAME "wxwidgets"
| #define PACKAGE_VERSION "2.5.3"
| #define PACKAGE_STRING "wxWidgets 2.5.3"
| #define PACKAGE_BUGREPORT "wx-dev@lists.wxwidgets.org"
| #define __SUN__ 1
| #define __SOLARIS__ 1
| #define __SVR4__ 1
| #define __UNIX__ 1
| #ifdef __cplusplus
| void exit (int);
| #endif
| /* end confdefs.h.  */
| 
|               #include <string.h>
| 
| int
| main ()
| {
| 
|                   strcasecmp("foo", "bar");
| 
|   ;
|   return 0;
| }
configure:12496: result: no
configure:12505: checking for strcasecmp() in strings.h
configure:12531: g++ -o conftest    conftest.cc  >&5
ld: fatal: library -lstdc++: not found
ld: fatal: File processing errors. No output written to conftest
collect2: ld returned 1 exit status
configure:12537: $? = 1
configure: failed program was:
| /* confdefs.h.  */
| 
| #define PACKAGE_NAME "wxWidgets"
| #define PACKAGE_TARNAME "wxwidgets"
| #define PACKAGE_VERSION "2.5.3"
| #define PACKAGE_STRING "wxWidgets 2.5.3"
| #define PACKAGE_BUGREPORT "wx-dev@lists.wxwidgets.org"
| #define __SUN__ 1
| #define __SOLARIS__ 1
| #define __SVR4__ 1
| #define __UNIX__ 1
| #ifdef __cplusplus
| void exit (int);
| #endif
| /* end confdefs.h.  */
| 
|                   #include <strings.h>
| 
| int
| main ()
| {
| 
|                       strcasecmp("foo", "bar");
| 
|   ;
|   return 0;
| }
configure:12564: result: no
configure:12573: error: No case-insensitive string comparison function found.

## ---------------- ##
## Cache variables. ##
## ---------------- ##

ac_cv_build=i386-pc-solaris2.10
ac_cv_build_alias=i386-pc-solaris2.10
ac_cv_c_compiler_gnu=no
ac_cv_cxx_compiler_gnu=no
ac_cv_env_CC_set=
ac_cv_env_CC_value=
ac_cv_env_CFLAGS_set=
ac_cv_env_CFLAGS_value=
ac_cv_env_CPPFLAGS_set=
ac_cv_env_CPPFLAGS_value=
ac_cv_env_CPP_set=
ac_cv_env_CPP_value=
ac_cv_env_CXXCPP_set=
ac_cv_env_CXXCPP_value=
ac_cv_env_CXXFLAGS_set=
ac_cv_env_CXXFLAGS_value=
ac_cv_env_CXX_set=
ac_cv_env_CXX_value=
ac_cv_env_LDFLAGS_set=
ac_cv_env_LDFLAGS_value=
ac_cv_env_build_alias_set=
ac_cv_env_build_alias_value=
ac_cv_env_host_alias_set=
ac_cv_env_host_alias_value=
ac_cv_env_target_alias_set=
ac_cv_env_target_alias_value=
ac_cv_exeext=
ac_cv_host=i386-pc-solaris2.10
ac_cv_host_alias=i386-pc-solaris2.10
ac_cv_prog_AR=ar
ac_cv_prog_CPP='gcc -E'
ac_cv_prog_STRIP=strip
ac_cv_prog_ac_ct_CC=gcc
ac_cv_prog_ac_ct_CXX=g++
ac_cv_prog_ac_ct_RANLIB=ranlib
ac_cv_prog_cc_g=no
ac_cv_prog_cc_stdc=no
ac_cv_prog_cxx_g=no
ac_cv_prog_egrep='grep -E'
ac_cv_string_strcasecmp=no
ac_cv_strings_strcasecmp=no
ac_cv_target=i386-pc-solaris2.10
ac_cv_target_alias=i386-pc-solaris2.10
ac_cv_use_accel=wxUSE_ACCEL=yes
ac_cv_use_accessibility=wxUSE_ACCESSIBILITY=no
ac_cv_use_apple_ieee=wxUSE_APPLE_IEEE=yes
ac_cv_use_bmpbutton=wxUSE_BMPBUTTON=yes
ac_cv_use_busyinfo=wxUSE_BUSYINFO=yes
ac_cv_use_button=wxUSE_BUTTON=yes
ac_cv_use_calendar=wxUSE_CALCTRL=yes
ac_cv_use_caret=wxUSE_CARET=yes
ac_cv_use_catch_segvs=wxUSE_ON_FATAL_EXCEPTION=yes
ac_cv_use_checkbox=wxUSE_CHECKBOX=yes
ac_cv_use_checklst=wxUSE_CHECKLST=yes
ac_cv_use_choice=wxUSE_CHOICE=yes
ac_cv_use_choicebook=wxUSE_CHOICEBOOK=yes
ac_cv_use_choicedlg=wxUSE_CHOICEDLG=yes
ac_cv_use_clipboard=wxUSE_CLIPBOARD=yes
ac_cv_use_cmdline=wxUSE_CMDLINE_PARSER=yes
ac_cv_use_coldlg=wxUSE_COLOURDLG=yes
ac_cv_use_combobox=wxUSE_COMBOBOX=yes
ac_cv_use_commondlg=wxUSE_COMMONDLGS=yes
ac_cv_use_compat22=WXWIN_COMPATIBILITY_2_2=
ac_cv_use_compat24=WXWIN_COMPATIBILITY_2_4=
ac_cv_use_config=wxUSE_CONFIG=yes
ac_cv_use_constraints=wxUSE_CONSTRAINTS=yes
ac_cv_use_controls=wxUSE_CONTROLS=
ac_cv_use_dataobj=wxUSE_DATAOBJ=yes
ac_cv_use_datetime=wxUSE_DATETIME=yes
ac_cv_use_debug=wxUSE_DEBUG=
ac_cv_use_debug_cntxt=wxUSE_DEBUG_CONTEXT=no
ac_cv_use_debug_flag=wxUSE_DEBUG_FLAG=no
ac_cv_use_debug_gdb=wxUSE_DEBUG_GDB=no
ac_cv_use_debug_info=wxUSE_DEBUG_INFO=no
ac_cv_use_dialupman=wxUSE_DIALUP_MANAGER=yes
ac_cv_use_dirdlg=wxUSE_DIRDLG=yes
ac_cv_use_display=wxUSE_DISPLAY=yes
ac_cv_use_dmalloc=wxUSE_DMALLOC=no
ac_cv_use_dnd=wxUSE_DRAG_AND_DROP=yes
ac_cv_use_docview=wxUSE_DOC_VIEW_ARCHITECTURE=yes
ac_cv_use_dragimage=wxUSE_DRAGIMAGE=yes
ac_cv_use_dynamicloader=wxUSE_DYNAMIC_LOADER=yes
ac_cv_use_dynlib=wxUSE_DYNLIB_CLASS=yes
ac_cv_use_exceptions=wxUSE_EXCEPTIONS=yes
ac_cv_use_expat=wxUSE_EXPAT=yes
ac_cv_use_ffile=wxUSE_FFILE=yes
ac_cv_use_file=wxUSE_FILE=yes
ac_cv_use_filedlg=wxUSE_FILEDLG=yes
ac_cv_use_fileproto=wxUSE_PROTOCOL_FILE=yes
ac_cv_use_filesystem=wxUSE_FILESYSTEM=yes
ac_cv_use_finddlg=wxUSE_FINDREPLDLG=yes
ac_cv_use_fontdlg=wxUSE_FONTDLG=yes
ac_cv_use_fontmap=wxUSE_FONTMAP=yes
ac_cv_use_fs_inet=wxUSE_FS_INET=yes
ac_cv_use_fs_zip=wxUSE_FS_ZIP=yes
ac_cv_use_ftp=wxUSE_PROTOCOL_FTP=yes
ac_cv_use_gauge=wxUSE_GAUGE=yes
ac_cv_use_geometry=wxUSE_GEOMETRY=yes
ac_cv_use_gif=wxUSE_GIF=yes
ac_cv_use_gpe=wxUSE_GPE=
ac_cv_use_grid=wxUSE_GRID=yes
ac_cv_use_gtk2=wxUSE_GTK2=yes
ac_cv_use_gui=wxUSE_GUI=yes
ac_cv_use_help=wxUSE_HELP=yes
ac_cv_use_html=wxUSE_HTML=yes
ac_cv_use_htmlhelp=wxUSE_WXHTML_HELP=yes
ac_cv_use_http=wxUSE_PROTOCOL_HTTP=yes
ac_cv_use_ico_cur=wxUSE_ICO_CUR=yes
ac_cv_use_iff=wxUSE_IFF=no
ac_cv_use_image=wxUSE_IMAGE=yes
ac_cv_use_imaglist=wxUSE_IMAGLIST=yes
ac_cv_use_intl=wxUSE_INTL=yes
ac_cv_use_ipc=wxUSE_IPC=yes
ac_cv_use_joystick=wxUSE_JOYSTICK=yes
ac_cv_use_libjpeg=wxUSE_LIBJPEG=yes
ac_cv_use_libmspack=wxUSE_LIBMSPACK=yes
ac_cv_use_libpng=wxUSE_LIBPNG=yes
ac_cv_use_libtiff=wxUSE_LIBTIFF=yes
ac_cv_use_libxpm=wxUSE_LIBXPM=yes
ac_cv_use_listbook=wxUSE_LISTBOOK=yes
ac_cv_use_listbox=wxUSE_LISTBOX=yes
ac_cv_use_listctrl=wxUSE_LISTCTRL=yes
ac_cv_use_log=wxUSE_LOG=yes
ac_cv_use_logdialog=wxUSE_LOGDIALOG=yes
ac_cv_use_loggui=wxUSE_LOGGUI=yes
ac_cv_use_logwin=wxUSE_LOGWINDOW=yes
ac_cv_use_longlong=wxUSE_LONGLONG=yes
ac_cv_use_mdi=wxUSE_MDI=yes
ac_cv_use_mdidoc=wxUSE_MDI_ARCHITECTURE=yes
ac_cv_use_mem_tracing=wxUSE_MEM_TRACING=no
ac_cv_use_menus=wxUSE_MENUS=yes
ac_cv_use_metafile=wxUSE_METAFILE=yes
ac_cv_use_mimetype=wxUSE_MIMETYPE=yes
ac_cv_use_miniframe=wxUSE_MINIFRAME=yes
ac_cv_use_monolithic=wxUSE_MONOLITHIC=no
ac_cv_use_msgdlg=wxUSE_MSGDLG=yes
ac_cv_use_mshtmlhelp=wxUSE_MS_HTML_HELP=yes
ac_cv_use_mslu=wxUSE_UNICODE_MSLU=yes
ac_cv_use_nanox=wxUSE_NANOX=no
ac_cv_use_no_deps=wxUSE_NO_DEPS=no
ac_cv_use_no_exceptions=wxUSE_NO_EXCEPTIONS=no
ac_cv_use_no_rtti=wxUSE_NO_RTTI=no
ac_cv_use_notebook=wxUSE_NOTEBOOK=yes
ac_cv_use_numberdlg=wxUSE_NUMBERDLG=yes
ac_cv_use_odbc=wxUSE_ODBC=no
ac_cv_use_official_build=wxUSE_OFFICIAL_BUILD=no
ac_cv_use_ole=wxUSE_OLE=yes
ac_cv_use_opengl=wxUSE_OPENGL=no
ac_cv_use_optimise=wxUSE_OPTIMISE=yes
ac_cv_use_palette=wxUSE_PALETTE=yes
ac_cv_use_pcx=wxUSE_PCX=yes
ac_cv_use_permissive=wxUSE_PERMISSIVE=no
ac_cv_use_plugins=wxUSE_PLUGINS=no
ac_cv_use_pnm=wxUSE_PNM=yes
ac_cv_use_popupwin=wxUSE_POPUPWIN=yes
ac_cv_use_postscript=wxUSE_POSTSCRIPT=yes
ac_cv_use_printarch=wxUSE_PRINTING_ARCHITECTURE=yes
ac_cv_use_profile=wxUSE_PROFILE=no
ac_cv_use_progressdlg=wxUSE_PROGRESSDLG=yes
ac_cv_use_prologio=wxUSE_PROLOGIO=
ac_cv_use_protocol=wxUSE_PROTOCOL=yes
ac_cv_use_protocol_file=wxUSE_PROTOCOL_FILE=yes
ac_cv_use_protocol_ftp=wxUSE_PROTOCOL_FTP=yes
ac_cv_use_protocol_http=wxUSE_PROTOCOL_HTTP=yes
ac_cv_use_protocols=wxUSE_PROTOCOL=yes
ac_cv_use_radiobox=wxUSE_RADIOBOX=yes
ac_cv_use_radiobtn=wxUSE_RADIOBTN=yes
ac_cv_use_regex=wxUSE_REGEX=yes
ac_cv_use_resources=wxUSE_RESOURCES=no
ac_cv_use_sash=wxUSE_SASH=yes
ac_cv_use_scrollbar=wxUSE_SCROLLBAR=yes
ac_cv_use_sdl=wxUSE_LIBSDL=no
ac_cv_use_shared=wxUSE_SHARED=yes
ac_cv_use_slider=wxUSE_SLIDER=yes
ac_cv_use_snglinst=wxUSE_SNGLINST_CHECKER=yes
ac_cv_use_sockets=wxUSE_SOCKETS=yes
ac_cv_use_sound=wxUSE_SOUND=yes
ac_cv_use_spinbtn=wxUSE_SPINBTN=yes
ac_cv_use_spinctrl=wxUSE_SPINCTRL=yes
ac_cv_use_splash=wxUSE_SPLASH=yes
ac_cv_use_splines=wxUSE_SPLINES=yes
ac_cv_use_splitter=wxUSE_SPLITTER=yes
ac_cv_use_statbmp=wxUSE_STATBMP=yes
ac_cv_use_statbox=wxUSE_STATBOX=yes
ac_cv_use_statline=wxUSE_STATLINE=yes
ac_cv_use_stattext=wxUSE_STATTEXT=yes
ac_cv_use_statusbar=wxUSE_STATUSBAR=yes
ac_cv_use_std_iostreams=wxUSE_STD_IOSTREAM=no
ac_cv_use_stl=wxUSE_STL=no
ac_cv_use_stopwatch=wxUSE_STOPWATCH=yes
ac_cv_use_streams=wxUSE_STREAMS=yes
ac_cv_use_system_options=wxUSE_SYSTEM_OPTIONS=yes
ac_cv_use_tabdialog=wxUSE_TABDIALOG=no
ac_cv_use_tbarnative=wxUSE_TOOLBAR_NATIVE=yes
ac_cv_use_tbarsmpl=wxUSE_TOOLBAR_SIMPLE=yes
ac_cv_use_textbuf=wxUSE_TEXTBUFFER=yes
ac_cv_use_textctrl=wxUSE_TEXTCTRL=yes
ac_cv_use_textdlg=wxUSE_TEXTDLG=yes
ac_cv_use_textfile=wxUSE_TEXTFILE=yes
ac_cv_use_threads=wxUSE_THREADS=yes
ac_cv_use_timer=wxUSE_TIMER=yes
ac_cv_use_tipdlg=wxUSE_STARTUP_TIPS=yes
ac_cv_use_tipwindow=wxUSE_TIPWINDOW=yes
ac_cv_use_togglebtn=wxUSE_TOGGLEBTN=yes
ac_cv_use_toolbar=wxUSE_TOOLBAR=yes
ac_cv_use_tooltips=wxUSE_TOOLTIPS=yes
ac_cv_use_treectrl=wxUSE_TREECTRL=yes
ac_cv_use_unicode=wxUSE_UNICODE=no
ac_cv_use_universal=wxUSE_UNIVERSAL=no
ac_cv_use_url=wxUSE_URL=yes
ac_cv_use_validators=wxUSE_VALIDATORS=yes
ac_cv_use_webkit=wxUSE_WEBKIT=yes
ac_cv_use_wizarddlg=wxUSE_WIZARDDLG=yes
ac_cv_use_wxprintfv=wxUSE_EXPERIMENTAL_PRINTF=
ac_cv_use_xpm=wxUSE_XPM=yes
ac_cv_use_xrc=wxUSE_XRC=yes
ac_cv_use_zipstream=wxUSE_ZIPSTREAM=yes
ac_cv_use_zlib=wxUSE_ZLIB=yes
wx_cv_prog_makeisgnu=yes

## ----------------- ##
## Output variables. ##
## ----------------- ##

AFMINSTALL=''
AIX_CXX_LD=''
AR='ar'
BUILD=''
CC='gcc'
CFLAGS=''
CODE_GEN_FLAGS=''
CODE_GEN_FLAGS_CXX=''
COND_BUILD_DEBUG=''
COND_BUILD_DEBUG_DEBUG_FLAG_DEFAULT=''
COND_BUILD_DEBUG_DEBUG_INFO_DEFAULT=''
COND_BUILD_DEBUG_UNICODE_0=''
COND_BUILD_DEBUG_UNICODE_1=''
COND_BUILD_RELEASE=''
COND_BUILD_RELEASE_DEBUG_INFO_DEFAULT=''
COND_BUILD_RELEASE_UNICODE_0=''
COND_BUILD_RELEASE_UNICODE_1=''
COND_DEBUG_FLAG_1=''
COND_DEBUG_INFO_0=''
COND_DEBUG_INFO_1=''
COND_DEPS_TRACKING_0=''
COND_DEPS_TRACKING_1=''
COND_GCC_PCH_1=''
COND_MONOLITHIC_0=''
COND_MONOLITHIC_0_SHARED_0=''
COND_MONOLITHIC_0_SHARED_0_USE_GUI_1=''
COND_MONOLITHIC_0_SHARED_0_USE_GUI_1_USE_ODBC_1=''
COND_MONOLITHIC_0_SHARED_0_USE_HTML_1=''
COND_MONOLITHIC_0_SHARED_0_USE_ODBC_1=''
COND_MONOLITHIC_0_SHARED_0_USE_XRC_1=''
COND_MONOLITHIC_0_SHARED_1=''
COND_MONOLITHIC_0_SHARED_1_USE_GUI_1=''
COND_MONOLITHIC_0_SHARED_1_USE_GUI_1_USE_ODBC_1=''
COND_MONOLITHIC_0_SHARED_1_USE_HTML_1=''
COND_MONOLITHIC_0_SHARED_1_USE_ODBC_1=''
COND_MONOLITHIC_0_SHARED_1_USE_XRC_1=''
COND_MONOLITHIC_0_USE_ODBC_1=''
COND_MONOLITHIC_1=''
COND_MONOLITHIC_1_SHARED_0=''
COND_MONOLITHIC_1_SHARED_1=''
COND_OFFICIAL_BUILD_0_PLATFORM_WIN32_1=''
COND_OFFICIAL_BUILD_1_PLATFORM_WIN32_1=''
COND_PLATFORM_MACOSX_0_USE_SOVERSION_1=''
COND_PLATFORM_MACOSX_1=''
COND_PLATFORM_MACOSX_1_TOOLKIT_COCOA=''
COND_PLATFORM_MACOSX_1_TOOLKIT_GTK=''
COND_PLATFORM_MACOSX_1_TOOLKIT_MAC=''
COND_PLATFORM_MACOSX_1_TOOLKIT_MOTIF=''
COND_PLATFORM_MACOSX_1_TOOLKIT_X11=''
COND_PLATFORM_MACOSX_1_USE_GUI_1=''
COND_PLATFORM_MACOSX_1_USE_SOVERSION_1=''
COND_PLATFORM_MAC_1=''
COND_PLATFORM_OS2_1=''
COND_PLATFORM_UNIX_0=''
COND_PLATFORM_UNIX_1=''
COND_PLATFORM_UNIX_1_USE_GUI_1=''
COND_PLATFORM_UNIX_1_USE_PLUGINS_0=''
COND_PLATFORM_WIN32_0=''
COND_PLATFORM_WIN32_1=''
COND_SHARED_0=''
COND_SHARED_0_TOOLKIT_MAC_WXUNIV_0=''
COND_SHARED_0_TOOLKIT_MSW_WXUNIV_0=''
COND_SHARED_0_TOOLKIT_PM_WXUNIV_0=''
COND_SHARED_0_USE_GUI_1_USE_OPENGL_1=''
COND_SHARED_0_USE_GUI_1_WXUSE_LIBJPEG_BUILTIN=''
COND_SHARED_0_USE_GUI_1_WXUSE_LIBPNG_BUILTIN=''
COND_SHARED_0_USE_GUI_1_WXUSE_LIBTIFF_BUILTIN=''
COND_SHARED_0_WXUSE_EXPAT_BUILTIN=''
COND_SHARED_0_WXUSE_ODBC_BUILTIN=''
COND_SHARED_0_WXUSE_REGEX_BUILTIN=''
COND_SHARED_0_WXUSE_ZLIB_BUILTIN=''
COND_SHARED_1=''
COND_SHARED_1_USE_GUI_1_USE_OPENGL_1=''
COND_TOOLKIT_COCOA=''
COND_TOOLKIT_COCOA_USE_GUI_1_WXUNIV_0=''
COND_TOOLKIT_GTK=''
COND_TOOLKIT_GTK_USE_GUI_1=''
COND_TOOLKIT_GTK_USE_GUI_1_WXUNIV_0=''
COND_TOOLKIT_MAC=''
COND_TOOLKIT_MAC_USE_GUI_1=''
COND_TOOLKIT_MAC_USE_GUI_1_WXUNIV_0=''
COND_TOOLKIT_MAC_WXUNIV_0=''
COND_TOOLKIT_MGL=''
COND_TOOLKIT_MGL_USE_GUI_1=''
COND_TOOLKIT_MOTIF=''
COND_TOOLKIT_MOTIF_USE_GUI_1=''
COND_TOOLKIT_MOTIF_USE_GUI_1_WXUNIV_0=''
COND_TOOLKIT_MSW=''
COND_TOOLKIT_MSW_USE_GUI_1=''
COND_TOOLKIT_MSW_USE_GUI_1_WXUNIV_0=''
COND_TOOLKIT_MSW_WXUNIV_0=''
COND_TOOLKIT_PM=''
COND_TOOLKIT_PM_USE_GUI_1=''
COND_TOOLKIT_PM_USE_GUI_1_WXUNIV_0=''
COND_TOOLKIT_PM_WXUNIV_0=''
COND_TOOLKIT_WINCE=''
COND_TOOLKIT_WINCE_USE_GUI_1=''
COND_TOOLKIT_WINCE_USE_GUI_1_WXUNIV_0=''
COND_TOOLKIT_X11=''
COND_TOOLKIT_X11_USE_GUI_1=''
COND_UNICODE_1=''
COND_USE_EXCEPTIONS_0=''
COND_USE_EXCEPTIONS_1=''
COND_USE_GUI_0=''
COND_USE_GUI_1=''
COND_USE_GUI_1_WXUNIV_0=''
COND_USE_GUI_1_WXUNIV_1=''
COND_USE_GUI_1_WXUSE_LIBJPEG_BUILTIN=''
COND_USE_GUI_1_WXUSE_LIBPNG_BUILTIN=''
COND_USE_GUI_1_WXUSE_LIBTIFF_BUILTIN=''
COND_USE_ODBC_1=''
COND_USE_PLUGINS_0=''
COND_USE_SOSYMLINKS_1=''
COND_USE_SOVERLINUX_1=''
COND_USE_SOVERSION_0=''
COND_USE_SOVERSOLARIS_1=''
COND_USE_XRC_1=''
COND_WITH_PLUGIN_SDL_1=''
COND_WXUNIV_1=''
COND_WXUSE_EXPAT_BUILTIN=''
COND_WXUSE_LIBJPEG_BUILTIN=''
COND_WXUSE_LIBPNG_BUILTIN=''
COND_WXUSE_LIBTIFF_BUILTIN=''
COND_WXUSE_ODBC_BUILTIN=''
COND_WXUSE_REGEX_BUILTIN=''
COND_WXUSE_ZLIB_BUILTIN=''
CORE_BASE_LIBS=''
CORE_GUI_LIBS=''
CPP='gcc -E'
CPPFLAGS=''
CPPUNIT_CFLAGS=''
CPPUNIT_CONFIG=''
CPPUNIT_LIBS=''
CXX='g++'
CXXCPP=''
CXXFLAGS=''
DEBUG_FLAG=''
DEBUG_INFO=''
DEFS=''
DEPS_TRACKING=''
DEREZ=''
DISTDIR=''
DLLIMP_SUFFIX=''
DLLPREFIX=''
DLLPREFIX_MODULE=''
DLLTOOL=''
DMALLOC_LIBS=''
ECHO_C=''
ECHO_N='-n'
ECHO_T=''
EGREP='grep -E'
EXEEXT=''
EXE_LINKER=''
EXTRALIBS=''
EXTRALIBS_ESD=''
EXTRALIBS_GUI=''
EXTRALIBS_HTML=''
EXTRALIBS_ODBC=''
EXTRALIBS_OPENGL=''
EXTRALIBS_SDL=''
EXTRALIBS_XML=''
GCC=''
GCC_PCH=''
GCC_PRAGMA_FLAGS=''
GTK_CFLAGS=''
GTK_CONFIG=''
GTK_LIBS=''
GUIDIST=''
HOST_SUFFIX=''
IF_GNU_MAKE=''
INSTALL_DATA='${INSTALL} -m 644'
INSTALL_DIR=''
INSTALL_PROGRAM='${INSTALL}'
INSTALL_SCRIPT='${INSTALL}'
LDFLAGS=''
LDFLAGS_GL=''
LDFLAGS_GUI=''
LIBEXT=''
LIBICONV=''
LIBOBJS=''
LIBPREFIX=''
LIBS=''
LIBWXMACRES=''
LN_S='ln -s'
LTLIBOBJS=''
MACRESCOMP=''
MACRESWXCONFIG=''
MACSETFILE=''
MAKE_SET=''
MONOLITHIC=''
NM=''
OBJEXT=''
OFFICIAL_BUILD=''
OPENGL_LIBS=''
PACKAGE_BUGREPORT='wx-dev@lists.wxwidgets.org'
PACKAGE_NAME='wxWidgets'
PACKAGE_STRING='wxWidgets 2.5.3'
PACKAGE_TARNAME='wxwidgets'
PACKAGE_VERSION='2.5.3'
PANGOFT2_CFLAGS=''
PANGOFT2_LIBS=''
PANGOXFT_CFLAGS=''
PANGOXFT_LIBS=''
PANGOX_CFLAGS=''
PANGOX_LIBS=''
PATH_SEPARATOR=':'
PIC_FLAG=''
PKG_CONFIG=''
PLATFORM_MAC=''
PLATFORM_MACOSX=''
PLATFORM_MSDOS=''
PLATFORM_OS2=''
PLATFORM_UNIX=''
PLATFORM_WIN32=''
RANLIB='ranlib'
RESCOMP=''
RESFLAGS=''
RESPROGRAMOBJ=''
SAMPLES_RPATH_FLAG=''
SAMPLES_RPATH_POSTLINK=''
SAMPLES_SUBDIRS=''
SDL_CFLAGS=''
SDL_CONFIG=''
SDL_LIBS=''
SETFILE=''
SET_MAKE=''
SHARED=''
SHARED_LD_CC=''
SHARED_LD_CXX=''
SHARED_LD_MODULE_CC=''
SHARED_LD_MODULE_CXX=''
SHELL='/bin/bash'
SONAME_FLAG=''
SO_SUFFIX='so'
SO_SUFFIX_MODULE=''
STRIP='strip'
TOOLCHAIN_DEFS=''
TOOLCHAIN_DLL_DEFS=''
TOOLCHAIN_FULLNAME=''
TOOLCHAIN_NAME=''
TOOLKIT=''
TOOLKIT_DIR=''
TOOLKIT_LOWERCASE=''
TOOLKIT_VERSION=''
UNICODE=''
USE_GUI=''
USE_MACVERSION=''
USE_PLUGINS=''
USE_SOSYMLINKS=''
USE_SOVERLINUX=''
USE_SOVERSION=''
USE_SOVERSOLARIS=''
VENDOR='custom'
WIDGET_SET=''
WIN32INSTALL=''
WITH_PLUGIN_SDL=''
WXCONFIG_EXTRALIBS=''
WXCONFIG_INCLUDE=''
WXCONFIG_LDFLAGS_GUI=''
WXCONFIG_RPATH=''
WXDEBUG_DEFINE=''
WXUNIV=''
WX_CHARTYPE=''
WX_DEBUGTYPE=''
WX_FLAVOUR=''
WX_LARGEFILE_FLAGS=''
WX_LIBRARY_BASENAME_GUI=''
WX_LIBRARY_BASENAME_NOGUI=''
WX_LIB_FLAVOUR=''
WX_RELEASE='2.5'
WX_RESOURCES_MACOSX_ASCII=''
WX_RESOURCES_MACOSX_DATA=''
WX_SUBVERSION='2.5.3.0'
WX_VERSION='2.5.3'
WX_VERSION_TAG=''
X_CFLAGS=''
X_EXTRA_LIBS=''
X_LIBS=''
X_PRE_LIBS=''
ac_ct_AR=''
ac_ct_CC='gcc'
ac_ct_CXX='g++'
ac_ct_NM=''
ac_ct_RANLIB='ranlib'
ac_ct_STRIP=''
bindir='${exec_prefix}/bin'
build='i386-pc-solaris2.10'
build_alias=''
build_cpu='i386'
build_os='solaris2.10'
build_vendor='pc'
cross_compiling='no'
datadir='${prefix}/share'
exec_prefix='NONE'
host='i386-pc-solaris2.10'
host_alias=''
host_cpu='i386'
host_os='solaris2.10'
host_vendor='pc'
includedir='${prefix}/include'
infodir='${prefix}/info'
libdir='${exec_prefix}/lib'
libexecdir='${exec_prefix}/libexec'
localstatedir='${prefix}/var'
mandir='${prefix}/man'
oldincludedir='/usr/include'
prefix='NONE'
program_transform_name='s,x,x,'
sbindir='${exec_prefix}/sbin'
sharedstatedir='${prefix}/com'
subdirs=''
sysconfdir='${prefix}/etc'
target='i386-pc-solaris2.10'
target_alias=''
target_cpu='i386'
target_os='solaris2.10'
target_vendor='pc'
wxUSE_EXPAT='yes'
wxUSE_LIBJPEG='yes'
wxUSE_LIBPNG='yes'
wxUSE_LIBTIFF='yes'
wxUSE_ODBC='no'
wxUSE_REGEX='yes'
wxUSE_ZLIB='yes'

## ----------- ##
## confdefs.h. ##
## ----------- ##

#define PACKAGE_BUGREPORT "wx-dev@lists.wxwidgets.org"
#define PACKAGE_NAME "wxWidgets"
#define PACKAGE_STRING "wxWidgets 2.5.3"
#define PACKAGE_TARNAME "wxwidgets"
#define PACKAGE_VERSION "2.5.3"
#define __SOLARIS__ 1
#define __SUN__ 1
#define __SVR4__ 1
#define __UNIX__ 1
#endif
#ifdef __cplusplus
void exit (int);

configure: exit 1

 	  	 
