2011-09-23 15:31:42.872 Python[198:1507] *** Assertion failure in -[NSToolbar _forceInsertItem:atIndex:], /SourceCache/AppKit/AppKit-1138/Toolbar.subproj/NSToolbar.m:1309
2011-09-23 15:31:42.874 Python[198:1507] An uncaught exception was raised
2011-09-23 15:31:42.875 Python[198:1507] Invalid parameter not satisfying: index>=0 && index<=[self _numberOfItems]
2011-09-23 15:31:42.877 Python[198:1507] (
	0   CoreFoundation                      0x00007fff8fdb9986 __exceptionPreprocess + 198
	1   libobjc.A.dylib                     0x00007fff908b2d5e objc_exception_throw + 43
	2   CoreFoundation                      0x00007fff8fdb97ba +[NSException raise:format:arguments:] + 106
	3   Foundation                          0x00007fff914e014f -[NSAssertionHandler handleFailureInMethod:object:file:lineNumber:description:] + 169
	4   AppKit                              0x00007fff88e0c84f -[NSToolbar _forceInsertItem:atIndex:] + 163
	5   AppKit                              0x00007fff88e0c626 -[NSToolbar _insertItem:atIndex:notifyDelegate:notifyView:notifyFamilyAndUpdateDefaults:] + 121
	6   AppKit                              0x00007fff88e0c361 -[NSToolbar _insertNewItemWithItemIdentifier:atIndex:propertyListRepresentation:notifyFlags:] + 118
	7   libwx_osx_cocoau-2.9.2.0.0.dylib    0x00000001103bafdb _ZN9wxToolBar7RealizeEv + 619
	8   _controls_.so                       0x0000000111c62766 _wrap_ToolBarBase_Realize + 102
	9   Python                              0x000000010f3d65d8 PyEval_EvalFrameEx + 16006
	10  Python                              0x000000010f3d8cd8 PyEval_EvalCodeEx + 1996
	11  Python                              0x000000010f3d8e6c PyEval_EvalCode + 341
	12  Python                              0x000000010f3d5e0a PyEval_EvalFrameEx + 14008
	13  Python                              0x000000010f3d8df7 PyEval_EvalCode + 224
	14  Python                              0x000000010f3d5e0a PyEval_EvalFrameEx + 14008
	15  Python                              0x000000010f3d8cd8 PyEval_EvalCodeEx + 1996
	16  Python                              0x000000010f376abf PyClassMethod_New + 1378
	17  Python                              0x000000010f355d32 PyObject_Call + 97
	18  Python                              0x000000010f3646e9 PyInstance_New + 13169
	19  Python                              0x000000010f355d32 PyObject_Call + 97
	20  Python                              0x000000010f3a0484 _PyObject_SlotCompare + 2883
	21  Python                              0x000000010f39ab7a PyType_Modified + 1019
	22  Python                              0x000000010f355d32 PyObject_Call + 97
	23  Python                              0x000000010f3d5f63 PyEval_EvalFrameEx + 14353
	24  Python                              0x000000010f3d8cd8 PyEval_EvalCodeEx + 1996
	25  Python                              0x000000010f376abf PyClassMethod_New + 1378
	26  Python                              0x000000010f355d32 PyObject_Call + 97
	27  Python                              0x000000010f3646e9 PyInstance_New + 13169
	28  Python                              0x000000010f355d32 PyObject_Call + 97
	29  Python                              0x000000010f3d1c40 PyEval_CallObjectWithKeywords + 180
	30  _core_.so                           0x000000010fe264ce _ZN7wxPyApp13_BootstrapAppEv + 766
	31  _core_.so                           0x000000010fe65ebb _wrap_PyApp__BootstrapApp + 75
	32  Python                              0x000000010f3d65d8 PyEval_EvalFrameEx + 16006
	33  Python                              0x000000010f3d8cd8 PyEval_EvalCodeEx + 1996
	34  Python                              0x000000010f3d8e6c PyEval_EvalCode + 341
	35  Python                              0x000000010f3d5e0a PyEval_EvalFrameEx + 14008
	36  Python                              0x000000010f3d8cd8 PyEval_EvalCodeEx + 1996
	37  Python                              0x000000010f376abf PyClassMethod_New + 1378
	38  Python                              0x000000010f355d32 PyObject_Call + 97
	39  Python                              0x000000010f3646e9 PyInstance_New + 13169
	40  Python                              0x000000010f355d32 PyObject_Call + 97
	41  Python                              0x000000010f3d5f63 PyEval_EvalFrameEx + 14353
	42  Python                              0x000000010f3d8cd8 PyEval_EvalCodeEx + 1996
	43  Python                              0x000000010f376abf PyClassMethod_New + 1378
	44  Python                              0x000000010f355d32 PyObject_Call + 97
	45  Python                              0x000000010f3646e9 PyInstance_New + 13169
	46  Python                              0x000000010f355d32 PyObject_Call + 97
	47  Python                              0x000000010f3a0484 _PyObject_SlotCompare + 2883
	48  Python                              0x000000010f39ab7a PyType_Modified + 1019
	49  Python                              0x000000010f355d32 PyObject_Call + 97
	50  Python                              0x000000010f3d5f63 PyEval_EvalFrameEx + 14353
	51  Python                              0x000000010f3d8df7 PyEval_EvalCode + 224
	52  Python                              0x000000010f3d5e0a PyEval_EvalFrameEx + 14008
	53  Python                              0x000000010f3d8cd8 PyEval_EvalCodeEx + 1996
	54  Python                              0x000000010f3d8e6c PyEval_EvalCode + 341
	55  Python                              0x000000010f3d5e0a PyEval_EvalFrameEx + 14008
	56  Python                              0x000000010f3d8df7 PyEval_EvalCode + 224
	57  Python                              0x000000010f3d5e0a PyEval_EvalFrameEx + 14008
	58  Python                              0x000000010f3d8cd8 PyEval_EvalCodeEx + 1996
	59  Python                              0x000000010f3d8d4d PyEval_EvalCode + 54
	60  Python                              0x000000010f3f008f Py_CompileString + 62
	61  Python                              0x000000010f3f014f PyRun_FileExFlags + 157
	62  Python                              0x000000010f3f12a2 PyRun_SimpleFileExFlags + 392
	63  Python                              0x000000010f4012af Py_Main + 2715
	64  Python                              0x000000010f34ae88 Python + 3720
	65  ???                                 0x0000000000000002 0x0 + 2
)
2011-09-23 15:31:42.877 Python[198:1507] *** Terminating app due to uncaught exception 'NSInternalInconsistencyException', reason: 'Invalid parameter not satisfying: index>=0 && index<=[self _numberOfItems]'
*** First throw call stack:
(
	0   CoreFoundation                      0x00007fff8fdb9986 __exceptionPreprocess + 198
	1   libobjc.A.dylib                     0x00007fff908b2d5e objc_exception_throw + 43
	2   CoreFoundation                      0x00007fff8fdb97ba +[NSException raise:format:arguments:] + 106
	3   Foundation                          0x00007fff914e014f -[NSAssertionHandler handleFailureInMethod:object:file:lineNumber:description:] + 169
	4   AppKit                              0x00007fff88e0c84f -[NSToolbar _forceInsertItem:atIndex:] + 163
	5   AppKit                              0x00007fff88e0c626 -[NSToolbar _insertItem:atIndex:notifyDelegate:notifyView:notifyFamilyAndUpdateDefaults:] + 121
	6   AppKit                              0x00007fff88e0c361 -[NSToolbar _insertNewItemWithItemIdentifier:atIndex:propertyListRepresentation:notifyFlags:] + 118
	7   libwx_osx_cocoau-2.9.2.0.0.dylib    0x00000001103bafdb _ZN9wxToolBar7RealizeEv + 619
	8   _controls_.so                       0x0000000111c62766 _wrap_ToolBarBase_Realize + 102
	9   Python                              0x000000010f3d65d8 PyEval_EvalFrameEx + 16006
	10  Python                              0x000000010f3d8cd8 PyEval_EvalCodeEx + 1996
	11  Python                              0x000000010f3d8e6c PyEval_EvalCode + 341
	12  Python                              0x000000010f3d5e0a PyEval_EvalFrameEx + 14008
	13  Python                              0x000000010f3d8df7 PyEval_EvalCode + 224
	14  Python                              0x000000010f3d5e0a PyEval_EvalFrameEx + 14008
	15  Python                              0x000000010f3d8cd8 PyEval_EvalCodeEx + 1996
	16  Python                              0x000000010f376abf PyClassMethod_New + 1378
	17  Python                              0x000000010f355d32 PyObject_Call + 97
	18  Python                              0x000000010f3646e9 PyInstance_New + 13169
	19  Python                              0x000000010f355d32 PyObject_Call + 97
	20  Python                              0x000000010f3a0484 _PyObject_SlotCompare + 2883
	21  Python                              0x000000010f39ab7a PyType_Modified + 1019
	22  Python                              0x000000010f355d32 PyObject_Call + 97
	23  Python                              0x000000010f3d5f63 PyEval_EvalFrameEx + 14353
	24  Python                              0x000000010f3d8cd8 PyEval_EvalCodeEx + 1996
	25  Python                              0x000000010f376abf PyClassMethod_New + 1378
	26  Python                              0x000000010f355d32 PyObject_Call + 97
	27  Python                              0x000000010f3646e9 PyInstance_New + 13169
	28  Python                              0x000000010f355d32 PyObject_Call + 97
	29  Python                              0x000000010f3d1c40 PyEval_CallObjectWithKeywords + 180
	30  _core_.so                           0x000000010fe264ce _ZN7wxPyApp13_BootstrapAppEv + 766
	31  _core_.so                           0x000000010fe65ebb _wrap_PyApp__BootstrapApp + 75
	32  Python                              0x000000010f3d65d8 PyEval_EvalFrameEx + 16006
	33  Python                              0x000000010f3d8cd8 PyEval_EvalCodeEx + 1996
	34  Python                              0x000000010f3d8e6c PyEval_EvalCode + 341
	35  Python                              0x000000010f3d5e0a PyEval_EvalFrameEx + 14008
	36  Python                              0x000000010f3d8cd8 PyEval_EvalCodeEx + 1996
	37  Python                              0x000000010f376abf PyClassMethod_New + 1378
	38  Python                              0x000000010f355d32 PyObject_Call + 97
	39  Python                              0x000000010f3646e9 PyInstance_New + 13169
	40  Python                              0x000000010f355d32 PyObject_Call + 97
	41  Python                              0x000000010f3d5f63 PyEval_EvalFrameEx + 14353
	42  Python                              0x000000010f3d8cd8 PyEval_EvalCodeEx + 1996
	43  Python                              0x000000010f376abf PyClassMethod_New + 1378
	44  Python                              0x000000010f355d32 PyObject_Call + 97
	45  Python                              0x000000010f3646e9 PyInstance_New + 13169
	46  Python                              0x000000010f355d32 PyObject_Call + 97
	47  Python                              0x000000010f3a0484 _PyObject_SlotCompare + 2883
	48  Python                              0x000000010f39ab7a PyType_Modified + 1019
	49  Python                              0x000000010f355d32 PyObject_Call + 97
	50  Python                              0x000000010f3d5f63 PyEval_EvalFrameEx + 14353
	51  Python                              0x000000010f3d8df7 PyEval_EvalCode + 224
	52  Python                              0x000000010f3d5e0a PyEval_EvalFrameEx + 14008
	53  Python                              0x000000010f3d8cd8 PyEval_EvalCodeEx + 1996
	54  Python                              0x000000010f3d8e6c PyEval_EvalCode + 341
	55  Python                              0x000000010f3d5e0a PyEval_EvalFrameEx + 14008
	56  Python                              0x000000010f3d8df7 PyEval_EvalCode + 224
	57  Python                              0x000000010f3d5e0a PyEval_EvalFrameEx + 14008
	58  Python                              0x000000010f3d8cd8 PyEval_EvalCodeEx + 1996
	59  Python                              0x000000010f3d8d4d PyEval_EvalCode + 54
	60  Python                              0x000000010f3f008f Py_CompileString + 62
	61  Python                              0x000000010f3f014f PyRun_FileExFlags + 157
	62  Python                              0x000000010f3f12a2 PyRun_SimpleFileExFlags + 392
	63  Python                              0x000000010f4012af Py_Main + 2715
	64  Python                              0x000000010f34ae88 Python + 3720
	65  ???                                 0x0000000000000002 0x0 + 2
)
terminate called throwing an exception