This file contains any messages produced by compilers while
running configure, to aid debugging if configure makes a mistake.

configure:1021: checking host system type
configure:1042: checking target system type
configure:1060: checking build system type
configure:1766: checking for --enable-gui
configure:1809: checking for --enable-universal
configure:1903: checking for --enable-nanox
configure:1944: checking for --enable-gtk2
configure:1984: checking for --with-libpng
configure:2035: checking for --with-libjpeg
configure:2086: checking for --with-libtiff
configure:2137: checking for --with-opengl
configure:2179: checking for --with-dmalloc
configure:2218: checking for --with-regex
configure:2269: checking for --with-zlib
configure:2320: checking for --with-odbc
configure:2362: checking for --enable-shared
configure:2402: checking for --enable-soname
configure:2442: checking for --enable-optimise
configure:2482: checking for --enable-debug
configure:2523: checking for --enable-precomp
configure:2572: checking for --enable-debug_flag
configure:2612: checking for --enable-debug_info
configure:2652: checking for --enable-debug_gdb
configure:2692: checking for --enable-debug_cntxt
configure:2732: checking for --enable-mem_tracing
configure:2772: checking for --enable-profile
configure:2812: checking for --enable-no_rtti
configure:2852: checking for --enable-no_exceptions
configure:2892: checking for --enable-permissive
configure:2932: checking for --enable-no_deps
configure:2973: checking for --enable-compat20
configure:3013: checking for --disable-compat22
configure:3067: checking for --enable-intl
configure:3107: checking for --enable-config
configure:3148: checking for --enable-protocols
configure:3188: checking for --enable-ftp
configure:3228: checking for --enable-http
configure:3268: checking for --enable-fileproto
configure:3308: checking for --enable-sockets
configure:3348: checking for --enable-ole
configure:3388: checking for --enable-dataobj
configure:3429: checking for --enable-ipc
configure:3470: checking for --enable-cmdline
configure:3510: checking for --enable-datetime
configure:3550: checking for --enable-timedate
configure:3590: checking for --enable-stopwatch
configure:3630: checking for --enable-dialupman
configure:3670: checking for --enable-apple_ieee
configure:3710: checking for --enable-timer
configure:3750: checking for --enable-wave
configure:3790: checking for --enable-fraction
configure:3830: checking for --enable-dynlib
configure:3870: checking for --enable-dynamicloader
configure:3910: checking for --enable-longlong
configure:3950: checking for --enable-geometry
configure:3990: checking for --enable-log
configure:4030: checking for --enable-streams
configure:4070: checking for --enable-file
configure:4110: checking for --enable-ffile
configure:4150: checking for --enable-textbuf
configure:4190: checking for --enable-textfile
configure:4230: checking for --enable-fontmap
configure:4270: checking for --enable-unicode
configure:4310: checking for --enable-mslu
configure:4350: checking for --enable-wxprintfv
configure:4390: checking for --enable-std_iostreams
configure:4430: checking for --enable-filesystem
configure:4470: checking for --enable-fs_inet
configure:4510: checking for --enable-fs_zip
configure:4550: checking for --enable-zipstream
configure:4591: checking for --enable-catch_segvs
configure:4631: checking for --enable-snglinst
configure:4672: checking for --enable-mimetype
configure:4712: checking for --enable-system_options
configure:4753: checking for --enable-url
configure:4793: checking for --enable-protocol
configure:4833: checking for --enable-protocol_http
configure:4873: checking for --enable-protocol_ftp
configure:4913: checking for --enable-protocol_file
configure:4956: checking for --enable-threads
configure:5000: checking for --enable-docview
configure:5040: checking for --enable-help
configure:5080: checking for --enable-mshtmlhelp
configure:5120: checking for --enable-html
configure:5160: checking for --enable-htmlhelp
configure:5200: checking for --enable-constraints
configure:5240: checking for --enable-printarch
configure:5280: checking for --enable-mdi
configure:5320: checking for --enable-loggui
configure:5360: checking for --enable-logwin
configure:5400: checking for --enable-logdialog
configure:5441: checking for --enable-postscript
configure:5484: checking for --enable-prologio
configure:5524: checking for --enable-resources
configure:5565: checking for --enable-xresources
configure:5607: checking for --enable-clipboard
configure:5647: checking for --enable-dnd
configure:5687: checking for --enable-metafile
configure:5728: checking for --enable-treelayout
configure:5770: checking for --enable-controls
configure:5891: checking for --enable-accel
configure:5931: checking for --enable-button
configure:5971: checking for --enable-bmpbutton
configure:6011: checking for --enable-calendar
configure:6051: checking for --enable-caret
configure:6091: checking for --enable-checkbox
configure:6131: checking for --enable-checklst
configure:6171: checking for --enable-choice
configure:6211: checking for --enable-combobox
configure:6251: checking for --enable-gauge
configure:6291: checking for --enable-grid
configure:6331: checking for --enable-newgrid
configure:6371: checking for --enable-imaglist
configure:6411: checking for --enable-listbox
configure:6451: checking for --enable-listctrl
configure:6491: checking for --enable-notebook
configure:6531: checking for --enable-propsheet
configure:6571: checking for --enable-radiobox
configure:6611: checking for --enable-radiobtn
configure:6651: checking for --enable-sash
configure:6691: checking for --enable-scrollbar
configure:6731: checking for --enable-slider
configure:6771: checking for --enable-spinbtn
configure:6811: checking for --enable-spinctrl
configure:6851: checking for --enable-splitter
configure:6891: checking for --enable-statbmp
configure:6931: checking for --enable-statbox
configure:6971: checking for --enable-statline
configure:7011: checking for --enable-stattext
configure:7051: checking for --enable-statusbar
configure:7091: checking for --enable-tabdialog
configure:7131: checking for --enable-textctrl
configure:7171: checking for --enable-togglebtn
configure:7211: checking for --enable-toolbar
configure:7251: checking for --enable-tbarnative
configure:7291: checking for --enable-tbarsmpl
configure:7331: checking for --enable-treectrl
configure:7371: checking for --enable-tipwindow
configure:7411: checking for --enable-popupwin
configure:7453: checking for --enable-commondlg
configure:7493: checking for --enable-choicedlg
configure:7533: checking for --enable-coldlg
configure:7573: checking for --enable-filedlg
configure:7613: checking for --enable-finddlg
configure:7653: checking for --enable-fontdlg
configure:7693: checking for --enable-dirdlg
configure:7733: checking for --enable-msgdlg
configure:7773: checking for --enable-numberdlg
configure:7813: checking for --enable-splash
configure:7853: checking for --enable-textdlg
configure:7893: checking for --enable-tipdlg
configure:7933: checking for --enable-progressdlg
configure:7973: checking for --enable-wizarddlg
configure:8015: checking for --enable-menus
configure:8055: checking for --enable-miniframe
configure:8095: checking for --enable-tooltips
configure:8135: checking for --enable-splines
configure:8175: checking for --enable-validators
configure:8215: checking for --enable-busyinfo
configure:8255: checking for --enable-joystick
configure:8295: checking for --enable-metafile
configure:8335: checking for --enable-dragimage
configure:8377: checking for --enable-palette
configure:8417: checking for --enable-image
configure:8457: checking for --enable-gif
configure:8497: checking for --enable-pcx
configure:8537: checking for --enable-iff
configure:8577: checking for --enable-pnm
configure:8617: checking for --enable-xpm
configure:8657: checking for --enable-ico_cur
configure:8716: checking for toolkit
configure:8903: checking for gcc
configure:9016: checking whether the C compiler (gcc  ) works
configure:9032: gcc -o conftest    conftest.c  1>&5
configure:9058: checking whether the C compiler (gcc  ) is a cross-compiler
configure:9063: checking whether we are using GNU C
configure:9072: gcc -E conftest.c
configure:9091: checking whether gcc accepts -g
configure:9124: checking how to run the C preprocessor
configure:9145: gcc -E  conftest.c >/dev/null 2>conftest.out
configure:9205: checking whether gcc needs -traditional
configure:9266: checking for c++
configure:9298: checking whether the C++ compiler (c++  ) works
configure:9314: c++ -o conftest    conftest.C  1>&5
configure:9340: checking whether the C++ compiler (c++  ) is a cross-compiler
configure:9345: checking whether we are using GNU C++
configure:9354: c++ -E conftest.C
configure:9373: checking whether c++ accepts -g
configure:9416: checking for ranlib
configure:9447: checking for ar
configure:9487: checking for a BSD compatible install
configure:9563: checking for strip
configure:9592: checking if make is GNU make
configure:9665: checking for bison
configure:9665: checking for byacc
configure:9699: checking for flex
configure:9733: checking for yywrap in -lfl
configure:9752: gcc -o conftest    conftest.c -lfl   1>&5
/usr/bin/ld:
Can't locate file for: -lfl
collect2: ld returned 1 exit status
configure: failed program was:
#line 9741 "configure"
#include "confdefs.h"
/* Override any gcc2 internal prototype to avoid an error.  */
/* We use char because int might match the return type of a gcc2
    builtin and then its argument prototype would still apply.  */
char yywrap();

int main() {
yywrap()
; return 0; }
configure:9776: checking whether ln -s works
configure:9853: checking for strings.h
configure:9863: gcc -E  conftest.c >/dev/null 2>conftest.out
configure:9895: checking for stdlib.h
configure:9905: gcc -E  conftest.c >/dev/null 2>conftest.out
configure:9935: checking for malloc.h
configure:9945: gcc -E  conftest.c >/dev/null 2>conftest.out
configure:9975: checking for unistd.h
configure:9985: gcc -E  conftest.c >/dev/null 2>conftest.out
configure:10015: checking for wchar.h
configure:10025: gcc -E  conftest.c >/dev/null 2>conftest.out
configure:10099: checking for fnmatch.h
configure:10109: gcc -E  conftest.c >/dev/null 2>conftest.out
configure:10140: checking for fnmatch
configure:10168: gcc -o conftest    conftest.c  1>&5
configure:10198: checking for langinfo.h
configure:10208: gcc -E  conftest.c >/dev/null 2>conftest.out
configure:10249: checking for X11/XKBlib.h
configure:10259: gcc -E  conftest.c >/dev/null 2>conftest.out
configure:10290: checking for working const
configure:10344: gcc -c   conftest.c 1>&5
configure:10365: checking for inline
configure:10379: gcc -c   conftest.c 1>&5
configure:10406: checking size of char
configure:10426: gcc -o conftest    conftest.c  1>&5
configure:10446: checking size of short
configure:10466: gcc -o conftest    conftest.c  1>&5
configure:10486: checking size of void *
configure:10506: gcc -o conftest    conftest.c  1>&5
configure:10526: checking size of int
configure:10546: gcc -o conftest    conftest.c  1>&5
configure:10566: checking size of long
configure:10586: gcc -o conftest    conftest.c  1>&5
configure:10696: checking size of long long
configure:10716: gcc -o conftest    conftest.c  1>&5
configure:10738: checking size of wchar_t
configure:10783: gcc -o conftest    conftest.c  1>&5
configure:10924: checking whether byte ordering is bigendian
configure:10942: gcc -c   conftest.c 1>&5
configure:10957: gcc -c   conftest.c 1>&5
configure: In function `main':
configure:10952: error: `not' undeclared (first use in this function)
configure:10952: error: (Each undeclared identifier is reported only once
configure:10952: error: for each function it appears in.)
configure:10952: error: parse error before "big"
configure: failed program was:
#line 10946 "configure"
#include "confdefs.h"
#include <sys/types.h>
#include <sys/param.h>
int main() {

#if BYTE_ORDER != BIG_ENDIAN
 not big endian
#endif
; return 0; }
configure:11018: checking how to run the C++ preprocessor
configure:11036: c++ -E  conftest.C >/dev/null 2>conftest.out
configure:11080: checking for iostream
configure:11090: c++ -E  conftest.C >/dev/null 2>conftest.out
configure:11138: checking if C++ compiler supports bool
configure:11165: c++ -c   conftest.C 1>&5
configure:11203: checking if C++ compiler supports the explicit keyword
configure:11229: c++ -c   conftest.C 1>&5
configure:11246: c++ -c   conftest.C 1>&5
configure: In function `int main()':
configure:11240: error: could not convert `17' to `const Foo&'
configure:11236: error: in passing argument 1 of `void TakeFoo(const Foo&)'
configure: failed program was:
#line 11233 "configure"
#include "confdefs.h"

                class Foo { public: explicit Foo(int) {} };
                static void TakeFoo(const Foo& foo) { }
            
int main() {

                TakeFoo(17);
                return 0;
            
; return 0; }
configure:11471: checking for regex.h
configure:11481: gcc -E  conftest.c >/dev/null 2>conftest.out
configure:11500: checking for regcomp
configure:11528: gcc -o conftest    conftest.c  1>&5
configure:11588: checking for zlib.h >= 1.1.4
configure:11648: gcc -o conftest    conftest.c  1>&5
configure:11750: checking for png.h > 0.90
configure:11807: gcc -o conftest    conftest.c  1>&5
configure:11793:41: png.h: No such file or directory
configure: In function `main':
configure:11801: error: `PNG_LIBPNG_VER' undeclared (first use in this function)
configure:11801: error: (Each undeclared identifier is reported only once
configure:11801: error: for each function it appears in.)
configure: failed program was:
#line 11791 "configure"
#include "confdefs.h"
                    
                        #include <png.h>
                        #include <stdio.h>

                        int main()
                        {
                            FILE *f=fopen("conftestval", "w");
                            if (!f) exit(1);
                            fprintf(f, "%s",
                                     PNG_LIBPNG_VER > 90 ? "yes" : "no");
                            exit(0);
                        }
                    
configure:11904: checking for jpeglib.h
configure:11921: gcc -c   conftest.c 1>&5
configure:11913:45: jpeglib.h: No such file or directory
configure: failed program was:
#line 11909 "configure"
#include "confdefs.h"

                        #undef HAVE_STDLIB_H
                        #include <stdio.h>
                        #include <jpeglib.h>
                    
int main() {

                    
; return 0; }
configure:12017: checking for tiffio.h
configure:12027: gcc -E  conftest.c >/dev/null 2>conftest.out
configure:12023:20: tiffio.h: No such file or directory
configure: failed program was:
#line 12022 "configure"
#include "confdefs.h"
#include <tiffio.h>
configure:14859: checking for dnet_ntoa in -ldnet
configure:14878: gcc -o conftest    conftest.c -ldnet   1>&5
/usr/bin/ld:
Can't locate file for: -ldnet
collect2: ld returned 1 exit status
configure: failed program was:
#line 14867 "configure"
#include "confdefs.h"
/* Override any gcc2 internal prototype to avoid an error.  */
/* We use char because int might match the return type of a gcc2
    builtin and then its argument prototype would still apply.  */
char dnet_ntoa();

int main() {
dnet_ntoa()
; return 0; }
configure:14900: checking for dnet_ntoa in -ldnet_stub
configure:14919: gcc -o conftest    conftest.c -ldnet_stub   1>&5
configure:14948: checking for gethostbyname
configure:14976: gcc -o conftest    conftest.c  1>&5
configure:15046: checking for connect
configure:15074: gcc -o conftest    conftest.c  1>&5
configure:15138: checking for remove
configure:15166: gcc -o conftest    conftest.c  1>&5
configure:15230: checking for shmat
configure:15258: gcc -o conftest    conftest.c  1>&5
configure:15331: checking for IceConnectionNumber in -lICE
configure:15350: gcc -o conftest    -LNONE conftest.c -lICE  -ldnet_stub  1>&5
configure:15385: checking for Motif/Lesstif headers
configure:15447: checking for Motif/Lesstif library
configure:15514: checking for Xpm library
configure:15562: gcc -c  -INONE  conftest.c 1>&5
configure:15552:41: X11/xpm.h: No such file or directory
configure: failed program was:
#line 15550 "configure"
#include "confdefs.h"

                    #include <X11/xpm.h>
                
int main() {

                    int version;
                    version = XpmLibraryVersion();
                
; return 0; }
configure:15589: checking if we need -lXp and/or -lSM -lICE
configure:15618: gcc -o conftest  -INONE   conftest.c -LNONE -L/usr/lib -lXm  -lXmu -lXext -lXt -lSM -lICE -lX11 1>&5
configure:16303: checking for ANSI C header files
configure:16316: gcc -E  conftest.c >/dev/null 2>conftest.out
configure:16383: gcc -o conftest    conftest.c  1>&5
configure:16407: checking for mode_t
configure:16440: checking for off_t
configure:16473: checking for pid_t
configure:16506: checking for size_t
configure:16539: checking for uid_t in sys/types.h
configure:16582: checking if size_t is unsigned int
configure:16601: c++ -c   conftest.C 1>&5
configure:16625: checking if size_t is unsigned long
configure:16643: c++ -c   conftest.C 1>&5
configure:16636: error: `void Foo::foo(long unsigned int)' and `void 
   Foo::foo(long unsigned int)' cannot be overloaded
configure: failed program was:
#line 16630 "configure"
#include "confdefs.h"
#include <stddef.h>
int main() {

                return 0; }

                struct Foo { void foo(size_t); void foo(unsigned long); };

                int bar() {
            
; return 0; }
configure:16677: checking for pw_gecos in struct passwd
configure:16694: gcc -c   conftest.c 1>&5
configure:16734: checking for wcslen
configure:16762: gcc -o conftest    conftest.c  1>&5
configure:16886: checking for wcsrtombs
configure:16914: gcc -o conftest    conftest.c  1>&5
configure:16954: checking for vsnprintf
configure:16985: c++ -o conftest    conftest.C  1>&5
configure:17131: checking for iconv
configure:17149: c++ -o conftest    conftest.C  1>&5
iconv_open
iconv
iconv_close
collect2: ld returned 1 exit status
configure: failed program was:
#line 17139 "configure"
#include "confdefs.h"
#include <stdlib.h>
#include <iconv.h>
int main() {
iconv_t cd = iconv_open("","");
       iconv(cd,NULL,NULL,NULL,NULL);
       iconv_close(cd);
; return 0; }
configure:17171: c++ -o conftest    conftest.C  -liconv 1>&5
configure:17192: checking if iconv needs const
configure:17216: c++ -c   conftest.C 1>&5
configure:17261: checking for sigaction
configure:17289: gcc -o conftest    conftest.c -liconv  1>&5
configure:17330: checking for sa_handler type
configure:17348: c++ -c   conftest.C 1>&5
configure:17385: checking for mkstemp
configure:17413: gcc -o conftest    conftest.c -liconv  1>&5
configure:17439: checking for statfs
configure:17465: gcc -c   conftest.c 1>&5
configure:17450:36: sys/vfs.h: No such file or directory
configure: In function `main':
configure:17456: error: storage size of `fs' isn't known
configure: failed program was:
#line 17444 "configure"
#include "confdefs.h"

             #if defined(__BSD__)
               #include <sys/param.h>
               #include <sys/mount.h>
             #else
               #include <sys/vfs.h>
             #endif
        
int main() {

             long l;
             struct statfs fs;
             statfs("/", &fs);
             l = fs.f_bsize;
             l += fs.f_blocks;
             l += fs.f_bavail;
        
; return 0; }
configure:17493: checking for statvfs
configure:17510: gcc -c   conftest.c 1>&5
configure:17541: checking for statvfs argument type
configure:17562: c++ -c   conftest.C 1>&5
configure:17645: checking for fcntl
configure:17673: gcc -o conftest    conftest.c -liconv  1>&5
configure:17707: checking for timegm
configure:17735: gcc -o conftest    conftest.c -liconv  1>&5
timegm
collect2: ld returned 1 exit status
configure: failed program was:
#line 17712 "configure"
#include "confdefs.h"
/* System header to define __stub macros and hopefully few prototypes,
    which can conflict with char timegm(); below.  */
#include <assert.h>
/* Override any gcc2 internal prototype to avoid an error.  */
/* We use char because int might match the return type of a gcc2
    builtin and then its argument prototype would still apply.  */
char timegm();

int main() {

/* The GNU C library defines this for functions which it implements
    to always fail with ENOSYS.  Some functions are actually named
    something starting with __ and the normal name is an alias.  */
#if defined (__stub_timegm) || defined (__stub___timegm)
choke me
#else
timegm();
#endif

; return 0; }
configure:17763: checking for putenv
configure:17791: gcc -o conftest    conftest.c -liconv  1>&5
configure:17838: checking for nanosleep
configure:17866: gcc -o conftest    conftest.c -liconv  1>&5
nanosleep
collect2: ld returned 1 exit status
configure: failed program was:
#line 17843 "configure"
#include "confdefs.h"
/* System header to define __stub macros and hopefully few prototypes,
    which can conflict with char nanosleep(); below.  */
#include <assert.h>
/* Override any gcc2 internal prototype to avoid an error.  */
/* We use char because int might match the return type of a gcc2
    builtin and then its argument prototype would still apply.  */
char nanosleep();

int main() {

/* The GNU C library defines this for functions which it implements
    to always fail with ENOSYS.  Some functions are actually named
    something starting with __ and the normal name is an alias.  */
#if defined (__stub_nanosleep) || defined (__stub___nanosleep)
choke me
#else
nanosleep();
#endif

; return 0; }
configure:17891: checking for nanosleep in -lposix4
configure:17910: gcc -o conftest    conftest.c -lposix4  -liconv  1>&5
/usr/bin/ld:
Can't locate file for: -lposix4
collect2: ld returned 1 exit status
configure: failed program was:
#line 17899 "configure"
#include "confdefs.h"
/* Override any gcc2 internal prototype to avoid an error.  */
/* We use char because int might match the return type of a gcc2
    builtin and then its argument prototype would still apply.  */
char nanosleep();

int main() {
nanosleep()
; return 0; }
configure:17938: checking for usleep
configure:17966: gcc -o conftest    conftest.c -liconv  1>&5
configure:18009: checking for uname
configure:18037: gcc -o conftest    conftest.c -liconv  1>&5
configure:18074: checking for strtok_r
configure:18105: c++ -o conftest    conftest.C -liconv  1>&5
configure:18142: checking for inet_addr
configure:18170: gcc -o conftest    conftest.c -liconv  1>&5
configure:18326: checking for inet_aton
configure:18354: gcc -o conftest    conftest.c -liconv  1>&5
configure:18538: checking whether pthreads work with -pthread
configure:18562: gcc -o conftest -pthread    conftest.c  -liconv  1>&5
In file included from configure:18556:
/usr/include/pthread.h:290:3: #error <pthread.h>: unrecognized compiler.
configure: failed program was:
#line 18555 "configure"
#include "confdefs.h"
#include <pthread.h>
int main() {
pthread_create(0,0,0,0);
; return 0; }
configure:18544: checking for the pthreads library -lpthread
configure:18562: gcc -o conftest     conftest.c -lpthread -liconv  1>&5
In file included from configure:18556:
/usr/include/pthread.h:290:3: #error <pthread.h>: unrecognized compiler.
/usr/include/pthread.h:328:4: #error "Please compile the module including pthread.h with -pthread"
configure: failed program was:
#line 18555 "configure"
#include "confdefs.h"
#include <pthread.h>
int main() {
pthread_create(0,0,0,0);
; return 0; }
configure:18533: checking whether pthreads work without any flags
configure:18562: gcc -o conftest     conftest.c  -liconv  1>&5
In file included from configure:18556:
/usr/include/pthread.h:290:3: #error <pthread.h>: unrecognized compiler.
/usr/include/pthread.h:328:4: #error "Please compile the module including pthread.h with -pthread"
configure: failed program was:
#line 18555 "configure"
#include "confdefs.h"
#include <pthread.h>
int main() {
pthread_create(0,0,0,0);
; return 0; }
configure:19263: checking if -D_REENTRANT is needed
configure:19651: checking for strptime
configure:19679: gcc -o conftest    conftest.c -liconv  1>&5
configure:19705: checking for timezone variable in <time.h>
configure:19723: gcc -c   conftest.c 1>&5
configure:19810: checking for localtime
configure:19838: gcc -o conftest    conftest.c -liconv  1>&5
configure:19865: checking for tm_gmtoff in struct tm
configure:19883: gcc -c   conftest.c 1>&5
configure:19912: checking for gettimeofday
configure:19940: gcc -o conftest    conftest.c -liconv  1>&5
configure:19967: checking whether gettimeofday takes two arguments
configure:19995: c++ -c   conftest.C 1>&5
configure:20071: checking for socket
configure:20099: gcc -o conftest    conftest.c -liconv  1>&5
configure:20172: checking what is the type of the third argument of getsockname
configure:20200: c++ -c   conftest.C 1>&5
configure: In function `int main()':
configure:20194: error: `socklen_t' undeclared (first use this function)
configure:20194: error: (Each undeclared identifier is reported only once for 
   each function it appears in.)
configure:20194: error: parse error before `;' token
configure:20195: error: `len' undeclared (first use this function)
configure: failed program was:
#line 20187 "configure"
#include "confdefs.h"

                        #include <sys/types.h>
                        #include <sys/socket.h>
                    
int main() {

                        socklen_t len;
                        getsockname(0, 0, &len);
                    
; return 0; }
configure:20221: c++ -c   conftest.C 1>&5
configure: In function `int main()':
configure:20216: error: cannot convert `size_t*' to `int*' for argument `3' to 
   `int getsockname(int, sockaddr*, int*)'
configure: failed program was:
#line 20208 "configure"
#include "confdefs.h"

                            #include <sys/types.h>
                            #include <sys/socket.h>
                        
int main() {

                            size_t len;
                            getsockname(0, 0, &len);
                        
; return 0; }
configure:20242: c++ -c   conftest.C 1>&5
configure:20378: checking for dlopen
configure:20406: gcc -o conftest    conftest.c -liconv  1>&5
configure:20596: checking for dlerror
configure:20624: gcc -o conftest    conftest.c -liconv  1>&5
configure:21970: checking for cos
configure:21998: gcc -o conftest    conftest.c      -liconv  1>&5
configure:21982: warning: conflicting types for built-in function `cos'
cos
collect2: ld returned 1 exit status
configure: failed program was:
#line 21975 "configure"
#include "confdefs.h"
/* System header to define __stub macros and hopefully few prototypes,
    which can conflict with char cos(); below.  */
#include <assert.h>
/* Override any gcc2 internal prototype to avoid an error.  */
/* We use char because int might match the return type of a gcc2
    builtin and then its argument prototype would still apply.  */
char cos();

int main() {

/* The GNU C library defines this for functions which it implements
    to always fail with ENOSYS.  Some functions are actually named
    something starting with __ and the normal name is an alias.  */
#if defined (__stub_cos) || defined (__stub___cos)
choke me
#else
cos();
#endif

; return 0; }
configure:22025: checking for floor
configure:22053: gcc -o conftest    conftest.c      -liconv  1>&5
floor
collect2: ld returned 1 exit status
configure: failed program was:
#line 22030 "configure"
#include "confdefs.h"
/* System header to define __stub macros and hopefully few prototypes,
    which can conflict with char floor(); below.  */
#include <assert.h>
/* Override any gcc2 internal prototype to avoid an error.  */
/* We use char because int might match the return type of a gcc2
    builtin and then its argument prototype would still apply.  */
char floor();

int main() {

/* The GNU C library defines this for functions which it implements
    to always fail with ENOSYS.  Some functions are actually named
    something starting with __ and the normal name is an alias.  */
#if defined (__stub_floor) || defined (__stub___floor)
choke me
#else
floor();
#endif

; return 0; }
configure:22078: checking if floating point functions link without -lm
configure:22090: checking for sin
configure:22118: gcc -o conftest    conftest.c      -liconv  -lm 1>&5
configure:22102: warning: conflicting types for built-in function `sin'
configure:22145: checking for ceil
configure:22173: gcc -o conftest    conftest.c      -liconv  -lm 1>&5
configure:22198: checking if floating point functions link with -lm
configure:22351: checking whether make sets ${MAKE}

 	  	 
