ASSERT INFO:
../Devel/wxWidgets/include/wx/strvararg.h(452): assert "(argtype & (wxFormatStringSpecifier<T>::value)) == argtype" failed in wxArgNormalizer(): format specifier doesn't match argument type

BACKTRACE:
[1] g_closure_invoke
[2] g_signal_emit_valist
[3] g_signal_emit
[4] gtk_window_propagate_key_event
[5] g_closure_invoke
[6] g_signal_emit_valist
[7] g_signal_emit
[8] gtk_main_do_event
[9] g_main_context_dispatch
[10] g_main_loop_run
[11] gtk_main
[12] wxGUIEventLoop::DoRun()
[13] wxEventLoopBase::Run()
[14] wxDialog::ShowModal()
[15] wxGetTextFromUser(wxString const&, wxString const&, wxString const&, wxWindow*, int, int, bool)
[16] MyFrame::OnSetLabel(wxCommandEvent&) /home/tux/BugEnv/samples/collpane/../../../Devel/wxWidgets/samples/collpane/collpane.cpp:242
[17] wxAppConsoleBase::HandleEvent(wxEvtHandler*, void (wxEvtHandler::*)(wxEvent&), wxEvent&) const
[18] wxAppConsoleBase::CallEventHandler(wxEvtHandler*, wxEventFunctor&, wxEvent&) const
[19] wxEvtHandler::ProcessEventIfMatchesId(wxEventTableEntryBase const&, wxEvtHandler*, wxEvent&)
[20] wxEventHashTable::HandleEvent(wxEvent&, wxEvtHandler*)
[21] wxEvtHandler::TryHereOnly(wxEvent&)
[22] wxEvtHandler::ProcessEventLocally(wxEvent&)
[23] wxEvtHandler::ProcessEvent(wxEvent&)
[24] wxWindowBase::TryAfter(wxEvent&)
[25] wxEvtHandler::ProcessEvent(wxEvent&)
[26] wxEvtHandler::SafelyProcessEvent(wxEvent&)
[27] wxWindowBase::HandleWindowEvent(wxEvent&) const
[28] wxMenuBase::SendEvent(int, int)
[29] g_closure_invoke
[30] g_signal_emit_valist
[31] g_signal_emit
[32] gtk_widget_activate
[33] gtk_menu_shell_activate_item
[34] g_signal_emit_valist
[35] g_signal_emit
[36] gtk_main_do_event
[37] g_main_context_dispatch
[38] g_main_loop_run
[39] gtk_main
[40] wxGUIEventLoop::DoRun()
[41] wxEventLoopBase::Run()
[42] wxAppConsoleBase::MainLoop()
[43] wxAppConsoleBase::OnRun()
[44] wxAppBase::OnRun()
[45] wxEntry(int&, wchar_t**)
[46] wxEntry(int&, char**)
[47] main /home/tux/BugEnv/samples/collpane/../../../Devel/wxWidgets/samples/collpane/collpane.cpp:136
[48] __libc_start_main
[49] _start /home/abuild/rpmbuild/BUILD/glibc-2.17/csu/../sysdeps/x86_64/start.S:126
