Starting program: /home/tux/BugEnv/samples/collpane/collpane 

Program received signal SIGTRAP, Trace/breakpoint trap.
0x00007ffff490da73 in g_logv (log_domain=0x7ffff5cd7b58 "GLib-GIO", 
    log_level=G_LOG_LEVEL_ERROR, format=<optimized out>, 
    args=args@entry=0x7fffffff8618) at gmessages.c:989
989			G_BREAKPOINT ();
The program being debugged has been started already.
Start it from the beginning? (y or n) 
Starting program: /home/tux/BugEnv/samples/collpane/collpane 
[Thread debugging using libthread_db enabled]
Using host libthread_db library "/lib64/libthread_db.so.1".

Program received signal SIGTRAP, Trace/breakpoint trap.
0x00007ffff2c3a0cb in raise () from /lib64/libpthread.so.0
#0  0x00007ffff2c3a0cb in raise () from /lib64/libpthread.so.0
No symbol table info available.
#1  0x00007ffff6be8943 in wxTrap ()
    at ../Devel/wxWidgets/src/common/appbase.cpp:1040
No locals.
#2  0x00007ffff732884f in wxGUIAppTraits::ShowAssertDialog (this=0x6c9d70, 
    msg=...) at ../Devel/wxWidgets/src/gtk/utilsgtk.cpp:322
        dialog = 0xa82390
        dump = {<wxStackWalker> = {<wxStackWalkerBase> = {
              _vptr.wxStackWalkerBase = 0x7ffff78c7270 <vtable for StackDump+16>}, static ms_exepath = {static npos = 18446744073709551615, static ms_cache = {
                cached = {{str = 0x7fffffffabc0, pos = 0, impl = 0, 
                    len = 18446744073709551615}, {str = 0x7fffffffa7b0, 
                    pos = 0, impl = 0, len = 18446744073709551615}, {
                    str = 0x7fffffffada0, pos = 0, impl = 0, len = 15}, {
                    str = 0x7fffffffad40, pos = 0, impl = 0, len = 44}, {
                    str = 0x7fffffffad90, pos = 0, impl = 0, 
                    len = 18446744073709551615}, {str = 0x7fffffffa8e0, 
                    pos = 0, impl = 0, len = 18446744073709551615}, {
                    str = 0x7fffffffa840, pos = 0, impl = 0, 
                    len = 18446744073709551615}, {str = 0x7fffffffabf0, 
                    pos = 0, impl = 0, len = 18446744073709551615}}, 
                lastUsed = 3}, m_impl = "", m_convertedToChar = {m_str = 0x0, 
                m_len = 0}, m_convertedToWChar = {m_str = 0x0, m_len = 0}, 
              m_iterators = {ptr = 0x0}}, static ms_addresses = {
              0x7ffff6cf8cd9 <wxStackWalker::SaveStack(unsigned long)+61>, 
              0x7ffff73287e9 <wxGUIAppTraits::ShowAssertDialog(wxString const&)+185>, 
              0x7ffff6be988a <ShowAssertDialog(wxString const&, int, wxString const&, wxString const&, wxString const&, wxAppTraits*)+627>, 
              0x7ffff6be7efb <wxAppConsoleBase::OnAssertFailure(wchar_t const*, int, wchar_t const*, wchar_t const*, wchar_t const*)+207>, 0x7ffff72fda21
     <wxApp::OnAssertFailure(wchar_t const*, int, wchar_t const*, wchar_t const*, wchar_t const*)+79>, 
              0x7ffff6be8b05 <wxDefaultAssertHandler(wxString const&, int, wxString const&, wxString const&, wxString const&)+448>, 
              0x7ffff6be9278 <wxOnAssert(char const*, int, char const*, char const*, char const*)+186>, 0x7ffff7309872
     <wxArgNormalizer<unsigned int>::wxArgNormalizer(unsigned int, wxFormatString const*, unsigned int)+126>, 
              0x7ffff7309574 <wxArgNormalizerWchar<unsigned int>::wxArgNormalizerWchar(unsigned int, wxFormatString const*, unsigned int)+44>, 0x7ffff7338d02
     <wxLogger::LogTrace<wchar_t const*, unsigned int>(wxString const&, wxFormatString const&, wchar_t const*, unsigned int)+324>, 
              0x7ffff732b307 <wxTranslateGTKKeyEventToWx(wxKeyEvent&, wxWindow*, GdkEventKey*)+298>, 
              0x7ffff732b8f6 <gtk_window_key_press_callback(GtkWidget*, GdkEventKey*, wxWindow*)+252>, 0x7ffff6595bcc <_gtk_marshal_BOOLEAN__BOXED+172>, 
              0x7ffff4df8540 <g_closure_invoke+400>, 
              0x7ffff4e0b2a0 <signal_emit_unlocked_R+3392>, 
              0x7ffff4e12a6a <g_signal_emit_valist+1210>, 
              0x7ffff4e13662 <g_signal_emit+130>, 
              0x7ffff66e7cde <gtk_widget_event_internal+318>, 
              0x7ffff670767b <gtk_window_propagate_key_event+251>, 
              0x7ffff732534b
     <wxgtk_tlw_key_press_event(GtkWidget*, GdkEventKey*)+62>, 
              0x7ffff6595bcc <_gtk_marshal_BOOLEAN__BOXED+172>, 
              0x7ffff4df8540 <g_closure_invoke+400>, 
              0x7ffff4e0b2a0 <signal_emit_unlocked_R+3392>, 
              0x7ffff4e12a6a <g_signal_emit_valist+1210>, 
              0x7ffff4e13662 <g_signal_emit+130>, 
              0x7ffff66e7cde <gtk_widget_event_internal+318>, 
              0x7ffff6593c65 <propagate_event+565>, 
              0x7ffff6595893 <gtk_main_do_event+1251>, 
              0x7ffff61a2382 <gdk_event_source_dispatch+34>, 
              0x7ffff4906665 <g_main_context_dispatch+309>, 
              0x7ffff49069a8 <g_main_context_iterate+440>, 
              0x7ffff4906e1a <g_main_loop_run+106>, 
              0x7ffff6594c1d <gtk_main+141>, 0x7ffff731341d
     <wxGUIEventLoop::DoRun()+27>, 0x7ffff6c2bb0c
     <wxEventLoopBase::Run()+246>, 0x7ffff737ed85 <wxDialog::ShowModal()+585>, 
              0x7ffff72e892b
     <wxGetTextFromUser(wxString const&, wxString const&, wxString const&, wxWindow*, int, int, bool)+200>, 0x4136e8
     <MyFrame::OnSetLabel(wxCommandEvent&)+172>, 
              0x7ffff6be774a <wxAppConsoleBase::HandleEvent(wxEvtHandler*, void (wxEvtHandler::*)(wxEvent&), wxEvent&) const+106>, 
              0x7ffff6be77c8 <wxAppConsoleBase::CallEventHandler(wxEvtHandler*, wxEventFunctor&, wxEvent&) const+124>, 0x7ffff6d23c2c
     <wxEvtHandler::ProcessEventIfMatchesId(wxEventTableEntryBase const&, wxEvtHandler*, wxEvent&)+216>, 
              0x7ffff6d22a15 <wxEventHashTable::HandleEvent(wxEvent&, wxEvtHandler*)+245>, 0x7ffff6d24132 <wxEvtHandler::TryHereOnly(wxEvent&)+150>, 
              0x7ffff6d25baf <wxEvtHandler::TryBeforeAndHere(wxEvent&)+69>, 
              0x7ffff6d23f57 <wxEvtHandler::ProcessEventLocally(wxEvent&)+35>, 
              0x7ffff6d23eee <wxEvtHandler::ProcessEvent(wxEvent&)+310>, 
              0x7ffff74e52d1 <wxWindowBase::TryAfter(wxEvent&)+181>, 
              0x7ffff6d23f21 <wxEvtHandler::ProcessEvent(wxEvent&)+361>, 
              0x7ffff6d241df <wxEvtHandler::SafelyProcessEvent(wxEvent&)+47>, 
              0x7ffff74df579 <wxWindowBase::HandleWindowEvent(wxEvent&) const+43>, 0x7ffff748d50c <wxMenuBase::SendEvent(int, int)+278>, 0x7ffff73909e3
     <menuitem_activate(GtkWidget*, wxMenuItem*)+316>, 
              0x7ffff4df8540 <g_closure_invoke+400>, 
              0x7ffff4e0b2a0 <signal_emit_unlocked_R+3392>, 
              0x7ffff4e133fd <g_signal_emit_valist+3661>, 
              0x7ffff4e13662 <g_signal_emit+130>, 
              0x7ffff66e6e2c <gtk_widget_activate+124>, 
              0x7ffff65b6b8e <gtk_menu_shell_activate_item+254>, 
              0x7ffff65b6f8b <gtk_menu_shell_button_release+699>, 
              0x7ffff6595cdf <_gtk_marshal_BOOLEAN__BOXEDv+175>, 
              0x7ffff4df8807 <_g_closure_invoke_va+423>, 
              0x7ffff4e12e58 <g_signal_emit_valist+2216>, 
              0x7ffff4e13662 <g_signal_emit+130>, 
              0x7ffff66e7cde <gtk_widget_event_internal+318>, 
              0x7ffff6593b5e <propagate_event+302>, 
              0x7ffff6595893 <gtk_main_do_event+1251>, 
              0x7ffff61a2382 <gdk_event_source_dispatch+34>, 
              0x7ffff4906665 <g_main_context_dispatch+309>, 
              0x7ffff49069a8 <g_main_context_iterate+440>, 
              0x7ffff4906e1a <g_main_loop_run+106>, 
              0x7ffff6594c1d <gtk_main+141>, 
              0x7ffff731341d <wxGUIEventLoop::DoRun()+27>, 
              0x7ffff6c2bb0c <wxEventLoopBase::Run()+246>, 
              0x7ffff6be6bb3 <wxAppConsoleBase::MainLoop()+107>, 
              0x7ffff6be6917 <wxAppConsoleBase::OnRun()+37>, 0x7ffff73c6c07
     <wxAppBase::OnRun()+53>, 0x7ffff6c66ba2 <wxEntry(int&, wchar_t**)+169>, 
              0x7ffff6c66c68 <wxEntry(int&, char**)+58>, 
              0x41274e <main(int, char**)+34>, 
              0x7ffff289fa15 <__libc_start_main+245>, 0x412669 <_start+41>, 
              0x0 <repeats 119 times>}, static ms_symbols = 0xaf2a80, 
            static m_depth = 81}, m_dlg = 0xa82390}
        result = 0
        returnCode = false
        __FUNCTION__ = "ShowAssertDialog"
#3  0x00007ffff6be988a in ShowAssertDialog (file=..., line=452, func=..., 
    cond=..., msgUser=..., traits=0x6c9d70)
    at ../Devel/wxWidgets/src/common/appbase.cpp:1292
        s_bNoAsserts = false
        msg = {static npos = 18446744073709551615, static ms_cache = {
            cached = {{str = 0x7fffffffabc0, pos = 0, impl = 0, 
                len = 18446744073709551615}, {str = 0x7fffffffa7b0, pos = 0, 
                impl = 0, len = 18446744073709551615}, {str = 0x7fffffffada0, 
                pos = 0, impl = 0, len = 15}, {str = 0x7fffffffad40, pos = 0, 
                impl = 0, len = 44}, {str = 0x7fffffffad90, pos = 0, impl = 0, 
                len = 18446744073709551615}, {str = 0x7fffffffa8e0, pos = 0, 
                impl = 0, len = 18446744073709551615}, {str = 0x7fffffffa840, 
                pos = 0, impl = 0, len = 18446744073709551615}, {
                str = 0x7fffffffabf0, pos = 0, impl = 0, 
                len = 18446744073709551615}}, lastUsed = 3}, m_impl = 
    "../Devel/wxWidgets/include/wx/strvararg.h(452): assert \"(argtype & (wxFormatStringSpecifier<T>::value)) == argtype\" failed in wxArgNormalizer(): format specifier doesn't match argument type", m_convertedToChar = {
            m_str = 0xadae30 "../Devel/wxWidgets/include/wx/strvararg.h(452): assert \"(argtype & (wxFormatStringSpecifier<T>::value)) == argtype\" failed in wxArgNormalizer(): format specifier doesn't match argument type", m_len = 189}, 
          m_convertedToWChar = {
            m_str = 0xaf24a0 L"../Devel/wxWidgets/include/wx/strvararg.h(452): assert \"(argtype & (wxFormatStringSpecifier<T>::value)) == argtype\" failed in wxArgNormalizer(): format specifier doesn't match argument type", m_len = 189}, 
          m_iterators = {ptr = 0x0}}
#4  0x00007ffff6be7efb in wxAppConsoleBase::OnAssertFailure (this=0x673ab0, 
    file=0x9f46a0 L"../Devel/wxWidgets/include/wx/strvararg.h", line=452, 
    func=0xa7f3c0 L"wxArgNormalizer", 
    cond=0xa7c700 L"(argtype & (wxFormatStringSpecifier<T>::value)) == argtype", msg=0xa7fac0 L"format specifier doesn't match argument type")
    at ../Devel/wxWidgets/src/common/appbase.cpp:771
No locals.
#5  0x00007ffff72fda21 in wxApp::OnAssertFailure (this=0x673ab0, 
    file=0x9f46a0 L"../Devel/wxWidgets/include/wx/strvararg.h", line=452, 
    func=0xa7f3c0 L"wxArgNormalizer", 
    cond=0xa7c700 L"(argtype & (wxFormatStringSpecifier<T>::value)) == argtype", msg=0xa7fac0 L"format specifier doesn't match argument type")
    at ../Devel/wxWidgets/src/gtk/app.cpp:508
No locals.
#6  0x00007ffff6be8b05 in wxDefaultAssertHandler (file=..., line=452, 
    func=..., cond=..., msg=...)
    at ../Devel/wxWidgets/src/common/appbase.cpp:1083
        s_bInAssert = 1
        guard = {m_flag = @0x7ffff701231c, m_isInside = false}
#7  0x00007ffff6be9278 in wxOnAssert (
    file=0x7ffff7567d00 "../Devel/wxWidgets/include/wx/strvararg.h", line=452, 
    func=0x7ffff7568d50 <wxArgNormalizer<unsigned int>::wxArgNormalizer(unsigned int, wxFormatString const*, unsigned int)::__FUNCTION__> "wxArgNormalizer", 
    cond=0x7ffff7568a68 "(argtype & (wxFormatStringSpecifier<T>::value)) == argtype", msg=0x7ffff7567d30 "format specifier doesn't match argument type")
    at ../Devel/wxWidgets/src/common/appbase.cpp:1159
No locals.
#8  0x00007ffff7309872 in wxArgNormalizer<unsigned int>::wxArgNormalizer (
    this=0x7fffffffb190, value=101, fmt=0x7fffffffb220, index=2)
    at ../Devel/wxWidgets/include/wx/strvararg.h:452
        argtype = 16
#9  0x00007ffff7309574 in wxArgNormalizerWchar<unsigned int>::wxArgNormalizerWchar (this=0x7fffffffb190, value=101, fmt=0x7fffffffb220, index=2)
    at ../Devel/wxWidgets/include/wx/strvararg.h:472
No locals.
#10 0x00007ffff7338d02 in wxLogger::LogTrace<wchar_t const*, unsigned int> (
    this=0x7fffffffb280, f1=..., f2=..., a1=0x7ffff756e960 L"press", a2=101)
    at ../Devel/wxWidgets/include/wx/log.h:1017
        fmt = 0x7fffffffb220
#11 0x00007ffff732b307 in wxTranslateGTKKeyEventToWx (event=..., win=0xa6cf90, 
    gdk_event=0x6acc80) at ../Devel/wxWidgets/src/gtk/window.cpp:761
        s_lastKeyPress = {keysym = 0, keycode = 0}
        keysym = 101
        __FUNCTION__ = "wxTranslateGTKKeyEventToWx"
        key_code = 140737488335888
#12 0x00007ffff732b8f6 in gtk_window_key_press_callback (gdk_event=0x6acc80, 
    win=0xa6cf90) at ../Devel/wxWidgets/src/gtk/window.cpp:947
        eventPrev = {type = GDK_KEY_PRESS, window = 0xa7d610, 
          send_event = 0 '\000', time = 4037312679, state = 0, keyval = 101, 
          length = 1, string = 0xa88d40 "e", hardware_keycode = 26, 
          group = 0 '\000', is_modifier = 0}
        ret = false
        __FUNCTION__ = "gtk_window_key_press_callback"
        event = {<wxEvent> = {<wxObject> = {
              _vptr.wxObject = 0x7ffff78bf090 <vtable for wxKeyEvent+16>, 
              static ms_classInfo = {m_className = 0x7ffff6d54e60 L"wxObject", 
                m_objectSize = 16, m_objectConstructor = 0x0, 
                m_baseInfo1 = 0x0, m_baseInfo2 = 0x0, 
                static sm_first = 0x7ffff7dda900 <wxDataViewCtrl::ms_classInfo>, m_next = 0x7ffff701a500 <wxMemoryOutputStream::ms_classInfo>, 
                static sm_classTable = 0x638770}, m_refData = 0x0}, 
            m_eventObject = 0x0, m_eventType = 10053, m_timeStamp = 0, 
            m_id = 0, m_callbackUserData = 0x0, 
            m_handlerToProcessOnlyIn = 0x0, m_propagationLevel = 0, 
            m_propagatedFrom = 0x0, m_skipped = false, 
            m_isCommandEvent = false, m_wasProcessed = false, 
            m_willBeProcessedAgain = false, static ms_classInfo = {
              m_className = 0x7ffff6d6a910 L"wxEvent", m_objectSize = 88, 
              m_objectConstructor = 0x0, 
              m_baseInfo1 = 0x7ffff701a580 <wxObject::ms_classInfo>, 
              m_baseInfo2 = 0x0, 
              static sm_first = 0x7ffff7dda900 <wxDataViewCtrl::ms_classInfo>, 
              m_next = 0x7ffff701cd60 <wxEvtHandler::ms_classInfo>, 
              static sm_classTable = 0x638770}}, <wxKeyboardState> = {
            m_controlDown = false, m_shiftDown = false, m_altDown = false, 
            m_metaDown = false}, m_x = -1, m_y = -1, m_keyCode = 0, 
          m_uniChar = 0 L'\000', m_rawCode = 3225714688, m_rawFlags = 0, 
          m_allowNext = false, m_hasPosition = false, static ms_classInfo = {
            m_className = 0x7ffff7563da0 L"wxKeyEvent", m_objectSize = 120, 
            m_objectConstructor = 0x7ffff72dae56 <wxKeyEvent::wxCreateObject()>, m_baseInfo1 = 0x7ffff701cda0 <wxEvent::ms_classInfo>, m_baseInfo2 = 0x0, 
            static sm_first = 0x7ffff7dda900 <wxDataViewCtrl::ms_classInfo>, 
            m_next = 0x7ffff793f1e0 <wxMouseEvent::ms_classInfo>, 
            static sm_classTable = 0x638770}}
        return_after_IM = false
#13 0x00007ffff6595bcc in _gtk_marshal_BOOLEAN__BOXED (closure=0xac7660, 
    return_value=0x7fffffffb9e0, n_param_values=<optimized out>, 
    param_values=0x7fffffffba90, invocation_hint=<optimized out>, 
    marshal_data=<optimized out>) at gtkmarshalers.c:85
        callback = 0x7ffff732b7fa <gtk_window_key_press_callback(GtkWidget*, GdkEventKey*, wxWindow*)>
        cc = <optimized out>
        data1 = 0xa24390
        data2 = 0xa6cf90
        v_return = <optimized out>
        __PRETTY_FUNCTION__ = "_gtk_marshal_BOOLEAN__BOXED"
#14 0x00007ffff4df8540 in g_closure_invoke (closure=0xac7660, 
    return_value=0x7fffffffb9e0, n_param_values=2, 
    param_values=0x7fffffffba90, invocation_hint=0x7fffffffba30)
    at gclosure.c:777
        marshal = 0x7ffff6595b20 <_gtk_marshal_BOOLEAN__BOXED>
        marshal_data = 0x0
        in_marshal = 0
        real_closure = 0xac7640
        __PRETTY_FUNCTION__ = "g_closure_invoke"
#15 0x00007ffff4e0b2a0 in signal_emit_unlocked_R (node=node@entry=0x67f580, 
    detail=detail@entry=0, instance=instance@entry=0xa24390, 
    emission_return=emission_return@entry=0x7fffffffbb60, 
    instance_and_params=instance_and_params@entry=0x7fffffffba90)
    at gsignal.c:3582
        tmp = <optimized out>
        handler = 0xa72750
        accumulator = 0x67f840
        emission = {next = 0x7fffffffbff0, instance = 0xa24390, ihint = {
            signal_id = 36, detail = 0, run_type = G_SIGNAL_RUN_FIRST}, 
          state = EMISSION_RUN, chain_type = 4}
        class_closure = 0x67f530
        hlist = 0xa72750
        handler_list = 0xa72750
        return_accu = 0x7fffffffb9e0
        accu = {g_type = 20, data = {{v_int = 0, v_uint = 0, v_long = 0, 
              v_ulong = 0, v_int64 = 0, v_uint64 = 0, v_float = 0, 
              v_double = 0, v_pointer = 0x0}, {v_int = 0, v_uint = 0, 
              v_long = 0, v_ulong = 0, v_int64 = 0, v_uint64 = 0, v_float = 0, 
              v_double = 0, v_pointer = 0x0}}}
        signal_id = 36
        max_sequential_handler_number = 882
        return_value_altered = 0
#16 0x00007ffff4e12a6a in g_signal_emit_valist (instance=0xa24390, 
    signal_id=<optimized out>, detail=0, 
    var_args=var_args@entry=0x7fffffffbcd8) at gsignal.c:3336
        return_value = {g_type = 20, data = {{v_int = 0, v_uint = 0, 
              v_long = 0, v_ulong = 0, v_int64 = 0, v_uint64 = 0, v_float = 0, 
              v_double = 0, v_pointer = 0x0}, {v_int = 0, v_uint = 0, 
              v_long = 0, v_ulong = 0, v_int64 = 0, v_uint64 = 0, v_float = 0, 
              v_double = 0, v_pointer = 0x0}}}
        error = 0x0
        rtype = 20
        static_scope = 0
        instance_and_params = 0x7fffffffba90
        signal_return_type = 20
        param_values = 0x7fffffffbaa8
        node = 0x67f580
        i = <optimized out>
        n_params = 1
        __PRETTY_FUNCTION__ = "g_signal_emit_valist"
        __FUNCTION__ = "g_signal_emit_valist"
#17 0x00007ffff4e13662 in g_signal_emit (instance=instance@entry=0xa24390, 
    signal_id=<optimized out>, detail=detail@entry=0) at gsignal.c:3382
        var_args = {{gp_offset = 32, fp_offset = 48, 
            overflow_arg_area = 0x7fffffffbdb0, 
            reg_save_area = 0x7fffffffbcf0}}
#18 0x00007ffff66e7cde in gtk_widget_event_internal (
    widget=widget@entry=0xa24390, event=event@entry=0x6acc80)
    at gtkwidget.c:6979
        signal_num = <optimized out>
        return_val = 0
#19 0x00007ffff66e80f9 in gtk_widget_event (widget=widget@entry=0xa24390, 
    event=event@entry=0x6acc80) at gtkwidget.c:6636
        __PRETTY_FUNCTION__ = "gtk_widget_event"
#20 0x00007ffff670767b in gtk_window_propagate_key_event (
    window=<optimized out>, event=0x6acc80) at gtkwindow.c:6898
        parent = <optimized out>
        priv = <optimized out>
        handled = <optimized out>
        widget = 0x6e0f80
        focus = 0xa24390
        __PRETTY_FUNCTION__ = "gtk_window_propagate_key_event"
#21 0x00007ffff732534b in wxgtk_tlw_key_press_event (widget=0x6e0f80, 
    event=0x6acc80) at ../Devel/wxWidgets/src/gtk/toplevel.cpp:229
        window = 0x6e0f80
#22 0x00007ffff6595bcc in _gtk_marshal_BOOLEAN__BOXED (closure=0xac0af0, 
    return_value=0x7fffffffbfb0, n_param_values=<optimized out>, 
    param_values=0x7fffffffc060, invocation_hint=<optimized out>, 
    marshal_data=<optimized out>) at gtkmarshalers.c:85
        callback = 0x7ffff732530d <wxgtk_tlw_key_press_event(GtkWidget*, GdkEventKey*)>
        cc = <optimized out>
        data1 = 0x6e0f80
        data2 = 0x0
        v_return = <optimized out>
        __PRETTY_FUNCTION__ = "_gtk_marshal_BOOLEAN__BOXED"
#23 0x00007ffff4df8540 in g_closure_invoke (closure=0xac0af0, 
    return_value=0x7fffffffbfb0, n_param_values=2, 
    param_values=0x7fffffffc060, invocation_hint=0x7fffffffc000)
    at gclosure.c:777
        marshal = 0x7ffff6595b20 <_gtk_marshal_BOOLEAN__BOXED>
        marshal_data = 0x0
        in_marshal = 0
        real_closure = 0xac0ad0
        __PRETTY_FUNCTION__ = "g_closure_invoke"
#24 0x00007ffff4e0b2a0 in signal_emit_unlocked_R (node=node@entry=0x67f580, 
    detail=detail@entry=0, instance=instance@entry=0x6e0f80, 
    emission_return=emission_return@entry=0x7fffffffc130, 
    instance_and_params=instance_and_params@entry=0x7fffffffc060)
    at gsignal.c:3582
        tmp = <optimized out>
        handler = 0xa8c8a0
        accumulator = 0x67f840
        emission = {next = 0x7fffffffd170, instance = 0x6e0f80, ihint = {
            signal_id = 36, detail = 0, run_type = G_SIGNAL_RUN_FIRST}, 
          state = EMISSION_RUN, chain_type = 4}
        class_closure = 0x67f530
        hlist = 0xa8c8a0
        handler_list = 0xa8c8a0
        return_accu = 0x7fffffffbfb0
        accu = {g_type = 20, data = {{v_int = 0, v_uint = 0, v_long = 0, 
              v_ulong = 0, v_int64 = 0, v_uint64 = 0, v_float = 0, 
              v_double = 0, v_pointer = 0x0}, {v_int = 0, v_uint = 0, 
              v_long = 0, v_ulong = 0, v_int64 = 0, v_uint64 = 0, v_float = 0, 
              v_double = 0, v_pointer = 0x0}}}
        signal_id = 36
        max_sequential_handler_number = 882
        return_value_altered = 0
#25 0x00007ffff4e12a6a in g_signal_emit_valist (instance=0x6e0f80, 
    signal_id=<optimized out>, detail=0, 
    var_args=var_args@entry=0x7fffffffc2a8) at gsignal.c:3336
        return_value = {g_type = 20, data = {{v_int = 0, v_uint = 0, 
              v_long = 0, v_ulong = 0, v_int64 = 0, v_uint64 = 0, v_float = 0, 
              v_double = 0, v_pointer = 0x0}, {v_int = 0, v_uint = 0, 
              v_long = 0, v_ulong = 0, v_int64 = 0, v_uint64 = 0, v_float = 0, 
              v_double = 0, v_pointer = 0x0}}}
        error = 0x0
        rtype = 20
        static_scope = 0
        instance_and_params = 0x7fffffffc060
        signal_return_type = 20
        param_values = 0x7fffffffc078
        node = 0x67f580
        i = <optimized out>
        n_params = 1
        __PRETTY_FUNCTION__ = "g_signal_emit_valist"
        __FUNCTION__ = "g_signal_emit_valist"
#26 0x00007ffff4e13662 in g_signal_emit (instance=instance@entry=0x6e0f80, 
    signal_id=<optimized out>, detail=detail@entry=0) at gsignal.c:3382
        var_args = {{gp_offset = 32, fp_offset = 48, 
            overflow_arg_area = 0x7fffffffc380, 
            reg_save_area = 0x7fffffffc2c0}}
#27 0x00007ffff66e7cde in gtk_widget_event_internal (widget=0x6e0f80, 
    event=0x6acc80) at gtkwidget.c:6979
        signal_num = <optimized out>
        return_val = 0
#28 0x00007ffff6593c65 in propagate_event (widget=0x6e0f80, event=0x6acc80, 
    captured=<optimized out>, topmost=0x0) at gtkmain.c:2490
        window = 0x6e0f80
        handled_event = <optimized out>
        propagate_func = 0x7ffff66e8070 <gtk_widget_event>
#29 0x00007ffff6595893 in gtk_main_do_event (event=0x6acc80) at gtkmain.c:1716
        event_widget = <optimized out>
        grab_widget = 0x6e0f80
        topmost_widget = <optimized out>
        window_group = <optimized out>
        rewritten_event = <optimized out>
        device = <optimized out>
        tmp_list = <optimized out>
        __FUNCTION__ = "gtk_main_do_event"
#30 0x00007ffff61a2382 in gdk_event_source_dispatch (base=base@entry=0x6c0ec0, 
    callback=<optimized out>, data=<optimized out>) at gdkeventsource.c:82
        source = 0x6c0ec0
        display = <optimized out>
        event = 0x6acc80
#31 0x00007ffff4906665 in g_main_dispatch (context=0x6a6240) at gmain.c:3064
        dispatch = 0x7ffff61a2360 <gdk_event_source_dispatch>
        was_in_call = 2
        user_data = 0x0
        callback = 0x0
        cb_funcs = 0x0
        cb_data = 0x0
        current_source_link = {data = 0x6c0ec0, next = 0x7fffffffdad0}
        need_destroy = <optimized out>
        source = 0x6c0ec0
        current = 0x845600
        i = <optimized out>
#32 g_main_context_dispatch (context=context@entry=0x6a6240) at gmain.c:3640
No locals.
#33 0x00007ffff49069a8 in g_main_context_iterate (context=0x6a6240, 
    block=block@entry=1, dispatch=dispatch@entry=1, self=<optimized out>)
    at gmain.c:3711
        max_priority = 2147483647
        timeout = 388
        some_ready = 1
        nfds = <optimized out>
        allocated_nfds = <optimized out>
        fds = 0x9e2a00
#34 0x00007ffff4906e1a in g_main_loop_run (loop=0xa555b0) at gmain.c:3905
        __PRETTY_FUNCTION__ = "g_main_loop_run"
#35 0x00007ffff6594c1d in gtk_main () at gtkmain.c:1156
        loop = 0xa555b0
#36 0x00007ffff731341d in wxGUIEventLoop::DoRun (this=0xa55260)
    at ../Devel/wxWidgets/src/gtk/evtloop.cpp:66
        loopLevel = 1
#37 0x00007ffff6c2bb0c in wxEventLoopBase::Run (this=0xa55260)
    at ../Devel/wxWidgets/src/common/evtloopcmn.cpp:79
        __FUNCTION__ = "Run"
        activate = {m_evtLoopOld = 0x705540}
        wxVarSetter76 = @0x7fffffffc5d0: {<wxScopeGuardImplBase> = {
            m_wasDismissed = false}, <No data fields>}
#38 0x00007ffff737ed85 in wxDialog::ShowModal (this=0x7fffffffc6d0)
    at ../Devel/wxWidgets/src/gtk/dialog.cpp:181
        modal = {<wxGUIEventLoopPtr> = {m_ptr = 0xa55260}, 
          m_pp = 0x7fffffffca78, m_pOld = 0x0}
        modalDialogHookRC = -3
        __FUNCTION__ = "ShowModal"
        parent = 0x6d0200
        cs = {<No data fields>}
        hookId = 113
        modalDialogHookExit = {m_dialog = 0x7fffffffc6d0}
        win = 0x0
        sigId = 8
        modalLock = {<No data fields>}
#39 0x00007ffff72e892b in wxGetTextFromUser (message=..., caption=..., 
    defaultValue=..., parent=0x0, x=-1, y=-1, centre=true)
    at ../Devel/wxWidgets/src/common/utilscmn.cpp:1451
        str = {static npos = 18446744073709551615, static ms_cache = {
            cached = {{str = 0x7fffffffabc0, pos = 0, impl = 0, 
                len = 18446744073709551615}, {str = 0x7fffffffa7b0, pos = 0, 
                impl = 0, len = 18446744073709551615}, {str = 0x7fffffffada0, 
                pos = 0, impl = 0, len = 15}, {str = 0x7fffffffad40, pos = 0, 
                impl = 0, len = 44}, {str = 0x7fffffffad90, pos = 0, impl = 0, 
                len = 18446744073709551615}, {str = 0x7fffffffa8e0, pos = 0, 
                impl = 0, len = 18446744073709551615}, {str = 0x7fffffffa840, 
                pos = 0, impl = 0, len = 18446744073709551615}, {
                str = 0x7fffffffabf0, pos = 0, impl = 0, 
                len = 18446744073709551615}}, lastUsed = 3}, m_impl = "", 
          m_convertedToChar = {m_str = 0x0, m_len = 10443968}, 
          m_convertedToWChar = {m_str = 0x0, m_len = 10621200}, m_iterators = {
            ptr = 0x0}}
        style = 21
        dialog = {<wxDialog> = {<wxDialogBase> = {
    <wxTopLevelWindow> = {<wxTopLevelWindowGTK> = {<wxTopLevelWindowBase> = {<wxNavigationEnabled<wxNonOwnedWindow>> = {
    <wxNonOwnedWindow> = {<wxNonOwnedWindowBase> = {<wxWindow> = {<wxWindowBase> = {<wxEvtHandler> = {<wxObject> = {
                                  _vptr.wxObject = 0x7ffff79284f0 <vtable for wxTextEntryDialog+16>, static ms_classInfo = {
                                    m_className = 0x7ffff6d54e60 L"wxObject", 
                                    m_objectSize = 16, 
                                    m_objectConstructor = 0x0, 
                                    m_baseInfo1 = 0x0, m_baseInfo2 = 0x0, 
                                    static sm_first = 0x7ffff7dda900 <wxDataViewCtrl::ms_classInfo>, 
                                    m_next = 0x7ffff701a500 <wxMemoryOutputStream::ms_classInfo>, static sm_classTable = 0x638770}, m_refData = 0x0}, <wxTrackable> = {
                                  m_first = 0x0}, 
                                static sm_eventTableEntries = {
                                  {<wxEventTableEntryBase> = {m_id = 0, 
                                      m_lastId = 0, m_fn = 0x0, 
                                      m_callbackUserData = 0x0}, 
                                    m_eventType = @0x627ea0}}, 
                                static sm_eventTable = {baseTable = 0x0, 
                                  entries = 0x7ffff701cea0 <wxEvtHandler::sm_eventTableEntries>}, static sm_eventHashTable = {m_table = @0x7ffff7002b40, 
                                  m_rebuildHash = false, m_size = 31, 
                                  m_eventTypeTable = 0x64ff20, 
                                  static sm_first = 0x62a920 <MyDialog::sm_eventHashTable>, 
                                  m_previous = 0x7ffff79406e0 <wxFindReplaceDialog::sm_eventHashTable>, m_next = 0x0}, m_nextHandler = 0x0, m_previousHandler = 0x0, 
                                m_dynamicEvents = 0x0, m_pendingEvents = 0x0, 
                                m_pendingEventsLock = {m_mutex = {m_internal = 
    0x9e2b70}}, m_enabled = true, {m_clientObject = 0x0, m_clientData = 0x0}, 
                                m_clientDataType = wxClientData_None, 
                                static ms_filterList = 0x673b08, 
                                static ms_classInfo = {
                                  m_className = 0x7ffff6d6a8d8 L"wxEvtHandler", m_objectSize = 88, 
                                  m_objectConstructor = 0x7ffff6d223c2 <wxEvtHandler::wxCreateObject()>, m_baseInfo1 = 0x7ffff701a580 <wxObject::ms_classInfo>, 
                                  m_baseInfo2 = 0x0, 
                                  static sm_first = 0x7ffff7dda900 <wxDataViewCtrl::ms_classInfo>, m_next = 0x7ffff701ca20 <wxThreadModule::ms_classInfo>, 
                                  static sm_classTable = 0x638770}}, 
                              m_windowId = {m_id = -2012}, 
                              m_parent = 0x6d0200, 
                              m_children = {<std::list<wxWindow*, std::allocator<wxWindow*> >> = std::list = {[0] = 0xa8ce00, [1] = 0xa6cf90, [2] = 0xa53400, 
                                  [3] = 0xa65a00, [4] = 0xa89c00}, 
                                m_destroy = false}, m_minWidth = 336, 
                              m_minHeight = 153, m_maxWidth = -1, 
                              m_maxHeight = -1, 
                              m_eventHandler = 0x7fffffffc6d0, 
                              m_windowValidator = 0x0, m_dropTarget = 0x0, 
                              m_cursor = {<wxGDIObject> = {<wxObject> = {
                                    _vptr.wxObject = 0x7ffff78c18b0 <vtable for wxCursor+16>, static ms_classInfo = {m_className = 0x7ffff6d54e60 L"wxObject", 
                                      m_objectSize = 16, 
                                      m_objectConstructor = 0x0, 
                                      m_baseInfo1 = 0x0, m_baseInfo2 = 0x0, 
                                      static sm_first = 0x7ffff7dda900 <wxDataViewCtrl::ms_classInfo>, 
                                      m_next = 0x7ffff701a500 <wxMemoryOutputStream::ms_classInfo>, static sm_classTable = 0x638770}, m_refData = 0x6721b0}, 
                                  static ms_classInfo = {
                                    m_className = 0x7ffff759c338 L"wxGDIObject", m_objectSize = 16, m_objectConstructor = 0x0, 
                                    m_baseInfo1 = 0x7ffff701a580 <wxObject::ms_classInfo>, m_baseInfo2 = 0x0, 
                                    static sm_first = 0x7ffff7dda900 <wxDataViewCtrl::ms_classInfo>, m_next = 0x7ffff7945b60 <wxGridBagSizer::ms_classInfo>, 
                                    static sm_classTable = 0x638770}}, 
                                static ms_classInfo = {
                                  m_className = 0x7ffff75692e0 L"wxCursor", 
                                  m_objectSize = 16, 
                                  m_objectConstructor = 0x7ffff730a728 <wxCursor::wxCreateObject()>, m_baseInfo1 = 0x7ffff7945ba0 <wxGDIObject::ms_classInfo>, 
                                  m_baseInfo2 = 0x0, 
                                  static sm_first = 0x7ffff7dda900 <wxDataViewCtrl::ms_classInfo>, m_next = 0x7ffff793fe60 <wxClipboard::ms_classInfo>, 
                                  static sm_classTable = 0x638770}}, m_font = {
    <wxFontBase> = {<wxGDIObject> = {<wxObject> = {
                                      _vptr.wxObject = 0x7ffff78c42b0 <vtable for wxFont+16>, static ms_classInfo = {m_className = 0x7ffff6d54e60 L"wxObject", 
                                        m_objectSize = 16, 
                                        m_objectConstructor = 0x0, 
                                        m_baseInfo1 = 0x0, m_baseInfo2 = 0x0, 
                                        static sm_first = 0x7ffff7dda900 <wxDataViewCtrl::ms_classInfo>, 
                                        m_next = 0x7ffff701a500 <wxMemoryOutputStream::ms_classInfo>, static sm_classTable = 0x638770}, m_refData = 0x0}, 
                                    static ms_classInfo = {
                                      m_className = 0x7ffff759c338 L"wxGDIObject", m_objectSize = 16, m_objectConstructor = 0x0, 
                                      m_baseInfo1 = 0x7ffff701a580 <wxObject::ms_classInfo>, m_baseInfo2 = 0x0, 
                                      static sm_first = 0x7ffff7dda900 <wxDataViewCtrl::ms_classInfo>, m_next = 0x7ffff7945b60 <wxGridBagSizer::ms_classInfo>, 
                                      static sm_classTable = 0x638770}}, 
                                  static ms_encodingDefault = wxFONTENCODING_UTF8}, static ms_classInfo = {m_className = 0x7ffff75999fc L"wxFont", 
                                  m_objectSize = 16, 
                                  m_objectConstructor = 0x7ffff74212fe <wxFont::wxCreateObject()>, m_baseInfo1 = 0x7ffff7945ba0 <wxGDIObject::ms_classInfo>, 
                                  m_baseInfo2 = 0x0, 
                                  static sm_first = 0x7ffff7dda900 <wxDataViewCtrl::ms_classInfo>, m_next = 0x7ffff79457a0 <wxFileDialogBase::ms_classInfo>, 
                                  static sm_classTable = 0x638770}}, 
                              m_backgroundColour = {
    <wxColourBase> = {<wxGDIObject> = {<wxObject> = {
                                      _vptr.wxObject = 0x7ffff78c1790 <vtable for wxColour+16>, static ms_classInfo = {
                                        m_className = 0x7ffff6d54e60 L"wxObject", m_objectSize = 16, m_objectConstructor = 0x0, m_baseInfo1 = 0x0, 
                                        m_baseInfo2 = 0x0, 
                                        static sm_first = 0x7ffff7dda900 <wxDataViewCtrl::ms_classInfo>, 
                                        m_next = 0x7ffff701a500 <wxMemoryOutputStream::ms_classInfo>, static sm_classTable = 0x638770}, m_refData = 0x0}, 
                                    static ms_classInfo = {
                                      m_className = 0x7ffff759c338 L"wxGDIObject", m_objectSize = 16, m_objectConstructor = 0x0, 
                                      m_baseInfo1 = 0x7ffff701a580 <wxObject::ms_classInfo>, m_baseInfo2 = 0x0, 
                                      static sm_first = 0x7ffff7dda900 <wxDataViewCtrl::ms_classInfo>, m_next = 0x7ffff7945b60 <wxGridBagSizer::ms_classInfo>, 
                                      static sm_classTable = 0x638770}}, <No data fields>}, static ms_classInfo = {m_className = 0x7ffff758dbc0 L"wxColour", 
                                  m_objectSize = 16, 
                                  m_objectConstructor = 0x7ffff73d8948 <wxColour::wxCreateObject()>, m_baseInfo1 = 0x7ffff7945ba0 <wxGDIObject::ms_classInfo>, 
                                  m_baseInfo2 = 0x0, 
                                  static sm_first = 0x7ffff7dda900 <wxDataViewCtrl::ms_classInfo>, 
                                  m_next = 0x7ffff7943840 <wxColourPickerEvent::ms_classInfo>, 
                                  static sm_classTable = 0x638770}}, 
                              m_foregroundColour = {<wxColourBase> = {<wxGDIObject> = {<wxObject> = {_vptr.wxObject = 0x7ffff78c1790 <vtable for wxColour+16>, 
                                      static ms_classInfo = {
                                        m_className = 0x7ffff6d54e60 L"wxObject", m_objectSize = 16, m_objectConstructor = 0x0, m_baseInfo1 = 0x0, 
                                        m_baseInfo2 = 0x0, 
                                        static sm_first = 0x7ffff7dda900 <wxDataViewCtrl::ms_classInfo>, 
                                        m_next = 0x7ffff701a500 <wxMemoryOutputStream::ms_classInfo>, static sm_classTable = 0x638770}, m_refData = 0x0}, 
                                    static ms_classInfo = {
                                      m_className = 0x7ffff759c338 L"wxGDIObject", m_objectSize = 16, m_objectConstructor = 0x0, 
                                      m_baseInfo1 = 0x7ffff701a580 <wxObject::ms_classInfo>, m_baseInfo2 = 0x0, 
                                      static sm_first = 0x7ffff7dda900 <wxDataViewCtrl::ms_classInfo>, m_next = 0x7ffff7945b60 <wxGridBagSizer::ms_classInfo>, 
                                      static sm_classTable = 0x638770}}, <No data fields>}, static ms_classInfo = {m_className = 0x7ffff758dbc0 L"wxColour", 
                                  m_objectSize = 16, 
                                  m_objectConstructor = 0x7ffff73d8948 <wxColour::wxCreateObject()>, m_baseInfo1 = 0x7ffff7945ba0 <wxGDIObject::ms_classInfo>, 
                                  m_baseInfo2 = 0x0, 
                                  static sm_first = 0x7ffff7dda900 <wxDataViewCtrl::ms_classInfo>, 
                                  m_next = 0x7ffff7943840 <wxColourPickerEvent::ms_classInfo>, 
                                  static sm_classTable = 0x638770}}, m_caret = 
    0x0, m_updateRegion = {<wxRegionBase> = {<wxGDIObject> = {<wxObject> = {
                                      _vptr.wxObject = 0x7ffff78c66b0 <vtable for wxRegion+16>, static ms_classInfo = {
                                        m_className = 0x7ffff6d54e60 L"wxObject", m_objectSize = 16, m_objectConstructor = 0x0, m_baseInfo1 = 0x0, 
                                        m_baseInfo2 = 0x0, 
                                        static sm_first = 0x7ffff7dda900 <wxDataViewCtrl::ms_classInfo>, 
                                        m_next = 0x7ffff701a500 <wxMemoryOutputStream::ms_classInfo>, static sm_classTable = 0x638770}, m_refData = 0x0}, 
                                    static ms_classInfo = {
                                      m_className = 0x7ffff759c338 L"wxGDIObject", m_objectSize = 16, m_objectConstructor = 0x0, 
                                      m_baseInfo1 = 0x7ffff701a580 <wxObject::ms_classInfo>, m_baseInfo2 = 0x0, 
                                      static sm_first = 0x7ffff7dda900 <wxDataViewCtrl::ms_classInfo>, m_next = 0x7ffff7945b60 <wxGridBagSizer::ms_classInfo>, 
                                      static sm_classTable = 0x638770}}, <No data fields>}, static ms_classInfo = {m_className = 0x7ffff756c550 L"wxRegion", 
                                  m_objectSize = 16, 
                                  m_objectConstructor = 0x7ffff731f68e <wxRegion::wxCreateObject()>, m_baseInfo1 = 0x7ffff7945ba0 <wxGDIObject::ms_classInfo>, 
                                  m_baseInfo2 = 0x0, 
                                  static sm_first = 0x7ffff7dda900 <wxDataViewCtrl::ms_classInfo>, 
                                  m_next = 0x7ffff7940060 <wxGTKPrivate::WidgetsCleanupModule::ms_classInfo>, static sm_classTable = 0x638770}}, m_acceleratorTable = 
    {<wxObject> = {
                                  _vptr.wxObject = 0x7ffff78c7a70 <vtable for wxAcceleratorTable+16>, static ms_classInfo = {m_className = 0x7ffff6d54e60 L"wxObject", 
                                    m_objectSize = 16, 
                                    m_objectConstructor = 0x0, 
                                    m_baseInfo1 = 0x0, m_baseInfo2 = 0x0, 
                                    static sm_first = 0x7ffff7dda900 <wxDataViewCtrl::ms_classInfo>, 
                                    m_next = 0x7ffff701a500 <wxMemoryOutputStream::ms_classInfo>, static sm_classTable = 0x638770}, m_refData = 0x0}, static ms_classInfo = {
                                  m_className = 0x7ffff7570238 L"wxAcceleratorTable", m_objectSize = 16, 
                                  m_objectConstructor = 0x7ffff733a884 <wxAcceleratorTable::wxCreateObject()>, m_baseInfo1 = 0x7ffff701a580 <wxObject::ms_classInfo>, 
                                  m_baseInfo2 = 0x0, 
                                  static sm_first = 0x7ffff7dda900 <wxDataViewCtrl::ms_classInfo>, m_next = 0x7ffff79402a0 <wxToolTip::ms_classInfo>, 
                                  static sm_classTable = 0x638770}}, 
                              m_tooltip = 0x0, m_constraints = 0x0, 
                              m_constraintsInvolvedIn = 0x0, m_windowSizer = 
    0xac0fd0, m_containingSizer = 0x0, m_autoLayout = true, m_isShown = true, 
                              m_isEnabled = true, m_isBeingDeleted = false, 
                              m_hasBgCol = false, m_hasFgCol = false, 
                              m_hasFont = false, m_inheritBgCol = false, 
                              m_inheritFgCol = false, m_inheritFont = false, 
                              m_windowStyle = 537401408, m_exStyle = 10, 
                              m_windowName = {
                                static npos = 18446744073709551615, 
                                static ms_cache = {cached = {{
                                      str = 0x7fffffffabc0, pos = 0, impl = 0, 
                                      len = 18446744073709551615}, {
                                      str = 0x7fffffffa7b0, pos = 0, impl = 0, 
                                      len = 18446744073709551615}, {
                                      str = 0x7fffffffada0, pos = 0, impl = 0, 
                                      len = 15}, {str = 0x7fffffffad40, 
                                      pos = 0, impl = 0, len = 44}, {
                                      str = 0x7fffffffad90, pos = 0, impl = 0, 
                                      len = 18446744073709551615}, {
                                      str = 0x7fffffffa8e0, pos = 0, impl = 0, 
                                      len = 18446744073709551615}, {
                                      str = 0x7fffffffa840, pos = 0, impl = 0, 
                                      len = 18446744073709551615}, {
                                      str = 0x7fffffffabf0, pos = 0, impl = 0, 
                                      len = 18446744073709551615}}, 
                                  lastUsed = 3}, m_impl = "dialog", 
                                m_convertedToChar = {m_str = 0x0, 
                                  m_len = 140737266210368}, 
                                m_convertedToWChar = {m_str = 0x0, 
                                  m_len = 140737351925004}, m_iterators = {
                                  ptr = 0x0}}, m_themeEnabled = true, 
                              m_backgroundStyle = wxBG_STYLE_ERASE, 
                              m_palette = 
    {<wxPaletteBase> = {<wxGDIObject> = {<wxObject> = {
                                      _vptr.wxObject = 0x7ffff78c0c10 <vtable for wxPalette+16>, static ms_classInfo = {
                                        m_className = 0x7ffff6d54e60 L"wxObject", m_objectSize = 16, m_objectConstructor = 0x0, m_baseInfo1 = 0x0, 
                                        m_baseInfo2 = 0x0, 
                                        static sm_first = 0x7ffff7dda900 <wxDataViewCtrl::ms_classInfo>, 
                                        m_next = 0x7ffff701a500 <wxMemoryOutputStream::ms_classInfo>, static sm_classTable = 0x638770}, m_refData = 0x0}, 
                                    static ms_classInfo = {
                                      m_className = 0x7ffff759c338 L"wxGDIObject", m_objectSize = 16, m_objectConstructor = 0x0, 
                                      m_baseInfo1 = 0x7ffff701a580 <wxObject::ms_classInfo>, m_baseInfo2 = 0x0, 
                                      static sm_first = 0x7ffff7dda900 <wxDataViewCtrl::ms_classInfo>, m_next = 0x7ffff7945b60 <wxGridBagSizer::ms_classInfo>, 
                                      static sm_classTable = 0x638770}}, <No data fields>}, static ms_classInfo = {m_className = 0x7ffff7566cf8 L"wxPalette", 
                                  m_objectSize = 16, 
                                  m_objectConstructor = 0x7ffff72fbe68 <wxPalette::wxCreateObject()>, 
                                  m_baseInfo1 = 0x7ffff7945ba0 <wxGDIObject::ms_classInfo>, 
                                  m_baseInfo2 = 0x0, 
                                  static sm_first = 0x7ffff7dda900 <wxDataViewCtrl::ms_classInfo>, m_next = 0x7ffff793fc80 <wxIcon::ms_classInfo>, 
                                  static sm_classTable = 0x638770}}, 
                              m_hasCustomPalette = false, m_virtualSize = {
                                x = -1, y = -1}, m_scrollHelper = 0x0, 
                              m_windowVariant = wxWINDOW_VARIANT_NORMAL, 
                              m_bestSizeCache = {x = -1, y = -1}, 
                              static ms_winCaptureNext = 0x0, 
                              static ms_winCaptureCurrent = 0x0, 
                              static ms_winCaptureChanging = false, 
                              m_freezeCount = 0, static ms_classInfo = {
                                m_className = 0x7ffff75b3438 L"wxWindowBase", 
                                m_objectSize = 440, m_objectConstructor = 0x0, 
                                m_baseInfo1 = 0x7ffff701cd60 <wxEvtHandler::ms_classInfo>, m_baseInfo2 = 0x0, 
                                static sm_first = 0x7ffff7dda900 <wxDataViewCtrl::ms_classInfo>, m_next = 0x7ffff7948200 <wxTextValidator::ms_classInfo>, 
                                static sm_classTable = 0x638770}, 
                              static sm_eventTableEntries = {
                                {<wxEventTableEntryBase> = {m_id = -1, 
                                    m_lastId = -1, m_fn = 0x664da0, 
                                    m_callbackUserData = 0x0}, 
                                  m_eventType = @0x7ffff793fb44}, 
                                {<wxEventTableEntryBase> = {m_id = -1, 
                                    m_lastId = -1, m_fn = 0x664dd0, 
                                    m_callbackUserData = 0x0}, 
                                  m_eventType = @0x7ffff793fb68}, 
                                {<wxEventTableEntryBase> = {m_id = -1, 
                                    m_lastId = -1, m_fn = 0x664e00, 
                                    m_callbackUserData = 0x0}, 
                                  m_eventType = @0x7ffff793fa20}, 
                                {<wxEventTableEntryBase> = {m_id = -1, 
                                    m_lastId = -1, m_fn = 0x664e30, 
                                    m_callbackUserData = 0x0}, 
                                  m_eventType = @0x7ffff793fb98}, 
                                {<wxEventTableEntryBase> = {m_id = -1, 
                                    m_lastId = -1, m_fn = 0x664e60, 
                                    m_callbackUserData = 0x0}, 
                                  m_eventType = @0x7ffff793fadc}, 
                                {<wxEventTableEntryBase> = {m_id = 0, 
                                    m_lastId = 0, m_fn = 0x0, 
                                    m_callbackUserData = 0x0}, 
                                  m_eventType = @0x627ea0}}, 
                              static sm_eventTable = {
                                baseTable = 0x7ffff7002b40 <wxEvtHandler::sm_eventTable>, entries = 0x7ffff7948440 <wxWindowBase::sm_eventTableEntries>}, 
                              static sm_eventHashTable = {
                                m_table = @0x7ffff7914860, 
                                m_rebuildHash = false, m_size = 31, 
                                m_eventTypeTable = 0x664ca0, 
                                static sm_first = 0x62a920 <MyDialog::sm_eventHashTable>, 
                                m_previous = 0x7ffff79485c0 <wxSingleChoiceDialog::sm_eventHashTable>, m_next = 0x7ffff79482e0 <wxNumValidatorBase::sm_eventHashTable>}}, m_x = 42, 
                            m_y = 73, m_width = 336, m_height = 264, 
                            m_clientWidth = 328, m_clientHeight = 206, 
                            m_useCachedClientSize = true, m_widget = 0x6e0f80, 
                            m_wxwindow = 0x6e96a0, m_gtkLabel = {
                              static npos = 18446744073709551615, 
                              static ms_cache = {cached = {{
                                    str = 0x7fffffffabc0, pos = 0, impl = 0, 
                                    len = 18446744073709551615}, {
                                    str = 0x7fffffffa7b0, pos = 0, impl = 0, 
                                    len = 18446744073709551615}, {
                                    str = 0x7fffffffada0, pos = 0, impl = 0, 
                                    len = 15}, {str = 0x7fffffffad40, pos = 0, 
                                    impl = 0, len = 44}, {
                                    str = 0x7fffffffad90, pos = 0, impl = 0, 
                                    len = 18446744073709551615}, {
                                    str = 0x7fffffffa8e0, pos = 0, impl = 0, 
                                    len = 18446744073709551615}, {
                                    str = 0x7fffffffa840, pos = 0, impl = 0, 
                                    len = 18446744073709551615}, {
                                    str = 0x7fffffffabf0, pos = 0, impl = 0, 
                                    len = 18446744073709551615}}, 
                                lastUsed = 3}, m_impl = "", 
                              m_convertedToChar = {m_str = 0x0, 
                                m_len = 140737333047641}, 
                              m_convertedToWChar = {m_str = 0x0, 
                                m_len = 140737353917792}, m_iterators = {
                                ptr = 0x0}}, m_focusWidget = 0x0, 
                            m_imContext = 0xa2b290, m_imKeyEvent = 0x0, 
                            m_scrollBar = {0x0, 0x0}, m_scrollPos = {0, 0}, 
                            m_noExpose = false, m_nativeSizeEvent = false, 
                            m_isScrolling = false, m_clipPaintRegion = false, 
                            m_nativeUpdateRegion = {<wxRegionBase> = {<wxGDIObject> = {<wxObject> = {_vptr.wxObject = 0x7ffff78c66b0 <vtable for wxRegion+16>, 
                                    static ms_classInfo = {
                                      m_className = 0x7ffff6d54e60 L"wxObject", m_objectSize = 16, m_objectConstructor = 0x0, m_baseInfo1 = 0x0, 
                                      m_baseInfo2 = 0x0, 
                                      static sm_first = 0x7ffff7dda900 <wxDataViewCtrl::ms_classInfo>, 
                                      m_next = 0x7ffff701a500 <wxMemoryOutputStream::ms_classInfo>, static sm_classTable = 0x638770}, m_refData = 0x0}, static ms_classInfo = {
                                    m_className = 0x7ffff759c338 L"wxGDIObject", m_objectSize = 16, m_objectConstructor = 0x0, 
                                    m_baseInfo1 = 0x7ffff701a580 <wxObject::ms_classInfo>, m_baseInfo2 = 0x0, 
                                    static sm_first = 0x7ffff7dda900 <wxDataViewCtrl::ms_classInfo>, m_next = 0x7ffff7945b60 <wxGridBagSizer::ms_classInfo>, 
                                    static sm_classTable = 0x638770}}, <No data fields>}, static ms_classInfo = {m_className = 0x7ffff756c550 L"wxRegion", 
                                m_objectSize = 16, 
                                m_objectConstructor = 0x7ffff731f68e <wxRegion::wxCreateObject()>, m_baseInfo1 = 0x7ffff7945ba0 <wxGDIObject::ms_classInfo>, 
                                m_baseInfo2 = 0x0, 
                                static sm_first = 0x7ffff7dda900 <wxDataViewCtrl::ms_classInfo>, 
                                m_next = 0x7ffff7940060 <wxGTKPrivate::WidgetsCleanupModule::ms_classInfo>, static sm_classTable = 0x638770}}, m_dirtyTabOrder = false, 
                            m_mouseButtonDown = false, m_showOnIdle = false, 
                            m_paintContext = 0x0, m_styleProvider = 0x0, 
                            static ms_classInfo = {
                              m_className = 0x7ffff75b3470 L"wxWindow", 
                              m_objectSize = 640, 
                              m_objectConstructor = 0x7ffff74db9cc <wxWindow::wxCreateObject()>, m_baseInfo1 = 0x7ffff79483c0 <wxWindowBase::ms_classInfo>, 
                              m_baseInfo2 = 0x0, 
                              static sm_first = 0x7ffff7dda900 <wxDataViewCtrl::ms_classInfo>, m_next = 0x7ffff79483c0 <wxWindowBase::ms_classInfo>, 
                              static sm_classTable = 0x638770}}, <No data fields>}, m_shapeImpl = 0x0}, m_container = {<wxControlContainerBase> = {
                          _vptr.wxControlContainerBase = 0x7ffff78f2ad0 <vtable for wxControlContainer+16>, m_winParent = 0x7fffffffc6d0, 
                          m_winLastFocused = 0x0, m_acceptsFocusSelf = true, 
                          m_acceptsFocusChildren = true, 
                          m_inSetFocus = false}, <No data fields>}}, m_icons = 
    {<wxGDIObject> = {<wxObject> = {
                          _vptr.wxObject = 0x7ffff7902fb0 <vtable for wxIconBundle+16>, static ms_classInfo = {m_className = 0x7ffff6d54e60 L"wxObject", 
                            m_objectSize = 16, m_objectConstructor = 0x0, 
                            m_baseInfo1 = 0x0, m_baseInfo2 = 0x0, 
                            static sm_first = 0x7ffff7dda900 <wxDataViewCtrl::ms_classInfo>, m_next = 0x7ffff701a500 <wxMemoryOutputStream::ms_classInfo>, 
                            static sm_classTable = 0x638770}, 
                          m_refData = 0x0}, static ms_classInfo = {
                          m_className = 0x7ffff759c338 L"wxGDIObject", 
                          m_objectSize = 16, m_objectConstructor = 0x0, 
                          m_baseInfo1 = 0x7ffff701a580 <wxObject::ms_classInfo>, m_baseInfo2 = 0x0, 
                          static sm_first = 0x7ffff7dda900 <wxDataViewCtrl::ms_classInfo>, m_next = 0x7ffff7945b60 <wxGridBagSizer::ms_classInfo>, 
                          static sm_classTable = 0x638770}}, 
                      static ms_classInfo = {
                        m_className = 0x7ffff759e720 L"wxIconBundle", 
                        m_objectSize = 16, 
                        m_objectConstructor = 0x7ffff744a71e <wxIconBundle::wxCreateObject()>, m_baseInfo1 = 0x7ffff7945ba0 <wxGDIObject::ms_classInfo>, 
                        m_baseInfo2 = 0x0, 
                        static sm_first = 0x7ffff7dda900 <wxDataViewCtrl::ms_classInfo>, m_next = 0x7ffff79461a0 <wxHelpControllerBase::ms_classInfo>, 
                        static sm_classTable = 0x638770}}, m_winDefault = 
    {<wxWeakRefImpl<wxWindow, true>> = {<wxWeakRefStatic<wxWindow>> = {<wxTrackerNode> = {
                            _vptr.wxTrackerNode = 0x7ffff78eed50 <vtable for wxWeakRef<wxWindow>+16>, m_nxt = 0x0}, m_pobj = 0xa53400}, <No data fields>}, <No data fields>}, 
                    m_winTmpDefault = {<wxWeakRefImpl<wxWindow, true>> = {<wxWeakRefStatic<wxWindow>> = {<wxTrackerNode> = {
                            _vptr.wxTrackerNode = 0x7ffff78eed50 <vtable for wxWeakRef<wxWindow>+16>, m_nxt = 0x0}, 
                          m_pobj = 0x0}, <No data fields>}, <No data fields>}, 
                    m_modified = 224, static sm_eventTableEntries = {
                      {<wxEventTableEntryBase> = {m_id = -1, m_lastId = -1, 
                          m_fn = 0x6640d0, m_callbackUserData = 0x0}, 
                        m_eventType = @0x7ffff793faf4}, 
                      {<wxEventTableEntryBase> = {m_id = -1, m_lastId = -1, 
                          m_fn = 0x664100, m_callbackUserData = 0x0}, 
                        m_eventType = @0x7ffff793fadc}, 
                      {<wxEventTableEntryBase> = {m_id = 0, m_lastId = 0, 
                          m_fn = 0x0, m_callbackUserData = 0x0}, 
                        m_eventType = @0x627ea0}}, static sm_eventTable = {
                      baseTable = 0x7ffff7914860 <wxWindowBase::sm_eventTable>, entries = 0x7ffff7947fa0 <wxTopLevelWindowBase::sm_eventTableEntries>}, 
                    static sm_eventHashTable = {m_table = @0x7ffff7911b20, 
                      m_rebuildHash = true, m_size = 31, 
                      m_eventTypeTable = 0x663fd0, 
                      static sm_first = 0x62a920 <MyDialog::sm_eventHashTable>, m_previous = 0x7ffff7948240 <wxTextValidator::sm_eventHashTable>, 
                      m_next = 0x7ffff7947da0 <wxToolBarBase::sm_eventHashTable>}}, m_mainWidget = 0x6e78d0, m_fsIsShowing = false, m_fsSaveGdkFunc = 32767, 
                  m_fsSaveGdkDecor = -150885344, m_fsSaveFrame = {x = 0, 
                    y = 0, width = 0, height = 0}, m_gdkFunc = 38, 
                  m_gdkDecor = 30, m_decorSize = {x = 0, y = 0}, 
                  m_urgency_hint = -2, m_netFrameExtentsTimerId = 0, 
                  m_title = {static npos = 18446744073709551615, 
                    static ms_cache = {cached = {{str = 0x7fffffffabc0, 
                          pos = 0, impl = 0, len = 18446744073709551615}, {
                          str = 0x7fffffffa7b0, pos = 0, impl = 0, 
                          len = 18446744073709551615}, {str = 0x7fffffffada0, 
                          pos = 0, impl = 0, len = 15}, {str = 0x7fffffffad40, 
                          pos = 0, impl = 0, len = 44}, {str = 0x7fffffffad90, 
                          pos = 0, impl = 0, len = 18446744073709551615}, {
                          str = 0x7fffffffa8e0, pos = 0, impl = 0, 
                          len = 18446744073709551615}, {str = 0x7fffffffa840, 
                          pos = 0, impl = 0, len = 18446744073709551615}, {
                          str = 0x7fffffffabf0, pos = 0, impl = 0, 
                          len = 18446744073709551615}}, lastUsed = 3}, 
                    m_impl = "Input Text", m_convertedToChar = {m_str = 0x0, 
                      m_len = 10342272}, m_convertedToWChar = {m_str = 0x0, 
                      m_len = 140733193388032}, m_iterators = {ptr = 0x0}}, 
                  m_deferShow = true, m_incWidth = -1, m_incHeight = -1, 
                  m_isIconized = false, m_grabbed = false, 
                  m_updateDecorSize = true, m_deferShowAllowed = false}, 
                static ms_classInfo = {
                  m_className = 0x7ffff75affa8 L"wxTopLevelWindow", 
                  m_objectSize = 880, m_objectConstructor = 0x0, 
                  m_baseInfo1 = 0x7ffff7948500 <wxWindow::ms_classInfo>, 
                  m_baseInfo2 = 0x0, 
                  static sm_first = 0x7ffff7dda900 <wxDataViewCtrl::ms_classInfo>, m_next = 0x7ffff7947ee0 <wxTextCtrlBase::ms_classInfo>, 
                  static sm_classTable = 0x638770}}, m_returnCode = 0, 
              m_affirmativeId = 5100, m_escapeId = -1, 
              m_layoutAdaptationDone = false, 
              m_mainButtonIds = {<std::vector<int, std::allocator<int> >> = std::vector of length 0, capacity 0, <No data fields>}, 
              m_layoutAdaptationLevel = 3, 
              m_layoutAdaptationMode = wxDIALOG_ADAPTATION_MODE_DEFAULT, 
              static sm_layoutAdapter = 0x6bd2c0, 
              static sm_layoutAdaptation = false, 
              static sm_eventTableEntries = {{<wxEventTableEntryBase> = {
                    m_id = -1, m_lastId = -1, m_fn = 0x65b9d0, 
                    m_callbackUserData = 0x0}, m_eventType = @0x626e90}, 
                {<wxEventTableEntryBase> = {m_id = -1, m_lastId = -1, 
                    m_fn = 0x65ba00, m_callbackUserData = 0x0}, 
                  m_eventType = @0x7ffff793faf4}, {<wxEventTableEntryBase> = {
                    m_id = -1, m_lastId = -1, m_fn = 0x65ba30, 
                    m_callbackUserData = 0x0}, m_eventType = @0x7ffff793fa78}, 
                {<wxEventTableEntryBase> = {m_id = 0, m_lastId = 0, 
                    m_fn = 0x0, m_callbackUserData = 0x0}, 
                  m_eventType = @0x627ea0}}, static sm_eventTable = {
                baseTable = 0x7ffff7911b20 <wxTopLevelWindowBase::sm_eventTable>, entries = 0x7ffff7944ca0 <wxDialogBase::sm_eventTableEntries>}, 
              static sm_eventHashTable = {m_table = @0x626d50, 
                m_rebuildHash = true, m_size = 31, 
                m_eventTypeTable = 0x65b8d0, 
                static sm_first = 0x62a920 <MyDialog::sm_eventHashTable>, 
                m_previous = 0x7ffff79450e0 <wxDocManager::sm_eventHashTable>, 
                m_next = 0x7ffff7944180 <wxContextHelpButton::sm_eventHashTable>}}, m_modalShowing = true, m_modalLoop = 0xa55260, static ms_classInfo = {
              m_className = 0x7ffff7595c00 L"wxDialog", m_objectSize = 944, 
              m_objectConstructor = 0x7ffff740388e <wxDialog::wxCreateObject()>, m_baseInfo1 = 0x7ffff7948000 <wxTopLevelWindow::ms_classInfo>, 
              m_baseInfo2 = 0x0, 
              static sm_first = 0x7ffff7dda900 <wxDataViewCtrl::ms_classInfo>, 
              m_next = 0x7ffff7944be0 <wxGenericDirCtrl::ms_classInfo>, 
              static sm_classTable = 0x638770}}, m_textctrl = 0xa6cf90, 
          m_value = {static npos = 18446744073709551615, static ms_cache = {
              cached = {{str = 0x7fffffffabc0, pos = 0, impl = 0, 
                  len = 18446744073709551615}, {str = 0x7fffffffa7b0, pos = 0, 
                  impl = 0, len = 18446744073709551615}, {
                  str = 0x7fffffffada0, pos = 0, impl = 0, len = 15}, {
                  str = 0x7fffffffad40, pos = 0, impl = 0, len = 44}, {
                  str = 0x7fffffffad90, pos = 0, impl = 0, 
                  len = 18446744073709551615}, {str = 0x7fffffffa8e0, pos = 0, 
                  impl = 0, len = 18446744073709551615}, {
                  str = 0x7fffffffa840, pos = 0, impl = 0, 
                  len = 18446744073709551615}, {str = 0x7fffffffabf0, pos = 0, 
                  impl = 0, len = 18446744073709551615}}, lastUsed = 3}, 
            m_impl = "", m_convertedToChar = {m_str = 0x0, 
              m_len = 140737351945525}, m_convertedToWChar = {m_str = 0x0, 
              m_len = 0}, m_iterators = {ptr = 0x0}}, m_dialogStyle = 21, 
          static sm_eventTableEntries = {{<wxEventTableEntryBase> = {
                m_id = 5100, m_lastId = -1, m_fn = 0x6698e0, 
                m_callbackUserData = 0x0}, m_eventType = @0x626e90}, 
            {<wxEventTableEntryBase> = {m_id = 0, m_lastId = 0, m_fn = 0x0, 
                m_callbackUserData = 0x0}, m_eventType = @0x627ea0}}, 
          static sm_eventTable = {
            baseTable = 0x626d50 <_ZN12wxDialogBase13sm_eventTableE@@WXU_2.9>, 
            entries = 0x7ffff794a840 <wxTextEntryDialog::sm_eventTableEntries>}, static sm_eventHashTable = {m_table = @0x7ffff7927d60, m_rebuildHash = false, 
            m_size = 31, m_eventTypeTable = 0x6697e0, 
            static sm_first = 0x62a920 <MyDialog::sm_eventHashTable>, 
            m_previous = 0x7ffff794a900 <wxTipWindow::sm_eventHashTable>, 
            m_next = 0x7ffff794a680 <wxSearchCtrl::sm_eventHashTable>}, 
          static ms_classInfo = {
            m_className = 0x7ffff75c1508 L"wxTextEntryDialog", 
            m_objectSize = 1008, m_objectConstructor = 0x0, 
            m_baseInfo1 = 0x7ffff7944c20 <wxDialog::ms_classInfo>, 
            m_baseInfo2 = 0x0, 
            static sm_first = 0x7ffff7dda900 <wxDataViewCtrl::ms_classInfo>, 
            m_next = 0x7ffff794a7c0 <wxGenericStaticText::ms_classInfo>, 
            static sm_classTable = 0x638770}}
#40 0x00000000004136e8 in MyFrame::OnSetLabel (this=0x6d0200)
    at ../../../Devel/wxWidgets/samples/collpane/collpane.cpp:242
        text = {static npos = 18446744073709551615, static ms_cache = {
            cached = {{str = 0x7fffffffabc0, pos = 0, impl = 0, 
                len = 18446744073709551615}, {str = 0x7fffffffa7b0, pos = 0, 
                impl = 0, len = 18446744073709551615}, {str = 0x7fffffffada0, 
                pos = 0, impl = 0, len = 15}, {str = 0x7fffffffad40, pos = 0, 
                impl = 0, len = 44}, {str = 0x7fffffffad90, pos = 0, impl = 0, 
                len = 18446744073709551615}, {str = 0x7fffffffa8e0, pos = 0, 
                impl = 0, len = 18446744073709551615}, {str = 0x7fffffffa840, 
                pos = 0, impl = 0, len = 18446744073709551615}, {
                str = 0x7fffffffabf0, pos = 0, impl = 0, 
                len = 18446744073709551615}}, lastUsed = 3}, m_impl = "", 
          m_convertedToChar = {m_str = 0x0, m_len = 10443968}, 
          m_convertedToWChar = {m_str = 0x0, m_len = 10621200}, m_iterators = {
            ptr = 0x0}}
#41 0x00007ffff6be774a in wxAppConsoleBase::HandleEvent (this=0x673ab0, 
    handler=0x6d0200, func=
    (void (wxEvtHandler::*)(wxEvtHandler * const, wxEvent &)) 0x41363c <MyFrame::OnSetLabel(wxCommandEvent&)>, event=...)
    at ../Devel/wxWidgets/src/common/appbase.cpp:601
No locals.
#42 0x00007ffff6be77c8 in wxAppConsoleBase::CallEventHandler (this=0x673ab0, 
    handler=0x6d0200, functor=..., event=...)
    at ../Devel/wxWidgets/src/common/appbase.cpp:613
        eventFunction = (void (wxEvtHandler::*)(wxEvtHandler * const, 
    wxEvent &)) 0x41363c <MyFrame::OnSetLabel(wxCommandEvent&)>
#43 0x00007ffff6d23c2c in wxEvtHandler::ProcessEventIfMatchesId (entry=..., 
    handler=0x6d0200, event=...)
    at ../Devel/wxWidgets/src/common/event.cpp:1385
        tableId1 = 102
        tableId2 = -1
#44 0x00007ffff6d22a15 in wxEventHashTable::HandleEvent (
    this=0x62a7c0 <MyFrame::sm_eventHashTable>, event=..., self=0x6d0200)
    at ../Devel/wxWidgets/src/common/event.cpp:991
        entry = @0x62a840: {<wxEventTableEntryBase> = {m_id = 102, 
            m_lastId = -1, m_fn = 0x673680, m_callbackUserData = 0x0}, 
          m_eventType = @0x627148}
        n = 2
        eventEntryTable = @0x657ac8: {<std::vector<wxEventTableEntry const*, std::allocator<wxEventTableEntry const*> >> = std::vector of length 6, capacity 6 = {0x62a800 <MyFrame::sm_eventTableEntries>, 
            0x62a820 <MyFrame::sm_eventTableEntries+32>, 
            0x62a840 <MyFrame::sm_eventTableEntries+64>, 
            0x62a860 <MyFrame::sm_eventTableEntries+96>, 
            0x62a880 <MyFrame::sm_eventTableEntries+128>, 
            0x62a8a0 <MyFrame::sm_eventTableEntries+160>}, <No data fields>}
        count = 6
        eventType = 10013
        eTTnode = 0x657ac0
#45 0x00007ffff6d24132 in wxEvtHandler::TryHereOnly (this=0x6d0200, event=...)
    at ../Devel/wxWidgets/src/common/event.cpp:1582
No locals.
#46 0x00007ffff6d25baf in wxEvtHandler::TryBeforeAndHere (this=0x6d0200, 
    event=...) at ../Devel/wxWidgets/include/wx/event.h:3616
No locals.
#47 0x00007ffff6d23f57 in wxEvtHandler::ProcessEventLocally (this=0x6d0200, 
    event=...) at ../Devel/wxWidgets/src/common/event.cpp:1515
No locals.
#48 0x00007ffff6d23eee in wxEvtHandler::ProcessEvent (this=0x6d0200, event=...)
    at ../Devel/wxWidgets/src/common/event.cpp:1488
        __FUNCTION__ = "ProcessEvent"
#49 0x00007ffff74e52d1 in wxWindowBase::TryAfter (this=0xa08460, event=...)
    at ../Devel/wxWidgets/src/common/wincmn.cpp:3375
        propagateOnce = {m_event = @0x7fffffffcef0, m_propagatedFromOld = 0x0}
        parent = 0x6d0200
#50 0x00007ffff6d23f21 in wxEvtHandler::ProcessEvent (this=0xa08460, event=...)
    at ../Devel/wxWidgets/src/common/event.cpp:1501
        __FUNCTION__ = "ProcessEvent"
#51 0x00007ffff6d241df in wxEvtHandler::SafelyProcessEvent (this=0xa08460, 
    event=...) at ../Devel/wxWidgets/src/common/event.cpp:1606
No locals.
#52 0x00007ffff74df579 in wxWindowBase::HandleWindowEvent (this=0xa08460, 
    event=...) at ../Devel/wxWidgets/src/common/wincmn.cpp:1509
No locals.
#53 0x00007ffff748d50c in wxMenuBase::SendEvent (this=0xa07c50, itemid=102, 
    checked=-1) at ../Devel/wxWidgets/src/common/menucmn.cpp:667
        event = {<wxEvent> = {<wxObject> = {
              _vptr.wxObject = 0x7ffff78bf270 <vtable for wxCommandEvent+16>, 
              static ms_classInfo = {m_className = 0x7ffff6d54e60 L"wxObject", 
                m_objectSize = 16, m_objectConstructor = 0x0, 
                m_baseInfo1 = 0x0, m_baseInfo2 = 0x0, 
                static sm_first = 0x7ffff7dda900 <wxDataViewCtrl::ms_classInfo>, m_next = 0x7ffff701a500 <wxMemoryOutputStream::ms_classInfo>, 
                static sm_classTable = 0x638770}, m_refData = 0x0}, 
            m_eventObject = 0xa07c50, m_eventType = 10013, m_timeStamp = 0, 
            m_id = 102, m_callbackUserData = 0x0, 
            m_handlerToProcessOnlyIn = 0x0, m_propagationLevel = 2147483646, 
            m_propagatedFrom = 0xa08460, m_skipped = false, 
            m_isCommandEvent = true, m_wasProcessed = true, 
            m_willBeProcessedAgain = false, static ms_classInfo = {
              m_className = 0x7ffff6d6a910 L"wxEvent", m_objectSize = 88, 
              m_objectConstructor = 0x0, 
              m_baseInfo1 = 0x7ffff701a580 <wxObject::ms_classInfo>, 
              m_baseInfo2 = 0x0, 
              static sm_first = 0x7ffff7dda900 <wxDataViewCtrl::ms_classInfo>, 
              m_next = 0x7ffff701cd60 <wxEvtHandler::ms_classInfo>, 
              static sm_classTable = 0x638770}}, <wxEventBasicPayloadMixin> = {
            m_cmdString = {static npos = 18446744073709551615, 
              static ms_cache = {cached = {{str = 0x7fffffffabc0, pos = 0, 
                    impl = 0, len = 18446744073709551615}, {
                    str = 0x7fffffffa7b0, pos = 0, impl = 0, 
                    len = 18446744073709551615}, {str = 0x7fffffffada0, 
                    pos = 0, impl = 0, len = 15}, {str = 0x7fffffffad40, 
                    pos = 0, impl = 0, len = 44}, {str = 0x7fffffffad90, 
                    pos = 0, impl = 0, len = 18446744073709551615}, {
                    str = 0x7fffffffa8e0, pos = 0, impl = 0, 
                    len = 18446744073709551615}, {str = 0x7fffffffa840, 
                    pos = 0, impl = 0, len = 18446744073709551615}, {
                    str = 0x7fffffffabf0, pos = 0, impl = 0, 
                    len = 18446744073709551615}}, lastUsed = 3}, m_impl = "", 
              m_convertedToChar = {m_str = 0x0, m_len = 140737337899864}, 
              m_convertedToWChar = {m_str = 0x0, m_len = 140737488343024}, 
              m_iterators = {ptr = 0x0}}, m_commandInt = -1, m_extraLong = 0}, 
          m_clientData = 0x0, m_clientObject = 0x0, static ms_classInfo = {
            m_className = 0x7ffff7563c70 L"wxCommandEvent", 
            m_objectSize = 168, 
            m_objectConstructor = 0x7ffff72dac72 <wxCommandEvent::wxCreateObject()>, m_baseInfo1 = 0x7ffff701cda0 <wxEvent::ms_classInfo>, m_baseInfo2 = 0x0, 
            static sm_first = 0x7ffff7dda900 <wxDataViewCtrl::ms_classInfo>, 
            m_next = 0x7ffff701ce20 <wxThreadEvent::ms_classInfo>, 
            static sm_classTable = 0x638770}}
        win = 0x6d0200
        mb = 0xa08460
        handler = 0xa07c50
#54 0x00007ffff73909e3 in menuitem_activate (item=0x9dbe60)
    at ../Devel/wxWidgets/src/gtk/menu.cpp:555
        id = 102
        menu = 0xa07c50
#55 0x00007ffff4df8540 in g_closure_invoke (closure=0x9dcf80, 
    return_value=0x0, n_param_values=1, param_values=0x7fffffffd1e0, 
    invocation_hint=0x7fffffffd180) at gclosure.c:777
        marshal = 0x7ffff4dfa310 <g_cclosure_marshal_VOID__VOID>
        marshal_data = 0x0
        in_marshal = 0
        real_closure = 0x9dcf60
        __PRETTY_FUNCTION__ = "g_closure_invoke"
#56 0x00007ffff4e0b2a0 in signal_emit_unlocked_R (node=node@entry=0x688c10, 
    detail=detail@entry=0, instance=instance@entry=0xa13580, 
    emission_return=emission_return@entry=0x0, 
    instance_and_params=instance_and_params@entry=0x7fffffffd1e0)
    at gsignal.c:3582
        tmp = <optimized out>
        handler = 0xa07300
        accumulator = 0x0
        emission = {next = 0x7fffffffd790, instance = 0xa13580, ihint = {
            signal_id = 76, detail = 0, run_type = G_SIGNAL_RUN_FIRST}, 
          state = EMISSION_RUN, chain_type = 4}
        class_closure = 0x688b90
        hlist = 0xa07300
        handler_list = 0xa07300
        return_accu = 0x0
        accu = {g_type = 0, data = {{v_int = 0, v_uint = 0, v_long = 0, 
              v_ulong = 0, v_int64 = 0, v_uint64 = 0, v_float = 0, 
              v_double = 0, v_pointer = 0x0}, {v_int = 0, v_uint = 0, 
              v_long = 0, v_ulong = 0, v_int64 = 0, v_uint64 = 0, v_float = 0, 
              v_double = 0, v_pointer = 0x0}}}
        signal_id = 76
        max_sequential_handler_number = 637
        return_value_altered = 1
#57 0x00007ffff4e133fd in g_signal_emit_valist (instance=0xa13580, 
    signal_id=<optimized out>, detail=0, 
    var_args=var_args@entry=0x7fffffffd418) at gsignal.c:3326
        instance_and_params = 0x7fffffffd1e0
        signal_return_type = 4
        param_values = 0x7fffffffd1f8
        node = 0x688c10
        i = <optimized out>
        n_params = 0
        __PRETTY_FUNCTION__ = "g_signal_emit_valist"
        __FUNCTION__ = "g_signal_emit_valist"
#58 0x00007ffff4e13662 in g_signal_emit (instance=instance@entry=0xa13580, 
    signal_id=<optimized out>, detail=detail@entry=0) at gsignal.c:3382
        var_args = {{gp_offset = 24, fp_offset = 48, 
            overflow_arg_area = 0x7fffffffd4f0, 
            reg_save_area = 0x7fffffffd430}}
#59 0x00007ffff66e6e2c in gtk_widget_activate (widget=widget@entry=0xa13580)
    at gtkwidget.c:7010
        __PRETTY_FUNCTION__ = "gtk_widget_activate"
#60 0x00007ffff65b6b8e in gtk_menu_shell_activate_item (menu_shell=0xa1c2d0, 
    menu_item=0xa13580, force_deactivate=<optimized out>)
    at gtkmenushell.c:1432
        slist = <optimized out>
        shells = 0x847d50
        deactivate = <optimized out>
        __PRETTY_FUNCTION__ = "gtk_menu_shell_activate_item"
#61 0x00007ffff65b6f8b in gtk_menu_shell_button_release (widget=0xa1c2d0, 
    event=<optimized out>) at gtkmenushell.c:833
        submenu = 0x0
        menu_item = 0xa13580
        deactivate = 1
        menu_shell = 0xa1c2d0
        priv = 0xa1c1a0
#62 0x00007ffff6595cdf in _gtk_marshal_BOOLEAN__BOXEDv (closure=0x67ef80, 
    return_value=0x7fffffffd710, instance=0xa1c2d0, args=<optimized out>, 
    marshal_data=<optimized out>, n_params=<optimized out>, 
    param_types=0x67efb0) at gtkmarshalers.c:130
        cc = <optimized out>
        data1 = <optimized out>
        data2 = <optimized out>
        callback = <optimized out>
        arg0 = 0x6aca40
        args_copy = {{gp_offset = 32, fp_offset = 48, 
            overflow_arg_area = 0x7fffffffd9a0, 
            reg_save_area = 0x7fffffffd8e0}}
        v_return = <optimized out>
        __PRETTY_FUNCTION__ = "_gtk_marshal_BOOLEAN__BOXEDv"
#63 0x00007ffff4df8807 in _g_closure_invoke_va (closure=0x67ef80, 
    return_value=0x7fffffffd710, instance=0xa1c2d0, args=0x7fffffffd8c8, 
    n_params=1, param_types=0x67efb0) at gclosure.c:840
        marshal = 0x7ffff4df6ba0 <g_type_class_meta_marshalv>
        marshal_data = 0x188
        in_marshal = 0
        real_closure = 0x67ef60
        __PRETTY_FUNCTION__ = "_g_closure_invoke_va"
#64 0x00007ffff4e12e58 in g_signal_emit_valist (instance=0xa1c2d0, 
    signal_id=<optimized out>, detail=0, 
    var_args=var_args@entry=0x7fffffffd8c8) at gsignal.c:3234
        return_accu = 0x7fffffffd710
        accu = {g_type = 20, data = {{v_int = 0, v_uint = 0, v_long = 0, 
              v_ulong = 0, v_int64 = 0, v_uint64 = 0, v_float = 0, 
              v_double = 0, v_pointer = 0x0}, {v_int = 0, v_uint = 0, 
              v_long = 0, v_ulong = 0, v_int64 = 0, v_uint64 = 0, v_float = 0, 
              v_double = 0, v_pointer = 0x0}}}
        accumulator = 0x67ee30
        emission = {next = 0x0, instance = 0xa1c2d0, ihint = {signal_id = 29, 
            detail = 0, run_type = G_SIGNAL_RUN_LAST}, state = EMISSION_RUN, 
          chain_type = 6852192}
        signal_id = 29
        instance_type = <optimized out>
        emission_return = {g_type = 20, data = {{v_int = 0, v_uint = 0, 
              v_long = 0, v_ulong = 0, v_int64 = 0, v_uint64 = 0, v_float = 0, 
              v_double = 0, v_pointer = 0x0}, {v_int = 0, v_uint = 0, 
              v_long = 0, v_ulong = 0, v_int64 = 0, v_uint64 = 0, v_float = 0, 
              v_double = 0, v_pointer = 0x0}}}
        rtype = 20
        static_scope = 0
        fastpath_handler = <optimized out>
        closure = 0x67ef80
        run_type = <optimized out>
        hlist = 0x0
        l = <optimized out>
        fastpath = -10480
        instance_and_params = <optimized out>
        signal_return_type = <optimized out>
        param_values = <optimized out>
        node = 0x67efd0
        i = <optimized out>
        n_params = <optimized out>
        __PRETTY_FUNCTION__ = "g_signal_emit_valist"
        __FUNCTION__ = "g_signal_emit_valist"
#65 0x00007ffff4e13662 in g_signal_emit (instance=instance@entry=0xa1c2d0, 
    signal_id=<optimized out>, detail=detail@entry=0) at gsignal.c:3382
        var_args = {{gp_offset = 24, fp_offset = 48, 
            overflow_arg_area = 0x7fffffffd9a0, 
            reg_save_area = 0x7fffffffd8e0}}
#66 0x00007ffff66e7cde in gtk_widget_event_internal (
    widget=widget@entry=0xa1c2d0, event=event@entry=0x6aca40)
    at gtkwidget.c:6979
        signal_num = <optimized out>
        return_val = 0
#67 0x00007ffff66e80f9 in gtk_widget_event (widget=widget@entry=0xa1c2d0, 
    event=event@entry=0x6aca40) at gtkwidget.c:6636
        __PRETTY_FUNCTION__ = "gtk_widget_event"
#68 0x00007ffff6593b5e in propagate_event_up (topmost=<optimized out>, 
    event=<optimized out>, widget=0xa1c2d0) at gtkmain.c:2393
        tmp = <optimized out>
        handled_event = <optimized out>
#69 propagate_event (widget=<optimized out>, event=0x6aca40, 
    captured=<optimized out>, topmost=0x0) at gtkmain.c:2501
        handled_event = 0
        propagate_func = 0x7ffff66e8070 <gtk_widget_event>
#70 0x00007ffff6595893 in gtk_main_do_event (event=0x6aca40) at gtkmain.c:1716
        event_widget = <optimized out>
        grab_widget = 0xa13580
        topmost_widget = <optimized out>
        window_group = <optimized out>
        rewritten_event = <optimized out>
        device = <optimized out>
        tmp_list = <optimized out>
        __FUNCTION__ = "gtk_main_do_event"
#71 0x00007ffff61a2382 in gdk_event_source_dispatch (base=base@entry=0x6c0ec0, 
    callback=<optimized out>, data=<optimized out>) at gdkeventsource.c:82
        source = 0x6c0ec0
        display = <optimized out>
        event = 0x6aca40
#72 0x00007ffff4906665 in g_main_dispatch (context=0x6a6240) at gmain.c:3064
        dispatch = 0x7ffff61a2360 <gdk_event_source_dispatch>
        was_in_call = 0
        user_data = 0x0
        callback = 0x0
        cb_funcs = 0x0
        cb_data = 0x0
        current_source_link = {data = 0x6c0ec0, next = 0x0}
        need_destroy = <optimized out>
        source = 0x6c0ec0
        current = 0x845600
        i = <optimized out>
#73 g_main_context_dispatch (context=context@entry=0x6a6240) at gmain.c:3640
No locals.
#74 0x00007ffff49069a8 in g_main_context_iterate (context=0x6a6240, 
    block=block@entry=1, dispatch=dispatch@entry=1, self=<optimized out>)
    at gmain.c:3711
        max_priority = 2147483647
        timeout = -1
        some_ready = 1
        nfds = <optimized out>
        allocated_nfds = <optimized out>
        fds = 0x9e2a00
#75 0x00007ffff4906e1a in g_main_loop_run (loop=0x68bcf0) at gmain.c:3905
        __PRETTY_FUNCTION__ = "g_main_loop_run"
#76 0x00007ffff6594c1d in gtk_main () at gtkmain.c:1156
        loop = 0x68bcf0
#77 0x00007ffff731341d in wxGUIEventLoop::DoRun (this=0x705540)
    at ../Devel/wxWidgets/src/gtk/evtloop.cpp:66
        loopLevel = 0
#78 0x00007ffff6c2bb0c in wxEventLoopBase::Run (this=0x705540)
    at ../Devel/wxWidgets/src/common/evtloopcmn.cpp:79
        __FUNCTION__ = "Run"
        activate = {m_evtLoopOld = 0x0}
        wxVarSetter76 = @0x7fffffffdbf0: {<wxScopeGuardImplBase> = {
            m_wasDismissed = false}, <No data fields>}
#79 0x00007ffff6be6bb3 in wxAppConsoleBase::MainLoop (this=0x673ab0)
    at ../Devel/wxWidgets/src/common/appbase.cpp:324
        mainLoop = {<wxEventLoopBasePtr> = {m_ptr = 0x705540}, 
          m_pp = 0x673c40, m_pOld = 0x0}
#80 0x00007ffff6be6917 in wxAppConsoleBase::OnRun (this=0x673ab0)
    at ../Devel/wxWidgets/src/common/appbase.cpp:256
No locals.
#81 0x00007ffff73c6c07 in wxAppBase::OnRun (this=0x673ab0)
    at ../Devel/wxWidgets/src/common/appcmn.cpp:284
No locals.
#82 0x00007ffff6c66ba2 in wxEntry (argc=@0x7ffff7019070: 1, argv=0x65f4f0)
    at ../Devel/wxWidgets/src/common/init.cpp:493
        callOnExit = {<No data fields>}
        initializer = {m_ok = true}
#83 0x00007ffff6c66c68 in wxEntry (argc=@0x7fffffffdd2c: 1, 
    argv=0x7fffffffde18) at ../Devel/wxWidgets/src/common/init.cpp:505
No locals.
#84 0x000000000041274e in main (argc=1, argv=0x7fffffffde18)
    at ../../../Devel/wxWidgets/samples/collpane/collpane.cpp:136
No locals.
Error detected on fd 0
error detected on stdin
A debugging session is active.

	Inferior 1 [process 2060] will be killed.

Quit anyway? (y or n) EOF [assumed Y]
