Starting program: min_Debug/minimal.exe 
warning: HEAP[minimal.exe]: 
warning: Invalid Address specified to RtlFreeHeap( 003E0000, 00465C44 )


Program received signal SIGTRAP, Trace/breakpoint trap.
0x7c901231 in ntdll!DbgUiConnectToDbg () from ntdll.dll

backtrace full -----------------------------------------------------------

#0  0x7c901231 in ntdll!DbgUiConnectToDbg () from ntdll.dll
No symbol table info available.
#1  0x7c96c943 in ntdll!RtlpNtMakeTemporaryKey () from ntdll.dll
No symbol table info available.
#2  0x0022f904 in ?? ()
No symbol table info available.
#3  0x7c96cd80 in ntdll!RtlpNtMakeTemporaryKey () from ntdll.dll
No symbol table info available.
#4  0x00465c3c in __gnu_internal::buf_wcout ()
No symbol table info available.
#5  0x003e0000 in ?? ()
No symbol table info available.
#6  0x00465c44 in __gnu_cxx::_Atomicity_lock<0>::_S_atomicity_lock ()
No symbol table info available.
#7  0x0022f978 in ?? ()
No symbol table info available.
#8  0x7c96df66 in ntdll!RtlpNtMakeTemporaryKey () from ntdll.dll
No symbol table info available.
#9  0x003e0000 in ?? ()
No symbol table info available.
#10 0x00465c3c in __gnu_internal::buf_wcout ()
No symbol table info available.
#11 0x7c96e11c in ntdll!RtlpNtMakeTemporaryKey () from ntdll.dll
No symbol table info available.
#12 0x003e0000 in ?? ()
No symbol table info available.
#13 0x00465c44 in __gnu_cxx::_Atomicity_lock<0>::_S_atomicity_lock ()
No symbol table info available.
#14 0x40000060 in ?? ()
No symbol table info available.
#15 0x40000060 in ?? ()
No symbol table info available.
#16 0x0022fa10 in ?? ()
No symbol table info available.
#17 0x7c90ee18 in strchr () from ntdll.dll
No symbol table info available.
#18 0x7c96e0f8 in ntdll!RtlpNtMakeTemporaryKey () from ntdll.dll
No symbol table info available.
#19 0xffffffff in ?? ()
No symbol table info available.
#20 0x7c96e0d4 in ntdll!RtlpNtMakeTemporaryKey () from ntdll.dll
No symbol table info available.
#21 0x7c94a5d0 in ntdll!RtlInsertElementGenericTableAvl () from ntdll.dll
No symbol table info available.
#22 0x003e0000 in ?? ()
No symbol table info available.
#23 0x50000061 in ?? ()
No symbol table info available.
#24 0x00000000 in ?? () from 
No symbol table info available.
#25 0x00465c3c in __gnu_internal::buf_wcout ()
No symbol table info available.
#26 0x003e0000 in ?? ()
No symbol table info available.
#27 0x40000060 in ?? ()
No symbol table info available.
#28 0x0022fa40 in ?? ()
No symbol table info available.
#29 0x0001ee18 in ?? ()
No symbol table info available.
#30 0x0022f918 in ?? ()
No symbol table info available.
#31 0xffffffff in ?? ()
No symbol table info available.
#32 0x0022fa50 in ?? ()
No symbol table info available.
#33 0x7c90ee18 in strchr () from ntdll.dll
No symbol table info available.
#34 0x7c96e0f8 in ntdll!RtlpNtMakeTemporaryKey () from ntdll.dll
No symbol table info available.
#35 0x00000001 in ?? ()
No symbol table info available.
#36 0x7c94a5d0 in ntdll!RtlInsertElementGenericTableAvl () from ntdll.dll
No symbol table info available.
#37 0x003e0000 in ?? ()
No symbol table info available.
#38 0x50000061 in ?? ()
No symbol table info available.
#39 0x00465c44 in __gnu_cxx::_Atomicity_lock<0>::_S_atomicity_lock ()
No symbol table info available.
#40 0x003e0000 in ?? ()
No symbol table info available.
#41 0x00465c44 in __gnu_cxx::_Atomicity_lock<0>::_S_atomicity_lock ()
No symbol table info available.
#42 0x40000060 in ?? ()
No symbol table info available.
#43 0x00000028 in ?? ()
No symbol table info available.
#44 0x7c9268ad in ntdll!iswdigit () from ntdll.dll
No symbol table info available.
#45 0x003e0000 in ?? ()
No symbol table info available.
#46 0x40000060 in ?? ()
No symbol table info available.
#47 0x00465c44 in __gnu_cxx::_Atomicity_lock<0>::_S_atomicity_lock ()
No symbol table info available.
#48 0x00000000 in ?? () from 
No symbol table info available.
#49 0x00465c44 in __gnu_cxx::_Atomicity_lock<0>::_S_atomicity_lock ()
No symbol table info available.
#50 0x00e0a2d0 in wxHyperlinkCtrlXmlHandler::~wxHyperlinkCtrlXmlHandler ()
    at iostream:72
	wxIMAGE_ALPHA_TRANSPARENT = 0 '\0'
	wxOutOfRangeTextCoord = -1
	wxALPHA_OPAQUE = 255 'ÿ'
	wxEOF = -1
	wxIMAGE_ALPHA_OPAQUE = 255 'ÿ'
	wxALPHA_TRANSPARENT = 0 '\0'
	wxInvalidOffset = -1
	__ioinit = {static _S_refcount = 2, static _S_synced_with_stdio = true}
	wxIMAGE_ALPHA_THRESHOLD = 128 '\200'
	wxInvalidTextCoord = -2
	wxPRINTMEDIA_DEFAULT = 0
	wxTheAssertHandler = 0x7d328c <wxDefaultAssertHandler>
	wxAppTraitsBase::ms_manager = (class wxSocketManager *) 0x10e2098
	wxPendingDelete = {<wxObjectList> = {<wxListBase> = {
      _vptr.wxListBase = 0x12116c8, m_count = 0, m_destroy = false, 
      m_nodeFirst = 0x0, m_nodeLast = 0x0, 
      m_keyType = wxKEY_NONE}, <No data fields>}, <No data fields>}
	wxAppConsoleBase::ms_appInitFn = 0x4013c4 <wxCreateApp()>
	wxAppConsoleBase::ms_appInstance = (class wxAppConsole *) 0x10640348
#51 0x77c2c2de in msvcrt!free () from C:\WINDOWS\system32\msvcrt.dll
No symbol table info available.
#52 0x003e0000 in ?? ()
No symbol table info available.
#53 0x00000000 in ?? () from 
No symbol table info available.
#54 0x00465c44 in __gnu_cxx::_Atomicity_lock<0>::_S_atomicity_lock ()
No symbol table info available.
#55 0x00000000 in ?? () from 
No symbol table info available.
#56 0x00000000 in ?? () from 
No symbol table info available.
#57 0x00e0a2d0 in wxHyperlinkCtrlXmlHandler::~wxHyperlinkCtrlXmlHandler ()
    at iostream:72
	wxIMAGE_ALPHA_TRANSPARENT = 0 '\0'
	wxOutOfRangeTextCoord = -1
	wxALPHA_OPAQUE = 255 'ÿ'
	wxEOF = -1
	wxIMAGE_ALPHA_OPAQUE = 255 'ÿ'
	wxALPHA_TRANSPARENT = 0 '\0'
	wxInvalidOffset = -1
	__ioinit = {static _S_refcount = 2, static _S_synced_with_stdio = true}
	wxIMAGE_ALPHA_THRESHOLD = 128 '\200'
	wxInvalidTextCoord = -2
	wxPRINTMEDIA_DEFAULT = 0
	wxTheAssertHandler = 0x7d328c <wxDefaultAssertHandler>
	wxAppTraitsBase::ms_manager = (class wxSocketManager *) 0x10e2098
	wxPendingDelete = {<wxObjectList> = {<wxListBase> = {
      _vptr.wxListBase = 0x12116c8, m_count = 0, m_destroy = false, 
      m_nodeFirst = 0x0, m_nodeLast = 0x0, 
      m_keyType = wxKEY_NONE}, <No data fields>}, <No data fields>}
	wxAppConsoleBase::ms_appInitFn = 0x4013c4 <wxCreateApp()>
	wxAppConsoleBase::ms_appInstance = (wxAppConsole *) 0x10640348
#58 0x00e2f7df in ~wxString (this=0x10655518) at string.h:456
No locals.
#59 0x009e26af in wxMenuBase::~wxMenuBase () at iostream:72
	wxIMAGE_ALPHA_TRANSPARENT = 0 '\0'
	wxOutOfRangeTextCoord = -1
	wxALPHA_OPAQUE = 255 'ÿ'
	wxEOF = -1
	wxIMAGE_ALPHA_OPAQUE = 255 'ÿ'
	wxALPHA_TRANSPARENT = 0 '\0'
	wxInvalidOffset = -1
	__ioinit = {static _S_refcount = 2, static _S_synced_with_stdio = true}
	wxIMAGE_ALPHA_THRESHOLD = 128 '\200'
	wxInvalidTextCoord = -2
	wxPRINTMEDIA_DEFAULT = 0
	wxTheAssertHandler = 0x7d328c <wxDefaultAssertHandler>
	wxAppTraitsBase::ms_manager = (class wxSocketManager *) 0x10e2098
	wxPendingDelete = {<wxObjectList> = {<wxListBase> = {
      _vptr.wxListBase = 0x12116c8, m_count = 0, m_destroy = false, 
      m_nodeFirst = 0x0, m_nodeLast = 0x0, 
      m_keyType = wxKEY_NONE}, <No data fields>}, <No data fields>}
	wxAppConsoleBase::ms_appInitFn = 0x4013c4 <wxCreateApp()>
	wxAppConsoleBase::ms_appInstance = (wxAppConsole *) 0x10640348
#60 0x0093c912 in wxMenu::~wxMenu () at iostream:72
	wxIMAGE_ALPHA_TRANSPARENT = 0 '\0'
	wxOutOfRangeTextCoord = -1
	wxALPHA_OPAQUE = 255 'ÿ'
	wxEOF = -1
	wxIMAGE_ALPHA_OPAQUE = 255 'ÿ'
	wxALPHA_TRANSPARENT = 0 '\0'
	wxInvalidOffset = -1
	__ioinit = {static _S_refcount = 2, static _S_synced_with_stdio = true}
	wxIMAGE_ALPHA_THRESHOLD = 128 '\200'
	wxInvalidTextCoord = -2
	wxPRINTMEDIA_DEFAULT = 0
	wxTheAssertHandler = 0x7d328c <wxDefaultAssertHandler>
	wxAppTraitsBase::ms_manager = (class wxSocketManager *) 0x10e2098
	wxPendingDelete = {<wxObjectList> = {<wxListBase> = {
      _vptr.wxListBase = 0x12116c8, m_count = 0, m_destroy = false, 
      m_nodeFirst = 0x0, m_nodeLast = 0x0, 
      m_keyType = wxKEY_NONE}, <No data fields>}, <No data fields>}
	wxAppConsoleBase::ms_appInitFn = 0x4013c4 <wxCreateApp()>
	wxAppConsoleBase::ms_appInstance = (wxAppConsole *) 0x10640348
#61 0x009e3dc2 in wxMenuBarBase::~wxMenuBarBase () at iostream:72
	wxIMAGE_ALPHA_TRANSPARENT = 0 '\0'
	wxOutOfRangeTextCoord = -1
	wxALPHA_OPAQUE = 255 'ÿ'
	wxEOF = -1
	wxIMAGE_ALPHA_OPAQUE = 255 'ÿ'
	wxALPHA_TRANSPARENT = 0 '\0'
	wxInvalidOffset = -1
	__ioinit = {static _S_refcount = 2, static _S_synced_with_stdio = true}
	wxIMAGE_ALPHA_THRESHOLD = 128 '\200'
	wxInvalidTextCoord = -2
	wxPRINTMEDIA_DEFAULT = 0
	wxTheAssertHandler = 0x7d328c <wxDefaultAssertHandler>
	wxAppTraitsBase::ms_manager = (class wxSocketManager *) 0x10e2098
	wxPendingDelete = {<wxObjectList> = {<wxListBase> = {
      _vptr.wxListBase = 0x12116c8, m_count = 0, m_destroy = false, 
      m_nodeFirst = 0x0, m_nodeLast = 0x0, 
      m_keyType = wxKEY_NONE}, <No data fields>}, <No data fields>}
	wxAppConsoleBase::ms_appInitFn = 0x4013c4 <wxCreateApp()>
	wxAppConsoleBase::ms_appInstance = (wxAppConsole *) 0x10640348
#62 0x0093ee7a in wxMenuBar::~wxMenuBar () at iostream:72
	wxIMAGE_ALPHA_TRANSPARENT = 0 '\0'
	wxOutOfRangeTextCoord = -1
	wxALPHA_OPAQUE = 255 'ÿ'
	wxEOF = -1
	wxIMAGE_ALPHA_OPAQUE = 255 'ÿ'
	wxALPHA_TRANSPARENT = 0 '\0'
	wxInvalidOffset = -1
	__ioinit = {static _S_refcount = 2, static _S_synced_with_stdio = true}
	wxIMAGE_ALPHA_THRESHOLD = 128 '\200'
	wxInvalidTextCoord = -2
	wxPRINTMEDIA_DEFAULT = 0
	wxTheAssertHandler = 0x7d328c <wxDefaultAssertHandler>
	wxAppTraitsBase::ms_manager = (class wxSocketManager *) 0x10e2098
	wxPendingDelete = {<wxObjectList> = {<wxListBase> = {
      _vptr.wxListBase = 0x12116c8, m_count = 0, m_destroy = false, 
      m_nodeFirst = 0x0, m_nodeLast = 0x0, 
      m_keyType = wxKEY_NONE}, <No data fields>}, <No data fields>}
	wxAppConsoleBase::ms_appInitFn = 0x4013c4 <wxCreateApp()>
	wxAppConsoleBase::ms_appInstance = (wxAppConsole *) 0x10640348
#63 0x009ae3d2 in wxFrameBase::DeleteAllBars () at iostream:72
	wxIMAGE_ALPHA_TRANSPARENT = 0 '\0'
	wxOutOfRangeTextCoord = -1
	wxALPHA_OPAQUE = 255 'ÿ'
	wxEOF = -1
	wxIMAGE_ALPHA_OPAQUE = 255 'ÿ'
	wxALPHA_TRANSPARENT = 0 '\0'
	wxInvalidOffset = -1
	__ioinit = {static _S_refcount = 2, static _S_synced_with_stdio = true}
	wxIMAGE_ALPHA_THRESHOLD = 128 '\200'
	wxInvalidTextCoord = -2
	wxPRINTMEDIA_DEFAULT = 0
	wxTheAssertHandler = 0x7d328c <wxDefaultAssertHandler>
	wxAppTraitsBase::ms_manager = (class wxSocketManager *) 0x10e2098
	wxPendingDelete = {<wxObjectList> = {<wxListBase> = {
      _vptr.wxListBase = 0x12116c8, m_count = 0, m_destroy = false, 
      m_nodeFirst = 0x0, m_nodeLast = 0x0, 
      m_keyType = wxKEY_NONE}, <No data fields>}, <No data fields>}
	wxAppConsoleBase::ms_appInitFn = 0x4013c4 <wxCreateApp()>
	wxAppConsoleBase::ms_appInstance = (wxAppConsole *) 0x10640348
#64 0x00928fbf in wxFrame::~wxFrame () at iostream:72
	wxIMAGE_ALPHA_TRANSPARENT = 0 '\0'
	wxOutOfRangeTextCoord = -1
	wxALPHA_OPAQUE = 255 'ÿ'
	wxEOF = -1
	wxIMAGE_ALPHA_OPAQUE = 255 'ÿ'
	wxALPHA_TRANSPARENT = 0 '\0'
	wxInvalidOffset = -1
	__ioinit = {static _S_refcount = 2, static _S_synced_with_stdio = true}
	wxIMAGE_ALPHA_THRESHOLD = 128 '\200'
	wxInvalidTextCoord = -2
	wxPRINTMEDIA_DEFAULT = 0
	wxTheAssertHandler = 0x7d328c <wxDefaultAssertHandler>
	wxAppTraitsBase::ms_manager = (class wxSocketManager *) 0x10e2098
	wxPendingDelete = {<wxObjectList> = {<wxListBase> = {
      _vptr.wxListBase = 0x12116c8, m_count = 0, m_destroy = false, 
      m_nodeFirst = 0x0, m_nodeLast = 0x0, 
      m_keyType = wxKEY_NONE}, <No data fields>}, <No data fields>}
	wxAppConsoleBase::ms_appInitFn = 0x4013c4 <wxCreateApp()>
	wxAppConsoleBase::ms_appInstance = (wxAppConsole *) 0x10640348
#65 0x00410968 in ~MyFrame (this=0x1064fd40)
    at ../../../samples/minimal/minimal.cpp:62
No locals.
#66 0x007d28e1 in wxAppConsoleBase::DeletePendingObjects (this=0x10640348)
    at ../src/common/appbase.cpp:538
	obj = (class wxObject *) 0x1064fd40
	node = {m_ptr = 0x10657990}
#67 0x007d26f3 in wxAppConsoleBase::ProcessPendingEvents (this=0x10640348)
    at ../src/common/appbase.cpp:484
	__FUNCTION__ = "ProcessPendingEvents"
#68 0x007f560e in wxEventLoopManual::ProcessEvents () at iostream:72
	wxIMAGE_ALPHA_TRANSPARENT = 0 '\0'
	wxOutOfRangeTextCoord = -1
	wxALPHA_OPAQUE = 255 'ÿ'
	wxEOF = -1
	wxIMAGE_ALPHA_OPAQUE = 255 'ÿ'
	wxALPHA_TRANSPARENT = 0 '\0'
	wxInvalidOffset = -1
	__ioinit = {static _S_refcount = 2, static _S_synced_with_stdio = true}
	wxIMAGE_ALPHA_THRESHOLD = 128 '\200'
	wxInvalidTextCoord = -2
	wxPRINTMEDIA_DEFAULT = 0
	wxTheAssertHandler = 0x7d328c <wxDefaultAssertHandler>
	wxAppTraitsBase::ms_manager = (class wxSocketManager *) 0x10e2098
	wxPendingDelete = {<wxObjectList> = {<wxListBase> = {
      _vptr.wxListBase = 0x12116c8, m_count = 0, m_destroy = false, 
      m_nodeFirst = 0x0, m_nodeLast = 0x0, 
      m_keyType = wxKEY_NONE}, <No data fields>}, <No data fields>}
	wxAppConsoleBase::ms_appInitFn = 0x4013c4 <wxCreateApp()>
	wxAppConsoleBase::ms_appInstance = (wxAppConsole *) 0x10640348
#69 0x007f571c in wxEventLoopManual::Run () at iostream:72
	wxIMAGE_ALPHA_TRANSPARENT = 0 '\0'
	wxOutOfRangeTextCoord = -1
	wxALPHA_OPAQUE = 255 'ÿ'
	wxEOF = -1
	wxIMAGE_ALPHA_OPAQUE = 255 'ÿ'
	wxALPHA_TRANSPARENT = 0 '\0'
	wxInvalidOffset = -1
	__ioinit = {static _S_refcount = 2, static _S_synced_with_stdio = true}
	wxIMAGE_ALPHA_THRESHOLD = 128 '\200'
	wxInvalidTextCoord = -2
	wxPRINTMEDIA_DEFAULT = 0
	wxTheAssertHandler = 0x7d328c <wxDefaultAssertHandler>
	wxAppTraitsBase::ms_manager = (class wxSocketManager *) 0x10e2098
	wxPendingDelete = {<wxObjectList> = {<wxListBase> = {
      _vptr.wxListBase = 0x12116c8, m_count = 0, m_destroy = false, 
      m_nodeFirst = 0x0, m_nodeLast = 0x0, 
      m_keyType = wxKEY_NONE}, <No data fields>}, <No data fields>}
	wxAppConsoleBase::ms_appInitFn = 0x4013c4 <wxCreateApp()>
	wxAppConsoleBase::ms_appInstance = (wxAppConsole *) 0x10640348
#70 0x007d207e in wxAppConsoleBase::MainLoop (this=0x10640348)
    at ../src/common/appbase.cpp:290
	mainLoop = {<wxEventLoopBasePtr> = {m_ptr = 0x106573c8}, 
  m_pp = 0x106403e4, m_pOld = 0x0}
#71 0x007d1ef4 in wxAppConsoleBase::OnRun (this=0x10640348)
    at ../src/common/appbase.cpp:231
No locals.
#72 0x009757da in wxAppBase::OnRun () at iostream:72
	wxIMAGE_ALPHA_TRANSPARENT = 0 '\0'
	wxOutOfRangeTextCoord = -1
	wxALPHA_OPAQUE = 255 'ÿ'
	wxEOF = -1
	wxIMAGE_ALPHA_OPAQUE = 255 'ÿ'
	wxALPHA_TRANSPARENT = 0 '\0'
	wxInvalidOffset = -1
	__ioinit = {static _S_refcount = 2, static _S_synced_with_stdio = true}
	wxIMAGE_ALPHA_THRESHOLD = 128 '\200'
	wxInvalidTextCoord = -2
	wxPRINTMEDIA_DEFAULT = 0
	wxTheAssertHandler = 0x7d328c <wxDefaultAssertHandler>
	wxAppTraitsBase::ms_manager = (class wxSocketManager *) 0x10e2098
	wxPendingDelete = {<wxObjectList> = {<wxListBase> = {
      _vptr.wxListBase = 0x12116c8, m_count = 0, m_destroy = false, 
      m_nodeFirst = 0x0, m_nodeLast = 0x0, 
      m_keyType = wxKEY_NONE}, <No data fields>}, <No data fields>}
	wxAppConsoleBase::ms_appInitFn = 0x4013c4 <wxCreateApp()>
	wxAppConsoleBase::ms_appInstance = (wxAppConsole *) 0x10640348
#73 0x0081d80a in wxEntryReal () at iostream:72
	wxIMAGE_ALPHA_TRANSPARENT = 0 '\0'
	wxOutOfRangeTextCoord = -1
	wxALPHA_OPAQUE = 255 'ÿ'
	wxEOF = -1
	wxIMAGE_ALPHA_OPAQUE = 255 'ÿ'
	wxALPHA_TRANSPARENT = 0 '\0'
	wxInvalidOffset = -1
	__ioinit = {static _S_refcount = 2, static _S_synced_with_stdio = true}
	wxIMAGE_ALPHA_THRESHOLD = 128 '\200'
	wxInvalidTextCoord = -2
	wxPRINTMEDIA_DEFAULT = 0
	wxTheAssertHandler = 0x7d328c <wxDefaultAssertHandler>
	wxAppTraitsBase::ms_manager = (class wxSocketManager *) 0x10e2098
	wxPendingDelete = {<wxObjectList> = {<wxListBase> = {
      _vptr.wxListBase = 0x12116c8, m_count = 0, m_destroy = false, 
      m_nodeFirst = 0x0, m_nodeLast = 0x0, 
      m_keyType = wxKEY_NONE}, <No data fields>}, <No data fields>}
	wxAppConsoleBase::ms_appInitFn = 0x4013c4 <wxCreateApp()>
	wxAppConsoleBase::ms_appInstance = (wxAppConsole *) 0x10640348
#74 0x0089a7dc in wxEntry () at iostream:72
	wxIMAGE_ALPHA_TRANSPARENT = 0 '\0'
	wxOutOfRangeTextCoord = -1
	wxALPHA_OPAQUE = 255 'ÿ'
	wxEOF = -1
	wxIMAGE_ALPHA_OPAQUE = 255 'ÿ'
	wxALPHA_TRANSPARENT = 0 '\0'
	wxInvalidOffset = -1
	__ioinit = {static _S_refcount = 2, static _S_synced_with_stdio = true}
	wxIMAGE_ALPHA_THRESHOLD = 128 '\200'
	wxInvalidTextCoord = -2
	wxPRINTMEDIA_DEFAULT = 0
	wxTheAssertHandler = 0x7d328c <wxDefaultAssertHandler>
	wxAppTraitsBase::ms_manager = (class wxSocketManager *) 0x10e2098
	wxPendingDelete = {<wxObjectList> = {<wxListBase> = {
      _vptr.wxListBase = 0x12116c8, m_count = 0, m_destroy = false, 
      m_nodeFirst = 0x0, m_nodeLast = 0x0, 
      m_keyType = wxKEY_NONE}, <No data fields>}, <No data fields>}
	wxAppConsoleBase::ms_appInitFn = 0x4013c4 <wxCreateApp()>
	wxAppConsoleBase::ms_appInstance = (wxAppConsole *) 0x10640348
#75 0x0089a9fb in wxEntry () at iostream:72
	wxIMAGE_ALPHA_TRANSPARENT = 0 '\0'
	wxOutOfRangeTextCoord = -1
	wxALPHA_OPAQUE = 255 'ÿ'
	wxEOF = -1
	wxIMAGE_ALPHA_OPAQUE = 255 'ÿ'
	wxALPHA_TRANSPARENT = 0 '\0'
	wxInvalidOffset = -1
	__ioinit = {static _S_refcount = 2, static _S_synced_with_stdio = true}
	wxIMAGE_ALPHA_THRESHOLD = 128 '\200'
	wxInvalidTextCoord = -2
	wxPRINTMEDIA_DEFAULT = 0
	wxTheAssertHandler = 0x7d328c <wxDefaultAssertHandler>
	wxAppTraitsBase::ms_manager = (class wxSocketManager *) 0x10e2098
	wxPendingDelete = {<wxObjectList> = {<wxListBase> = {
      _vptr.wxListBase = 0x12116c8, m_count = 0, m_destroy = false, 
      m_nodeFirst = 0x0, m_nodeLast = 0x0, 
      m_keyType = wxKEY_NONE}, <No data fields>}, <No data fields>}
	wxAppConsoleBase::ms_appInitFn = 0x4013c4 <wxCreateApp()>
	wxAppConsoleBase::ms_appInstance = (wxAppConsole *) 0x10640348
#76 0x00401450 in WinMain@16 (hInstance=0x400000, hPrevInstance=0x0, 
    nCmdShow=10) at ../../../samples/minimal/minimal.cpp:109
No locals.
#77 0x00406908 in main () at iostream:72
	wxIMAGE_ALPHA_THRESHOLD = 128 '\200'
	wxOutOfRangeTextCoord = -1
	wxALPHA_OPAQUE = 255 'ÿ'
	wxALPHA_TRANSPARENT = 0 '\0'
	wxIMAGE_ALPHA_TRANSPARENT = 0 '\0'
	wxInvalidOffset = -1
	wxEOF = -1
	wxInvalidTextCoord = -2
	__ioinit = {static _S_refcount = 2, static _S_synced_with_stdio = true}
	wxIMAGE_ALPHA_OPAQUE = 255 'ÿ'
	wxPRINTMEDIA_DEFAULT = 0
	MyFrame::sm_eventHashTable = {m_table = @0x460000, 
  m_rebuildHash = false, m_size = 63, m_eventTypeTable = 0x10656090, 
  static sm_first = 0x47a040, m_previous = 0x0, m_next = 0x1819240}
	MyFrame::sm_eventTableEntries = {{<wxEventTableEntryBase> = {
      m_id = 5006, m_lastId = -1, m_fn = 0x10640260, 
      m_callbackUserData = 0x0}, m_eventType = @0x181928c}, 
  {<wxEventTableEntryBase> = {m_id = 5014, m_lastId = -1, m_fn = 0x10640288, 
      m_callbackUserData = 0x0}, m_eventType = @0x181928c}, 
  {<wxEventTableEntryBase> = {m_id = 0, m_lastId = 0, m_fn = 0x0, 
      m_callbackUserData = 0x0}, m_eventType = @0x181926c}}
	wxTheAppInitializer = {<No data fields>}
	MyFrame::sm_eventTable = {baseTable = 0x1119ed0, entries = 0x47a060}

info registers ----------------------------------------------------------------------------

eax            0x465c3c	4611132
ecx            0x7c91eb05	2089937669
edx            0x22f6e2	2291426
ebx            0x465c3c	4611132
esp            0x22f8ec	0x22f8ec
ebp            0x22f8f0	0x22f8f0
esi            0x3e0000	4063232
edi            0x465c3c	4611132
eip            0x7c901231	0x7c901231
eflags         0x202	514
cs             0x1b	27
ss             0x23	35
ds             0x23	35
es             0x23	35
fs             0x3b	59
gs             0x0	0



thread apply all backtrace ----------------------------------------------------------------

Thread 1 (thread 1048.0x454):
#0  0x7c901231 in ntdll!DbgUiConnectToDbg () from ntdll.dll
#1  0x7c96c943 in ntdll!RtlpNtMakeTemporaryKey () from ntdll.dll
#2  0x0022f904 in ?? ()
#3  0x7c96cd80 in ntdll!RtlpNtMakeTemporaryKey () from ntdll.dll
#4  0x00465c3c in __gnu_internal::buf_wcout ()
#5  0x003e0000 in ?? ()
#6  0x00465c44 in __gnu_cxx::_Atomicity_lock<0>::_S_atomicity_lock ()
#7  0x0022f978 in ?? ()
#8  0x7c96df66 in ntdll!RtlpNtMakeTemporaryKey () from ntdll.dll
#9  0x003e0000 in ?? ()
#10 0x00465c3c in __gnu_internal::buf_wcout ()
#11 0x7c96e11c in ntdll!RtlpNtMakeTemporaryKey () from ntdll.dll
#12 0x003e0000 in ?? ()
#13 0x00465c44 in __gnu_cxx::_Atomicity_lock<0>::_S_atomicity_lock ()
#14 0x40000060 in ?? ()
#15 0x40000060 in ?? ()
#16 0x0022fa10 in ?? ()
#17 0x7c90ee18 in strchr () from ntdll.dll
#18 0x7c96e0f8 in ntdll!RtlpNtMakeTemporaryKey () from ntdll.dll
#19 0xffffffff in ?? ()
#20 0x7c96e0d4 in ntdll!RtlpNtMakeTemporaryKey () from ntdll.dll
#21 0x7c94a5d0 in ntdll!RtlInsertElementGenericTableAvl () from ntdll.dll
#22 0x003e0000 in ?? ()
#23 0x50000061 in ?? ()
#24 0x00000000 in ?? () from 
#25 0x00465c3c in __gnu_internal::buf_wcout ()
#26 0x003e0000 in ?? ()
#27 0x40000060 in ?? ()
#28 0x0022fa40 in ?? ()
#29 0x0001ee18 in ?? ()
#30 0x0022f918 in ?? ()
#31 0xffffffff in ?? ()
#32 0x0022fa50 in ?? ()
#33 0x7c90ee18 in strchr () from ntdll.dll
#34 0x7c96e0f8 in ntdll!RtlpNtMakeTemporaryKey () from ntdll.dll
#35 0x00000001 in ?? ()
#36 0x7c94a5d0 in ntdll!RtlInsertElementGenericTableAvl () from ntdll.dll
#37 0x003e0000 in ?? ()
#38 0x50000061 in ?? ()
#39 0x00465c44 in __gnu_cxx::_Atomicity_lock<0>::_S_atomicity_lock ()
#40 0x003e0000 in ?? ()
#41 0x00465c44 in __gnu_cxx::_Atomicity_lock<0>::_S_atomicity_lock ()
#42 0x40000060 in ?? ()
#43 0x00000028 in ?? ()
#44 0x7c9268ad in ntdll!iswdigit () from ntdll.dll
#45 0x003e0000 in ?? ()
#46 0x40000060 in ?? ()
#47 0x00465c44 in __gnu_cxx::_Atomicity_lock<0>::_S_atomicity_lock ()
#48 0x00000000 in ?? () from 
#49 0x00465c44 in __gnu_cxx::_Atomicity_lock<0>::_S_atomicity_lock ()
#50 0x00e0a2d0 in wxHyperlinkCtrlXmlHandler::~wxHyperlinkCtrlXmlHandler ()
    at iostream:72
#51 0x77c2c2de in msvcrt!free () from C:\WINDOWS\system32\msvcrt.dll
#52 0x003e0000 in ?? ()
#53 0x00000000 in ?? () from 
#54 0x00465c44 in __gnu_cxx::_Atomicity_lock<0>::_S_atomicity_lock ()
#55 0x00000000 in ?? () from 
#56 0x00000000 in ?? () from 
#57 0x00e0a2d0 in wxHyperlinkCtrlXmlHandler::~wxHyperlinkCtrlXmlHandler ()
    at iostream:72
#58 0x00e2f7df in ~wxString (this=0x10655518) at string.h:456
#59 0x009e26af in wxMenuBase::~wxMenuBase () at iostream:72
#60 0x0093c912 in wxMenu::~wxMenu () at iostream:72
#61 0x009e3dc2 in wxMenuBarBase::~wxMenuBarBase () at iostream:72
#62 0x0093ee7a in wxMenuBar::~wxMenuBar () at iostream:72
#63 0x009ae3d2 in wxFrameBase::DeleteAllBars () at iostream:72
#64 0x00928fbf in wxFrame::~wxFrame () at iostream:72
#65 0x00410968 in ~MyFrame (this=0x1064fd40)
    at ../../../samples/minimal/minimal.cpp:62
#66 0x007d28e1 in wxAppConsoleBase::DeletePendingObjects (this=0x10640348)
    at ../src/common/appbase.cpp:538
#67 0x007d26f3 in wxAppConsoleBase::ProcessPendingEvents (this=0x10640348)
    at ../src/common/appbase.cpp:484
#68 0x007f560e in wxEventLoopManual::ProcessEvents () at iostream:72
#69 0x007f571c in wxEventLoopManual::Run () at iostream:72
#70 0x007d207e in wxAppConsoleBase::MainLoop (this=0x10640348)
    at ../src/common/appbase.cpp:290
#71 0x007d1ef4 in wxAppConsoleBase::OnRun (this=0x10640348)
    at ../src/common/appbase.cpp:231
#72 0x009757da in wxAppBase::OnRun () at iostream:72
#73 0x0081d80a in wxEntryReal () at iostream:72
#74 0x0089a7dc in wxEntry () at iostream:72
#75 0x0089a9fb in wxEntry () at iostream:72
#76 0x00401450 in WinMain@16 (hInstance=0x400000, hPrevInstance=0x0, 
    nCmdShow=10) at ../../../samples/minimal/minimal.cpp:109
#77 0x00406908 in main () at iostream:72
