propgrid_minimal crash:

MyFrame::Construct
wxIntProperty::wxIntProperty: this = 0x9953a0
wxFlagsProperty::Init: this = 0x9975f0
MyFrame::Construct:  pflags 0x9975f0 parent 0x993098 grid 0x990860
wxPG::DeletePendingObjects: deleting 0x9a6d90
wxPG::DeletePendingObjects: deleting 0x9a8ad0
wxPG::DeletePendingObjects: deleting 0x99f200
wxPG::DeletePendingObjects: deleting 0x99ff30
wxPG::DeletePendingObjects: deleting 0x9a8ca0
wxPG::DeletePendingObjects: deleting 0x9a9210
MyFrame::OnPropertyGridChanging; about to call Construct
MyFrame::Construct
wxPropertyGridPageState::DoDelete: push_back 0x994c00 m_deletedProperties count 1
wxPropertyGridPageState::DoDelete: push_back 0x9953a0 m_deletedProperties count 2
wxPropertyGridPageState::DoDelete: push_back 0x995bb0 m_deletedProperties count 3
wxPropertyGridPageState::DoDelete: push_back 0x9963a0 m_deletedProperties count 4
wxPropertyGridPageState::DoDelete: push_back 0x9975f0 m_deletedProperties count 5
wxIntProperty::wxIntProperty: this = 0x9b1de0
wxFlagsProperty::Init: this = 0x9a8de0
MyFrame::Construct:  pflags 0x9a8de0 parent 0x993098 grid 0x990860
wxPropertyGridPageState::DoDelete: Before RemoveAt(0) Count: 5 item 0x994c00
wxPropertyGridPageState::DoDelete: finally deleting 0x994c00
wxPropertyGridPageState::DoDelete: Before RemoveAt(0) Count: 4 item 0x9953a0
wxPropertyGridPageState::DoDelete: finally deleting 0x9953a0
wxIntProperty::~wxIntProperty: this = 0x9953a0
wxPropertyGridPageState::DoDelete: Before RemoveAt(0) Count: 3 item 0x995bb0
wxPropertyGridPageState::DoDelete: finally deleting 0x995bb0
wxPropertyGridPageState::DoDelete: Before RemoveAt(0) Count: 2 item 0x9963a0
wxPropertyGridPageState::DoDelete: finally deleting 0x9963a0
wxPropertyGridPageState::DoDelete: Before RemoveAt(0) Count: 1 item 0x9975f0
wxPropertyGridPageState::DoDelete: finally deleting 0x9975f0
wxFlagsProperty::~wxFlagsProperty: this = 0x9975f0


0  0x00007ffff717a202  wxDC::GetGraphicsContext  /common/git/wx/include/wx/dc.h  1361
1  0x00007ffff7b53a3e  wxPGProperty::GetEditorClass  /common/git/wx/src/propgrid/property.cpp  2048
2  0x00007ffff7b6770b  wxPropertyGrid::HandleCustomEditorEvent  /common/git/wx/src/propgrid/propgrid.cpp  3628
3  0x00007ffff7b74277  wxPropertyGridEditorEventForwarder::ProcessEvent  /common/git/wx/src/propgrid/propgrid.cpp  3889
4  0x00007ffff7259b5f  wxWindowBase::UpdateWindowUI  /common/git/wx/src/common/wincmn.cpp  2785
5  0x00007ffff7259ea4  wxWindowBase::OnInternalIdle  /common/git/wx/src/common/wincmn.cpp  2847
6  0x00007ffff70be62a  wxWindow::OnInternalIdle  /common/git/wx/src/gtk/window.cpp  2988
7  0x00007ffff7259d41  wxWindowBase::SendIdleEvents  /common/git/wx/src/common/wincmn.cpp  2821
...
27  0x00000000004378e4  main  /common/git/wx/samples/propgrid/propgrid.cpp  3051

In frame 2 'this' == 0x9985a0
