With MyFrame::OnPropertyGridChange commented: No crash or asserts
Construct 0
Properties: 0 -> 0
MyFrame::Construct 0:  pflags 0xfdcbd0 parent 0xfdac48 grid 0xfd5c00
OnTimer 1
Construct 1
Properties: 1 -> 0
MyFrame::Construct 1:  pflags 0xfdc9d0 parent 0xfdac48 grid 0xfd5c00
------------------------------------------------------------------------------------------
Same, timer repeats 500ms
Construct 0
Properties: 0 -> 0
MyFrame::Construct 0:  pflags 0x1524c50 parent 0x1522c48 grid 0x151e210
OnTimer 1
Construct 1
Properties: 1 -> 0
MyFrame::Construct 1:  pflags 0x1524990 parent 0x1522c48 grid 0x151e210
OnTimer 2
Construct 2
Properties: 1 -> 0
MyFrame::Construct 2:  pflags 0x1526d30 parent 0x1522c48 grid 0x151e210
OnTimer 3
Construct 3
Properties: 1 -> 0
MyFrame::Construct 3:  pflags 0x152aa20 parent 0x1522c48 grid 0x151e210
OnTimer 4
Construct 4
Properties: 1 -> 0
MyFrame::Construct 4:  pflags 0x152aa20 parent 0x1522c48 grid 0x151e210
OnTimer 5
Construct 5
Properties: 1 -> 0
MyFrame::Construct 5:  pflags 0x152aa20 parent 0x1522c48 grid 0x151e210
------------------------------------------------------------------------------------------
Same, timer repeats 100ms
Construct 0
Properties: 0 -> 0
MyFrame::Construct 0:  pflags 0x1e7ad10 parent 0x1e78a68 grid 0x1e742c0
OnTimer 1
Construct 1
Properties: 1 -> 0
MyFrame::Construct 1:  pflags 0x1e6b230 parent 0x1e78a68 grid 0x1e742c0
OnTimer 2
Construct 2
Properties: 1 -> 0
MyFrame::Construct 2:  pflags 0x1e7d800 parent 0x1e78a68 grid 0x1e742c0
OnTimer 3
Construct 3
Properties: 1 -> 0
MyFrame::Construct 3:  pflags 0x1e7d800 parent 0x1e78a68 grid 0x1e742c0
OnTimer 4
Construct 4
Properties: 1 -> 0
MyFrame::Construct 4:  pflags 0x1e7d800 parent 0x1e78a68 grid 0x1e742c0
OnTimer 5
Construct 5
Properties: 1 -> 0
MyFrame::Construct 5:  pflags 0x1e7d800 parent 0x1e78a68 grid 0x1e742c0

====================================================================================================
With MyFrame::OnPropertyGridChange uncommented: No crash or asserts
Construct 0
Properties: 0 -> 0
MyFrame::Construct 0:  pflags 0x248ce70 parent 0x248ae48 grid 0x2486010
OnChange 1
Construct 1
Properties: 1 -> 1
MyFrame::Construct 1:  pflags 0x249fd10 parent 0x248ae48 grid 0x2486010
OnChange (CallAfter) 2
Construct 2
Properties: 2 -> 0
MyFrame::Construct 2:  pflags 0x24a6e70 parent 0x248ae48 grid 0x2486010
OnTimer 3
Construct 3
Properties: 1 -> 0
MyFrame::Construct 3:  pflags 0x24a0b40 parent 0x248ae48 grid 0x2486010
OnChange 4
Construct 4
Properties: 1 -> 1
MyFrame::Construct 4:  pflags 0x24a9660 parent 0x248ae48 grid 0x2486010
OnChange (CallAfter) 5
Construct 5
Properties: 2 -> 0
MyFrame::Construct 5:  pflags 0x24a0b40 parent 0x248ae48 grid 0x2486010
OnChange 6
Construct 6
Properties: 1 -> 1
MyFrame::Construct 6:  pflags 0x24a11a0 parent 0x248ae48 grid 0x2486010
OnChange (CallAfter) 7
Construct 7
Properties: 2 -> 0
MyFrame::Construct 7:  pflags 0x24a0b40 parent 0x248ae48 grid 0x2486010

