
The patched propgrid output when not in a debugger (if run inside gdb, the same output but without the crash):

MyFrame::Construct:  pflags 0x7ff2f9140b40 parent 0x7ff2f90ee218 grid 0x7ff2f90ea080
DoDelete: Deferring:  item 0x7ff2f9140b40 parent 0x7ff2f90ee218 newname _&/_%$Flags
MyFrame::Construct:  pflags 0x7ff2f91408c0 parent 0x7ff2f90ee218 grid 0x7ff2f90ea080
wxFlagsProperty::~wxFlagsProperty: this = 0x7ff2f9140b40
wxFlagsProperty::~wxFlagsProperty: this = 0x7ff2f91408c0
MyFrame::Construct:  pflags 0x7ff2f91408c0 parent 0x7ff2f90ee218 grid 0x7ff2f90ea080
    200 repeats of: ../src/propgrid/propgridpagestate.cpp(1848): assert "item->GetParent()" failed in DoDelete(): this property was already deleted
Segmentation fault (core dumped)

Note how 0x7ff2f91408c0 is deleted, and then the same address reused in the next Construct()

BT of core:
0  0x00007ff309375f1a  wxPropertyGridInterface::GetState  /common/git/wx/include/wx/propgrid/propgridiface.h  626
1  0x00007ff3093a4fa1  wxPropertyGridInterface::RefreshGrid  /common/git/wx/src/propgrid/propgridiface.cpp  91
2  0x00007ff3093a52a0  wxPropertyGridInterface::DeleteProperty  /common/git/wx/src/propgrid/propgridiface.cpp  150
3  0x00007ff309398f0d  wxPropertyGrid::OnIdle  /common/git/wx/src/propgrid/propgrid.cpp  5813
4  0x00007ff308246070  wxAppConsoleBase::HandleEvent  /common/git/wx/src/common/appbase.cpp  631
5  0x00007ff3082460ee  wxAppConsoleBase::CallEventHandler  /common/git/wx/src/common/appbase.cpp  643
6  0x00007ff30835aee8  wxEvtHandler::ProcessEventIfMatchesId  /common/git/wx/src/common/event.cpp  1392
7  0x00007ff308359c61  wxEventHashTable::HandleEvent  /common/git/wx/src/common/event.cpp  998
8  0x00007ff30835b3d6  wxEvtHandler::TryHereOnly  /common/git/wx/src/common/event.cpp  1589
9  0x00007ff30835ce13  wxEvtHandler::TryBeforeAndHere  /common/git/wx/include/wx/event.h  3634
10  0x00007ff30835b1fb  wxEvtHandler::ProcessEventLocally  /common/git/wx/src/common/event.cpp  1522
11  0x00007ff30835b192  wxEvtHandler::ProcessEvent  /common/git/wx/src/common/event.cpp  1495
12  0x00007ff308acd047  wxScrollHelperEvtHandler::ProcessEvent  /common/git/wx/src/generic/scrlwing.cpp  202
13  0x00007ff30835b483  wxEvtHandler::SafelyProcessEvent  /common/git/wx/src/common/event.cpp  1613
14  0x00007ff308a7c6a7  wxWindowBase::HandleWindowEvent  /common/git/wx/src/common/wincmn.cpp  1525
15  0x00007ff308a806bd  wxWindowBase::SendIdleEvents  /common/git/wx/src/common/wincmn.cpp  2828
16  0x00007ff308a80731  wxWindowBase::SendIdleEvents  /common/git/wx/src/common/wincmn.cpp  2837
17  0x00007ff30893b823  wxFrame::SendIdleEvents  /common/git/wx/src/gtk/frame.cpp  242
18  0x00007ff308a80731  wxWindowBase::SendIdleEvents  /common/git/wx/src/common/wincmn.cpp  2837
19  0x00007ff30893b823  wxFrame::SendIdleEvents  /common/git/wx/src/gtk/frame.cpp  242
20  0x00007ff308978608  wxAppBase::ProcessIdle  /common/git/wx/src/common/appcmn.cpp  382
21  0x00007ff3088afbf4  wxApp::DoIdle  /common/git/wx/src/gtk/app.cpp  138
22  0x00007ff3088afb37  wxapp_idle_callback  /common/git/wx/src/gtk/app.cpp  107
//snip

In frame 1  state == 0x7ff2f910ca20, grid == 0x0


// ---------------------------------------------------------------------------------------------

Output when the Construct() call in Changing() is uncommented:

Program received signal SIGSEGV, Segmentation fault.
0x0000000000000000 in ?? ()
(gdb) bt
#0  0x0000000000000000 in ?? ()
#1  0x00007ffff7b53ab2 in wxPGProperty::GetEditorClass (this=0x7fffe7a30d80) at ../src/propgrid/property.cpp:2048
#2  0x00007ffff7b6755d in wxPropertyGrid::HandleCustomEditorEvent (this=0x7fffe79d0080, event=...) at ../src/propgrid/propgrid.cpp:3607
#3  0x00007ffff7b73ed3 in wxPropertyGridEditorEventForwarder::ProcessEvent (this=0x7fffe7a31ba0, event=...) at ../src/propgrid/propgrid.cpp:3868
#4  0x00007ffff725a487 in wxWindowBase::UpdateWindowUI (this=0x7fffe79c7d80, flags=2) at ../src/common/wincmn.cpp:2785
#5  0x00007ffff725a7cc in wxWindowBase::OnInternalIdle (this=0x7fffe79c7d80) at ../src/common/wincmn.cpp:2847
#6  0x00007ffff70befea in wxWindow::OnInternalIdle (this=0x7fffe79c7d80) at ../src/gtk/window.cpp:2988
#7  0x00007ffff725a669 in wxWindowBase::SendIdleEvents (this=0x7fffe79c7d80, event=...) at ../src/common/wincmn.cpp:2821
#8  0x00007ffff725a731 in wxWindowBase::SendIdleEvents (this=0x7fffe79d0080, event=...) at ../src/common/wincmn.cpp:2837

// ---------------------------------------------------------------------------------------------

Output when the wxSafeYield() loop is uncommented:

MyFrame::Construct:  pflags 0x7f19bcf40b40 parent 0x7f19bceee218 grid 0x7f19bceea080
DoDelete: Deferring:  item 0x7f19bcf40b40 parent 0x7f19bceee218 newname _&/_%$Flags
wxPropertyGrid::OnIdle:  m_deletedProperties size before 1  m_deletedProperties[0] 0x7f19bcf40b40 name _&/_%$Flags
DoDelete: Deferring:  item 0x7f19bcf40b40 parent 0x7f19bceee218 newname _&/_%$_&/_%$Flags
wxPropertyGrid::OnIdle:  m_deletedProperties size before 1  m_deletedProperties[0] 0x7f19bcf40b40 name _&/_%$_&/_%$Flags
DoDelete: Deferring:  item 0x7f19bcf40b40 parent 0x7f19bceee218 newname _&/_%$_&/_%$_&/_%$Flags
wxPropertyGrid::OnIdle:  m_deletedProperties size before 1  m_deletedProperties[0] 0x7f19bcf40b40 name _&/_%$_&/_%$_&/_%$Flags
DoDelete: Deferring:  item 0x7f19bcf40b40 parent 0x7f19bceee218 newname _&/_%$_&/_%$_&/_%$_&/_%$Flags
wxPropertyGrid::OnIdle:  m_deletedProperties size before 1  m_deletedProperties[0] 0x7f19bcf40b40 name _&/_%$_&/_%$_&/_%$_&/_%$Flags
DoDelete: Deferring:  item 0x7f19bcf40b40 parent 0x7f19bceee218 newname _&/_%$_&/_%$_&/_%$_&/_%$_&/_%$Flags
wxPropertyGrid::OnIdle:  m_deletedProperties size before 1  m_deletedProperties[0] 0x7f19bcf40b40 name _&/_%$_&/_%$_&/_%$_&/_%$_&/_%$Flags
DoDelete: Deferring:  item 0x7f19bcf40b40 parent 0x7f19bceee218 newname _&/_%$_&/_%$_&/_%$_&/_%$_&/_%$_&/_%$Flags
wxPropertyGrid::OnIdle:  m_deletedProperties size before 1  m_deletedProperties[0] 0x7f19bcf40b40 name _&/_%$_&/_%$_&/_%$_&/_%$_&/_%$_&/_%$Flags
DoDelete: Deferring:  item 0x7f19bcf40b40 parent 0x7f19bceee218 newname _&/_%$_&/_%$_&/_%$_&/_%$_&/_%$_&/_%$_&/_%$Flags
wxPropertyGrid::OnIdle:  m_deletedProperties size before 1  m_deletedProperties[0] 0x7f19bcf40b40 name _&/_%$_&/_%$_&/_%$_&/_%$_&/_%$_&/_%$_&/_%$Flags
DoDelete: Deferring:  item 0x7f19bcf40b40 parent 0x7f19bceee218 newname _&/_%$_&/_%$_&/_%$_&/_%$_&/_%$_&/_%$_&/_%$_&/_%$Flags
wxPropertyGrid::OnIdle:  m_deletedProperties size before 1  m_deletedProperties[0] 0x7f19bcf40b40 name _&/_%$_&/_%$_&/_%$_&/_%$_&/_%$_&/_%$_&/_%$_&/_%$Flags
DoDelete: Deferring:  item 0x7f19bcf40b40 parent 0x7f19bceee218 newname _&/_%$_&/_%$_&/_%$_&/_%$_&/_%$_&/_%$_&/_%$_&/_%$_&/_%$Flags
wxPropertyGrid::OnIdle:  m_deletedProperties size before 1  m_deletedProperties[0] 0x7f19bcf40b40 name _&/_%$_&/_%$_&/_%$_&/_%$_&/_%$_&/_%$_&/_%$_&/_%$_&/_%$Flags
DoDelete: Deferring:  item 0x7f19bcf40b40 parent 0x7f19bceee218 newname _&/_%$_&/_%$_&/_%$_&/_%$_&/_%$_&/_%$_&/_%$_&/_%$_&/_%$_&/_%$Flags
wxPropertyGrid::OnIdle:  m_deletedProperties size before 1  m_deletedProperties[0] 0x7f19bcf40b40 name _&/_%$_&/_%$_&/_%$_&/_%$_&/_%$_&/_%$_&/_%$_&/_%$_&/_%$_&/_%$Flags
DoDelete: Deferring:  item 0x7f19bcf40b40 parent 0x7f19bceee218 newname _&/_%$_&/_%$_&/_%$_&/_%$_&/_%$_&/_%$_&/_%$_&/_%$_&/_%$_&/_%$_&/_%$Flags
wxPropertyGrid::OnIdle:  m_deletedProperties size before 1  m_deletedProperties[0] 0x7f19bcf40b40 name _&/_%$_&/_%$_&/_%$_&/_%$_&/_%$_&/_%$_&/_%$_&/_%$_&/_%$_&/_%$_&/_%$Flags
DoDelete: Deferring:  item 0x7f19bcf40b40 parent 0x7f19bceee218 newname _&/_%$_&/_%$_&/_%$_&/_%$_&/_%$_&/_%$_&/_%$_&/_%$_&/_%$_&/_%$_&/_%$_&/_%$Flags
wxPropertyGrid::OnIdle:  m_deletedProperties size before 1  m_deletedProperties[0] 0x7f19bcf40b40 name _&/_%$_&/_%$_&/_%$_&/_%$_&/_%$_&/_%$_&/_%$_&/_%$_&/_%$_&/_%$_&/_%$_&/_%$Flags
DoDelete: Deferring:  item 0x7f19bcf40b40 parent 0x7f19bceee218 newname _&/_%$_&/_%$_&/_%$_&/_%$_&/_%$_&/_%$_&/_%$_&/_%$_&/_%$_&/_%$_&/_%$_&/_%$_&/_%$Flags
wxPropertyGrid::OnIdle:  m_deletedProperties size before 1  m_deletedProperties[0] 0x7f19bcf40b40 name _&/_%$_&/_%$_&/_%$_&/_%$_&/_%$_&/_%$_&/_%$_&/_%$_&/_%$_&/_%$_&/_%$_&/_%$_&/_%$Flags
DoDelete: Deferring:  item 0x7f19bcf40b40 parent 0x7f19bceee218 newname _&/_%$_&/_%$_&/_%$_&/_%$_&/_%$_&/_%$_&/_%$_&/_%$_&/_%$_&/_%$_&/_%$_&/_%$_&/_%$_&/_%$Flags
wxPropertyGrid::OnIdle:  m_deletedProperties size before 1  m_deletedProperties[0] 0x7f19bcf40b40 name _&/_%$_&/_%$_&/_%$_&/_%$_&/_%$_&/_%$_&/_%$_&/_%$_&/_%$_&/_%$_&/_%$_&/_%$_&/_%$_&/_%$Flags
DoDelete: Deferring:  item 0x7f19bcf40b40 parent 0x7f19bceee218 newname _&/_%$_&/_%$_&/_%$_&/_%$_&/_%$_&/_%$_&/_%$_&/_%$_&/_%$_&/_%$_&/_%$_&/_%$_&/_%$_&/_%$_&/_%$Flags
wxPropertyGrid::OnIdle:  m_deletedProperties size before 1  m_deletedProperties[0] 0x7f19bcf40b40 name _&/_%$_&/_%$_&/_%$_&/_%$_&/_%$_&/_%$_&/_%$_&/_%$_&/_%$_&/_%$_&/_%$_&/_%$_&/_%$_&/_%$_&/_%$Flags
DoDelete: Deferring:  item 0x7f19bcf40b40 parent 0x7f19bceee218 newname _&/_%$_&/_%$_&/_%$_&/_%$_&/_%$_&/_%$_&/_%$_&/_%$_&/_%$_&/_%$_&/_%$_&/_%$_&/_%$_&/_%$_&/_%$_&/_%$Flags
wxPropertyGrid::OnIdle:  m_deletedProperties size before 1  m_deletedProperties[0] 0x7f19bcf40b40 name _&/_%$_&/_%$_&/_%$_&/_%$_&/_%$_&/_%$_&/_%$_&/_%$_&/_%$_&/_%$_&/_%$_&/_%$_&/_%$_&/_%$_&/_%$_&/_%$Flags
DoDelete: Deferring:  item 0x7f19bcf40b40 parent 0x7f19bceee218 newname _&/_%$_&/_%$_&/_%$_&/_%$_&/_%$_&/_%$_&/_%$_&/_%$_&/_%$_&/_%$_&/_%$_&/_%$_&/_%$_&/_%$_&/_%$_&/_%$_&/_%$Flags
wxPropertyGrid::OnIdle:  m_deletedProperties size before 1  m_deletedProperties[0] 0x7f19bcf40b40 name _&/_%$_&/_%$_&/_%$_&/_%$_&/_%$_&/_%$_&/_%$_&/_%$_&/_%$_&/_%$_&/_%$_&/_%$_&/_%$_&/_%$_&/_%$_&/_%$_&/_%$Flags
DoDelete: Deferring:  item 0x7f19bcf40b40 parent 0x7f19bceee218 newname _&/_%$_&/_%$_&/_%$_&/_%$_&/_%$_&/_%$_&/_%$_&/_%$_&/_%$_&/_%$_&/_%$_&/_%$_&/_%$_&/_%$_&/_%$_&/_%$_&/_%$_&/_%$Flags
wxPropertyGrid::OnIdle:  m_deletedProperties size before 1  m_deletedProperties[0] 0x7f19bcf40b40 name _&/_%$_&/_%$_&/_%$_&/_%$_&/_%$_&/_%$_&/_%$_&/_%$_&/_%$_&/_%$_&/_%$_&/_%$_&/_%$_&/_%$_&/_%$_&/_%$_&/_%$_&/_%$Flags
DoDelete: Deferring:  item 0x7f19bcf40b40 parent 0x7f19bceee218 newname _&/_%$_&/_%$_&/_%$_&/_%$_&/_%$_&/_%$_&/_%$_&/_%$_&/_%$_&/_%$_&/_%$_&/_%$_&/_%$_&/_%$_&/_%$_&/_%$_&/_%$_&/_%$_&/_%$Flags
wxPropertyGrid::OnIdle:  m_deletedProperties size before 1  m_deletedProperties[0] 0x7f19bcf40b40 name _&/_%$_&/_%$_&/_%$_&/_%$_&/_%$_&/_%$_&/_%$_&/_%$_&/_%$_&/_%$_&/_%$_&/_%$_&/_%$_&/_%$_&/_%$_&/_%$_&/_%$_&/_%$_&/_%$Flags
DoDelete: Deferring:  item 0x7f19bcf40b40 parent 0x7f19bceee218 newname _&/_%$_&/_%$_&/_%$_&/_%$_&/_%$_&/_%$_&/_%$_&/_%$_&/_%$_&/_%$_&/_%$_&/_%$_&/_%$_&/_%$_&/_%$_&/_%$_&/_%$_&/_%$_&/_%$_&/_%$Flags
wxPropertyGrid::OnIdle:  m_deletedProperties size before 1  m_deletedProperties[0] 0x7f19bcf40b40 name _&/_%$_&/_%$_&/_%$_&/_%$_&/_%$_&/_%$_&/_%$_&/_%$_&/_%$_&/_%$_&/_%$_&/_%$_&/_%$_&/_%$_&/_%$_&/_%$_&/_%$_&/_%$_&/_%$_&/_%$Flags
DoDelete: Deferring:  item 0x7f19bcf40b40 parent 0x7f19bceee218 newname _&/_%$_&/_%$_&/_%$_&/_%$_&/_%$_&/_%$_&/_%$_&/_%$_&/_%$_&/_%$_&/_%$_&/_%$_&/_%$_&/_%$_&/_%$_&/_%$_&/_%$_&/_%$_&/_%$_&/_%$_&/_%$Flags
MyFrame::Construct:  pflags 0x7f19bcf408c0 parent 0x7f19bceee218 grid 0x7f19bceea080
Segmentation fault (core dumped)
