====================================================================================================
With MyFrame::OnPropertyGridChange uncommented: No crash or asserts

MyFrame::Construct 0:  pflags 0x10dbcd0 parent 0x10d9a68 grid 0x10d5800
OnChange 1
MyFrame::Construct 1:  pflags 0x1097b00 parent 0x10d9a68 grid 0x10d5800
OnChange (CallAfter) 2
MyFrame::Construct 2:  pflags 0x1097b00 parent 0x10d9a68 grid 0x10d5800
OnChange 3
MyFrame::Construct 3:  pflags 0x10dc420 parent 0x10d9a68 grid 0x10d5800
OnChange (CallAfter) 4
MyFrame::Construct 4:  pflags 0x1097b00 parent 0x10d9a68 grid 0x10d5800
OnChange 5
MyFrame::Construct 5:  pflags 0x10f8620 parent 0x10d9a68 grid 0x10d5800
OnChange (CallAfter) 6
MyFrame::Construct 6:  pflags 0x10f8620 parent 0x10d9a68 grid 0x10d5800

-------------------------------

Same, but with a wxSafeYield() in Construct():

MyFrame::Construct 0:  pflags 0x1f82be0 parent 0x1f7f848 grid 0x1f7b000
OnChange 1
MyFrame::Construct 1:  pflags 0x1f93b80 parent 0x1f7f848 grid 0x1f7b000
OnChange (CallAfter) 2
Segmentation fault (core dumped)

Same, running in gdb:

MyFrame::Construct 0:  pflags 0x997df0 parent 0x995af8 grid 0x992900
OnChange 1
MyFrame::Construct 1:  pflags 0x9a9c80 parent 0x995af8 grid 0x992900
OnChange (CallAfter) 2

Program received signal SIGSEGV, Segmentation fault.
0x00000000006a64f0 in vtable for wxColour ()
(gdb) bt
#0  0x00000000006a64f0 in vtable for wxColour ()
#1  0x00007ffff6b3e220 in wxEvtHandler::TryBeforeAndHere (this=0x9ab990, event=...) at ../include/wx/event.h:3634
#2  0x00007ffff6b3c61f in wxEvtHandler::ProcessEventLocally (this=0x9ab990, event=...) at ../src/common/event.cpp:1522
#3  0x00007ffff6b3c5b6 in wxEvtHandler::ProcessEvent (this=0x9ab990, event=...) at ../src/common/event.cpp:1495
#4  0x00007ffff7b7420f in wxPropertyGridEditorEventForwarder::ProcessEvent (this=0x9ab990, event=...) at ../src/propgrid/propgrid.cpp:3906
#5  0x00007ffff6b3c1b1 in wxEvtHandler::ProcessPendingEvents (this=0x9ab990) at ../src/common/event.cpp:1359
#6  0x00007ffff6a26ddc in wxAppConsoleBase::ProcessPendingEvents (this=0x6f2340) at ../src/common/appbase.cpp:566
#7  0x00007ffff708990b in wxApp::DoIdle (this=0x6f2340) at ../src/gtk/app.cpp:136

Same, running (slowly) in valgrind:

MyFrame::Construct 0:  pflags 0x1a22f5f0 parent 0x1a0fd578 grid 0x1a0f5b80
OnChange 1
MyFrame::Construct 1:  pflags 0x1a595880 parent 0x1a0fd578 grid 0x1a0f5b80
OnChange (CallAfter) 2
ASSERT INFO:
../src/common/object.cpp(400): assert "Assert failure" failed in CreateRefData(): CreateRefData() must be overridden if called!

BACKTRACE:
[1] wxObject::CreateRefData() const
[2] wxEvtHandler::ProcessEventLocally(wxEvent&)
[3] wxEvtHandler::ProcessEvent(wxEvent&)
[4] wxEvtHandler::ProcessPendingEvents()
[5] wxAppConsoleBase::ProcessPendingEvents()
[6] wxApp::DoIdle()


==10798== Invalid read of size 1
==10798==    at 0x5F9E1EC: wxEvtHandler::GetEvtHandlerEnabled() const (event.h:3294)
==10798==    by 0x5F9C780: wxEvtHandler::TryHereOnly(wxEvent&) (event.cpp:1581)
==10798==    by 0x5F9E236: wxEvtHandler::TryBeforeAndHere(wxEvent&) (event.h:3634)
==10798==    by 0x5F9C61E: wxEvtHandler::ProcessEventLocally(wxEvent&) (event.cpp:1522)
==10798==    by 0x5F9C5B5: wxEvtHandler::ProcessEvent(wxEvent&) (event.cpp:1495)
==10798==    by 0x4EDF20E: wxPropertyGridEditorEventForwarder::ProcessEvent(wxEvent&) (propgrid.cpp:3906)
==10798==    by 0x5F9C1B0: wxEvtHandler::ProcessPendingEvents() (event.cpp:1359)
==10798==    by 0x5E86DDB: wxAppConsoleBase::ProcessPendingEvents() (appbase.cpp:566)
==10798==    by 0x57F490A: wxApp::DoIdle() (app.cpp:136)
==10798==    by 0x57F4866: wxapp_idle_callback (app.cpp:107)
==10798==    by 0x87EB354: g_main_context_dispatch (in /lib/x86_64-linux-gnu/libglib-2.0.so.0.3200.4)
==10798==    by 0x87EB687: ??? (in /lib/x86_64-linux-gnu/libglib-2.0.so.0.3200.4)
==10798==  Address 0x1a3b1b60 is 64 bytes inside a block of size 96 free'd
==10798==    at 0x4C279DC: operator delete(void*) (vg_replace_malloc.c:457)
==10798==    by 0x4EDF16F: wxPropertyGridEditorEventForwarder::~wxPropertyGridEditorEventForwarder() (propgrid.cpp:3881)
==10798==    by 0x5E87139: wxAppConsoleBase::DeletePendingObjects() (appbase.cpp:637)
==10798==    by 0x5E868E6: wxAppConsoleBase::ProcessIdle() (appbase.cpp:443)
==10798==    by 0x58BD773: wxAppBase::ProcessIdle() (appcmn.cpp:373)
==10798==    by 0x5EC3878: wxEventLoopBase::ProcessIdle() (evtloopcmn.cpp:98)
==10798==    by 0x580B3E1: wxGUIEventLoop::DoYieldFor(long) (evtloop.cpp:396)
==10798==    by 0x5EC3A24: wxEventLoopBase::YieldFor(long) (evtloopcmn.cpp:138)
==10798==    by 0x5EC38F0: wxEventLoopBase::Yield(bool) (evtloopcmn.cpp:106)
==10798==    by 0x5E867E3: wxAppConsoleBase::Yield(bool) (appbase.cpp:415)
==10798==    by 0x57E3570: wxYield() (utilscmn.cpp:1613)
==10798==    by 0x57E3516: wxSafeYield(wxWindow*, bool) (utilscmn.cpp:1602)
==10798== 
==10798== Invalid read of size 8
==10798==    at 0x58E5D8A: wxDC::GetGraphicsContext() const (dc.h:1361)
==10798==    by 0x5F9C7E6: wxEvtHandler::TryHereOnly(wxEvent&) (event.cpp:1589)
==10798==    by 0x5F9E236: wxEvtHandler::TryBeforeAndHere(wxEvent&) (event.h:3634)
==10798==    by 0x5F9C61E: wxEvtHandler::ProcessEventLocally(wxEvent&) (event.cpp:1522)
==10798==    by 0x5F9C5B5: wxEvtHandler::ProcessEvent(wxEvent&) (event.cpp:1495)
==10798==    by 0x4EDF20E: wxPropertyGridEditorEventForwarder::ProcessEvent(wxEvent&) (propgrid.cpp:3906)
==10798==    by 0x5F9C1B0: wxEvtHandler::ProcessPendingEvents() (event.cpp:1359)
==10798==    by 0x5E86DDB: wxAppConsoleBase::ProcessPendingEvents() (appbase.cpp:566)
==10798==    by 0x57F490A: wxApp::DoIdle() (app.cpp:136)
==10798==    by 0x57F4866: wxapp_idle_callback (app.cpp:107)
==10798==    by 0x87EB354: g_main_context_dispatch (in /lib/x86_64-linux-gnu/libglib-2.0.so.0.3200.4)
==10798==    by 0x87EB687: ??? (in /lib/x86_64-linux-gnu/libglib-2.0.so.0.3200.4)
==10798==  Address 0x1a3b1b30 is 16 bytes inside a block of size 96 free'd
==10798==    at 0x4C279DC: operator delete(void*) (vg_replace_malloc.c:457)
==10798==    by 0x4EDF16F: wxPropertyGridEditorEventForwarder::~wxPropertyGridEditorEventForwarder() (propgrid.cpp:3881)
==10798==    by 0x5E87139: wxAppConsoleBase::DeletePendingObjects() (appbase.cpp:637)
==10798==    by 0x5E868E6: wxAppConsoleBase::ProcessIdle() (appbase.cpp:443)
==10798==    by 0x58BD773: wxAppBase::ProcessIdle() (appcmn.cpp:373)
==10798==    by 0x5EC3878: wxEventLoopBase::ProcessIdle() (evtloopcmn.cpp:98)
==10798==    by 0x580B3E1: wxGUIEventLoop::DoYieldFor(long) (evtloop.cpp:396)
==10798==    by 0x5EC3A24: wxEventLoopBase::YieldFor(long) (evtloopcmn.cpp:138)
==10798==    by 0x5EC38F0: wxEventLoopBase::Yield(bool) (evtloopcmn.cpp:106)
==10798==    by 0x5E867E3: wxAppConsoleBase::Yield(bool) (appbase.cpp:415)
==10798==    by 0x57E3570: wxYield() (utilscmn.cpp:1613)
==10798==    by 0x57E3516: wxSafeYield(wxWindow*, bool) (utilscmn.cpp:1602)
==10798== 
==10798== Invalid read of size 8
==10798==    at 0x58E5D8E: wxDC::GetGraphicsContext() const (dc.h:1361)
==10798==    by 0x5F9C7E6: wxEvtHandler::TryHereOnly(wxEvent&) (event.cpp:1589)
==10798==    by 0x5F9E236: wxEvtHandler::TryBeforeAndHere(wxEvent&) (event.h:3634)
==10798==    by 0x5F9C61E: wxEvtHandler::ProcessEventLocally(wxEvent&) (event.cpp:1522)
==10798==    by 0x5F9C5B5: wxEvtHandler::ProcessEvent(wxEvent&) (event.cpp:1495)
==10798==    by 0x4EDF20E: wxPropertyGridEditorEventForwarder::ProcessEvent(wxEvent&) (propgrid.cpp:3906)
==10798==    by 0x5F9C1B0: wxEvtHandler::ProcessPendingEvents() (event.cpp:1359)
==10798==    by 0x5E86DDB: wxAppConsoleBase::ProcessPendingEvents() (appbase.cpp:566)
==10798==    by 0x57F490A: wxApp::DoIdle() (app.cpp:136)
==10798==    by 0x57F4866: wxapp_idle_callback (app.cpp:107)
==10798==    by 0x87EB354: g_main_context_dispatch (in /lib/x86_64-linux-gnu/libglib-2.0.so.0.3200.4)
==10798==    by 0x87EB687: ??? (in /lib/x86_64-linux-gnu/libglib-2.0.so.0.3200.4)
==10798==  Address 0x0 is not stack'd, malloc'd or (recently) free'd
==10798== 
==10798== 
==10798== Process terminating with default action of signal 11 (SIGSEGV): dumping core
==10798==  Access not within mapped region at address 0x0
==10798==    at 0x58E5D8E: wxDC::GetGraphicsContext() const (dc.h:1361)
==10798==    by 0x5F9C7E6: wxEvtHandler::TryHereOnly(wxEvent&) (event.cpp:1589)
==10798==    by 0x5F9E236: wxEvtHandler::TryBeforeAndHere(wxEvent&) (event.h:3634)
==10798==    by 0x5F9C61E: wxEvtHandler::ProcessEventLocally(wxEvent&) (event.cpp:1522)
==10798==    by 0x5F9C5B5: wxEvtHandler::ProcessEvent(wxEvent&) (event.cpp:1495)
==10798==    by 0x4EDF20E: wxPropertyGridEditorEventForwarder::ProcessEvent(wxEvent&) (propgrid.cpp:3906)
==10798==    by 0x5F9C1B0: wxEvtHandler::ProcessPendingEvents() (event.cpp:1359)
==10798==    by 0x5E86DDB: wxAppConsoleBase::ProcessPendingEvents() (appbase.cpp:566)
==10798==    by 0x57F490A: wxApp::DoIdle() (app.cpp:136)
==10798==    by 0x57F4866: wxapp_idle_callback (app.cpp:107)
==10798==    by 0x87EB354: g_main_context_dispatch (in /lib/x86_64-linux-gnu/libglib-2.0.so.0.3200.4)
==10798==    by 0x87EB687: ??? (in /lib/x86_64-linux-gnu/libglib-2.0.so.0.3200.4)


====================================================================================================
With MyFrame::OnPropertyGridChanging uncommented:

MyFrame::Construct 0:  pflags 0xbfccd0 parent 0xbfaa68 grid 0xbf6800
OnChanging 1
MyFrame::Construct 1:  pflags 0xc13300 parent 0xbfaa68 grid 0xbf6800
Segmentation fault (core dumped)

Same, running in gdb:

MyFrame::Construct 0:  pflags 0x996e70 parent 0x994c18 grid 0x992800
OnChanging 1
MyFrame::Construct 1:  pflags 0x9b3400 parent 0x994c18 grid 0x992800

Program received signal SIGSEGV, Segmentation fault.
0x00007ffff717ad8e in wxDC::GetGraphicsContext (this=0x997d70) at ../include/wx/dc.h:1361
1361            return m_pimpl->GetGraphicsContext();
(gdb) bt
#0  0x00007ffff717ad8e in wxDC::GetGraphicsContext (this=0x997d70) at ../include/wx/dc.h:1361
#1  0x00007ffff7b53d6e in wxPGProperty::GetEditorClass (this=0x997d70) at ../src/propgrid/property.cpp:2048
#2  0x00007ffff7b67835 in wxPropertyGrid::HandleCustomEditorEvent (this=0x992800, event=...) at ../src/propgrid/propgrid.cpp:3628
#3  0x00007ffff7b741ab in wxPropertyGridEditorEventForwarder::ProcessEvent (this=0x9a7c00, event=...) at ../src/propgrid/propgrid.cpp:3889
#4  0x00007ffff725a783 in wxWindowBase::UpdateWindowUI (this=0x99b920, flags=2) at ../src/common/wincmn.cpp:2785
#5  0x00007ffff725aac8 in wxWindowBase::OnInternalIdle (this=0x99b920) at ../src/common/wincmn.cpp:2847
#6  0x00007ffff70bed68 in wxWindow::OnInternalIdle (this=0x99b920) at ../src/gtk/window.cpp:2995
#7  0x00007ffff725a965 in wxWindowBase::SendIdleEvents (this=0x99b920, event=...) at ../src/common/wincmn.cpp:2821

Same, running in valgrind:

MyFrame::Construct 0:  pflags 0x1a12fff0 parent 0x1a1227f8 grid 0x1a11afb0
OnChanging 1
MyFrame::Construct 1:  pflags 0x1a446050 parent 0x1a1227f8 grid 0x1a11afb0
==11833== Invalid read of size 8
==11833==    at 0x4EB4F24: wxPGProperty::GetParent() const (property.h:1713)
==11833==    by 0x4EBF55B: wxPGProperty::GetY2(int) const (property.cpp:2237)
==11833==    by 0x4ED2C5A: wxPropertyGrid::GetEditorWidgetRect(wxPGProperty*, int) const (propgrid.cpp:3724)
==11833==    by 0x4EA647C: wxPropertyGrid::CorrectEditorWidgetPosY() (editors.cpp:1825)
==11833==    by 0x4ED4DC1: wxPropertyGrid::RecalculateVirtualSize(int) (propgrid.cpp:4541)
==11833==    by 0x4ECCA3A: wxPropertyGrid::PrepareAfterItemsAdded() (propgrid.cpp:1576)
==11833==    by 0x4ECFB6A: wxPropertyGrid::Refresh(bool, wxRect const*) (propgrid.cpp:2648)
==11833==    by 0x4EE4284: wxPropertyGridInterface::RefreshGrid(wxPropertyGridPageState*) (propgridiface.cpp:93)
==11833==    by 0x4EE4537: wxPropertyGridInterface::DeleteProperty(wxPGPropArgCls const&) (propgridiface.cpp:150)
==11833==    by 0x4ED81CE: wxPropertyGrid::OnIdle(wxIdleEvent&) (propgrid.cpp:5868)
==11833==    by 0x5E871F3: wxAppConsoleBase::HandleEvent(wxEvtHandler*, void (wxEvtHandler::*)(wxEvent&), wxEvent&) const (appbase.cpp:657)
==11833==    by 0x5E87271: wxAppConsoleBase::CallEventHandler(wxEvtHandler*, wxEventFunctor&, wxEvent&) const (appbase.cpp:669)
==11833==  Address 0x1a131ca8 is 72 bytes inside a block of size 288 free'd
==11833==    at 0x4C279DC: operator delete(void*) (vg_replace_malloc.c:457)
==11833==    by 0x4EF5FF1: wxBoolProperty::~wxBoolProperty() (props.cpp:995)
==11833==    by 0x4EC0614: wxPGProperty::Empty() (property.cpp:2584)
==11833==    by 0x4EB9486: wxPGProperty::~wxPGProperty() (property.cpp:684)
==11833==    by 0x4EF88CB: wxFlagsProperty::~wxFlagsProperty() (props.cpp:1560)
==11833==    by 0x4EF88FD: wxFlagsProperty::~wxFlagsProperty() (props.cpp:1562)
==11833==    by 0x4EF1063: wxPropertyGridPageState::DoDelete(wxPGProperty*, bool) (propgridpagestate.cpp:2022)
==11833==    by 0x4EE4519: wxPropertyGridInterface::DeleteProperty(wxPGPropArgCls const&) (propgridiface.cpp:148)
==11833==    by 0x4ED81CE: wxPropertyGrid::OnIdle(wxIdleEvent&) (propgrid.cpp:5868)
==11833==    by 0x5E871F3: wxAppConsoleBase::HandleEvent(wxEvtHandler*, void (wxEvtHandler::*)(wxEvent&), wxEvent&) const (appbase.cpp:657)
==11833==    by 0x5E87271: wxAppConsoleBase::CallEventHandler(wxEvtHandler*, wxEventFunctor&, wxEvent&) const (appbase.cpp:669)
==11833==    by 0x5F9C30B: wxEvtHandler::ProcessEventIfMatchesId(wxEventTableEntryBase const&, wxEvtHandler*, wxEvent&) (event.cpp:1392)
==11833== 
==11833== Invalid read of size 4
==11833==    at 0x4EAB2E9: wxPGProperty::HasFlag(wxPGPropertyFlags) const (property.h:1736)
==11833==    by 0x4ED242D: wxPropertyGrid::HandleCustomEditorEvent(wxEvent&) (propgrid.cpp:3547)
==11833==    by 0x4EDF1AA: wxPropertyGridEditorEventForwarder::ProcessEvent(wxEvent&) (propgrid.cpp:3889)
==11833==    by 0x59C5782: wxWindowBase::UpdateWindowUI(long) (wincmn.cpp:2785)
==11833==    by 0x59C5AC7: wxWindowBase::OnInternalIdle() (wincmn.cpp:2847)
==11833==    by 0x5829D67: wxWindow::OnInternalIdle() (window.cpp:2995)
==11833==    by 0x59C5964: wxWindowBase::SendIdleEvents(wxIdleEvent&) (wincmn.cpp:2821)
==11833==    by 0x59C5A2C: wxWindowBase::SendIdleEvents(wxIdleEvent&) (wincmn.cpp:2837)
==11833==    by 0x59C5A2C: wxWindowBase::SendIdleEvents(wxIdleEvent&) (wincmn.cpp:2837)
==11833==    by 0x5880A1E: wxFrame::SendIdleEvents(wxIdleEvent&) (frame.cpp:242)
==11833==    by 0x59C5A2C: wxWindowBase::SendIdleEvents(wxIdleEvent&) (wincmn.cpp:2837)
==11833==    by 0x5880A1E: wxFrame::SendIdleEvents(wxIdleEvent&) (frame.cpp:242)
==11833==  Address 0x1a131d78 is 280 bytes inside a block of size 288 free'd
==11833==    at 0x4C279DC: operator delete(void*) (vg_replace_malloc.c:457)
==11833==    by 0x4EF5FF1: wxBoolProperty::~wxBoolProperty() (props.cpp:995)
==11833==    by 0x4EC0614: wxPGProperty::Empty() (property.cpp:2584)
==11833==    by 0x4EB9486: wxPGProperty::~wxPGProperty() (property.cpp:684)
==11833==    by 0x4EF88CB: wxFlagsProperty::~wxFlagsProperty() (props.cpp:1560)
==11833==    by 0x4EF88FD: wxFlagsProperty::~wxFlagsProperty() (props.cpp:1562)
==11833==    by 0x4EF1063: wxPropertyGridPageState::DoDelete(wxPGProperty*, bool) (propgridpagestate.cpp:2022)
==11833==    by 0x4EE4519: wxPropertyGridInterface::DeleteProperty(wxPGPropArgCls const&) (propgridiface.cpp:148)
==11833==    by 0x4ED81CE: wxPropertyGrid::OnIdle(wxIdleEvent&) (propgrid.cpp:5868)
==11833==    by 0x5E871F3: wxAppConsoleBase::HandleEvent(wxEvtHandler*, void (wxEvtHandler::*)(wxEvent&), wxEvent&) const (appbase.cpp:657)
==11833==    by 0x5E87271: wxAppConsoleBase::CallEventHandler(wxEvtHandler*, wxEventFunctor&, wxEvent&) const (appbase.cpp:669)
==11833==    by 0x5F9C30B: wxEvtHandler::ProcessEventIfMatchesId(wxEventTableEntryBase const&, wxEvtHandler*, wxEvent&) (event.cpp:1392)
==11833== 
==11833== Invalid read of size 8
==11833==    at 0x5F47942: wxVariant::IsNull() const (variant.cpp:65)
==11833==    by 0x5F479DE: wxVariant::wxVariant(wxVariant const&) (variant.cpp:81)
==11833==    by 0x4ED24B1: wxPropertyGrid::HandleCustomEditorEvent(wxEvent&) (propgrid.cpp:3558)
==11833==    by 0x4EDF1AA: wxPropertyGridEditorEventForwarder::ProcessEvent(wxEvent&) (propgrid.cpp:3889)
==11833==    by 0x59C5782: wxWindowBase::UpdateWindowUI(long) (wincmn.cpp:2785)
==11833==    by 0x59C5AC7: wxWindowBase::OnInternalIdle() (wincmn.cpp:2847)
==11833==    by 0x5829D67: wxWindow::OnInternalIdle() (window.cpp:2995)
==11833==    by 0x59C5964: wxWindowBase::SendIdleEvents(wxIdleEvent&) (wincmn.cpp:2821)
==11833==    by 0x59C5A2C: wxWindowBase::SendIdleEvents(wxIdleEvent&) (wincmn.cpp:2837)
==11833==    by 0x59C5A2C: wxWindowBase::SendIdleEvents(wxIdleEvent&) (wincmn.cpp:2837)
==11833==    by 0x5880A1E: wxFrame::SendIdleEvents(wxIdleEvent&) (frame.cpp:242)
==11833==    by 0x59C5A2C: wxWindowBase::SendIdleEvents(wxIdleEvent&) (wincmn.cpp:2837)
==11833==  Address 0x1a131ce0 is 128 bytes inside a block of size 288 free'd
==11833==    at 0x4C279DC: operator delete(void*) (vg_replace_malloc.c:457)
==11833==    by 0x4EF5FF1: wxBoolProperty::~wxBoolProperty() (props.cpp:995)
==11833==    by 0x4EC0614: wxPGProperty::Empty() (property.cpp:2584)
==11833==    by 0x4EB9486: wxPGProperty::~wxPGProperty() (property.cpp:684)
==11833==    by 0x4EF88CB: wxFlagsProperty::~wxFlagsProperty() (props.cpp:1560)
==11833==    by 0x4EF88FD: wxFlagsProperty::~wxFlagsProperty() (props.cpp:1562)
==11833==    by 0x4EF1063: wxPropertyGridPageState::DoDelete(wxPGProperty*, bool) (propgridpagestate.cpp:2022)
==11833==    by 0x4EE4519: wxPropertyGridInterface::DeleteProperty(wxPGPropArgCls const&) (propgridiface.cpp:148)
==11833==    by 0x4ED81CE: wxPropertyGrid::OnIdle(wxIdleEvent&) (propgrid.cpp:5868)
==11833==    by 0x5E871F3: wxAppConsoleBase::HandleEvent(wxEvtHandler*, void (wxEvtHandler::*)(wxEvent&), wxEvent&) const (appbase.cpp:657)
==11833==    by 0x5E87271: wxAppConsoleBase::CallEventHandler(wxEvtHandler*, wxEventFunctor&, wxEvent&) const (appbase.cpp:669)
==11833==    by 0x5F9C30B: wxEvtHandler::ProcessEventIfMatchesId(wxEventTableEntryBase const&, wxEvtHandler*, wxEvent&) (event.cpp:1392)
==11833== 
==11833== Invalid read of size 8
==11833==    at 0xA017CBE: std::basic_string<wchar_t, std::char_traits<wchar_t>, std::allocator<wchar_t> >::assign(std::basic_string<wchar_t, std::char_traits<wchar_t>, std::allocator<wchar_t> > const&) (in /usr/lib/x86_64-linux-gnu/libstdc++.so.6.0.17)
==11833==    by 0x5E812D4: wxString::operator=(wxString const&) (string.h:1762)
==11833==    by 0x5F47A13: wxVariant::wxVariant(wxVariant const&) (variant.cpp:84)
==11833==    by 0x4ED24B1: wxPropertyGrid::HandleCustomEditorEvent(wxEvent&) (propgrid.cpp:3558)
==11833==    by 0x4EDF1AA: wxPropertyGridEditorEventForwarder::ProcessEvent(wxEvent&) (propgrid.cpp:3889)
==11833==    by 0x59C5782: wxWindowBase::UpdateWindowUI(long) (wincmn.cpp:2785)
==11833==    by 0x59C5AC7: wxWindowBase::OnInternalIdle() (wincmn.cpp:2847)
==11833==    by 0x5829D67: wxWindow::OnInternalIdle() (window.cpp:2995)
==11833==    by 0x59C5964: wxWindowBase::SendIdleEvents(wxIdleEvent&) (wincmn.cpp:2821)
==11833==    by 0x59C5A2C: wxWindowBase::SendIdleEvents(wxIdleEvent&) (wincmn.cpp:2837)
==11833==    by 0x59C5A2C: wxWindowBase::SendIdleEvents(wxIdleEvent&) (wincmn.cpp:2837)
==11833==    by 0x5880A1E: wxFrame::SendIdleEvents(wxIdleEvent&) (frame.cpp:242)
==11833==  Address 0x1a131ce8 is 136 bytes inside a block of size 288 free'd
==11833==    at 0x4C279DC: operator delete(void*) (vg_replace_malloc.c:457)
==11833==    by 0x4EF5FF1: wxBoolProperty::~wxBoolProperty() (props.cpp:995)
==11833==    by 0x4EC0614: wxPGProperty::Empty() (property.cpp:2584)
==11833==    by 0x4EB9486: wxPGProperty::~wxPGProperty() (property.cpp:684)
==11833==    by 0x4EF88CB: wxFlagsProperty::~wxFlagsProperty() (props.cpp:1560)
==11833==    by 0x4EF88FD: wxFlagsProperty::~wxFlagsProperty() (props.cpp:1562)
==11833==    by 0x4EF1063: wxPropertyGridPageState::DoDelete(wxPGProperty*, bool) (propgridpagestate.cpp:2022)
==11833==    by 0x4EE4519: wxPropertyGridInterface::DeleteProperty(wxPGPropArgCls const&) (propgridiface.cpp:148)
==11833==    by 0x4ED81CE: wxPropertyGrid::OnIdle(wxIdleEvent&) (propgrid.cpp:5868)
==11833==    by 0x5E871F3: wxAppConsoleBase::HandleEvent(wxEvtHandler*, void (wxEvtHandler::*)(wxEvent&), wxEvent&) const (appbase.cpp:657)
==11833==    by 0x5E87271: wxAppConsoleBase::CallEventHandler(wxEvtHandler*, wxEventFunctor&, wxEvent&) const (appbase.cpp:669)
==11833==    by 0x5F9C30B: wxEvtHandler::ProcessEventIfMatchesId(wxEventTableEntryBase const&, wxEvtHandler*, wxEvent&) (event.cpp:1392)
==11833== 
==11833== Invalid read of size 8
==11833==    at 0x5F47942: wxVariant::IsNull() const (variant.cpp:65)
==11833==    by 0x4E9EA69: wxPGProperty::IsValueUnspecified() const (property.h:1726)
==11833==    by 0x4ED24FC: wxPropertyGrid::HandleCustomEditorEvent(wxEvent&) (propgrid.cpp:3562)
==11833==    by 0x4EDF1AA: wxPropertyGridEditorEventForwarder::ProcessEvent(wxEvent&) (propgrid.cpp:3889)
==11833==    by 0x59C5782: wxWindowBase::UpdateWindowUI(long) (wincmn.cpp:2785)
==11833==    by 0x59C5AC7: wxWindowBase::OnInternalIdle() (wincmn.cpp:2847)
==11833==    by 0x5829D67: wxWindow::OnInternalIdle() (window.cpp:2995)
==11833==    by 0x59C5964: wxWindowBase::SendIdleEvents(wxIdleEvent&) (wincmn.cpp:2821)
==11833==    by 0x59C5A2C: wxWindowBase::SendIdleEvents(wxIdleEvent&) (wincmn.cpp:2837)
==11833==    by 0x59C5A2C: wxWindowBase::SendIdleEvents(wxIdleEvent&) (wincmn.cpp:2837)
==11833==    by 0x5880A1E: wxFrame::SendIdleEvents(wxIdleEvent&) (frame.cpp:242)
==11833==    by 0x59C5A2C: wxWindowBase::SendIdleEvents(wxIdleEvent&) (wincmn.cpp:2837)
==11833==  Address 0x1a131ce0 is 128 bytes inside a block of size 288 free'd
==11833==    at 0x4C279DC: operator delete(void*) (vg_replace_malloc.c:457)
==11833==    by 0x4EF5FF1: wxBoolProperty::~wxBoolProperty() (props.cpp:995)
==11833==    by 0x4EC0614: wxPGProperty::Empty() (property.cpp:2584)
==11833==    by 0x4EB9486: wxPGProperty::~wxPGProperty() (property.cpp:684)
==11833==    by 0x4EF88CB: wxFlagsProperty::~wxFlagsProperty() (props.cpp:1560)
==11833==    by 0x4EF88FD: wxFlagsProperty::~wxFlagsProperty() (props.cpp:1562)
==11833==    by 0x4EF1063: wxPropertyGridPageState::DoDelete(wxPGProperty*, bool) (propgridpagestate.cpp:2022)
==11833==    by 0x4EE4519: wxPropertyGridInterface::DeleteProperty(wxPGPropArgCls const&) (propgridiface.cpp:148)
==11833==    by 0x4ED81CE: wxPropertyGrid::OnIdle(wxIdleEvent&) (propgrid.cpp:5868)
==11833==    by 0x5E871F3: wxAppConsoleBase::HandleEvent(wxEvtHandler*, void (wxEvtHandler::*)(wxEvent&), wxEvent&) const (appbase.cpp:657)
==11833==    by 0x5E87271: wxAppConsoleBase::CallEventHandler(wxEvtHandler*, wxEventFunctor&, wxEvent&) const (appbase.cpp:669)
==11833==    by 0x5F9C30B: wxEvtHandler::ProcessEventIfMatchesId(wxEventTableEntryBase const&, wxEvtHandler*, wxEvent&) (event.cpp:1392)
==11833== 
==11833== Invalid read of size 4
==11833==    at 0x4EAB2E9: wxPGProperty::HasFlag(wxPGPropertyFlags) const (property.h:1736)
==11833==    by 0x4EAB34E: wxPGProperty::UsesAutoUnspecified() const (property.h:1853)
==11833==    by 0x4ED250B: wxPropertyGrid::HandleCustomEditorEvent(wxEvent&) (propgrid.cpp:3563)
==11833==    by 0x4EDF1AA: wxPropertyGridEditorEventForwarder::ProcessEvent(wxEvent&) (propgrid.cpp:3889)
==11833==    by 0x59C5782: wxWindowBase::UpdateWindowUI(long) (wincmn.cpp:2785)
==11833==    by 0x59C5AC7: wxWindowBase::OnInternalIdle() (wincmn.cpp:2847)
==11833==    by 0x5829D67: wxWindow::OnInternalIdle() (window.cpp:2995)
==11833==    by 0x59C5964: wxWindowBase::SendIdleEvents(wxIdleEvent&) (wincmn.cpp:2821)
==11833==    by 0x59C5A2C: wxWindowBase::SendIdleEvents(wxIdleEvent&) (wincmn.cpp:2837)
==11833==    by 0x59C5A2C: wxWindowBase::SendIdleEvents(wxIdleEvent&) (wincmn.cpp:2837)
==11833==    by 0x5880A1E: wxFrame::SendIdleEvents(wxIdleEvent&) (frame.cpp:242)
==11833==    by 0x59C5A2C: wxWindowBase::SendIdleEvents(wxIdleEvent&) (wincmn.cpp:2837)
==11833==  Address 0x1a131d78 is 280 bytes inside a block of size 288 free'd
==11833==    at 0x4C279DC: operator delete(void*) (vg_replace_malloc.c:457)
==11833==    by 0x4EF5FF1: wxBoolProperty::~wxBoolProperty() (props.cpp:995)
==11833==    by 0x4EC0614: wxPGProperty::Empty() (property.cpp:2584)
==11833==    by 0x4EB9486: wxPGProperty::~wxPGProperty() (property.cpp:684)
==11833==    by 0x4EF88CB: wxFlagsProperty::~wxFlagsProperty() (props.cpp:1560)
==11833==    by 0x4EF88FD: wxFlagsProperty::~wxFlagsProperty() (props.cpp:1562)
==11833==    by 0x4EF1063: wxPropertyGridPageState::DoDelete(wxPGProperty*, bool) (propgridpagestate.cpp:2022)
==11833==    by 0x4EE4519: wxPropertyGridInterface::DeleteProperty(wxPGPropArgCls const&) (propgridiface.cpp:148)
==11833==    by 0x4ED81CE: wxPropertyGrid::OnIdle(wxIdleEvent&) (propgrid.cpp:5868)
==11833==    by 0x5E871F3: wxAppConsoleBase::HandleEvent(wxEvtHandler*, void (wxEvtHandler::*)(wxEvent&), wxEvent&) const (appbase.cpp:657)
==11833==    by 0x5E87271: wxAppConsoleBase::CallEventHandler(wxEvtHandler*, wxEventFunctor&, wxEvent&) const (appbase.cpp:669)
==11833==    by 0x5F9C30B: wxEvtHandler::ProcessEventIfMatchesId(wxEventTableEntryBase const&, wxEvtHandler*, wxEvent&) (event.cpp:1392)
==11833== 
==11833== Invalid read of size 8
==11833==    at 0x4EBED4E: wxPGProperty::GetEditorClass() const (property.cpp:2046)
==11833==    by 0x4ED2834: wxPropertyGrid::HandleCustomEditorEvent(wxEvent&) (propgrid.cpp:3628)
==11833==    by 0x4EDF1AA: wxPropertyGridEditorEventForwarder::ProcessEvent(wxEvent&) (propgrid.cpp:3889)
==11833==    by 0x59C5782: wxWindowBase::UpdateWindowUI(long) (wincmn.cpp:2785)
==11833==    by 0x59C5AC7: wxWindowBase::OnInternalIdle() (wincmn.cpp:2847)
==11833==    by 0x5829D67: wxWindow::OnInternalIdle() (window.cpp:2995)
==11833==    by 0x59C5964: wxWindowBase::SendIdleEvents(wxIdleEvent&) (wincmn.cpp:2821)
==11833==    by 0x59C5A2C: wxWindowBase::SendIdleEvents(wxIdleEvent&) (wincmn.cpp:2837)
==11833==    by 0x59C5A2C: wxWindowBase::SendIdleEvents(wxIdleEvent&) (wincmn.cpp:2837)
==11833==    by 0x5880A1E: wxFrame::SendIdleEvents(wxIdleEvent&) (frame.cpp:242)
==11833==    by 0x59C5A2C: wxWindowBase::SendIdleEvents(wxIdleEvent&) (wincmn.cpp:2837)
==11833==    by 0x5880A1E: wxFrame::SendIdleEvents(wxIdleEvent&) (frame.cpp:242)
==11833==  Address 0x1a131cc0 is 96 bytes inside a block of size 288 free'd
==11833==    at 0x4C279DC: operator delete(void*) (vg_replace_malloc.c:457)
==11833==    by 0x4EF5FF1: wxBoolProperty::~wxBoolProperty() (props.cpp:995)
==11833==    by 0x4EC0614: wxPGProperty::Empty() (property.cpp:2584)
==11833==    by 0x4EB9486: wxPGProperty::~wxPGProperty() (property.cpp:684)
==11833==    by 0x4EF88CB: wxFlagsProperty::~wxFlagsProperty() (props.cpp:1560)
==11833==    by 0x4EF88FD: wxFlagsProperty::~wxFlagsProperty() (props.cpp:1562)
==11833==    by 0x4EF1063: wxPropertyGridPageState::DoDelete(wxPGProperty*, bool) (propgridpagestate.cpp:2022)
==11833==    by 0x4EE4519: wxPropertyGridInterface::DeleteProperty(wxPGPropArgCls const&) (propgridiface.cpp:148)
==11833==    by 0x4ED81CE: wxPropertyGrid::OnIdle(wxIdleEvent&) (propgrid.cpp:5868)
==11833==    by 0x5E871F3: wxAppConsoleBase::HandleEvent(wxEvtHandler*, void (wxEvtHandler::*)(wxEvent&), wxEvent&) const (appbase.cpp:657)
==11833==    by 0x5E87271: wxAppConsoleBase::CallEventHandler(wxEvtHandler*, wxEventFunctor&, wxEvent&) const (appbase.cpp:669)
==11833==    by 0x5F9C30B: wxEvtHandler::ProcessEventIfMatchesId(wxEventTableEntryBase const&, wxEvtHandler*, wxEvent&) (event.cpp:1392)
==11833== 
==11833== Invalid read of size 8
==11833==    at 0x4EBED5B: wxPGProperty::GetEditorClass() const (property.cpp:2048)
==11833==    by 0x4ED2834: wxPropertyGrid::HandleCustomEditorEvent(wxEvent&) (propgrid.cpp:3628)
==11833==    by 0x4EDF1AA: wxPropertyGridEditorEventForwarder::ProcessEvent(wxEvent&) (propgrid.cpp:3889)
==11833==    by 0x59C5782: wxWindowBase::UpdateWindowUI(long) (wincmn.cpp:2785)
==11833==    by 0x59C5AC7: wxWindowBase::OnInternalIdle() (wincmn.cpp:2847)
==11833==    by 0x5829D67: wxWindow::OnInternalIdle() (window.cpp:2995)
==11833==    by 0x59C5964: wxWindowBase::SendIdleEvents(wxIdleEvent&) (wincmn.cpp:2821)
==11833==    by 0x59C5A2C: wxWindowBase::SendIdleEvents(wxIdleEvent&) (wincmn.cpp:2837)
==11833==    by 0x59C5A2C: wxWindowBase::SendIdleEvents(wxIdleEvent&) (wincmn.cpp:2837)
==11833==    by 0x5880A1E: wxFrame::SendIdleEvents(wxIdleEvent&) (frame.cpp:242)
==11833==    by 0x59C5A2C: wxWindowBase::SendIdleEvents(wxIdleEvent&) (wincmn.cpp:2837)
==11833==    by 0x5880A1E: wxFrame::SendIdleEvents(wxIdleEvent&) (frame.cpp:242)
==11833==  Address 0x1a131c60 is 0 bytes inside a block of size 288 free'd
==11833==    at 0x4C279DC: operator delete(void*) (vg_replace_malloc.c:457)
==11833==    by 0x4EF5FF1: wxBoolProperty::~wxBoolProperty() (props.cpp:995)
==11833==    by 0x4EC0614: wxPGProperty::Empty() (property.cpp:2584)
==11833==    by 0x4EB9486: wxPGProperty::~wxPGProperty() (property.cpp:684)
==11833==    by 0x4EF88CB: wxFlagsProperty::~wxFlagsProperty() (props.cpp:1560)
==11833==    by 0x4EF88FD: wxFlagsProperty::~wxFlagsProperty() (props.cpp:1562)
==11833==    by 0x4EF1063: wxPropertyGridPageState::DoDelete(wxPGProperty*, bool) (propgridpagestate.cpp:2022)
==11833==    by 0x4EE4519: wxPropertyGridInterface::DeleteProperty(wxPGPropArgCls const&) (propgridiface.cpp:148)
==11833==    by 0x4ED81CE: wxPropertyGrid::OnIdle(wxIdleEvent&) (propgrid.cpp:5868)
==11833==    by 0x5E871F3: wxAppConsoleBase::HandleEvent(wxEvtHandler*, void (wxEvtHandler::*)(wxEvent&), wxEvent&) const (appbase.cpp:657)
==11833==    by 0x5E87271: wxAppConsoleBase::CallEventHandler(wxEvtHandler*, wxEventFunctor&, wxEvent&) const (appbase.cpp:669)
==11833==    by 0x5F9C30B: wxEvtHandler::ProcessEventIfMatchesId(wxEventTableEntryBase const&, wxEvtHandler*, wxEvent&) (event.cpp:1392)
==11833== 
==11833== Invalid read of size 8
==11833==    at 0x58E5D8A: wxDC::GetGraphicsContext() const (dc.h:1361)
==11833==    by 0x4EBED6D: wxPGProperty::GetEditorClass() const (property.cpp:2048)
==11833==    by 0x4ED2834: wxPropertyGrid::HandleCustomEditorEvent(wxEvent&) (propgrid.cpp:3628)
==11833==    by 0x4EDF1AA: wxPropertyGridEditorEventForwarder::ProcessEvent(wxEvent&) (propgrid.cpp:3889)
==11833==    by 0x59C5782: wxWindowBase::UpdateWindowUI(long) (wincmn.cpp:2785)
==11833==    by 0x59C5AC7: wxWindowBase::OnInternalIdle() (wincmn.cpp:2847)
==11833==    by 0x5829D67: wxWindow::OnInternalIdle() (window.cpp:2995)
==11833==    by 0x59C5964: wxWindowBase::SendIdleEvents(wxIdleEvent&) (wincmn.cpp:2821)
==11833==    by 0x59C5A2C: wxWindowBase::SendIdleEvents(wxIdleEvent&) (wincmn.cpp:2837)
==11833==    by 0x59C5A2C: wxWindowBase::SendIdleEvents(wxIdleEvent&) (wincmn.cpp:2837)
==11833==    by 0x5880A1E: wxFrame::SendIdleEvents(wxIdleEvent&) (frame.cpp:242)
==11833==    by 0x59C5A2C: wxWindowBase::SendIdleEvents(wxIdleEvent&) (wincmn.cpp:2837)
==11833==  Address 0x1a131c70 is 16 bytes inside a block of size 288 free'd
==11833==    at 0x4C279DC: operator delete(void*) (vg_replace_malloc.c:457)
==11833==    by 0x4EF5FF1: wxBoolProperty::~wxBoolProperty() (props.cpp:995)
==11833==    by 0x4EC0614: wxPGProperty::Empty() (property.cpp:2584)
==11833==    by 0x4EB9486: wxPGProperty::~wxPGProperty() (property.cpp:684)
==11833==    by 0x4EF88CB: wxFlagsProperty::~wxFlagsProperty() (props.cpp:1560)
==11833==    by 0x4EF88FD: wxFlagsProperty::~wxFlagsProperty() (props.cpp:1562)
==11833==    by 0x4EF1063: wxPropertyGridPageState::DoDelete(wxPGProperty*, bool) (propgridpagestate.cpp:2022)
==11833==    by 0x4EE4519: wxPropertyGridInterface::DeleteProperty(wxPGPropArgCls const&) (propgridiface.cpp:148)
==11833==    by 0x4ED81CE: wxPropertyGrid::OnIdle(wxIdleEvent&) (propgrid.cpp:5868)
==11833==    by 0x5E871F3: wxAppConsoleBase::HandleEvent(wxEvtHandler*, void (wxEvtHandler::*)(wxEvent&), wxEvent&) const (appbase.cpp:657)
==11833==    by 0x5E87271: wxAppConsoleBase::CallEventHandler(wxEvtHandler*, wxEventFunctor&, wxEvent&) const (appbase.cpp:669)
==11833==    by 0x5F9C30B: wxEvtHandler::ProcessEventIfMatchesId(wxEventTableEntryBase const&, wxEvtHandler*, wxEvent&) (event.cpp:1392)
==11833== 
==11833== Invalid read of size 8
==11833==    at 0x58E5D8E: wxDC::GetGraphicsContext() const (dc.h:1361)
==11833==    by 0x4EBED6D: wxPGProperty::GetEditorClass() const (property.cpp:2048)
==11833==    by 0x4ED2834: wxPropertyGrid::HandleCustomEditorEvent(wxEvent&) (propgrid.cpp:3628)
==11833==    by 0x4EDF1AA: wxPropertyGridEditorEventForwarder::ProcessEvent(wxEvent&) (propgrid.cpp:3889)
==11833==    by 0x59C5782: wxWindowBase::UpdateWindowUI(long) (wincmn.cpp:2785)
==11833==    by 0x59C5AC7: wxWindowBase::OnInternalIdle() (wincmn.cpp:2847)
==11833==    by 0x5829D67: wxWindow::OnInternalIdle() (window.cpp:2995)
==11833==    by 0x59C5964: wxWindowBase::SendIdleEvents(wxIdleEvent&) (wincmn.cpp:2821)
==11833==    by 0x59C5A2C: wxWindowBase::SendIdleEvents(wxIdleEvent&) (wincmn.cpp:2837)
==11833==    by 0x59C5A2C: wxWindowBase::SendIdleEvents(wxIdleEvent&) (wincmn.cpp:2837)
==11833==    by 0x5880A1E: wxFrame::SendIdleEvents(wxIdleEvent&) (frame.cpp:242)
==11833==    by 0x59C5A2C: wxWindowBase::SendIdleEvents(wxIdleEvent&) (wincmn.cpp:2837)
==11833==  Address 0x0 is not stack'd, malloc'd or (recently) free'd
==11833== 
==11833== 
==11833== Process terminating with default action of signal 11 (SIGSEGV): dumping core
==11833==  Access not within mapped region at address 0x0
==11833==    at 0x58E5D8E: wxDC::GetGraphicsContext() const (dc.h:1361)
==11833==    by 0x4EBED6D: wxPGProperty::GetEditorClass() const (property.cpp:2048)
==11833==    by 0x4ED2834: wxPropertyGrid::HandleCustomEditorEvent(wxEvent&) (propgrid.cpp:3628)
==11833==    by 0x4EDF1AA: wxPropertyGridEditorEventForwarder::ProcessEvent(wxEvent&) (propgrid.cpp:3889)
==11833==    by 0x59C5782: wxWindowBase::UpdateWindowUI(long) (wincmn.cpp:2785)
==11833==    by 0x59C5AC7: wxWindowBase::OnInternalIdle() (wincmn.cpp:2847)
==11833==    by 0x5829D67: wxWindow::OnInternalIdle() (window.cpp:2995)
==11833==    by 0x59C5964: wxWindowBase::SendIdleEvents(wxIdleEvent&) (wincmn.cpp:2821)
==11833==    by 0x59C5A2C: wxWindowBase::SendIdleEvents(wxIdleEvent&) (wincmn.cpp:2837)
==11833==    by 0x59C5A2C: wxWindowBase::SendIdleEvents(wxIdleEvent&) (wincmn.cpp:2837)
==11833==    by 0x5880A1E: wxFrame::SendIdleEvents(wxIdleEvent&) (frame.cpp:242)
==11833==    by 0x59C5A2C: wxWindowBase::SendIdleEvents(wxIdleEvent&) (wincmn.cpp:2837)


-------------------------------

Same, but adding a CallAfter() to OnPropertyGridChanging(), and incrementing cnt there: No crash or asserts

MyFrame::Construct 0:  pflags 0x13bec50 parent 0x13bcc48 grid 0x13b8250
OnChanging 1
MyFrame::Construct 1:  pflags 0x13d4400 parent 0x13bcc48 grid 0x13b8250
MyFrame::Construct 1:  pflags 0x13c52a0 parent 0x13bcc48 grid 0x13b8250
OnChanging 2
MyFrame::Construct 2:  pflags 0x13c5540 parent 0x13bcc48 grid 0x13b8250
MyFrame::Construct 2:  pflags 0x13c5540 parent 0x13bcc48 grid 0x13b8250
OnChanging 3
MyFrame::Construct 3:  pflags 0x13d9f10 parent 0x13bcc48 grid 0x13b8250
MyFrame::Construct 3:  pflags 0x13c5540 parent 0x13bcc48 grid 0x13b8250

