wxCrafter log and backtrace:

wxFlagsProperty::Init: this = 0x24b5000
wxFlagsProperty::Init: this = 0x24c4a30
wxPG::DeletePendingObjects: deleting 0x257c4e0
wxPG::DeletePendingObjects: deleting 0x1020bf0
wxPropertyGridPageState::DoDelete: Before RemoveAt(0) Count: 1 item 0x2373590
wxPropertyGridPageState::DoDelete: finally deleting 0x2373590
wxFlagsProperty::~wxFlagsProperty: this = 0x2373590
SizerFlagsListView::::Construct: About to call Clear(), m_processedEvent NULL
wxIntProperty::~wxIntProperty: this = 0x2541810
wxIntProperty::~wxIntProperty: this = 0x253aac0
wxIntProperty::wxIntProperty: this = 0x2541810
wxIntProperty::wxIntProperty: this = 0x253aac0
wxFlagsProperty::Init: this = 0x26427a0
wxFlagsProperty::~wxFlagsProperty: this = 0x24b5000
wxFlagsProperty::~wxFlagsProperty: this = 0x24c4a30
wxFlagsProperty::Init: this = 0x24b5000
wxFlagsProperty::Init: this = 0x24c4a30
wxPG::DeletePendingObjects: deleting 0x25472e0
wxPG::DeletePendingObjects: deleting 0x254d8d0
SizerFlagsListView::::Construct: About to call Clear(), m_processedEvent 0x7fffffffcc70
wxPropertyGridPageState::DoDelete: push_back 0x2541810 m_deletedProperties count 1
wxPropertyGridPageState::DoDelete: push_back 0x253aac0 m_deletedProperties count 2
wxPropertyGridPageState::DoDelete: push_back 0x251eb60 m_deletedProperties count 3
wxPropertyGridPageState::DoDelete: push_back 0x26427a0 m_deletedProperties count 4
wxIntProperty::wxIntProperty: this = 0x254b9a0
wxIntProperty::wxIntProperty: this = 0x25661c0
wxFlagsProperty::Init: this = 0x2531470
SizerFlagsListView::::Construct: About to call Clear(), m_processedEvent NULL
wxPropertyGridPageState::DoClear 'else': Before RemoveAt(0) Count: 4 item 0x2541810
wxPropertyGridPageState::DoClear 'else': Before RemoveAt(0) Count: 3 item 0x253aac0
wxPropertyGridPageState::DoClear 'else': Before RemoveAt(0) Count: 2 item 0x251eb60
wxIntProperty::~wxIntProperty: this = 0x2541810
wxIntProperty::~wxIntProperty: this = 0x253aac0
wxFlagsProperty::~wxFlagsProperty: this = 0x26427a0
wxIntProperty::~wxIntProperty: this = 0x254b9a0
wxIntProperty::~wxIntProperty: this = 0x25661c0
wxFlagsProperty::~wxFlagsProperty: this = 0x2531470
wxIntProperty::wxIntProperty: this = 0x2541810
wxIntProperty::wxIntProperty: this = 0x253aac0
wxFlagsProperty::Init: this = 0x259f1b0
wxFlagsProperty::~wxFlagsProperty: this = 0x24b5000
wxFlagsProperty::~wxFlagsProperty: this = 0x24c4a30
wxFlagsProperty::Init: this = 0x2562e70
wxFlagsProperty::Init: this = 0x24b5000
wxPG::DeletePendingObjects: deleting 0x2537850
wxPG::DeletePendingObjects: deleting 0x262e700

0  0x00007ffff5e61746  wxPropertyGridInterface::DeleteProperty  /common/git/wx/src/propgrid/propgridiface.cpp  148
1  0x00007ffff5e551a9  wxPropertyGrid::OnIdle  /common/git/wx/src/propgrid/propgrid.cpp  5868
2  0x00007ffff35ea0b4  wxAppConsoleBase::HandleEvent  /common/git/wx/src/common/appbase.cpp  642
3  0x00007ffff35ea132  wxAppConsoleBase::CallEventHandler  /common/git/wx/src/common/appbase.cpp  654
4  0x00007ffff36fef34  wxEvtHandler::ProcessEventIfMatchesId  /common/git/wx/src/common/event.cpp  1392
5  0x00007ffff36fdcad  wxEventHashTable::HandleEvent  /common/git/wx/src/common/event.cpp  998
6  0x00007ffff36ff422  wxEvtHandler::TryHereOnly  /common/git/wx/src/common/event.cpp  1589
7  0x00007ffff3700e5f  wxEvtHandler::TryBeforeAndHere  /common/git/wx/include/wx/event.h  3634
8  0x00007ffff36ff247  wxEvtHandler::ProcessEventLocally  /common/git/wx/src/common/event.cpp  1522
9  0x00007ffff36ff1de  wxEvtHandler::ProcessEvent  /common/git/wx/src/common/event.cpp  1495
10  0x00007ffff42c971f  wxScrollHelperEvtHandler::ProcessEvent  /common/git/wx/src/generic/scrlwing.cpp  202
11  0x00007ffff36ff4cf  wxEvtHandler::SafelyProcessEvent  /common/git/wx/src/common/event.cpp  1613
12  0x00007ffff4278d7f  wxWindowBase::HandleWindowEvent  /common/git/wx/src/common/wincmn.cpp  1525
13  0x00007ffff427cd95  wxWindowBase::SendIdleEvents  /common/git/wx/src/common/wincmn.cpp  2828
...

In frame 0 &id = 0x7fffffffd370  p == 0x26427a0 state ==  0x0
In frame 1 m_deletedProperties[0] ==  0x26427a0 m_deletedProperties count == 1


Summary:

Initial construction:
wxFlagsProperty::Init: this = 0x26427a0

The property has been changed; Construct() is called from the handler. 4 properties are added to m_deletedProperties: 
wxPropertyGridPageState::DoDelete: push_back 0x2541810 m_deletedProperties count 1
wxPropertyGridPageState::DoDelete: push_back 0x253aac0 m_deletedProperties count 2
wxPropertyGridPageState::DoDelete: push_back 0x251eb60 m_deletedProperties count 3
wxPropertyGridPageState::DoDelete: push_back 0x26427a0 m_deletedProperties count 4

Now Construct is called by CallAfter(). Only 3 properties are removed from m_deletedProperties: 
wxPropertyGridPageState::DoClear 'else': Before RemoveAt(0) Count: 4 item 0x2541810
wxPropertyGridPageState::DoClear 'else': Before RemoveAt(0) Count: 3 item 0x253aac0
wxPropertyGridPageState::DoClear 'else': Before RemoveAt(0) Count: 2 item 0x251eb60

The other property is deleted:
wxFlagsProperty::~wxFlagsProperty: this = 0x26427a0

and later, in idle time, gets deleted again
0  0x00007ffff5e61746  wxPropertyGridInterface::DeleteProperty  /common/git/wx/src/propgrid/propgridiface.cpp  148
1  0x00007ffff5e551a9  wxPropertyGrid::OnIdle  /common/git/wx/src/propgrid/propgrid.cpp  5868

In frame 0 &id = 0x7fffffffd370  p == 0x26427a0 state ==  0x0
In frame 1 m_deletedProperties[0] ==  0x26427a0 m_deletedProperties count == 1
