With MyFrame::OnPropertyGridChange uncommented:

No asserts or crash without wxSafeYield(). However the property value doesn't change.

With wxSafeYield() and without CallAfter(), changing the string or int property and then clicking on a different property asserts:

../src/propgrid/property.cpp(2256): assert "pg" failed in GetY(): Cannot obtain coordinates of detached property

#9  0x00007ffff6a28d3f in wxOnAssert (file=0x7ffff7b9cfa1 "../src/propgrid/property.cpp", line=2256, func=0x7ffff7b9e01e "GetY", cond=0x7ffff7b9d3bc "pg", msg=0x7ffff7b9d990 L"Cannot obtain coordinates of detached property") at ../src/common/appbase.cpp:1262
#10 0x00007ffff7b544e8 in wxPGProperty::GetY (this=0x994ec0) at ../src/propgrid/property.cpp:2255
#11 0x00007ffff7b646d1 in wxPropertyGrid::GetPropertyRect (this=0x990800, p1=0x994ec0, p2=0x994ec0) at ../src/propgrid/propgrid.cpp:2534
#12 0x00007ffff7b6484f in wxPropertyGrid::DrawItems (this=0x990800, p1=0x994ec0, p2=0x994ec0) at ../src/propgrid/propgrid.cpp:2572
#13 0x00007ffff7b73eb7 in wxPropertyGrid::DrawItem (this=0x990800, p=0x994ec0) at ../include/wx/propgrid/propgrid.h:1705
#14 0x00007ffff7b68bb1 in wxPropertyGrid::DoSelectProperty (this=0x990800, p=0x9b9a20, flags=1) at ../src/propgrid/propgrid.cpp:4140
#15 0x00007ffff7b5f3ac in wxPropertyGrid::DoSelectAndEdit (this=0x990800, prop=0x9b9a20, colIndex=1, selFlags=1) at ../src/propgrid/propgrid.cpp:763
#16 0x00007ffff7b5f901 in wxPropertyGrid::AddToSelectionFromInputEvent (this=0x990800, prop=0x9b9a20, colIndex=1, mouseEvent=0x7fffffffd600, selFlags=1) at ../src/propgrid/propgrid.cpp:898
#17 0x00007ffff7b6aaf1 in wxPropertyGrid::HandleMouseClick (this=0x990800, x=265, y=24, event=...) at ../src/propgrid/propgrid.cpp:4818
--------------------------------------------------------------------------------------------------------------

No problem with the bool or enum properties.

====================================================================================================
With MyFrame::OnPropertyGridChanging uncommented: 

Int property (using pg_minimal_simple.diff) changing the property then, without pressing 'Enter', clicking on a different property, then back on the Int property:

../src/propgrid/property.cpp(2256): assert "pg" failed in GetY(): Cannot obtain coordinates of detached property

Program received signal SIGSEGV, Segmentation fault.
0x00007ffff7b5bfaa in wxPropertyGrid::GetRowHeight (this=0x51) at ../include/wx/propgrid/propgrid.h:1011
1011        int GetRowHeight() const { return m_lineHeight; }

#0  0x00007ffff7b5bfaa in wxPropertyGrid::GetRowHeight (this=0x51) at ../include/wx/propgrid/propgrid.h:1011
#1  0x00007ffff7b554d8 in wxPGProperty::GetY (this=0x994800) at ../src/propgrid/property.cpp:2257
#2  0x00007ffff7b6569d in wxPropertyGrid::GetPropertyRect (this=0x990800, p1=0x994800, p2=0x994800) at ../src/propgrid/propgrid.cpp:2537
#3  0x00007ffff7b657ff in wxPropertyGrid::DrawItems (this=0x990800, p1=0x994800, p2=0x994800) at ../src/propgrid/propgrid.cpp:2572
#4  0x00007ffff7b74e0f in wxPropertyGrid::DrawItem (this=0x990800, p=0x994800) at ../include/wx/propgrid/propgrid.h:1705
#5  0x00007ffff7b69b09 in wxPropertyGrid::DoSelectProperty (this=0x990800, p=0x9ac590, flags=1) at ../src/propgrid/propgrid.cpp:4140
#6  0x00007ffff7b6035c in wxPropertyGrid::DoSelectAndEdit (this=0x990800, prop=0x9ac590, colIndex=1, selFlags=1) at ../src/propgrid/propgrid.cpp:763
#7  0x00007ffff7b608b1 in wxPropertyGrid::AddToSelectionFromInputEvent (this=0x990800, prop=0x9ac590, colIndex=1, mouseEvent=0x7fffffffd600, selFlags=1) at ../src/propgrid/propgrid.cpp:898
#8  0x00007ffff7b6ba49 in wxPropertyGrid::HandleMouseClick (this=0x990800, x=233, y=30, event=...) at ../src/propgrid/propgrid.cpp:4818
--------------------------------------------------------------------------------------------------------------

String property (using pg_minimal_simple.diff) changing the property then, without pressing 'Enter', clicking on a different property, then back on the Int property:

../src/propgrid/property.cpp(2256): assert "pg" failed in GetY(): Cannot obtain coordinates of detached property

Program received signal SIGSEGV, Segmentation fault.
0x00007ffff7b4af2a in wxPropertyGridPageState::GetGrid (this=0x40) at ../include/wx/propgrid/propgridpagestate.h:511
511         wxPropertyGrid* GetGrid() const { return m_pPropGrid; }
(gdb) bt
#0  0x00007ffff7b4af2a in wxPropertyGridPageState::GetGrid (this=0x40) at ../include/wx/propgrid/propgridpagestate.h:511
#1  0x00007ffff7b4f73a in wxPGProperty::GetGrid (this=0x995340) at ../src/propgrid/property.cpp:732
#2  0x00007ffff7b55458 in wxPGProperty::GetY (this=0x995340) at ../src/propgrid/property.cpp:2254
#3  0x00007ffff7b6569d in wxPropertyGrid::GetPropertyRect (this=0x98e4a0, p1=0x995340, p2=0x995340) at ../src/propgrid/propgrid.cpp:2537
#4  0x00007ffff7b657ff in wxPropertyGrid::DrawItems (this=0x98e4a0, p1=0x995340, p2=0x995340) at ../src/propgrid/propgrid.cpp:2572
#5  0x00007ffff7b74e0f in wxPropertyGrid::DrawItem (this=0x98e4a0, p=0x995340) at ../include/wx/propgrid/propgrid.h:1705
#6  0x00007ffff7b69b09 in wxPropertyGrid::DoSelectProperty (this=0x98e4a0, p=0x9ab0d0, flags=1) at ../src/propgrid/propgrid.cpp:4140
#7  0x00007ffff7b6035c in wxPropertyGrid::DoSelectAndEdit (this=0x98e4a0, prop=0x9ab0d0, colIndex=1, selFlags=1) at ../src/propgrid/propgrid.cpp:763
#8  0x00007ffff7b608b1 in wxPropertyGrid::AddToSelectionFromInputEvent (this=0x98e4a0, prop=0x9ab0d0, colIndex=1, mouseEvent=0x7fffffffd600, selFlags=1) at ../src/propgrid/propgrid.cpp:898
#9  0x00007ffff7b6ba49 in wxPropertyGrid::HandleMouseClick (this=0x98e4a0, x=246, y=11, event=...) at ../src/propgrid/propgrid.cpp:4818
#10 0x00007ffff7b6ccac in wxPropertyGrid::OnMouseClick (this=0x98e4a0, event=...) at ../src/propgrid/propgrid.cpp:5316
--------------------------------------------------------------------------------------------------------------

Bool property, similar scenario:

../src/propgrid/property.cpp(2256): assert "pg" failed in GetY(): Cannot obtain coordinates of detached property

Program received signal SIGSEGV, Segmentation fault.
0x00007ffff7b5bfaa in wxPropertyGrid::GetRowHeight (this=0x184f816a47b60f78) at ../include/wx/propgrid/propgrid.h:1011
1011        int GetRowHeight() const { return m_lineHeight; }
(gdb) bt
#0  0x00007ffff7b5bfaa in wxPropertyGrid::GetRowHeight (this=0x184f816a47b60f78) at ../include/wx/propgrid/propgrid.h:1011
#1  0x00007ffff7b554d8 in wxPGProperty::GetY (this=0x995730) at ../src/propgrid/property.cpp:2257
#2  0x00007ffff7b6569d in wxPropertyGrid::GetPropertyRect (this=0x990800, p1=0x995730, p2=0x995730) at ../src/propgrid/propgrid.cpp:2537
#3  0x00007ffff7b657ff in wxPropertyGrid::DrawItems (this=0x990800, p1=0x995730, p2=0x995730) at ../src/propgrid/propgrid.cpp:2572
#4  0x00007ffff7b74e0f in wxPropertyGrid::DrawItem (this=0x990800, p=0x995730) at ../include/wx/propgrid/propgrid.h:1705
#5  0x00007ffff7b69b09 in wxPropertyGrid::DoSelectProperty (this=0x990800, p=0x9ad800, flags=1) at ../src/propgrid/propgrid.cpp:4140
#6  0x00007ffff7b6035c in wxPropertyGrid::DoSelectAndEdit (this=0x990800, prop=0x9ad800, colIndex=1, selFlags=1) at ../src/propgrid/propgrid.cpp:763
#7  0x00007ffff7b608b1 in wxPropertyGrid::AddToSelectionFromInputEvent (this=0x990800, prop=0x9ad800, colIndex=1, mouseEvent=0x7fffffffd600, selFlags=1) at ../src/propgrid/propgrid.cpp:898
#8  0x00007ffff7b6ba49 in wxPropertyGrid::HandleMouseClick (this=0x990800, x=300, y=31, event=...) at ../src/propgrid/propgrid.cpp:4818
#9  0x00007ffff7b6ccac in wxPropertyGrid::OnMouseClick (this=0x990800, event=...) at ../src/propgrid/propgrid.cpp:5316
--------------------------------------------------------------------------------------------------------------


wxFlagsProperty:

Crashes in different places, with or without a previous assert. e.g.

Program received signal SIGSEGV, Segmentation fault.
0x00007ffff6a2249a in wxRefCounter::IncRef (this=0x2500000024) at ../include/wx/object.h:235
235         void IncRef() { m_count++; }

#0  0x00007ffff6a2249a in wxRefCounter::IncRef (this=0x2500000024) at ../include/wx/object.h:235
#1  0x00007ffff6aad3fe in wxObject::Ref (this=0x7fffffffd7e0, clone=...) at ../src/common/object.cpp:363
#2  0x00007ffff6af2b6b in wxVariant::Ref (this=0x7fffffffd7e0, clone=...) at ../include/wx/variant.h:141
#3  0x00007ffff6ae89f9 in wxVariant::wxVariant (this=0x7fffffffd7e0, variant=...) at ../src/common/variant.cpp:82
#4  0x00007ffff7b68518 in wxPropertyGrid::HandleCustomEditorEvent (this=0x98e800, event=...) at ../src/propgrid/propgrid.cpp:3558
#5  0x00007ffff7b753af in wxPropertyGridEditorEventForwarder::ProcessEvent (this=0x9a9ef0, event=...) at ../src/propgrid/propgrid.cpp:3889
#6  0x00007ffff725b8bb in wxWindowBase::UpdateWindowUI (this=0x999980, flags=2) at ../src/common/wincmn.cpp:2785
#7  0x00007ffff725bc00 in wxWindowBase::OnInternalIdle (this=0x999980) at ../src/common/wincmn.cpp:2847

Or:

0x0000200000000052 in ?? ()

#0  0x0000200000000052 in ?? ()
#1  0x00007ffff7b310f8 in wxCheckDynamicCast (obj=0x995fa0, classInfo=0x7ffff7ddca40) at ../include/wx/object.h:433
#2  0x00007ffff7b4218d in wxPGDoubleClickProcessor::OnMouseEvent (this=0x9a97d0, event=...) at ../src/propgrid/editors.cpp:541

Or:

../src/propgrid/propgrid.cpp(4153): assert "m_wndEditor == __null" failed in DoSelectProperty().
MyFrame::Construct:  pflags 0x7e9650 parent 0x992c48 grid 0x98e800

Program received signal SIGSEGV, Segmentation fault.
0x00007ffff717bec6 in wxDC::GetGraphicsContext (this=0x9b1660) at ../include/wx/dc.h:1361
1361            return m_pimpl->GetGraphicsContext();
(gdb) bt
#0  0x00007ffff717bec6 in wxDC::GetGraphicsContext (this=0x9b1660) at ../include/wx/dc.h:1361
#1  0x00007ffff7b54bce in wxPGProperty::GetEditorClass (this=0x9b1660) at ../src/propgrid/property.cpp:2048
#2  0x00007ffff7b6889b in wxPropertyGrid::HandleCustomEditorEvent (this=0x98e800, event=...) at ../src/propgrid/propgrid.cpp:3628
#3  0x00007ffff7b753af in wxPropertyGridEditorEventForwarder::ProcessEvent (this=0x9a9200, event=...) at ../src/propgrid/propgrid.cpp:3889
#4  0x00007ffff725b8bb in wxWindowBase::UpdateWindowUI (this=0x99bc00, flags=2) at ../src/common/wincmn.cpp:2785


wxEnumProperty:

Program received signal SIGSEGV, Segmentation fault.
0x00007ffff6a2149a in wxRefCounter::IncRef (this=0x4052000000000000) at ../include/wx/object.h:235
235         void IncRef() { m_count++; }
(gdb) bt 10
#0  0x00007ffff6a2149a in wxRefCounter::IncRef (this=0x4052000000000000) at ../include/wx/object.h:235
#1  0x00007ffff6aac3fe in wxObject::Ref (this=0x7fffffffd7e0, clone=...) at ../src/common/object.cpp:363
#2  0x00007ffff6af1b6b in wxVariant::Ref (this=0x7fffffffd7e0, clone=...) at ../include/wx/variant.h:141
#3  0x00007ffff6ae79f9 in wxVariant::wxVariant (this=0x7fffffffd7e0, variant=...) at ../src/common/variant.cpp:82
#4  0x00007ffff7b67568 in wxPropertyGrid::HandleCustomEditorEvent (this=0x990800, event=...) at ../src/propgrid/propgrid.cpp:3558
#5  0x00007ffff7b74457 in wxPropertyGridEditorEventForwarder::ProcessEvent (this=0x9a4a40, event=...) at ../src/propgrid/propgrid.cpp:3889
#6  0x00007ffff725a8bb in wxWindowBase::UpdateWindowUI (this=0x998e00, flags=2) at ../src/common/wincmn.cpp:2785
#7  0x00007ffff725ac00 in wxWindowBase::OnInternalIdle (this=0x998e00) at ../src/common/wincmn.cpp:2847

====================================================================================================

wxCrafter log, omitting the original 'setup' calls. A flags property is changed, then changed again.

SizerFlagsListView::::Construct: About to call Clear(), m_processedEvent 0x7fff213658a0
wxIntProperty::wxIntProperty: this = 0x46d3480
wxIntProperty::wxIntProperty: this = 0x46ca610
wxFlagsProperty::Init: this = 0x46e7580
../src/propgrid/propgridpagestate.cpp(1729): assert "Assert failure" failed in PrepareToAddItem(): wxPropertyGrid item with name "Flags" already exists
SizerFlagsListView::::Construct: About to call Clear(), m_processedEvent NULL
wxPropertyGridPageState::DoClear 'else': Before RemoveAt(0) Count: 3 item 0x46e4310
wxPropertyGridPageState::DoClear 'else': Before RemoveAt(0) Count: 2 item 0x458c050
wxPropertyGridPageState::DoClear 'else': Before RemoveAt(0) Count: 1 item 0x4578d10
wxIntProperty::~wxIntProperty: this = 0x46e4310
wxIntProperty::~wxIntProperty: this = 0x458c050
wxFlagsProperty::~wxFlagsProperty: this = 0x46514f0
wxIntProperty::~wxIntProperty: this = 0x46d3480
wxIntProperty::~wxIntProperty: this = 0x46ca610
wxFlagsProperty::~wxFlagsProperty: this = 0x46e7580
wxIntProperty::wxIntProperty: this = 0x46e4310
wxIntProperty::wxIntProperty: this = 0x458c050
wxFlagsProperty::Init: this = 0x46514f0
wxFlagsProperty::~wxFlagsProperty: this = 0x4682360
wxFlagsProperty::~wxFlagsProperty: this = 0x442cd10
wxFlagsProperty::Init: this = 0x4682360
wxFlagsProperty::Init: this = 0x442cd10
wxPG::DeletePendingObjects: deleting 0x46d3200
wxPG::DeletePendingObjects: deleting 0x43da110



SizerFlagsListView::::Construct: About to call Clear(), m_processedEvent 0x7fff213658a0 
wxIntProperty::wxIntProperty: this = 0x46d2100
wxIntProperty::wxIntProperty: this = 0x449c8e0
wxFlagsProperty::Init: this = 0x44e6390
../src/propgrid/propgridpagestate.cpp(1729): assert "Assert failure" failed in PrepareToAddItem(): wxPropertyGrid item with name "Flags" already exists
SizerFlagsListView::::Construct: About to call Clear(), m_processedEvent NULL
wxPropertyGridPageState::DoClear 'else': Before RemoveAt(0) Count: 3 item 0x46e4310
wxPropertyGridPageState::DoClear 'else': Before RemoveAt(0) Count: 2 item 0x458c050
wxPropertyGridPageState::DoClear 'else': Before RemoveAt(0) Count: 1 item 0x455cd60
wxIntProperty::~wxIntProperty: this = 0x46e4310
wxIntProperty::~wxIntProperty: this = 0x458c050
wxFlagsProperty::~wxFlagsProperty: this = 0x46514f0
wxIntProperty::~wxIntProperty: this = 0x46d2100
wxIntProperty::~wxIntProperty: this = 0x449c8e0
wxFlagsProperty::~wxFlagsProperty: this = 0x44e6390
wxIntProperty::wxIntProperty: this = 0x46e4310
wxIntProperty::wxIntProperty: this = 0x458c050
wxFlagsProperty::Init: this = 0x46514f0
wxFlagsProperty::~wxFlagsProperty: this = 0x4682360
wxFlagsProperty::~wxFlagsProperty: this = 0x442cd10
wxFlagsProperty::Init: this = 0x46f7c00
wxFlagsProperty::Init: this = 0x4589000
wxPG::DeletePendingObjects: deleting 0x46f6950
wxPG::DeletePendingObjects: deleting 0x46f6660



